<?xml version="1.0" encoding="UTF-8" ?>
<testsuites name="vitest tests" tests="208" failures="134" errors="0" time="0.440766875">
    <testsuite name="src/main.test.tsx" timestamp="2025-04-06T15:37:18.546Z" hostname="MacBookPro" tests="2" failures="0" errors="0" skipped="0" time="0.012710333">
        <testcase classname="src/main.test.tsx" name="main &gt; renders with neural precision" time="0.001587291">
        </testcase>
        <testcase classname="src/main.test.tsx" name="main &gt; responds to user interaction with quantum precision" time="0.010144833">
        </testcase>
    </testsuite>
    <testsuite name="src/pages/Dashboard.test.tsx" timestamp="2025-04-06T15:37:18.547Z" hostname="MacBookPro" tests="1" failures="1" errors="0" skipped="0" time="0">
        <testcase classname="src/pages/Dashboard.test.tsx" name="src/pages/Dashboard.test.tsx" time="0">
            <system-out>
[TEST SETUP] Global setup complete.

            </system-out>
            <failure message="Failed to resolve import &quot;@pages/Dashboard&quot; from &quot;src/pages/Dashboard.test.tsx&quot;. Does the file exist?" type="Error">
Error: Failed to resolve import &quot;@pages/Dashboard&quot; from &quot;src/pages/Dashboard.test.tsx&quot;. Does the file exist?
  Plugin: vite:import-analysis
  File: /Users/ray/Desktop/GITHUB/Novamind-Frontend/src/pages/Dashboard.test.tsx:10:0
  9  |  const __vi_import_1__ = await import(&quot;@testing-library/react&quot;);
  10 |  const __vi_import_2__ = await import(&quot;@testing-library/user-event&quot;);
  11 |  const __vi_import_3__ = await import(&quot;@pages/Dashboard&quot;);
     |                                       ^
  12 |  const __vi_import_4__ = await import(&quot;@test/test-utils.unified.tsx&quot;);
  13 |  
 ❯ TransformPluginContext._formatLog node_modules/vite/dist/node/chunks/dep-Pj_jxEzN.js:47885:41
 ❯ TransformPluginContext.error node_modules/vite/dist/node/chunks/dep-Pj_jxEzN.js:47882:16
 ❯ normalizeUrl node_modules/vite/dist/node/chunks/dep-Pj_jxEzN.js:46015:23
 ❯ node_modules/vite/dist/node/chunks/dep-Pj_jxEzN.js:46134:37
 ❯ TransformPluginContext.transform node_modules/vite/dist/node/chunks/dep-Pj_jxEzN.js:46061:7
 ❯ EnvironmentPluginContainer.transform node_modules/vite/dist/node/chunks/dep-Pj_jxEzN.js:47680:18
 ❯ loadAndTransform node_modules/vite/dist/node/chunks/dep-Pj_jxEzN.js:41327:27

⎯⎯⎯⎯⎯⎯⎯⎯⎯⎯⎯⎯⎯⎯⎯⎯⎯⎯⎯⎯⎯⎯⎯⎯⎯⎯⎯⎯⎯⎯⎯⎯⎯⎯⎯⎯⎯⎯⎯⎯⎯⎯⎯⎯⎯⎯⎯⎯⎯⎯⎯⎯⎯⎯⎯⎯⎯⎯⎯⎯⎯⎯⎯⎯⎯⎯⎯⎯⎯⎯⎯⎯⎯⎯⎯⎯⎯⎯⎯⎯⎯⎯⎯⎯⎯⎯⎯⎯⎯⎯
Serialized Error: { __vitest_rollup_error__: { plugin: &apos;vite:import-analysis&apos;, id: &apos;/Users/ray/Desktop/GITHUB/Novamind-Frontend/src/pages/Dashboard.test.tsx&apos;, loc: { file: &apos;/Users/ray/Desktop/GITHUB/Novamind-Frontend/src/pages/Dashboard.test.tsx&apos;, line: 10, column: +0 }, frame: &apos;9  |  const __vi_import_1__ = await import(&quot;@testing-library/react&quot;);\n10 |  const __vi_import_2__ = await import(&quot;@testing-library/user-event&quot;);\n11 |  const __vi_import_3__ = await import(&quot;@pages/Dashboard&quot;);\n   |                                       ^\n12 |  const __vi_import_4__ = await import(&quot;@test/test-utils.unified.tsx&quot;);\n13 |  &apos; } }
            </failure>
        </testcase>
    </testsuite>
    <testsuite name="src/presentation/App.test.tsx" timestamp="2025-04-06T15:37:18.549Z" hostname="MacBookPro" tests="2" failures="0" errors="0" skipped="2" time="0">
        <testcase classname="src/presentation/App.test.tsx" name="index &gt; renders with neural precision" time="0">
            <skipped/>
        </testcase>
        <testcase classname="src/presentation/App.test.tsx" name="index &gt; responds to user interaction with quantum precision" time="0">
            <skipped/>
        </testcase>
    </testsuite>
    <testsuite name="src/test/absolute-minimal.spec.tsx" timestamp="2025-04-06T15:37:18.550Z" hostname="MacBookPro" tests="2" failures="0" errors="0" skipped="0" time="0.018383125">
        <testcase classname="src/test/absolute-minimal.spec.tsx" name="Absolute Minimal Test &gt; renders a minimal component with quantum precision" time="0.016487791">
        </testcase>
        <testcase classname="src/test/absolute-minimal.spec.tsx" name="Absolute Minimal Test &gt; performs basic assertions with clinical precision" time="0.001085416">
        </testcase>
    </testsuite>
    <testsuite name="src/test/minimal-brain-container.spec.tsx" timestamp="2025-04-06T15:37:18.551Z" hostname="MacBookPro" tests="1" failures="1" errors="0" skipped="0" time="0">
        <testcase classname="src/test/minimal-brain-container.spec.tsx" name="src/test/minimal-brain-container.spec.tsx" time="0">
            <system-out>
[TEST SETUP] Global setup complete.

            </system-out>
            <failure message="Failed to resolve import &quot;@presentation/templates/BrainModelContainer&quot; from &quot;src/test/minimal-brain-container.spec.tsx&quot;. Does the file exist?" type="Error">
Error: Failed to resolve import &quot;@presentation/templates/BrainModelContainer&quot; from &quot;src/test/minimal-brain-container.spec.tsx&quot;. Does the file exist?
  Plugin: vite:import-analysis
  File: /Users/ray/Desktop/GITHUB/Novamind-Frontend/src/test/minimal-brain-container.spec.tsx:34:0
  26 |  const __vi_import_1__ = await import(&quot;@testing-library/react&quot;);
  27 |  const __vi_import_2__ = await import(&quot;@testing-library/jest-dom&quot;);
  28 |  const __vi_import_3__ = await import(&quot;@presentation/templates/BrainModelContainer&quot;);
     |                                       ^
  29 |  
  30 |  import { describe, it, expect, vi } from &quot;vitest&quot;;
 ❯ TransformPluginContext._formatLog node_modules/vite/dist/node/chunks/dep-Pj_jxEzN.js:47885:41
 ❯ TransformPluginContext.error node_modules/vite/dist/node/chunks/dep-Pj_jxEzN.js:47882:16
 ❯ normalizeUrl node_modules/vite/dist/node/chunks/dep-Pj_jxEzN.js:46015:23
 ❯ node_modules/vite/dist/node/chunks/dep-Pj_jxEzN.js:46134:37
 ❯ TransformPluginContext.transform node_modules/vite/dist/node/chunks/dep-Pj_jxEzN.js:46061:7
 ❯ EnvironmentPluginContainer.transform node_modules/vite/dist/node/chunks/dep-Pj_jxEzN.js:47680:18
 ❯ loadAndTransform node_modules/vite/dist/node/chunks/dep-Pj_jxEzN.js:41327:27

⎯⎯⎯⎯⎯⎯⎯⎯⎯⎯⎯⎯⎯⎯⎯⎯⎯⎯⎯⎯⎯⎯⎯⎯⎯⎯⎯⎯⎯⎯⎯⎯⎯⎯⎯⎯⎯⎯⎯⎯⎯⎯⎯⎯⎯⎯⎯⎯⎯⎯⎯⎯⎯⎯⎯⎯⎯⎯⎯⎯⎯⎯⎯⎯⎯⎯⎯⎯⎯⎯⎯⎯⎯⎯⎯⎯⎯⎯⎯⎯⎯⎯⎯⎯⎯⎯⎯⎯⎯⎯
Serialized Error: { __vitest_rollup_error__: { plugin: &apos;vite:import-analysis&apos;, id: &apos;/Users/ray/Desktop/GITHUB/Novamind-Frontend/src/test/minimal-brain-container.spec.tsx&apos;, loc: { file: &apos;/Users/ray/Desktop/GITHUB/Novamind-Frontend/src/test/minimal-brain-container.spec.tsx&apos;, line: 34, column: +0 }, frame: &apos;26 |  const __vi_import_1__ = await import(&quot;@testing-library/react&quot;);\n27 |  const __vi_import_2__ = await import(&quot;@testing-library/jest-dom&quot;);\n28 |  const __vi_import_3__ = await import(&quot;@presentation/templates/BrainModelContainer&quot;);\n   |                                       ^\n29 |  \n30 |  import { describe, it, expect, vi } from &quot;vitest&quot;;&apos; } }
            </failure>
        </testcase>
    </testsuite>
    <testsuite name="src/test/minimal-brain-test.spec.ts" timestamp="2025-04-06T15:37:18.554Z" hostname="MacBookPro" tests="3" failures="0" errors="0" skipped="0" time="0.001541">
        <testcase classname="src/test/minimal-brain-test.spec.ts" name="Minimal Brain Test &gt; should pass a simple assertion" time="0.000132667">
        </testcase>
        <testcase classname="src/test/minimal-brain-test.spec.ts" name="Minimal Brain Test &gt; should handle basic math" time="0.000173666">
        </testcase>
        <testcase classname="src/test/minimal-brain-test.spec.ts" name="Minimal Brain Test &gt; should handle basic string operations" time="0.00052375">
        </testcase>
    </testsuite>
    <testsuite name="src/test/minimal-ts.test.ts" timestamp="2025-04-06T15:37:18.554Z" hostname="MacBookPro" tests="1" failures="0" errors="0" skipped="0" time="0.001836167">
        <testcase classname="src/test/minimal-ts.test.ts" name="Basic TypeScript Test &gt; confirms that basic assertions work" time="0.001040709">
        </testcase>
    </testsuite>
    <testsuite name="src/test/minimal.test.ts" timestamp="2025-04-06T15:37:18.554Z" hostname="MacBookPro" tests="2" failures="0" errors="0" skipped="0" time="0.001704417">
        <testcase classname="src/test/minimal.test.ts" name="Minimal TypeScript Test &gt; verifies basic arithmetic calculations" time="0.000232625">
        </testcase>
        <testcase classname="src/test/minimal.test.ts" name="Minimal TypeScript Test &gt; verifies that TextEncoder works correctly" time="0.000709791">
        </testcase>
    </testsuite>
    <testsuite name="src/test/neural-standalone.spec.tsx" timestamp="2025-04-06T15:37:18.554Z" hostname="MacBookPro" tests="2" failures="0" errors="0" skipped="0" time="0.024401375">
        <testcase classname="src/test/neural-standalone.spec.tsx" name="Neural Standalone Test &gt; renders the neural container with quantum precision" time="0.004662083">
        </testcase>
        <testcase classname="src/test/neural-standalone.spec.tsx" name="Neural Standalone Test &gt; handles patient ID with clinical precision" time="0.01867775">
        </testcase>
    </testsuite>
    <testsuite name="src/test/sanity.test.ts" timestamp="2025-04-06T15:37:18.555Z" hostname="MacBookPro" tests="2" failures="0" errors="0" skipped="0" time="0.001610209">
        <testcase classname="src/test/sanity.test.ts" name="Sanity Check &gt; should pass a basic assertion" time="0.000204584">
        </testcase>
        <testcase classname="src/test/sanity.test.ts" name="Sanity Check &gt; should confirm imports work" time="0.00054325">
        </testcase>
    </testsuite>
    <testsuite name="src/test/standalone-brain-test.spec.tsx" timestamp="2025-04-06T15:37:18.555Z" hostname="MacBookPro" tests="1" failures="1" errors="0" skipped="0" time="0">
        <testcase classname="src/test/standalone-brain-test.spec.tsx" name="src/test/standalone-brain-test.spec.tsx" time="0">
            <system-out>
[TEST SETUP] Global setup complete.

            </system-out>
            <failure message="Failed to resolve import &quot;@test/test-utils.unified&quot; from &quot;src/test/standalone-brain-test.spec.tsx&quot;. Does the file exist?" type="Error">
Error: Failed to resolve import &quot;@test/test-utils.unified&quot; from &quot;src/test/standalone-brain-test.spec.tsx&quot;. Does the file exist?
  Plugin: vite:import-analysis
  File: /Users/ray/Desktop/GITHUB/Novamind-Frontend/src/test/standalone-brain-test.spec.tsx:12:36
  2  |  import { describe, it, expect } from &quot;vitest&quot;;
  3  |  import { screen, within } from &quot;@testing-library/react&quot;;
  4  |  import { renderWithProviders } from &quot;@test/test-utils.unified&quot;;
     |                                       ^
  5  |  const StandaloneBrainContainer = () =&gt; {
  6  |    return /* @__PURE__ */ jsxDEV(&quot;div&quot;, { &quot;data-testid&quot;: &quot;brain-container&quot;, className: &quot;w-full h-full flex flex-col&quot;, children: [
 ❯ TransformPluginContext._formatLog node_modules/vite/dist/node/chunks/dep-Pj_jxEzN.js:47885:41
 ❯ TransformPluginContext.error node_modules/vite/dist/node/chunks/dep-Pj_jxEzN.js:47882:16
 ❯ normalizeUrl node_modules/vite/dist/node/chunks/dep-Pj_jxEzN.js:46015:23
 ❯ node_modules/vite/dist/node/chunks/dep-Pj_jxEzN.js:46134:37
 ❯ TransformPluginContext.transform node_modules/vite/dist/node/chunks/dep-Pj_jxEzN.js:46061:7
 ❯ EnvironmentPluginContainer.transform node_modules/vite/dist/node/chunks/dep-Pj_jxEzN.js:47680:18
 ❯ loadAndTransform node_modules/vite/dist/node/chunks/dep-Pj_jxEzN.js:41327:27

⎯⎯⎯⎯⎯⎯⎯⎯⎯⎯⎯⎯⎯⎯⎯⎯⎯⎯⎯⎯⎯⎯⎯⎯⎯⎯⎯⎯⎯⎯⎯⎯⎯⎯⎯⎯⎯⎯⎯⎯⎯⎯⎯⎯⎯⎯⎯⎯⎯⎯⎯⎯⎯⎯⎯⎯⎯⎯⎯⎯⎯⎯⎯⎯⎯⎯⎯⎯⎯⎯⎯⎯⎯⎯⎯⎯⎯⎯⎯⎯⎯⎯⎯⎯⎯⎯⎯⎯⎯⎯
Serialized Error: { __vitest_rollup_error__: { plugin: &apos;vite:import-analysis&apos;, id: &apos;/Users/ray/Desktop/GITHUB/Novamind-Frontend/src/test/standalone-brain-test.spec.tsx&apos;, loc: { file: &apos;/Users/ray/Desktop/GITHUB/Novamind-Frontend/src/test/standalone-brain-test.spec.tsx&apos;, line: 12, column: 36 }, frame: &apos;2  |  import { describe, it, expect } from &quot;vitest&quot;;\n3  |  import { screen, within } from &quot;@testing-library/react&quot;;\n4  |  import { renderWithProviders } from &quot;@test/test-utils.unified&quot;;\n   |                                       ^\n5  |  const StandaloneBrainContainer = () =&gt; {\n6  |    return /* @__PURE__ */ jsxDEV(&quot;div&quot;, { &quot;data-testid&quot;: &quot;brain-container&quot;, className: &quot;w-full h-full flex flex-col&quot;, children: [&apos; } }
            </failure>
        </testcase>
    </testsuite>
    <testsuite name="src/test/tailwind-example.unified.test.tsx" timestamp="2025-04-06T15:37:18.555Z" hostname="MacBookPro" tests="1" failures="1" errors="0" skipped="0" time="0">
        <testcase classname="src/test/tailwind-example.unified.test.tsx" name="src/test/tailwind-example.unified.test.tsx" time="0">
            <system-out>
[TEST SETUP] Global setup complete.

            </system-out>
            <failure message="Failed to resolve import &quot;@test/test-utils.unified&quot; from &quot;src/test/tailwind-example.unified.test.tsx&quot;. Does the file exist?" type="Error">
Error: Failed to resolve import &quot;@test/test-utils.unified&quot; from &quot;src/test/tailwind-example.unified.test.tsx&quot;. Does the file exist?
  Plugin: vite:import-analysis
  File: /Users/ray/Desktop/GITHUB/Novamind-Frontend/src/test/tailwind-example.unified.test.tsx:7:36
  2  |  import { describe, it, expect } from &quot;vitest&quot;;
  3  |  import { screen, act, waitFor } from &quot;@testing-library/react&quot;;
  4  |  import { renderWithProviders } from &quot;@test/test-utils.unified&quot;;
     |                                       ^
  5  |  const TailwindComponent = ({ title }) =&gt; {
  6  |    return /* @__PURE__ */ jsxDEV(&quot;div&quot;, { className: &quot;bg-white dark:bg-gray-800 p-4 rounded shadow&quot;, children: [
 ❯ TransformPluginContext._formatLog node_modules/vite/dist/node/chunks/dep-Pj_jxEzN.js:47885:41
 ❯ TransformPluginContext.error node_modules/vite/dist/node/chunks/dep-Pj_jxEzN.js:47882:16
 ❯ normalizeUrl node_modules/vite/dist/node/chunks/dep-Pj_jxEzN.js:46015:23
 ❯ node_modules/vite/dist/node/chunks/dep-Pj_jxEzN.js:46134:37
 ❯ TransformPluginContext.transform node_modules/vite/dist/node/chunks/dep-Pj_jxEzN.js:46061:7
 ❯ EnvironmentPluginContainer.transform node_modules/vite/dist/node/chunks/dep-Pj_jxEzN.js:47680:18
 ❯ loadAndTransform node_modules/vite/dist/node/chunks/dep-Pj_jxEzN.js:41327:27

⎯⎯⎯⎯⎯⎯⎯⎯⎯⎯⎯⎯⎯⎯⎯⎯⎯⎯⎯⎯⎯⎯⎯⎯⎯⎯⎯⎯⎯⎯⎯⎯⎯⎯⎯⎯⎯⎯⎯⎯⎯⎯⎯⎯⎯⎯⎯⎯⎯⎯⎯⎯⎯⎯⎯⎯⎯⎯⎯⎯⎯⎯⎯⎯⎯⎯⎯⎯⎯⎯⎯⎯⎯⎯⎯⎯⎯⎯⎯⎯⎯⎯⎯⎯⎯⎯⎯⎯⎯⎯
Serialized Error: { __vitest_rollup_error__: { plugin: &apos;vite:import-analysis&apos;, id: &apos;/Users/ray/Desktop/GITHUB/Novamind-Frontend/src/test/tailwind-example.unified.test.tsx&apos;, loc: { file: &apos;/Users/ray/Desktop/GITHUB/Novamind-Frontend/src/test/tailwind-example.unified.test.tsx&apos;, line: 7, column: 36 }, frame: &apos;2  |  import { describe, it, expect } from &quot;vitest&quot;;\n3  |  import { screen, act, waitFor } from &quot;@testing-library/react&quot;;\n4  |  import { renderWithProviders } from &quot;@test/test-utils.unified&quot;;\n   |                                       ^\n5  |  const TailwindComponent = ({ title }) =&gt; {\n6  |    return /* @__PURE__ */ jsxDEV(&quot;div&quot;, { className: &quot;bg-white dark:bg-gray-800 p-4 rounded shadow&quot;, children: [&apos; } }
            </failure>
        </testcase>
    </testsuite>
    <testsuite name="src/test/tailwind-testing-example.test.tsx" timestamp="2025-04-06T15:37:18.556Z" hostname="MacBookPro" tests="1" failures="1" errors="0" skipped="0" time="0">
        <testcase classname="src/test/tailwind-testing-example.test.tsx" name="src/test/tailwind-testing-example.test.tsx" time="0">
            <system-out>
[TEST SETUP] Global setup complete.

            </system-out>
            <failure message="Failed to resolve import &quot;@test/test-utils.unified&quot; from &quot;src/test/tailwind-testing-example.test.tsx&quot;. Does the file exist?" type="Error">
Error: Failed to resolve import &quot;@test/test-utils.unified&quot; from &quot;src/test/tailwind-testing-example.test.tsx&quot;. Does the file exist?
  Plugin: vite:import-analysis
  File: /Users/ray/Desktop/GITHUB/Novamind-Frontend/src/test/tailwind-testing-example.test.tsx:3:36
  1  |  import { jsxDEV } from &quot;react/jsx-dev-runtime&quot;;
  2  |  import { screen, act, waitFor } from &quot;@testing-library/react&quot;;
  3  |  import { renderWithProviders } from &quot;@test/test-utils.unified&quot;;
     |                                       ^
  4  |  const TailwindTestComponent = () =&gt; {
  5  |    return /* @__PURE__ */ jsxDEV(&quot;div&quot;, { &quot;data-testid&quot;: &quot;tailwind-test-container&quot;, className: &quot;p-4 bg-white dark:bg-gray-800&quot;, children: [
 ❯ TransformPluginContext._formatLog node_modules/vite/dist/node/chunks/dep-Pj_jxEzN.js:47885:41
 ❯ TransformPluginContext.error node_modules/vite/dist/node/chunks/dep-Pj_jxEzN.js:47882:16
 ❯ normalizeUrl node_modules/vite/dist/node/chunks/dep-Pj_jxEzN.js:46015:23
 ❯ node_modules/vite/dist/node/chunks/dep-Pj_jxEzN.js:46134:37
 ❯ TransformPluginContext.transform node_modules/vite/dist/node/chunks/dep-Pj_jxEzN.js:46061:7
 ❯ EnvironmentPluginContainer.transform node_modules/vite/dist/node/chunks/dep-Pj_jxEzN.js:47680:18
 ❯ loadAndTransform node_modules/vite/dist/node/chunks/dep-Pj_jxEzN.js:41327:27

⎯⎯⎯⎯⎯⎯⎯⎯⎯⎯⎯⎯⎯⎯⎯⎯⎯⎯⎯⎯⎯⎯⎯⎯⎯⎯⎯⎯⎯⎯⎯⎯⎯⎯⎯⎯⎯⎯⎯⎯⎯⎯⎯⎯⎯⎯⎯⎯⎯⎯⎯⎯⎯⎯⎯⎯⎯⎯⎯⎯⎯⎯⎯⎯⎯⎯⎯⎯⎯⎯⎯⎯⎯⎯⎯⎯⎯⎯⎯⎯⎯⎯⎯⎯⎯⎯⎯⎯⎯⎯
Serialized Error: { __vitest_rollup_error__: { plugin: &apos;vite:import-analysis&apos;, id: &apos;/Users/ray/Desktop/GITHUB/Novamind-Frontend/src/test/tailwind-testing-example.test.tsx&apos;, loc: { file: &apos;/Users/ray/Desktop/GITHUB/Novamind-Frontend/src/test/tailwind-testing-example.test.tsx&apos;, line: 3, column: 36 }, frame: &apos;1  |  import { jsxDEV } from &quot;react/jsx-dev-runtime&quot;;\n2  |  import { screen, act, waitFor } from &quot;@testing-library/react&quot;;\n3  |  import { renderWithProviders } from &quot;@test/test-utils.unified&quot;;\n   |                                       ^\n4  |  const TailwindTestComponent = () =&gt; {\n5  |    return /* @__PURE__ */ jsxDEV(&quot;div&quot;, { &quot;data-testid&quot;: &quot;tailwind-test-container&quot;, className: &quot;p-4 bg-white dark:bg-gray-800&quot;, children: [&apos; } }
            </failure>
        </testcase>
    </testsuite>
    <testsuite name="src/test/vite-env.d.test.ts" timestamp="2025-04-06T15:37:18.558Z" hostname="MacBookPro" tests="2" failures="0" errors="0" skipped="0" time="0.001848667">
        <testcase classname="src/test/vite-env.d.test.ts" name="Vite Environment Types &gt; verifies Vite types with clinical precision" time="0.000219958">
        </testcase>
        <testcase classname="src/test/vite-env.d.test.ts" name="Vite Environment Types &gt; maintains neural precision with custom environment variables" time="0.000768292">
        </testcase>
    </testsuite>
    <testsuite name="src/application/contexts/ThemeContext.test.tsx" timestamp="2025-04-06T15:37:18.587Z" hostname="MacBookPro" tests="1" failures="0" errors="0" skipped="0" time="0.001745167">
        <testcase classname="src/application/contexts/ThemeContext.test.tsx" name="ThemeContext Module (Minimal) &gt; exists as a module" time="0.000530875">
        </testcase>
    </testsuite>
    <testsuite name="src/application/contexts/ThemeProviderComponent.test.tsx" timestamp="2025-04-06T15:37:18.592Z" hostname="MacBookPro" tests="2" failures="2" errors="0" skipped="0" time="0.014742208">
        <testcase classname="src/application/contexts/ThemeProviderComponent.test.tsx" name="useTheme &gt; initializes with correct default state" time="0.003272292">
            <failure message="expected &apos;clinical&apos; to be &apos;light&apos; // Object.is equality" type="AssertionError">
AssertionError: expected &apos;clinical&apos; to be &apos;light&apos; // Object.is equality

Expected: &quot;light&quot;
Received: &quot;clinical&quot;

 ❯ src/application/contexts/ThemeProviderComponent.test.tsx:49:34
            </failure>
        </testcase>
        <testcase classname="src/application/contexts/ThemeProviderComponent.test.tsx" name="useTheme &gt; handles state changes with mathematical precision" time="0.010517666">
            <failure message="[Function setTheme] is not a spy or a call to a spy!" type="TypeError">
TypeError: [Function setTheme] is not a spy or a call to a spy!
 ❯ src/application/contexts/ThemeProviderComponent.test.tsx:63:37
            </failure>
        </testcase>
    </testsuite>
    <testsuite name="src/application/controllers/ClinicalPredictionController.runtime.test.ts" timestamp="2025-04-06T15:37:18.606Z" hostname="MacBookPro" tests="1" failures="1" errors="0" skipped="0" time="0">
        <testcase classname="src/application/controllers/ClinicalPredictionController.runtime.test.ts" name="src/application/controllers/ClinicalPredictionController.runtime.test.ts" time="0">
            <system-out>
[TEST SETUP] Global setup complete.

            </system-out>
            <failure message="Failed to resolve import &quot;@application/controllers/ClinicalPredictionController.runtime&quot; from &quot;src/application/controllers/ClinicalPredictionController.runtime.test.ts&quot;. Does the file exist?" type="Error">
Error: Failed to resolve import &quot;@application/controllers/ClinicalPredictionController.runtime&quot; from &quot;src/application/controllers/ClinicalPredictionController.runtime.test.ts&quot;. Does the file exist?
  Plugin: vite:import-analysis
  File: /Users/ray/Desktop/GITHUB/Novamind-Frontend/src/application/controllers/ClinicalPredictionController.runtime.test.ts:16:7
  5  |    validatePredictionResultData,
  6  |    validateRiskAssessmentData
  7  |  } from &quot;@application/controllers/ClinicalPredictionController.runtime&quot;;
     |          ^
  8  |  import { RiskLevel } from &quot;@domain/types/clinical/risk&quot;;
  9  |  const mockValidSymptomParams = {
 ❯ TransformPluginContext._formatLog node_modules/vite/dist/node/chunks/dep-Pj_jxEzN.js:47885:41
 ❯ TransformPluginContext.error node_modules/vite/dist/node/chunks/dep-Pj_jxEzN.js:47882:16
 ❯ normalizeUrl node_modules/vite/dist/node/chunks/dep-Pj_jxEzN.js:46015:23
 ❯ node_modules/vite/dist/node/chunks/dep-Pj_jxEzN.js:46134:37
 ❯ TransformPluginContext.transform node_modules/vite/dist/node/chunks/dep-Pj_jxEzN.js:46061:7
 ❯ EnvironmentPluginContainer.transform node_modules/vite/dist/node/chunks/dep-Pj_jxEzN.js:47680:18
 ❯ loadAndTransform node_modules/vite/dist/node/chunks/dep-Pj_jxEzN.js:41327:27

⎯⎯⎯⎯⎯⎯⎯⎯⎯⎯⎯⎯⎯⎯⎯⎯⎯⎯⎯⎯⎯⎯⎯⎯⎯⎯⎯⎯⎯⎯⎯⎯⎯⎯⎯⎯⎯⎯⎯⎯⎯⎯⎯⎯⎯⎯⎯⎯⎯⎯⎯⎯⎯⎯⎯⎯⎯⎯⎯⎯⎯⎯⎯⎯⎯⎯⎯⎯⎯⎯⎯⎯⎯⎯⎯⎯⎯⎯⎯⎯⎯⎯⎯⎯⎯⎯⎯⎯⎯⎯
Serialized Error: { __vitest_rollup_error__: { plugin: &apos;vite:import-analysis&apos;, id: &apos;/Users/ray/Desktop/GITHUB/Novamind-Frontend/src/application/controllers/ClinicalPredictionController.runtime.test.ts&apos;, loc: { file: &apos;/Users/ray/Desktop/GITHUB/Novamind-Frontend/src/application/controllers/ClinicalPredictionController.runtime.test.ts&apos;, line: 16, column: 7 }, frame: &apos;5  |    validatePredictionResultData,\n6  |    validateRiskAssessmentData\n7  |  } from &quot;@application/controllers/ClinicalPredictionController.runtime&quot;;\n   |          ^\n8  |  import { RiskLevel } from &quot;@domain/types/clinical/risk&quot;;\n9  |  const mockValidSymptomParams = {&apos; } }
            </failure>
        </testcase>
    </testsuite>
    <testsuite name="src/application/providers/ThemeProvider.enhanced.test.tsx" timestamp="2025-04-06T15:37:18.607Z" hostname="MacBookPro" tests="1" failures="1" errors="0" skipped="0" time="0">
        <testcase classname="src/application/providers/ThemeProvider.enhanced.test.tsx" name="src/application/providers/ThemeProvider.enhanced.test.tsx" time="0">
            <system-out>
[TEST SETUP] Global setup complete.

            </system-out>
            <failure message="Failed to resolve import &quot;@test/test-utils.unified&quot; from &quot;src/application/providers/ThemeProvider.enhanced.test.tsx&quot;. Does the file exist?" type="Error">
Error: Failed to resolve import &quot;@test/test-utils.unified&quot; from &quot;src/application/providers/ThemeProvider.enhanced.test.tsx&quot;. Does the file exist?
  Plugin: vite:import-analysis
  File: /Users/ray/Desktop/GITHUB/Novamind-Frontend/src/application/providers/ThemeProvider.enhanced.test.tsx:5:49
  1  |  import { jsxDEV } from &quot;react/jsx-dev-runtime&quot;;
  2  |  import { renderWithProviders, screen, act } from &quot;@test/test-utils.unified&quot;;
     |                                                    ^
  3  |  import { vi, afterEach } from &quot;vitest&quot;;
  4  |  import { useTheme } from &quot;@application/hooks/useTheme&quot;;
 ❯ TransformPluginContext._formatLog node_modules/vite/dist/node/chunks/dep-Pj_jxEzN.js:47885:41
 ❯ TransformPluginContext.error node_modules/vite/dist/node/chunks/dep-Pj_jxEzN.js:47882:16
 ❯ normalizeUrl node_modules/vite/dist/node/chunks/dep-Pj_jxEzN.js:46015:23
 ❯ node_modules/vite/dist/node/chunks/dep-Pj_jxEzN.js:46134:37
 ❯ TransformPluginContext.transform node_modules/vite/dist/node/chunks/dep-Pj_jxEzN.js:46061:7
 ❯ EnvironmentPluginContainer.transform node_modules/vite/dist/node/chunks/dep-Pj_jxEzN.js:47680:18
 ❯ loadAndTransform node_modules/vite/dist/node/chunks/dep-Pj_jxEzN.js:41327:27

⎯⎯⎯⎯⎯⎯⎯⎯⎯⎯⎯⎯⎯⎯⎯⎯⎯⎯⎯⎯⎯⎯⎯⎯⎯⎯⎯⎯⎯⎯⎯⎯⎯⎯⎯⎯⎯⎯⎯⎯⎯⎯⎯⎯⎯⎯⎯⎯⎯⎯⎯⎯⎯⎯⎯⎯⎯⎯⎯⎯⎯⎯⎯⎯⎯⎯⎯⎯⎯⎯⎯⎯⎯⎯⎯⎯⎯⎯⎯⎯⎯⎯⎯⎯⎯⎯⎯⎯⎯⎯
Serialized Error: { __vitest_rollup_error__: { plugin: &apos;vite:import-analysis&apos;, id: &apos;/Users/ray/Desktop/GITHUB/Novamind-Frontend/src/application/providers/ThemeProvider.enhanced.test.tsx&apos;, loc: { file: &apos;/Users/ray/Desktop/GITHUB/Novamind-Frontend/src/application/providers/ThemeProvider.enhanced.test.tsx&apos;, line: 5, column: 49 }, frame: &apos;1  |  import { jsxDEV } from &quot;react/jsx-dev-runtime&quot;;\n2  |  import { renderWithProviders, screen, act } from &quot;@test/test-utils.unified&quot;;\n   |                                                    ^\n3  |  import { vi, afterEach } from &quot;vitest&quot;;\n4  |  import { useTheme } from &quot;@application/hooks/useTheme&quot;;&apos; } }
            </failure>
        </testcase>
    </testsuite>
    <testsuite name="src/application/providers/ThemeProvider.test.tsx" timestamp="2025-04-06T15:37:18.608Z" hostname="MacBookPro" tests="1" failures="1" errors="0" skipped="0" time="0">
        <testcase classname="src/application/providers/ThemeProvider.test.tsx" name="src/application/providers/ThemeProvider.test.tsx" time="0">
            <system-out>
[TEST SETUP] Global setup complete.

            </system-out>
            <failure message="Failed to resolve import &quot;@application/contexts/ThemeContext&quot; from &quot;src/application/providers/ThemeProvider.tsx&quot;. Does the file exist?" type="Error">
Error: Failed to resolve import &quot;@application/contexts/ThemeContext&quot; from &quot;src/application/providers/ThemeProvider.tsx&quot;. Does the file exist?
  Plugin: vite:import-analysis
  File: /Users/ray/Desktop/GITHUB/Novamind-Frontend/src/application/providers/ThemeProvider.tsx:2:45
  1  |  import { jsxDEV } from &quot;react/jsx-dev-runtime&quot;;
  2  |  import { useState, useEffect, useMemo, useCallback } from &quot;react&quot;;
  3  |  import { ThemeContext } from &quot;@application/contexts/ThemeContext&quot;;
     |                                ^
  4  |  import { auditLogClient, AuditEventType } from &quot;@infrastructure/clients/auditLogClient&quot;;
  5  |  const isValidTheme = (theme) =&gt; {
 ❯ TransformPluginContext._formatLog node_modules/vite/dist/node/chunks/dep-Pj_jxEzN.js:47885:41
 ❯ TransformPluginContext.error node_modules/vite/dist/node/chunks/dep-Pj_jxEzN.js:47882:16
 ❯ normalizeUrl node_modules/vite/dist/node/chunks/dep-Pj_jxEzN.js:46015:23
 ❯ node_modules/vite/dist/node/chunks/dep-Pj_jxEzN.js:46134:37
 ❯ TransformPluginContext.transform node_modules/vite/dist/node/chunks/dep-Pj_jxEzN.js:46061:7
 ❯ EnvironmentPluginContainer.transform node_modules/vite/dist/node/chunks/dep-Pj_jxEzN.js:47680:18
 ❯ loadAndTransform node_modules/vite/dist/node/chunks/dep-Pj_jxEzN.js:41327:27

⎯⎯⎯⎯⎯⎯⎯⎯⎯⎯⎯⎯⎯⎯⎯⎯⎯⎯⎯⎯⎯⎯⎯⎯⎯⎯⎯⎯⎯⎯⎯⎯⎯⎯⎯⎯⎯⎯⎯⎯⎯⎯⎯⎯⎯⎯⎯⎯⎯⎯⎯⎯⎯⎯⎯⎯⎯⎯⎯⎯⎯⎯⎯⎯⎯⎯⎯⎯⎯⎯⎯⎯⎯⎯⎯⎯⎯⎯⎯⎯⎯⎯⎯⎯⎯⎯⎯⎯⎯⎯
Serialized Error: { __vitest_rollup_error__: { plugin: &apos;vite:import-analysis&apos;, id: &apos;/Users/ray/Desktop/GITHUB/Novamind-Frontend/src/application/providers/ThemeProvider.tsx&apos;, loc: { file: &apos;/Users/ray/Desktop/GITHUB/Novamind-Frontend/src/application/providers/ThemeProvider.tsx&apos;, line: 2, column: 45 }, frame: &apos;1  |  import { jsxDEV } from &quot;react/jsx-dev-runtime&quot;;\n2  |  import { useState, useEffect, useMemo, useCallback } from &quot;react&quot;;\n3  |  import { ThemeContext } from &quot;@application/contexts/ThemeContext&quot;;\n   |                                ^\n4  |  import { auditLogClient, AuditEventType } from &quot;@infrastructure/clients/auditLogClient&quot;;\n5  |  const isValidTheme = (theme) =&gt; {&apos; } }
            </failure>
        </testcase>
    </testsuite>
    <testsuite name="src/application/hooks/useBlockingTransition.test.ts" timestamp="2025-04-06T15:37:18.609Z" hostname="MacBookPro" tests="1" failures="1" errors="0" skipped="0" time="0">
        <testcase classname="src/application/hooks/useBlockingTransition.test.ts" name="src/application/hooks/useBlockingTransition.test.ts" time="0">
            <system-out>
[TEST SETUP] Global setup complete.

            </system-out>
            <failure message="Failed to resolve import &quot;@application/hooks/useBlockingTransition&quot; from &quot;src/application/hooks/useBlockingTransition.test.ts&quot;. Does the file exist?" type="Error">
Error: Failed to resolve import &quot;@application/hooks/useBlockingTransition&quot; from &quot;src/application/hooks/useBlockingTransition.test.ts&quot;. Does the file exist?
  Plugin: vite:import-analysis
  File: /Users/ray/Desktop/GITHUB/Novamind-Frontend/src/application/hooks/useBlockingTransition.test.ts:13:7
  5  |    useFilteredListTransition,
  6  |    useBatchedUpdates
  7  |  } from &quot;@application/hooks/useBlockingTransition&quot;;
     |          ^
  8  |  describe(&quot;useBlockingTransition&quot;, () =&gt; {
  9  |    it(&quot;should initialize with the provided initial state and isPending as false&quot;, () =&gt; {
 ❯ TransformPluginContext._formatLog node_modules/vite/dist/node/chunks/dep-Pj_jxEzN.js:47885:41
 ❯ TransformPluginContext.error node_modules/vite/dist/node/chunks/dep-Pj_jxEzN.js:47882:16
 ❯ normalizeUrl node_modules/vite/dist/node/chunks/dep-Pj_jxEzN.js:46015:23
 ❯ node_modules/vite/dist/node/chunks/dep-Pj_jxEzN.js:46134:37
 ❯ TransformPluginContext.transform node_modules/vite/dist/node/chunks/dep-Pj_jxEzN.js:46061:7
 ❯ EnvironmentPluginContainer.transform node_modules/vite/dist/node/chunks/dep-Pj_jxEzN.js:47680:18
 ❯ loadAndTransform node_modules/vite/dist/node/chunks/dep-Pj_jxEzN.js:41327:27

⎯⎯⎯⎯⎯⎯⎯⎯⎯⎯⎯⎯⎯⎯⎯⎯⎯⎯⎯⎯⎯⎯⎯⎯⎯⎯⎯⎯⎯⎯⎯⎯⎯⎯⎯⎯⎯⎯⎯⎯⎯⎯⎯⎯⎯⎯⎯⎯⎯⎯⎯⎯⎯⎯⎯⎯⎯⎯⎯⎯⎯⎯⎯⎯⎯⎯⎯⎯⎯⎯⎯⎯⎯⎯⎯⎯⎯⎯⎯⎯⎯⎯⎯⎯⎯⎯⎯⎯⎯⎯
Serialized Error: { __vitest_rollup_error__: { plugin: &apos;vite:import-analysis&apos;, id: &apos;/Users/ray/Desktop/GITHUB/Novamind-Frontend/src/application/hooks/useBlockingTransition.test.ts&apos;, loc: { file: &apos;/Users/ray/Desktop/GITHUB/Novamind-Frontend/src/application/hooks/useBlockingTransition.test.ts&apos;, line: 13, column: 7 }, frame: &apos;5  |    useFilteredListTransition,\n6  |    useBatchedUpdates\n7  |  } from &quot;@application/hooks/useBlockingTransition&quot;;\n   |          ^\n8  |  describe(&quot;useBlockingTransition&quot;, () =&gt; {\n9  |    it(&quot;should initialize with the provided initial state and isPending as false&quot;, () =&gt; {&apos; } }
            </failure>
        </testcase>
    </testsuite>
    <testsuite name="src/application/hooks/useBrainModel.runtime.test.ts" timestamp="2025-04-06T15:37:18.609Z" hostname="MacBookPro" tests="1" failures="1" errors="0" skipped="0" time="0">
        <testcase classname="src/application/hooks/useBrainModel.runtime.test.ts" name="src/application/hooks/useBrainModel.runtime.test.ts" time="0">
            <system-out>
[TEST SETUP] Global setup complete.

            </system-out>
            <failure message="Failed to resolve import &quot;@hooks/useBrainModel.runtime&quot; from &quot;src/application/hooks/useBrainModel.runtime.test.ts&quot;. Does the file exist?" type="Error">
Error: Failed to resolve import &quot;@hooks/useBrainModel.runtime&quot; from &quot;src/application/hooks/useBrainModel.runtime.test.ts&quot;. Does the file exist?
  Plugin: vite:import-analysis
  File: /Users/ray/Desktop/GITHUB/Novamind-Frontend/src/application/hooks/useBrainModel.runtime.test.ts:6:39
  1  |  import { describe, it, expect } from &quot;vitest&quot;;
  2  |  import { validateBrainModelData } from &quot;@hooks/useBrainModel.runtime&quot;;
     |                                          ^
  3  |  import {
  4  |    BrainRegion
 ❯ TransformPluginContext._formatLog node_modules/vite/dist/node/chunks/dep-Pj_jxEzN.js:47885:41
 ❯ TransformPluginContext.error node_modules/vite/dist/node/chunks/dep-Pj_jxEzN.js:47882:16
 ❯ normalizeUrl node_modules/vite/dist/node/chunks/dep-Pj_jxEzN.js:46015:23
 ❯ node_modules/vite/dist/node/chunks/dep-Pj_jxEzN.js:46134:37
 ❯ TransformPluginContext.transform node_modules/vite/dist/node/chunks/dep-Pj_jxEzN.js:46061:7
 ❯ EnvironmentPluginContainer.transform node_modules/vite/dist/node/chunks/dep-Pj_jxEzN.js:47680:18
 ❯ loadAndTransform node_modules/vite/dist/node/chunks/dep-Pj_jxEzN.js:41327:27

⎯⎯⎯⎯⎯⎯⎯⎯⎯⎯⎯⎯⎯⎯⎯⎯⎯⎯⎯⎯⎯⎯⎯⎯⎯⎯⎯⎯⎯⎯⎯⎯⎯⎯⎯⎯⎯⎯⎯⎯⎯⎯⎯⎯⎯⎯⎯⎯⎯⎯⎯⎯⎯⎯⎯⎯⎯⎯⎯⎯⎯⎯⎯⎯⎯⎯⎯⎯⎯⎯⎯⎯⎯⎯⎯⎯⎯⎯⎯⎯⎯⎯⎯⎯⎯⎯⎯⎯⎯⎯
Serialized Error: { __vitest_rollup_error__: { plugin: &apos;vite:import-analysis&apos;, id: &apos;/Users/ray/Desktop/GITHUB/Novamind-Frontend/src/application/hooks/useBrainModel.runtime.test.ts&apos;, loc: { file: &apos;/Users/ray/Desktop/GITHUB/Novamind-Frontend/src/application/hooks/useBrainModel.runtime.test.ts&apos;, line: 6, column: 39 }, frame: &apos;1  |  import { describe, it, expect } from &quot;vitest&quot;;\n2  |  import { validateBrainModelData } from &quot;@hooks/useBrainModel.runtime&quot;;\n   |                                          ^\n3  |  import {\n4  |    BrainRegion&apos; } }
            </failure>
        </testcase>
    </testsuite>
    <testsuite name="src/application/hooks/useBrainModel.test.tsx" timestamp="2025-04-06T15:37:18.610Z" hostname="MacBookPro" tests="1" failures="1" errors="0" skipped="0" time="0">
        <testcase classname="src/application/hooks/useBrainModel.test.tsx" name="src/application/hooks/useBrainModel.test.tsx" time="0">
            <system-out>
[TEST SETUP] Global setup complete.

            </system-out>
            <failure message="Failed to resolve import &quot;@hooks/useBrainModel&quot; from &quot;src/application/hooks/useBrainModel.test.tsx&quot;. Does the file exist?" type="Error">
Error: Failed to resolve import &quot;@hooks/useBrainModel&quot; from &quot;src/application/hooks/useBrainModel.test.tsx&quot;. Does the file exist?
  Plugin: vite:import-analysis
  File: /Users/ray/Desktop/GITHUB/Novamind-Frontend/src/application/hooks/useBrainModel.test.tsx:7:30
  2  |  import { describe, it, expect, vi, beforeEach } from &quot;vitest&quot;;
  3  |  import { renderHook, waitFor } from &quot;@testing-library/react&quot;;
  4  |  import { useBrainModel } from &quot;@hooks/useBrainModel&quot;;
     |                                 ^
  5  |  import { createMockBrainRegions } from &quot;@test/three-test-utils&quot;;
  6  |  import { QueryClient, QueryClientProvider } from &quot;@tanstack/react-query&quot;;
 ❯ TransformPluginContext._formatLog node_modules/vite/dist/node/chunks/dep-Pj_jxEzN.js:47885:41
 ❯ TransformPluginContext.error node_modules/vite/dist/node/chunks/dep-Pj_jxEzN.js:47882:16
 ❯ normalizeUrl node_modules/vite/dist/node/chunks/dep-Pj_jxEzN.js:46015:23
 ❯ node_modules/vite/dist/node/chunks/dep-Pj_jxEzN.js:46134:37
 ❯ TransformPluginContext.transform node_modules/vite/dist/node/chunks/dep-Pj_jxEzN.js:46061:7
 ❯ EnvironmentPluginContainer.transform node_modules/vite/dist/node/chunks/dep-Pj_jxEzN.js:47680:18
 ❯ loadAndTransform node_modules/vite/dist/node/chunks/dep-Pj_jxEzN.js:41327:27

⎯⎯⎯⎯⎯⎯⎯⎯⎯⎯⎯⎯⎯⎯⎯⎯⎯⎯⎯⎯⎯⎯⎯⎯⎯⎯⎯⎯⎯⎯⎯⎯⎯⎯⎯⎯⎯⎯⎯⎯⎯⎯⎯⎯⎯⎯⎯⎯⎯⎯⎯⎯⎯⎯⎯⎯⎯⎯⎯⎯⎯⎯⎯⎯⎯⎯⎯⎯⎯⎯⎯⎯⎯⎯⎯⎯⎯⎯⎯⎯⎯⎯⎯⎯⎯⎯⎯⎯⎯⎯
Serialized Error: { __vitest_rollup_error__: { plugin: &apos;vite:import-analysis&apos;, id: &apos;/Users/ray/Desktop/GITHUB/Novamind-Frontend/src/application/hooks/useBrainModel.test.tsx&apos;, loc: { file: &apos;/Users/ray/Desktop/GITHUB/Novamind-Frontend/src/application/hooks/useBrainModel.test.tsx&apos;, line: 7, column: 30 }, frame: &apos;2  |  import { describe, it, expect, vi, beforeEach } from &quot;vitest&quot;;\n3  |  import { renderHook, waitFor } from &quot;@testing-library/react&quot;;\n4  |  import { useBrainModel } from &quot;@hooks/useBrainModel&quot;;\n   |                                 ^\n5  |  import { createMockBrainRegions } from &quot;@test/three-test-utils&quot;;\n6  |  import { QueryClient, QueryClientProvider } from &quot;@tanstack/react-query&quot;;&apos; } }
            </failure>
        </testcase>
    </testsuite>
    <testsuite name="src/application/hooks/useBrainVisualization.runtime.test.ts" timestamp="2025-04-06T15:37:18.610Z" hostname="MacBookPro" tests="1" failures="1" errors="0" skipped="0" time="0">
        <testcase classname="src/application/hooks/useBrainVisualization.runtime.test.ts" name="src/application/hooks/useBrainVisualization.runtime.test.ts" time="0">
            <system-out>
[TEST SETUP] Global setup complete.

            </system-out>
            <failure message="Failed to resolve import &quot;@hooks/useBrainVisualization.runtime&quot; from &quot;src/application/hooks/useBrainVisualization.runtime.test.ts&quot;. Does the file exist?" type="Error">
Error: Failed to resolve import &quot;@hooks/useBrainVisualization.runtime&quot; from &quot;src/application/hooks/useBrainVisualization.runtime.test.ts&quot;. Does the file exist?
  Plugin: vite:import-analysis
  File: /Users/ray/Desktop/GITHUB/Novamind-Frontend/src/application/hooks/useBrainVisualization.runtime.test.ts:6:46
  1  |  import { describe, it, expect } from &quot;vitest&quot;;
  2  |  import { validatePartialBrainViewState } from &quot;@hooks/useBrainVisualization.runtime&quot;;
     |                                                 ^
  3  |  import { RenderMode, isValidRenderMode } from &quot;@domain/types/brain/visualization&quot;;
  4  |  describe(&quot;useBrainVisualization Runtime Validation&quot;, () =&gt; {
 ❯ TransformPluginContext._formatLog node_modules/vite/dist/node/chunks/dep-Pj_jxEzN.js:47885:41
 ❯ TransformPluginContext.error node_modules/vite/dist/node/chunks/dep-Pj_jxEzN.js:47882:16
 ❯ normalizeUrl node_modules/vite/dist/node/chunks/dep-Pj_jxEzN.js:46015:23
 ❯ node_modules/vite/dist/node/chunks/dep-Pj_jxEzN.js:46134:37
 ❯ TransformPluginContext.transform node_modules/vite/dist/node/chunks/dep-Pj_jxEzN.js:46061:7
 ❯ EnvironmentPluginContainer.transform node_modules/vite/dist/node/chunks/dep-Pj_jxEzN.js:47680:18
 ❯ loadAndTransform node_modules/vite/dist/node/chunks/dep-Pj_jxEzN.js:41327:27

⎯⎯⎯⎯⎯⎯⎯⎯⎯⎯⎯⎯⎯⎯⎯⎯⎯⎯⎯⎯⎯⎯⎯⎯⎯⎯⎯⎯⎯⎯⎯⎯⎯⎯⎯⎯⎯⎯⎯⎯⎯⎯⎯⎯⎯⎯⎯⎯⎯⎯⎯⎯⎯⎯⎯⎯⎯⎯⎯⎯⎯⎯⎯⎯⎯⎯⎯⎯⎯⎯⎯⎯⎯⎯⎯⎯⎯⎯⎯⎯⎯⎯⎯⎯⎯⎯⎯⎯⎯⎯
Serialized Error: { __vitest_rollup_error__: { plugin: &apos;vite:import-analysis&apos;, id: &apos;/Users/ray/Desktop/GITHUB/Novamind-Frontend/src/application/hooks/useBrainVisualization.runtime.test.ts&apos;, loc: { file: &apos;/Users/ray/Desktop/GITHUB/Novamind-Frontend/src/application/hooks/useBrainVisualization.runtime.test.ts&apos;, line: 6, column: 46 }, frame: &apos;1  |  import { describe, it, expect } from &quot;vitest&quot;;\n2  |  import { validatePartialBrainViewState } from &quot;@hooks/useBrainVisualization.runtime&quot;;\n   |                                                 ^\n3  |  import { RenderMode, isValidRenderMode } from &quot;@domain/types/brain/visualization&quot;;\n4  |  describe(&quot;useBrainVisualization Runtime Validation&quot;, () =&gt; {&apos; } }
            </failure>
        </testcase>
    </testsuite>
    <testsuite name="src/application/hooks/useBrainVisualization.test.ts" timestamp="2025-04-06T15:37:18.611Z" hostname="MacBookPro" tests="1" failures="1" errors="0" skipped="0" time="0">
        <testcase classname="src/application/hooks/useBrainVisualization.test.ts" name="src/application/hooks/useBrainVisualization.test.ts" time="0">
            <system-out>
[TEST SETUP] Global setup complete.

            </system-out>
            <failure message="Failed to resolve import &quot;@infrastructure/api/ApiClient&quot; from &quot;src/application/hooks/useBrainVisualization.ts&quot;. Does the file exist?" type="Error">
Error: Failed to resolve import &quot;@infrastructure/api/ApiClient&quot; from &quot;src/application/hooks/useBrainVisualization.ts&quot;. Does the file exist?
  Plugin: vite:import-analysis
  File: /Users/ray/Desktop/GITHUB/Novamind-Frontend/src/application/hooks/useBrainVisualization.ts:11:26
  1  |  import { useState, useEffect, useCallback } from &quot;react&quot;;
  2  |  import { useQuery } from &quot;@tanstack/react-query&quot;;
  3  |  import { apiClient } from &quot;@infrastructure/api/ApiClient&quot;;
     |                             ^
  4  |  export function useBrainVisualization(options) {
  5  |    console.log(&quot;[DEBUG] useBrainVisualization hook starting with options:&quot;, options);
 ❯ TransformPluginContext._formatLog node_modules/vite/dist/node/chunks/dep-Pj_jxEzN.js:47885:41
 ❯ TransformPluginContext.error node_modules/vite/dist/node/chunks/dep-Pj_jxEzN.js:47882:16
 ❯ normalizeUrl node_modules/vite/dist/node/chunks/dep-Pj_jxEzN.js:46015:23
 ❯ node_modules/vite/dist/node/chunks/dep-Pj_jxEzN.js:46134:37
 ❯ TransformPluginContext.transform node_modules/vite/dist/node/chunks/dep-Pj_jxEzN.js:46061:7
 ❯ EnvironmentPluginContainer.transform node_modules/vite/dist/node/chunks/dep-Pj_jxEzN.js:47680:18
 ❯ loadAndTransform node_modules/vite/dist/node/chunks/dep-Pj_jxEzN.js:41327:27

⎯⎯⎯⎯⎯⎯⎯⎯⎯⎯⎯⎯⎯⎯⎯⎯⎯⎯⎯⎯⎯⎯⎯⎯⎯⎯⎯⎯⎯⎯⎯⎯⎯⎯⎯⎯⎯⎯⎯⎯⎯⎯⎯⎯⎯⎯⎯⎯⎯⎯⎯⎯⎯⎯⎯⎯⎯⎯⎯⎯⎯⎯⎯⎯⎯⎯⎯⎯⎯⎯⎯⎯⎯⎯⎯⎯⎯⎯⎯⎯⎯⎯⎯⎯⎯⎯⎯⎯⎯⎯
Serialized Error: { __vitest_rollup_error__: { plugin: &apos;vite:import-analysis&apos;, id: &apos;/Users/ray/Desktop/GITHUB/Novamind-Frontend/src/application/hooks/useBrainVisualization.ts&apos;, loc: { file: &apos;/Users/ray/Desktop/GITHUB/Novamind-Frontend/src/application/hooks/useBrainVisualization.ts&apos;, line: 11, column: 26 }, frame: &apos;1  |  import { useState, useEffect, useCallback } from &quot;react&quot;;\n2  |  import { useQuery } from &quot;@tanstack/react-query&quot;;\n3  |  import { apiClient } from &quot;@infrastructure/api/ApiClient&quot;;\n   |                             ^\n4  |  export function useBrainVisualization(options) {\n5  |    console.log(&quot;[DEBUG] useBrainVisualization hook starting with options:&quot;, options);&apos; } }
            </failure>
        </testcase>
    </testsuite>
    <testsuite name="src/application/hooks/useBrainVisualization.test.tsx" timestamp="2025-04-06T15:37:18.611Z" hostname="MacBookPro" tests="1" failures="1" errors="0" skipped="0" time="0">
        <testcase classname="src/application/hooks/useBrainVisualization.test.tsx" name="src/application/hooks/useBrainVisualization.test.tsx" time="0">
            <system-out>
[TEST SETUP] Global setup complete.

            </system-out>
            <failure message="Failed to resolve import &quot;@hooks/useBrainVisualization&quot; from &quot;src/application/hooks/useBrainVisualization.test.tsx&quot;. Does the file exist?" type="Error">
Error: Failed to resolve import &quot;@hooks/useBrainVisualization&quot; from &quot;src/application/hooks/useBrainVisualization.test.tsx&quot;. Does the file exist?
  Plugin: vite:import-analysis
  File: /Users/ray/Desktop/GITHUB/Novamind-Frontend/src/application/hooks/useBrainVisualization.test.tsx:10:0
  9  |  const __vi_import_1__ = await import(&quot;@tanstack/react-query&quot;);
  10 |  const __vi_import_2__ = await import(&quot;@testing-library/react&quot;);
  11 |  const __vi_import_3__ = await import(&quot;@hooks/useBrainVisualization&quot;);
     |                                       ^
  12 |  const __vi_import_4__ = await import(&quot;@api/ApiClient&quot;);
  13 |  
 ❯ TransformPluginContext._formatLog node_modules/vite/dist/node/chunks/dep-Pj_jxEzN.js:47885:41
 ❯ TransformPluginContext.error node_modules/vite/dist/node/chunks/dep-Pj_jxEzN.js:47882:16
 ❯ normalizeUrl node_modules/vite/dist/node/chunks/dep-Pj_jxEzN.js:46015:23
 ❯ node_modules/vite/dist/node/chunks/dep-Pj_jxEzN.js:46134:37
 ❯ TransformPluginContext.transform node_modules/vite/dist/node/chunks/dep-Pj_jxEzN.js:46061:7
 ❯ EnvironmentPluginContainer.transform node_modules/vite/dist/node/chunks/dep-Pj_jxEzN.js:47680:18
 ❯ loadAndTransform node_modules/vite/dist/node/chunks/dep-Pj_jxEzN.js:41327:27

⎯⎯⎯⎯⎯⎯⎯⎯⎯⎯⎯⎯⎯⎯⎯⎯⎯⎯⎯⎯⎯⎯⎯⎯⎯⎯⎯⎯⎯⎯⎯⎯⎯⎯⎯⎯⎯⎯⎯⎯⎯⎯⎯⎯⎯⎯⎯⎯⎯⎯⎯⎯⎯⎯⎯⎯⎯⎯⎯⎯⎯⎯⎯⎯⎯⎯⎯⎯⎯⎯⎯⎯⎯⎯⎯⎯⎯⎯⎯⎯⎯⎯⎯⎯⎯⎯⎯⎯⎯⎯
Serialized Error: { __vitest_rollup_error__: { plugin: &apos;vite:import-analysis&apos;, id: &apos;/Users/ray/Desktop/GITHUB/Novamind-Frontend/src/application/hooks/useBrainVisualization.test.tsx&apos;, loc: { file: &apos;/Users/ray/Desktop/GITHUB/Novamind-Frontend/src/application/hooks/useBrainVisualization.test.tsx&apos;, line: 10, column: +0 }, frame: &apos;9  |  const __vi_import_1__ = await import(&quot;@tanstack/react-query&quot;);\n10 |  const __vi_import_2__ = await import(&quot;@testing-library/react&quot;);\n11 |  const __vi_import_3__ = await import(&quot;@hooks/useBrainVisualization&quot;);\n   |                                       ^\n12 |  const __vi_import_4__ = await import(&quot;@api/ApiClient&quot;);\n13 |  &apos; } }
            </failure>
        </testcase>
    </testsuite>
    <testsuite name="src/application/hooks/useClinicalContext.runtime.test.ts" timestamp="2025-04-06T15:37:18.612Z" hostname="MacBookPro" tests="1" failures="1" errors="0" skipped="0" time="0">
        <testcase classname="src/application/hooks/useClinicalContext.runtime.test.ts" name="src/application/hooks/useClinicalContext.runtime.test.ts" time="0">
            <system-out>
[TEST SETUP] Global setup complete.

            </system-out>
            <failure message="Failed to resolve import &quot;@hooks/useClinicalContext.runtime&quot; from &quot;src/application/hooks/useClinicalContext.runtime.test.ts&quot;. Does the file exist?" type="Error">
Error: Failed to resolve import &quot;@hooks/useClinicalContext.runtime&quot; from &quot;src/application/hooks/useClinicalContext.runtime.test.ts&quot;. Does the file exist?
  Plugin: vite:import-analysis
  File: /Users/ray/Desktop/GITHUB/Novamind-Frontend/src/application/hooks/useClinicalContext.runtime.test.ts:13:7
  6  |    validateDiagnosisMappingArray,
  7  |    validateTreatmentMappingArray
  8  |  } from &quot;@hooks/useClinicalContext.runtime&quot;;
     |          ^
  9  |  import { RiskLevel } from &quot;@domain/types/clinical/risk&quot;;
  10 |  const mockValidRiskAssessment = {
 ❯ TransformPluginContext._formatLog node_modules/vite/dist/node/chunks/dep-Pj_jxEzN.js:47885:41
 ❯ TransformPluginContext.error node_modules/vite/dist/node/chunks/dep-Pj_jxEzN.js:47882:16
 ❯ normalizeUrl node_modules/vite/dist/node/chunks/dep-Pj_jxEzN.js:46015:23
 ❯ node_modules/vite/dist/node/chunks/dep-Pj_jxEzN.js:46134:37
 ❯ TransformPluginContext.transform node_modules/vite/dist/node/chunks/dep-Pj_jxEzN.js:46061:7
 ❯ EnvironmentPluginContainer.transform node_modules/vite/dist/node/chunks/dep-Pj_jxEzN.js:47680:18
 ❯ loadAndTransform node_modules/vite/dist/node/chunks/dep-Pj_jxEzN.js:41327:27

⎯⎯⎯⎯⎯⎯⎯⎯⎯⎯⎯⎯⎯⎯⎯⎯⎯⎯⎯⎯⎯⎯⎯⎯⎯⎯⎯⎯⎯⎯⎯⎯⎯⎯⎯⎯⎯⎯⎯⎯⎯⎯⎯⎯⎯⎯⎯⎯⎯⎯⎯⎯⎯⎯⎯⎯⎯⎯⎯⎯⎯⎯⎯⎯⎯⎯⎯⎯⎯⎯⎯⎯⎯⎯⎯⎯⎯⎯⎯⎯⎯⎯⎯⎯⎯⎯⎯⎯⎯⎯
Serialized Error: { __vitest_rollup_error__: { plugin: &apos;vite:import-analysis&apos;, id: &apos;/Users/ray/Desktop/GITHUB/Novamind-Frontend/src/application/hooks/useClinicalContext.runtime.test.ts&apos;, loc: { file: &apos;/Users/ray/Desktop/GITHUB/Novamind-Frontend/src/application/hooks/useClinicalContext.runtime.test.ts&apos;, line: 13, column: 7 }, frame: &apos;6  |    validateDiagnosisMappingArray,\n7  |    validateTreatmentMappingArray\n8  |  } from &quot;@hooks/useClinicalContext.runtime&quot;;\n   |          ^\n9  |  import { RiskLevel } from &quot;@domain/types/clinical/risk&quot;;\n10 |  const mockValidRiskAssessment = {&apos; } }
            </failure>
        </testcase>
    </testsuite>
    <testsuite name="src/application/hooks/useClinicalContext.test.ts" timestamp="2025-04-06T15:37:18.612Z" hostname="MacBookPro" tests="1" failures="1" errors="0" skipped="0" time="0">
        <testcase classname="src/application/hooks/useClinicalContext.test.ts" name="src/application/hooks/useClinicalContext.test.ts" time="0">
            <system-out>
[TEST SETUP] Global setup complete.

            </system-out>
            <failure message="Failed to resolve import &quot;@hooks/useClinicalContext&quot; from &quot;src/application/hooks/useClinicalContext.test.ts&quot;. Does the file exist?" type="Error">
Error: Failed to resolve import &quot;@hooks/useClinicalContext&quot; from &quot;src/application/hooks/useClinicalContext.test.ts&quot;. Does the file exist?
  Plugin: vite:import-analysis
  File: /Users/ray/Desktop/GITHUB/Novamind-Frontend/src/application/hooks/useClinicalContext.test.ts:14:0
  2  |    useClinicalContext: vi.fn()
  3  |  }));
  4  |  const __vi_import_0__ = await import(&quot;@hooks/useClinicalContext&quot;);
     |                                       ^
  5  |  import { describe, it, expect, vi, beforeEach } from &quot;vitest&quot;;
  6  |  
 ❯ TransformPluginContext._formatLog node_modules/vite/dist/node/chunks/dep-Pj_jxEzN.js:47885:41
 ❯ TransformPluginContext.error node_modules/vite/dist/node/chunks/dep-Pj_jxEzN.js:47882:16
 ❯ normalizeUrl node_modules/vite/dist/node/chunks/dep-Pj_jxEzN.js:46015:23
 ❯ node_modules/vite/dist/node/chunks/dep-Pj_jxEzN.js:46134:37
 ❯ TransformPluginContext.transform node_modules/vite/dist/node/chunks/dep-Pj_jxEzN.js:46061:7
 ❯ EnvironmentPluginContainer.transform node_modules/vite/dist/node/chunks/dep-Pj_jxEzN.js:47680:18
 ❯ loadAndTransform node_modules/vite/dist/node/chunks/dep-Pj_jxEzN.js:41327:27

⎯⎯⎯⎯⎯⎯⎯⎯⎯⎯⎯⎯⎯⎯⎯⎯⎯⎯⎯⎯⎯⎯⎯⎯⎯⎯⎯⎯⎯⎯⎯⎯⎯⎯⎯⎯⎯⎯⎯⎯⎯⎯⎯⎯⎯⎯⎯⎯⎯⎯⎯⎯⎯⎯⎯⎯⎯⎯⎯⎯⎯⎯⎯⎯⎯⎯⎯⎯⎯⎯⎯⎯⎯⎯⎯⎯⎯⎯⎯⎯⎯⎯⎯⎯⎯⎯⎯⎯⎯⎯
Serialized Error: { __vitest_rollup_error__: { plugin: &apos;vite:import-analysis&apos;, id: &apos;/Users/ray/Desktop/GITHUB/Novamind-Frontend/src/application/hooks/useClinicalContext.test.ts&apos;, loc: { file: &apos;/Users/ray/Desktop/GITHUB/Novamind-Frontend/src/application/hooks/useClinicalContext.test.ts&apos;, line: 14, column: +0 }, frame: &apos;2  |    useClinicalContext: vi.fn()\n3  |  }));\n4  |  const __vi_import_0__ = await import(&quot;@hooks/useClinicalContext&quot;);\n   |                                       ^\n5  |  import { describe, it, expect, vi, beforeEach } from &quot;vitest&quot;;\n6  |  &apos; } }
            </failure>
        </testcase>
    </testsuite>
    <testsuite name="src/application/hooks/usePatientData.runtime.test.ts" timestamp="2025-04-06T15:37:18.613Z" hostname="MacBookPro" tests="1" failures="1" errors="0" skipped="0" time="0">
        <testcase classname="src/application/hooks/usePatientData.runtime.test.ts" name="src/application/hooks/usePatientData.runtime.test.ts" time="0">
            <system-out>
[TEST SETUP] Global setup complete.

            </system-out>
            <failure message="Failed to resolve import &quot;@hooks/usePatientData.runtime&quot; from &quot;src/application/hooks/usePatientData.runtime.test.ts&quot;. Does the file exist?" type="Error">
Error: Failed to resolve import &quot;@hooks/usePatientData.runtime&quot; from &quot;src/application/hooks/usePatientData.runtime.test.ts&quot;. Does the file exist?
  Plugin: vite:import-analysis
  File: /Users/ray/Desktop/GITHUB/Novamind-Frontend/src/application/hooks/usePatientData.runtime.test.ts:7:36
  1  |  import { describe, it, expect } from &quot;vitest&quot;;
  2  |  import { validatePatientData } from &quot;@hooks/usePatientData.runtime&quot;;
     |                                       ^
  3  |  const createValidMockPatient = () =&gt; ({
  4  |    id: &quot;patient-123&quot;,
 ❯ TransformPluginContext._formatLog node_modules/vite/dist/node/chunks/dep-Pj_jxEzN.js:47885:41
 ❯ TransformPluginContext.error node_modules/vite/dist/node/chunks/dep-Pj_jxEzN.js:47882:16
 ❯ normalizeUrl node_modules/vite/dist/node/chunks/dep-Pj_jxEzN.js:46015:23
 ❯ node_modules/vite/dist/node/chunks/dep-Pj_jxEzN.js:46134:37
 ❯ TransformPluginContext.transform node_modules/vite/dist/node/chunks/dep-Pj_jxEzN.js:46061:7
 ❯ EnvironmentPluginContainer.transform node_modules/vite/dist/node/chunks/dep-Pj_jxEzN.js:47680:18
 ❯ loadAndTransform node_modules/vite/dist/node/chunks/dep-Pj_jxEzN.js:41327:27

⎯⎯⎯⎯⎯⎯⎯⎯⎯⎯⎯⎯⎯⎯⎯⎯⎯⎯⎯⎯⎯⎯⎯⎯⎯⎯⎯⎯⎯⎯⎯⎯⎯⎯⎯⎯⎯⎯⎯⎯⎯⎯⎯⎯⎯⎯⎯⎯⎯⎯⎯⎯⎯⎯⎯⎯⎯⎯⎯⎯⎯⎯⎯⎯⎯⎯⎯⎯⎯⎯⎯⎯⎯⎯⎯⎯⎯⎯⎯⎯⎯⎯⎯⎯⎯⎯⎯⎯⎯⎯
Serialized Error: { __vitest_rollup_error__: { plugin: &apos;vite:import-analysis&apos;, id: &apos;/Users/ray/Desktop/GITHUB/Novamind-Frontend/src/application/hooks/usePatientData.runtime.test.ts&apos;, loc: { file: &apos;/Users/ray/Desktop/GITHUB/Novamind-Frontend/src/application/hooks/usePatientData.runtime.test.ts&apos;, line: 7, column: 36 }, frame: &apos;1  |  import { describe, it, expect } from &quot;vitest&quot;;\n2  |  import { validatePatientData } from &quot;@hooks/usePatientData.runtime&quot;;\n   |                                       ^\n3  |  const createValidMockPatient = () =&gt; ({\n4  |    id: &quot;patient-123&quot;,&apos; } }
            </failure>
        </testcase>
    </testsuite>
    <testsuite name="src/application/hooks/usePatientData.test.ts" timestamp="2025-04-06T15:37:18.613Z" hostname="MacBookPro" tests="1" failures="1" errors="0" skipped="0" time="0">
        <testcase classname="src/application/hooks/usePatientData.test.ts" name="src/application/hooks/usePatientData.test.ts" time="0">
            <system-out>
[TEST SETUP] Global setup complete.

            </system-out>
            <failure message="Failed to resolve import &quot;@hooks/usePatientData&quot; from &quot;src/application/hooks/usePatientData.test.ts&quot;. Does the file exist?" type="Error">
Error: Failed to resolve import &quot;@hooks/usePatientData&quot; from &quot;src/application/hooks/usePatientData.test.ts&quot;. Does the file exist?
  Plugin: vite:import-analysis
  File: /Users/ray/Desktop/GITHUB/Novamind-Frontend/src/application/hooks/usePatientData.test.ts:14:0
  2  |    usePatientData: vi.fn()
  3  |  }));
  4  |  const __vi_import_0__ = await import(&quot;@hooks/usePatientData&quot;);
     |                                       ^
  5  |  import { describe, it, expect, vi, beforeEach } from &quot;vitest&quot;;
  6  |  
 ❯ TransformPluginContext._formatLog node_modules/vite/dist/node/chunks/dep-Pj_jxEzN.js:47885:41
 ❯ TransformPluginContext.error node_modules/vite/dist/node/chunks/dep-Pj_jxEzN.js:47882:16
 ❯ normalizeUrl node_modules/vite/dist/node/chunks/dep-Pj_jxEzN.js:46015:23
 ❯ node_modules/vite/dist/node/chunks/dep-Pj_jxEzN.js:46134:37
 ❯ TransformPluginContext.transform node_modules/vite/dist/node/chunks/dep-Pj_jxEzN.js:46061:7
 ❯ EnvironmentPluginContainer.transform node_modules/vite/dist/node/chunks/dep-Pj_jxEzN.js:47680:18
 ❯ loadAndTransform node_modules/vite/dist/node/chunks/dep-Pj_jxEzN.js:41327:27

⎯⎯⎯⎯⎯⎯⎯⎯⎯⎯⎯⎯⎯⎯⎯⎯⎯⎯⎯⎯⎯⎯⎯⎯⎯⎯⎯⎯⎯⎯⎯⎯⎯⎯⎯⎯⎯⎯⎯⎯⎯⎯⎯⎯⎯⎯⎯⎯⎯⎯⎯⎯⎯⎯⎯⎯⎯⎯⎯⎯⎯⎯⎯⎯⎯⎯⎯⎯⎯⎯⎯⎯⎯⎯⎯⎯⎯⎯⎯⎯⎯⎯⎯⎯⎯⎯⎯⎯⎯⎯
Serialized Error: { __vitest_rollup_error__: { plugin: &apos;vite:import-analysis&apos;, id: &apos;/Users/ray/Desktop/GITHUB/Novamind-Frontend/src/application/hooks/usePatientData.test.ts&apos;, loc: { file: &apos;/Users/ray/Desktop/GITHUB/Novamind-Frontend/src/application/hooks/usePatientData.test.ts&apos;, line: 14, column: +0 }, frame: &apos;2  |    usePatientData: vi.fn()\n3  |  }));\n4  |  const __vi_import_0__ = await import(&quot;@hooks/usePatientData&quot;);\n   |                                       ^\n5  |  import { describe, it, expect, vi, beforeEach } from &quot;vitest&quot;;\n6  |  &apos; } }
            </failure>
        </testcase>
    </testsuite>
    <testsuite name="src/application/hooks/useSearchParams.runtime.test.ts" timestamp="2025-04-06T15:37:18.614Z" hostname="MacBookPro" tests="1" failures="1" errors="0" skipped="0" time="0">
        <testcase classname="src/application/hooks/useSearchParams.runtime.test.ts" name="src/application/hooks/useSearchParams.runtime.test.ts" time="0">
            <system-out>
[TEST SETUP] Global setup complete.

            </system-out>
            <failure message="Failed to resolve import &quot;@hooks/useSearchParams.runtime&quot; from &quot;src/application/hooks/useSearchParams.runtime.test.ts&quot;. Does the file exist?" type="Error">
Error: Failed to resolve import &quot;@hooks/useSearchParams.runtime&quot; from &quot;src/application/hooks/useSearchParams.runtime.test.ts&quot;. Does the file exist?
  Plugin: vite:import-analysis
  File: /Users/ray/Desktop/GITHUB/Novamind-Frontend/src/application/hooks/useSearchParams.runtime.test.ts:6:37
  1  |  import { describe, it, expect } from &quot;vitest&quot;;
  2  |  import { validateParamsObject } from &quot;@hooks/useSearchParams.runtime&quot;;
     |                                        ^
  3  |  describe(&quot;useSearchParams Runtime Validation&quot;, () =&gt; {
  4  |    describe(&quot;validateParamsObject&quot;, () =&gt; {
 ❯ TransformPluginContext._formatLog node_modules/vite/dist/node/chunks/dep-Pj_jxEzN.js:47885:41
 ❯ TransformPluginContext.error node_modules/vite/dist/node/chunks/dep-Pj_jxEzN.js:47882:16
 ❯ normalizeUrl node_modules/vite/dist/node/chunks/dep-Pj_jxEzN.js:46015:23
 ❯ node_modules/vite/dist/node/chunks/dep-Pj_jxEzN.js:46134:37
 ❯ TransformPluginContext.transform node_modules/vite/dist/node/chunks/dep-Pj_jxEzN.js:46061:7
 ❯ EnvironmentPluginContainer.transform node_modules/vite/dist/node/chunks/dep-Pj_jxEzN.js:47680:18
 ❯ loadAndTransform node_modules/vite/dist/node/chunks/dep-Pj_jxEzN.js:41327:27

⎯⎯⎯⎯⎯⎯⎯⎯⎯⎯⎯⎯⎯⎯⎯⎯⎯⎯⎯⎯⎯⎯⎯⎯⎯⎯⎯⎯⎯⎯⎯⎯⎯⎯⎯⎯⎯⎯⎯⎯⎯⎯⎯⎯⎯⎯⎯⎯⎯⎯⎯⎯⎯⎯⎯⎯⎯⎯⎯⎯⎯⎯⎯⎯⎯⎯⎯⎯⎯⎯⎯⎯⎯⎯⎯⎯⎯⎯⎯⎯⎯⎯⎯⎯⎯⎯⎯⎯⎯⎯
Serialized Error: { __vitest_rollup_error__: { plugin: &apos;vite:import-analysis&apos;, id: &apos;/Users/ray/Desktop/GITHUB/Novamind-Frontend/src/application/hooks/useSearchParams.runtime.test.ts&apos;, loc: { file: &apos;/Users/ray/Desktop/GITHUB/Novamind-Frontend/src/application/hooks/useSearchParams.runtime.test.ts&apos;, line: 6, column: 37 }, frame: &apos;1  |  import { describe, it, expect } from &quot;vitest&quot;;\n2  |  import { validateParamsObject } from &quot;@hooks/useSearchParams.runtime&quot;;\n   |                                        ^\n3  |  describe(&quot;useSearchParams Runtime Validation&quot;, () =&gt; {\n4  |    describe(&quot;validateParamsObject&quot;, () =&gt; {&apos; } }
            </failure>
        </testcase>
    </testsuite>
    <testsuite name="src/application/hooks/useSearchParams.test.tsx" timestamp="2025-04-06T15:37:18.616Z" hostname="MacBookPro" tests="1" failures="1" errors="0" skipped="0" time="0">
        <testcase classname="src/application/hooks/useSearchParams.test.tsx" name="src/application/hooks/useSearchParams.test.tsx" time="0">
            <system-out>
[TEST SETUP] Global setup complete.

            </system-out>
            <failure message="Failed to resolve import &quot;@hooks/useSearchParams&quot; from &quot;src/application/hooks/useSearchParams.test.tsx&quot;. Does the file exist?" type="Error">
Error: Failed to resolve import &quot;@hooks/useSearchParams&quot; from &quot;src/application/hooks/useSearchParams.test.tsx&quot;. Does the file exist?
  Plugin: vite:import-analysis
  File: /Users/ray/Desktop/GITHUB/Novamind-Frontend/src/application/hooks/useSearchParams.test.tsx:14:0
  14 |  const __vi_import_1__ = await import(&quot;@testing-library/react&quot;);
  15 |  const __vi_import_2__ = await import(&quot;react-router-dom&quot;);
  16 |  const __vi_import_3__ = await import(&quot;@hooks/useSearchParams&quot;);
     |                                       ^
  17 |  
  18 |  import { describe, it, expect, vi } from &quot;vitest&quot;;
 ❯ TransformPluginContext._formatLog node_modules/vite/dist/node/chunks/dep-Pj_jxEzN.js:47885:41
 ❯ TransformPluginContext.error node_modules/vite/dist/node/chunks/dep-Pj_jxEzN.js:47882:16
 ❯ normalizeUrl node_modules/vite/dist/node/chunks/dep-Pj_jxEzN.js:46015:23
 ❯ node_modules/vite/dist/node/chunks/dep-Pj_jxEzN.js:46134:37
 ❯ TransformPluginContext.transform node_modules/vite/dist/node/chunks/dep-Pj_jxEzN.js:46061:7
 ❯ EnvironmentPluginContainer.transform node_modules/vite/dist/node/chunks/dep-Pj_jxEzN.js:47680:18
 ❯ loadAndTransform node_modules/vite/dist/node/chunks/dep-Pj_jxEzN.js:41327:27

⎯⎯⎯⎯⎯⎯⎯⎯⎯⎯⎯⎯⎯⎯⎯⎯⎯⎯⎯⎯⎯⎯⎯⎯⎯⎯⎯⎯⎯⎯⎯⎯⎯⎯⎯⎯⎯⎯⎯⎯⎯⎯⎯⎯⎯⎯⎯⎯⎯⎯⎯⎯⎯⎯⎯⎯⎯⎯⎯⎯⎯⎯⎯⎯⎯⎯⎯⎯⎯⎯⎯⎯⎯⎯⎯⎯⎯⎯⎯⎯⎯⎯⎯⎯⎯⎯⎯⎯⎯⎯
Serialized Error: { __vitest_rollup_error__: { plugin: &apos;vite:import-analysis&apos;, id: &apos;/Users/ray/Desktop/GITHUB/Novamind-Frontend/src/application/hooks/useSearchParams.test.tsx&apos;, loc: { file: &apos;/Users/ray/Desktop/GITHUB/Novamind-Frontend/src/application/hooks/useSearchParams.test.tsx&apos;, line: 14, column: +0 }, frame: &apos;14 |  const __vi_import_1__ = await import(&quot;@testing-library/react&quot;);\n15 |  const __vi_import_2__ = await import(&quot;react-router-dom&quot;);\n16 |  const __vi_import_3__ = await import(&quot;@hooks/useSearchParams&quot;);\n   |                                       ^\n17 |  \n18 |  import { describe, it, expect, vi } from &quot;vitest&quot;;&apos; } }
            </failure>
        </testcase>
    </testsuite>
    <testsuite name="src/application/hooks/useTheme.runtime.test.ts" timestamp="2025-04-06T15:37:18.621Z" hostname="MacBookPro" tests="1" failures="1" errors="0" skipped="0" time="0">
        <testcase classname="src/application/hooks/useTheme.runtime.test.ts" name="src/application/hooks/useTheme.runtime.test.ts" time="0">
            <system-out>
[TEST SETUP] Global setup complete.

            </system-out>
            <failure message="Failed to resolve import &quot;@hooks/useTheme.runtime&quot; from &quot;src/application/hooks/useTheme.runtime.test.ts&quot;. Does the file exist?" type="Error">
Error: Failed to resolve import &quot;@hooks/useTheme.runtime&quot; from &quot;src/application/hooks/useTheme.runtime.test.ts&quot;. Does the file exist?
  Plugin: vite:import-analysis
  File: /Users/ray/Desktop/GITHUB/Novamind-Frontend/src/application/hooks/useTheme.runtime.test.ts:6:59
  1  |  import { describe, it, expect } from &quot;vitest&quot;;
  2  |  import { validateThemeSettings, validateThemeOption } from &quot;@hooks/useTheme.runtime&quot;;
     |                                                              ^
  3  |  import {
  4  |    visualizationThemes
 ❯ TransformPluginContext._formatLog node_modules/vite/dist/node/chunks/dep-Pj_jxEzN.js:47885:41
 ❯ TransformPluginContext.error node_modules/vite/dist/node/chunks/dep-Pj_jxEzN.js:47882:16
 ❯ normalizeUrl node_modules/vite/dist/node/chunks/dep-Pj_jxEzN.js:46015:23
 ❯ node_modules/vite/dist/node/chunks/dep-Pj_jxEzN.js:46134:37
 ❯ TransformPluginContext.transform node_modules/vite/dist/node/chunks/dep-Pj_jxEzN.js:46061:7
 ❯ EnvironmentPluginContainer.transform node_modules/vite/dist/node/chunks/dep-Pj_jxEzN.js:47680:18
 ❯ loadAndTransform node_modules/vite/dist/node/chunks/dep-Pj_jxEzN.js:41327:27

⎯⎯⎯⎯⎯⎯⎯⎯⎯⎯⎯⎯⎯⎯⎯⎯⎯⎯⎯⎯⎯⎯⎯⎯⎯⎯⎯⎯⎯⎯⎯⎯⎯⎯⎯⎯⎯⎯⎯⎯⎯⎯⎯⎯⎯⎯⎯⎯⎯⎯⎯⎯⎯⎯⎯⎯⎯⎯⎯⎯⎯⎯⎯⎯⎯⎯⎯⎯⎯⎯⎯⎯⎯⎯⎯⎯⎯⎯⎯⎯⎯⎯⎯⎯⎯⎯⎯⎯⎯⎯
Serialized Error: { __vitest_rollup_error__: { plugin: &apos;vite:import-analysis&apos;, id: &apos;/Users/ray/Desktop/GITHUB/Novamind-Frontend/src/application/hooks/useTheme.runtime.test.ts&apos;, loc: { file: &apos;/Users/ray/Desktop/GITHUB/Novamind-Frontend/src/application/hooks/useTheme.runtime.test.ts&apos;, line: 6, column: 59 }, frame: &apos;1  |  import { describe, it, expect } from &quot;vitest&quot;;\n2  |  import { validateThemeSettings, validateThemeOption } from &quot;@hooks/useTheme.runtime&quot;;\n   |                                                              ^\n3  |  import {\n4  |    visualizationThemes&apos; } }
            </failure>
        </testcase>
    </testsuite>
    <testsuite name="src/application/hooks/useTheme.test.tsx" timestamp="2025-04-06T15:37:18.625Z" hostname="MacBookPro" tests="1" failures="1" errors="0" skipped="0" time="0">
        <testcase classname="src/application/hooks/useTheme.test.tsx" name="src/application/hooks/useTheme.test.tsx" time="0">
            <system-out>
[TEST SETUP] Global setup complete.

            </system-out>
            <failure message="Failed to resolve import &quot;@/application/contexts/ThemeProvider&quot; from &quot;src/application/hooks/useTheme.test.tsx&quot;. Does the file exist?" type="Error">
Error: Failed to resolve import &quot;@/application/contexts/ThemeProvider&quot; from &quot;src/application/hooks/useTheme.test.tsx&quot;. Does the file exist?
  Plugin: vite:import-analysis
  File: /Users/ray/Desktop/GITHUB/Novamind-Frontend/src/application/hooks/useTheme.test.tsx:12:39
  2  |  import { describe, it, expect, vi, beforeEach } from &quot;vitest&quot;;
  3  |  import { renderHook } from &quot;@testing-library/react&quot;;
  4  |  import { useTheme, ThemeContext } from &quot;@/application/contexts/ThemeProvider&quot;;
     |                                          ^
  5  |  describe(&quot;useTheme&quot;, () =&gt; {
  6  |    const mockSettings = {
 ❯ TransformPluginContext._formatLog node_modules/vite/dist/node/chunks/dep-Pj_jxEzN.js:47885:41
 ❯ TransformPluginContext.error node_modules/vite/dist/node/chunks/dep-Pj_jxEzN.js:47882:16
 ❯ normalizeUrl node_modules/vite/dist/node/chunks/dep-Pj_jxEzN.js:46015:23
 ❯ node_modules/vite/dist/node/chunks/dep-Pj_jxEzN.js:46134:37
 ❯ TransformPluginContext.transform node_modules/vite/dist/node/chunks/dep-Pj_jxEzN.js:46061:7
 ❯ EnvironmentPluginContainer.transform node_modules/vite/dist/node/chunks/dep-Pj_jxEzN.js:47680:18
 ❯ loadAndTransform node_modules/vite/dist/node/chunks/dep-Pj_jxEzN.js:41327:27

⎯⎯⎯⎯⎯⎯⎯⎯⎯⎯⎯⎯⎯⎯⎯⎯⎯⎯⎯⎯⎯⎯⎯⎯⎯⎯⎯⎯⎯⎯⎯⎯⎯⎯⎯⎯⎯⎯⎯⎯⎯⎯⎯⎯⎯⎯⎯⎯⎯⎯⎯⎯⎯⎯⎯⎯⎯⎯⎯⎯⎯⎯⎯⎯⎯⎯⎯⎯⎯⎯⎯⎯⎯⎯⎯⎯⎯⎯⎯⎯⎯⎯⎯⎯⎯⎯⎯⎯⎯⎯
Serialized Error: { __vitest_rollup_error__: { plugin: &apos;vite:import-analysis&apos;, id: &apos;/Users/ray/Desktop/GITHUB/Novamind-Frontend/src/application/hooks/useTheme.test.tsx&apos;, loc: { file: &apos;/Users/ray/Desktop/GITHUB/Novamind-Frontend/src/application/hooks/useTheme.test.tsx&apos;, line: 12, column: 39 }, frame: &apos;2  |  import { describe, it, expect, vi, beforeEach } from &quot;vitest&quot;;\n3  |  import { renderHook } from &quot;@testing-library/react&quot;;\n4  |  import { useTheme, ThemeContext } from &quot;@/application/contexts/ThemeProvider&quot;;\n   |                                          ^\n5  |  describe(&quot;useTheme&quot;, () =&gt; {\n6  |    const mockSettings = {&apos; } }
            </failure>
        </testcase>
    </testsuite>
    <testsuite name="src/application/hooks/useTreatmentPrediction.runtime.test.ts" timestamp="2025-04-06T15:37:18.625Z" hostname="MacBookPro" tests="1" failures="1" errors="0" skipped="0" time="0">
        <testcase classname="src/application/hooks/useTreatmentPrediction.runtime.test.ts" name="src/application/hooks/useTreatmentPrediction.runtime.test.ts" time="0">
            <system-out>
[TEST SETUP] Global setup complete.

            </system-out>
            <failure message="Failed to resolve import &quot;@hooks/useTreatmentPrediction.runtime&quot; from &quot;src/application/hooks/useTreatmentPrediction.runtime.test.ts&quot;. Does the file exist?" type="Error">
Error: Failed to resolve import &quot;@hooks/useTreatmentPrediction.runtime&quot; from &quot;src/application/hooks/useTreatmentPrediction.runtime.test.ts&quot;. Does the file exist?
  Plugin: vite:import-analysis
  File: /Users/ray/Desktop/GITHUB/Novamind-Frontend/src/application/hooks/useTreatmentPrediction.runtime.test.ts:12:7
  5  |    validateTreatmentResponseRequest,
  6  |    validateTreatmentResponseResponse
  7  |  } from &quot;@hooks/useTreatmentPrediction.runtime&quot;;
     |          ^
  8  |  const mockValidDomainClinicalData = {
  9  |    diagnosis: [&quot;F32.9&quot;],
 ❯ TransformPluginContext._formatLog node_modules/vite/dist/node/chunks/dep-Pj_jxEzN.js:47885:41
 ❯ TransformPluginContext.error node_modules/vite/dist/node/chunks/dep-Pj_jxEzN.js:47882:16
 ❯ normalizeUrl node_modules/vite/dist/node/chunks/dep-Pj_jxEzN.js:46015:23
 ❯ node_modules/vite/dist/node/chunks/dep-Pj_jxEzN.js:46134:37
 ❯ TransformPluginContext.transform node_modules/vite/dist/node/chunks/dep-Pj_jxEzN.js:46061:7
 ❯ EnvironmentPluginContainer.transform node_modules/vite/dist/node/chunks/dep-Pj_jxEzN.js:47680:18
 ❯ loadAndTransform node_modules/vite/dist/node/chunks/dep-Pj_jxEzN.js:41327:27

⎯⎯⎯⎯⎯⎯⎯⎯⎯⎯⎯⎯⎯⎯⎯⎯⎯⎯⎯⎯⎯⎯⎯⎯⎯⎯⎯⎯⎯⎯⎯⎯⎯⎯⎯⎯⎯⎯⎯⎯⎯⎯⎯⎯⎯⎯⎯⎯⎯⎯⎯⎯⎯⎯⎯⎯⎯⎯⎯⎯⎯⎯⎯⎯⎯⎯⎯⎯⎯⎯⎯⎯⎯⎯⎯⎯⎯⎯⎯⎯⎯⎯⎯⎯⎯⎯⎯⎯⎯⎯
Serialized Error: { __vitest_rollup_error__: { plugin: &apos;vite:import-analysis&apos;, id: &apos;/Users/ray/Desktop/GITHUB/Novamind-Frontend/src/application/hooks/useTreatmentPrediction.runtime.test.ts&apos;, loc: { file: &apos;/Users/ray/Desktop/GITHUB/Novamind-Frontend/src/application/hooks/useTreatmentPrediction.runtime.test.ts&apos;, line: 12, column: 7 }, frame: &apos;5  |    validateTreatmentResponseRequest,\n6  |    validateTreatmentResponseResponse\n7  |  } from &quot;@hooks/useTreatmentPrediction.runtime&quot;;\n   |          ^\n8  |  const mockValidDomainClinicalData = {\n9  |    diagnosis: [&quot;F32.9&quot;],&apos; } }
            </failure>
        </testcase>
    </testsuite>
    <testsuite name="src/application/hooks/useTreatmentPrediction.test.ts" timestamp="2025-04-06T15:37:18.626Z" hostname="MacBookPro" tests="1" failures="1" errors="0" skipped="0" time="0">
        <testcase classname="src/application/hooks/useTreatmentPrediction.test.ts" name="src/application/hooks/useTreatmentPrediction.test.ts" time="0">
            <system-out>
[TEST SETUP] Global setup complete.

            </system-out>
            <failure message="Failed to resolve import &quot;@hooks/useTreatmentPrediction&quot; from &quot;src/application/hooks/useTreatmentPrediction.test.ts&quot;. Does the file exist?" type="Error">
Error: Failed to resolve import &quot;@hooks/useTreatmentPrediction&quot; from &quot;src/application/hooks/useTreatmentPrediction.test.ts&quot;. Does the file exist?
  Plugin: vite:import-analysis
  File: /Users/ray/Desktop/GITHUB/Novamind-Frontend/src/application/hooks/useTreatmentPrediction.test.ts:57:0
  33 |    }))
  34 |  }));
  35 |  const __vi_import_0__ = await import(&quot;@hooks/useTreatmentPrediction&quot;);
     |                                       ^
  36 |  import { describe, it, expect, vi } from &quot;vitest&quot;;
  37 |  const mockTreatmentConfig = { treatmentType: &quot;ssri&quot;, details: {} };
 ❯ TransformPluginContext._formatLog node_modules/vite/dist/node/chunks/dep-Pj_jxEzN.js:47885:41
 ❯ TransformPluginContext.error node_modules/vite/dist/node/chunks/dep-Pj_jxEzN.js:47882:16
 ❯ normalizeUrl node_modules/vite/dist/node/chunks/dep-Pj_jxEzN.js:46015:23
 ❯ node_modules/vite/dist/node/chunks/dep-Pj_jxEzN.js:46134:37
 ❯ TransformPluginContext.transform node_modules/vite/dist/node/chunks/dep-Pj_jxEzN.js:46061:7
 ❯ EnvironmentPluginContainer.transform node_modules/vite/dist/node/chunks/dep-Pj_jxEzN.js:47680:18
 ❯ loadAndTransform node_modules/vite/dist/node/chunks/dep-Pj_jxEzN.js:41327:27

⎯⎯⎯⎯⎯⎯⎯⎯⎯⎯⎯⎯⎯⎯⎯⎯⎯⎯⎯⎯⎯⎯⎯⎯⎯⎯⎯⎯⎯⎯⎯⎯⎯⎯⎯⎯⎯⎯⎯⎯⎯⎯⎯⎯⎯⎯⎯⎯⎯⎯⎯⎯⎯⎯⎯⎯⎯⎯⎯⎯⎯⎯⎯⎯⎯⎯⎯⎯⎯⎯⎯⎯⎯⎯⎯⎯⎯⎯⎯⎯⎯⎯⎯⎯⎯⎯⎯⎯⎯⎯
Serialized Error: { __vitest_rollup_error__: { plugin: &apos;vite:import-analysis&apos;, id: &apos;/Users/ray/Desktop/GITHUB/Novamind-Frontend/src/application/hooks/useTreatmentPrediction.test.ts&apos;, loc: { file: &apos;/Users/ray/Desktop/GITHUB/Novamind-Frontend/src/application/hooks/useTreatmentPrediction.test.ts&apos;, line: 57, column: +0 }, frame: &apos;33 |    }))\n34 |  }));\n35 |  const __vi_import_0__ = await import(&quot;@hooks/useTreatmentPrediction&quot;);\n   |                                       ^\n36 |  import { describe, it, expect, vi } from &quot;vitest&quot;;\n37 |  const mockTreatmentConfig = { treatmentType: &quot;ssri&quot;, details: {} };&apos; } }
            </failure>
        </testcase>
    </testsuite>
    <testsuite name="src/application/hooks/useVisualSettings.runtime.test.ts" timestamp="2025-04-06T15:37:18.626Z" hostname="MacBookPro" tests="1" failures="1" errors="0" skipped="0" time="0">
        <testcase classname="src/application/hooks/useVisualSettings.runtime.test.ts" name="src/application/hooks/useVisualSettings.runtime.test.ts" time="0">
            <system-out>
[TEST SETUP] Global setup complete.

            </system-out>
            <failure message="Failed to resolve import &quot;@hooks/useVisualSettings.runtime&quot; from &quot;src/application/hooks/useVisualSettings.runtime.test.ts&quot;. Does the file exist?" type="Error">
Error: Failed to resolve import &quot;@hooks/useVisualSettings.runtime&quot; from &quot;src/application/hooks/useVisualSettings.runtime.test.ts&quot;. Does the file exist?
  Plugin: vite:import-analysis
  File: /Users/ray/Desktop/GITHUB/Novamind-Frontend/src/application/hooks/useVisualSettings.runtime.test.ts:10:7
  3  |    validatePartialVisualizationSettings,
  4  |    validateFullThemeSettings
  5  |  } from &quot;@hooks/useVisualSettings.runtime&quot;;
     |          ^
  6  |  import {
  7  |    RenderMode,
 ❯ TransformPluginContext._formatLog node_modules/vite/dist/node/chunks/dep-Pj_jxEzN.js:47885:41
 ❯ TransformPluginContext.error node_modules/vite/dist/node/chunks/dep-Pj_jxEzN.js:47882:16
 ❯ normalizeUrl node_modules/vite/dist/node/chunks/dep-Pj_jxEzN.js:46015:23
 ❯ node_modules/vite/dist/node/chunks/dep-Pj_jxEzN.js:46134:37
 ❯ TransformPluginContext.transform node_modules/vite/dist/node/chunks/dep-Pj_jxEzN.js:46061:7
 ❯ EnvironmentPluginContainer.transform node_modules/vite/dist/node/chunks/dep-Pj_jxEzN.js:47680:18
 ❯ loadAndTransform node_modules/vite/dist/node/chunks/dep-Pj_jxEzN.js:41327:27

⎯⎯⎯⎯⎯⎯⎯⎯⎯⎯⎯⎯⎯⎯⎯⎯⎯⎯⎯⎯⎯⎯⎯⎯⎯⎯⎯⎯⎯⎯⎯⎯⎯⎯⎯⎯⎯⎯⎯⎯⎯⎯⎯⎯⎯⎯⎯⎯⎯⎯⎯⎯⎯⎯⎯⎯⎯⎯⎯⎯⎯⎯⎯⎯⎯⎯⎯⎯⎯⎯⎯⎯⎯⎯⎯⎯⎯⎯⎯⎯⎯⎯⎯⎯⎯⎯⎯⎯⎯⎯
Serialized Error: { __vitest_rollup_error__: { plugin: &apos;vite:import-analysis&apos;, id: &apos;/Users/ray/Desktop/GITHUB/Novamind-Frontend/src/application/hooks/useVisualSettings.runtime.test.ts&apos;, loc: { file: &apos;/Users/ray/Desktop/GITHUB/Novamind-Frontend/src/application/hooks/useVisualSettings.runtime.test.ts&apos;, line: 10, column: 7 }, frame: &apos;3  |    validatePartialVisualizationSettings,\n4  |    validateFullThemeSettings\n5  |  } from &quot;@hooks/useVisualSettings.runtime&quot;;\n   |          ^\n6  |  import {\n7  |    RenderMode,&apos; } }
            </failure>
        </testcase>
    </testsuite>
    <testsuite name="src/application/hooks/useVisualSettings.test.ts" timestamp="2025-04-06T15:37:18.627Z" hostname="MacBookPro" tests="1" failures="1" errors="0" skipped="0" time="0">
        <testcase classname="src/application/hooks/useVisualSettings.test.ts" name="src/application/hooks/useVisualSettings.test.ts" time="0">
            <system-out>
[TEST SETUP] Global setup complete.

            </system-out>
            <failure message="Failed to resolve import &quot;@hooks/useVisualSettings&quot; from &quot;src/application/hooks/useVisualSettings.test.ts&quot;. Does the file exist?" type="Error">
Error: Failed to resolve import &quot;@hooks/useVisualSettings&quot; from &quot;src/application/hooks/useVisualSettings.test.ts&quot;. Does the file exist?
  Plugin: vite:import-analysis
  File: /Users/ray/Desktop/GITHUB/Novamind-Frontend/src/application/hooks/useVisualSettings.test.ts:14:0
  2  |    useVisualSettings: vi.fn()
  3  |  }));
  4  |  const __vi_import_0__ = await import(&quot;@hooks/useVisualSettings&quot;);
     |                                       ^
  5  |  import { describe, it, expect, vi, beforeEach } from &quot;vitest&quot;;
  6  |  
 ❯ TransformPluginContext._formatLog node_modules/vite/dist/node/chunks/dep-Pj_jxEzN.js:47885:41
 ❯ TransformPluginContext.error node_modules/vite/dist/node/chunks/dep-Pj_jxEzN.js:47882:16
 ❯ normalizeUrl node_modules/vite/dist/node/chunks/dep-Pj_jxEzN.js:46015:23
 ❯ node_modules/vite/dist/node/chunks/dep-Pj_jxEzN.js:46134:37
 ❯ TransformPluginContext.transform node_modules/vite/dist/node/chunks/dep-Pj_jxEzN.js:46061:7
 ❯ EnvironmentPluginContainer.transform node_modules/vite/dist/node/chunks/dep-Pj_jxEzN.js:47680:18
 ❯ loadAndTransform node_modules/vite/dist/node/chunks/dep-Pj_jxEzN.js:41327:27

⎯⎯⎯⎯⎯⎯⎯⎯⎯⎯⎯⎯⎯⎯⎯⎯⎯⎯⎯⎯⎯⎯⎯⎯⎯⎯⎯⎯⎯⎯⎯⎯⎯⎯⎯⎯⎯⎯⎯⎯⎯⎯⎯⎯⎯⎯⎯⎯⎯⎯⎯⎯⎯⎯⎯⎯⎯⎯⎯⎯⎯⎯⎯⎯⎯⎯⎯⎯⎯⎯⎯⎯⎯⎯⎯⎯⎯⎯⎯⎯⎯⎯⎯⎯⎯⎯⎯⎯⎯⎯
Serialized Error: { __vitest_rollup_error__: { plugin: &apos;vite:import-analysis&apos;, id: &apos;/Users/ray/Desktop/GITHUB/Novamind-Frontend/src/application/hooks/useVisualSettings.test.ts&apos;, loc: { file: &apos;/Users/ray/Desktop/GITHUB/Novamind-Frontend/src/application/hooks/useVisualSettings.test.ts&apos;, line: 14, column: +0 }, frame: &apos;2  |    useVisualSettings: vi.fn()\n3  |  }));\n4  |  const __vi_import_0__ = await import(&quot;@hooks/useVisualSettings&quot;);\n   |                                       ^\n5  |  import { describe, it, expect, vi, beforeEach } from &quot;vitest&quot;;\n6  |  &apos; } }
            </failure>
        </testcase>
    </testsuite>
    <testsuite name="src/application/services/BiometricStreamController.test.ts" timestamp="2025-04-06T15:37:18.627Z" hostname="MacBookPro" tests="1" failures="1" errors="0" skipped="0" time="0">
        <testcase classname="src/application/services/BiometricStreamController.test.ts" name="src/application/services/BiometricStreamController.test.ts" time="0">
            <system-out>
[TEST SETUP] Global setup complete.

            </system-out>
            <failure message="Failed to resolve import &quot;@application/services/biometricService&quot; from &quot;src/application/services/BiometricStreamController.test.ts&quot;. Does the file exist?" type="Error">
Error: Failed to resolve import &quot;@application/services/biometricService&quot; from &quot;src/application/services/BiometricStreamController.test.ts&quot;. Does the file exist?
  Plugin: vite:import-analysis
  File: /Users/ray/Desktop/GITHUB/Novamind-Frontend/src/application/services/BiometricStreamController.test.ts:8:0
  7  |  }));
  8  |  const __vi_import_0__ = await import(&quot;@testing-library/react&quot;);
  9  |  const __vi_import_1__ = await import(&quot;@application/services/biometricService&quot;);
     |                                       ^
  10 |  const __vi_import_2__ = await import(&quot;@application/services/BiometricStreamController&quot;);
  11 |  const __vi_import_3__ = await import(&quot;../../domain/types/shared/common&quot;);
 ❯ TransformPluginContext._formatLog node_modules/vite/dist/node/chunks/dep-Pj_jxEzN.js:47885:41
 ❯ TransformPluginContext.error node_modules/vite/dist/node/chunks/dep-Pj_jxEzN.js:47882:16
 ❯ normalizeUrl node_modules/vite/dist/node/chunks/dep-Pj_jxEzN.js:46015:23
 ❯ node_modules/vite/dist/node/chunks/dep-Pj_jxEzN.js:46134:37
 ❯ TransformPluginContext.transform node_modules/vite/dist/node/chunks/dep-Pj_jxEzN.js:46061:7
 ❯ EnvironmentPluginContainer.transform node_modules/vite/dist/node/chunks/dep-Pj_jxEzN.js:47680:18
 ❯ loadAndTransform node_modules/vite/dist/node/chunks/dep-Pj_jxEzN.js:41327:27

⎯⎯⎯⎯⎯⎯⎯⎯⎯⎯⎯⎯⎯⎯⎯⎯⎯⎯⎯⎯⎯⎯⎯⎯⎯⎯⎯⎯⎯⎯⎯⎯⎯⎯⎯⎯⎯⎯⎯⎯⎯⎯⎯⎯⎯⎯⎯⎯⎯⎯⎯⎯⎯⎯⎯⎯⎯⎯⎯⎯⎯⎯⎯⎯⎯⎯⎯⎯⎯⎯⎯⎯⎯⎯⎯⎯⎯⎯⎯⎯⎯⎯⎯⎯⎯⎯⎯⎯⎯⎯
Serialized Error: { __vitest_rollup_error__: { plugin: &apos;vite:import-analysis&apos;, id: &apos;/Users/ray/Desktop/GITHUB/Novamind-Frontend/src/application/services/BiometricStreamController.test.ts&apos;, loc: { file: &apos;/Users/ray/Desktop/GITHUB/Novamind-Frontend/src/application/services/BiometricStreamController.test.ts&apos;, line: 8, column: +0 }, frame: &apos;7  |  }));\n8  |  const __vi_import_0__ = await import(&quot;@testing-library/react&quot;);\n9  |  const __vi_import_1__ = await import(&quot;@application/services/biometricService&quot;);\n   |                                       ^\n10 |  const __vi_import_2__ = await import(&quot;@application/services/BiometricStreamController&quot;);\n11 |  const __vi_import_3__ = await import(&quot;../../domain/types/shared/common&quot;);&apos; } }
            </failure>
        </testcase>
    </testsuite>
    <testsuite name="src/application/services/ClinicalPredictionController.test.ts" timestamp="2025-04-06T15:37:18.628Z" hostname="MacBookPro" tests="1" failures="1" errors="0" skipped="0" time="0">
        <testcase classname="src/application/services/ClinicalPredictionController.test.ts" name="src/application/services/ClinicalPredictionController.test.ts" time="0">
            <system-out>
[TEST SETUP] Global setup complete.

            </system-out>
            <failure message="Failed to resolve import &quot;@application/controllers/ClinicalPredictionController&quot; from &quot;src/application/services/ClinicalPredictionController.test.ts&quot;. Does the file exist?" type="Error">
Error: Failed to resolve import &quot;@application/controllers/ClinicalPredictionController&quot; from &quot;src/application/services/ClinicalPredictionController.test.ts&quot;. Does the file exist?
  Plugin: vite:import-analysis
  File: /Users/ray/Desktop/GITHUB/Novamind-Frontend/src/application/services/ClinicalPredictionController.test.ts:9:48
  1  |  import { describe, it, expect } from &quot;vitest&quot;;
  2  |  import { renderHook } from &quot;@testing-library/react&quot;;
  3  |  import { useClinicalPredictionController } from &quot;@application/controllers/ClinicalPredictionController&quot;;
     |                                                   ^
  4  |  describe(&quot;useClinicalPredictionController&quot;, () =&gt; {
  5  |    it(&quot;processes data with mathematical precision&quot;, () =&gt; {
 ❯ TransformPluginContext._formatLog node_modules/vite/dist/node/chunks/dep-Pj_jxEzN.js:47885:41
 ❯ TransformPluginContext.error node_modules/vite/dist/node/chunks/dep-Pj_jxEzN.js:47882:16
 ❯ normalizeUrl node_modules/vite/dist/node/chunks/dep-Pj_jxEzN.js:46015:23
 ❯ node_modules/vite/dist/node/chunks/dep-Pj_jxEzN.js:46134:37
 ❯ TransformPluginContext.transform node_modules/vite/dist/node/chunks/dep-Pj_jxEzN.js:46061:7
 ❯ EnvironmentPluginContainer.transform node_modules/vite/dist/node/chunks/dep-Pj_jxEzN.js:47680:18
 ❯ loadAndTransform node_modules/vite/dist/node/chunks/dep-Pj_jxEzN.js:41327:27

⎯⎯⎯⎯⎯⎯⎯⎯⎯⎯⎯⎯⎯⎯⎯⎯⎯⎯⎯⎯⎯⎯⎯⎯⎯⎯⎯⎯⎯⎯⎯⎯⎯⎯⎯⎯⎯⎯⎯⎯⎯⎯⎯⎯⎯⎯⎯⎯⎯⎯⎯⎯⎯⎯⎯⎯⎯⎯⎯⎯⎯⎯⎯⎯⎯⎯⎯⎯⎯⎯⎯⎯⎯⎯⎯⎯⎯⎯⎯⎯⎯⎯⎯⎯⎯⎯⎯⎯⎯⎯
Serialized Error: { __vitest_rollup_error__: { plugin: &apos;vite:import-analysis&apos;, id: &apos;/Users/ray/Desktop/GITHUB/Novamind-Frontend/src/application/services/ClinicalPredictionController.test.ts&apos;, loc: { file: &apos;/Users/ray/Desktop/GITHUB/Novamind-Frontend/src/application/services/ClinicalPredictionController.test.ts&apos;, line: 9, column: 48 }, frame: &apos;1  |  import { describe, it, expect } from &quot;vitest&quot;;\n2  |  import { renderHook } from &quot;@testing-library/react&quot;;\n3  |  import { useClinicalPredictionController } from &quot;@application/controllers/ClinicalPredictionController&quot;;\n   |                                                   ^\n4  |  describe(&quot;useClinicalPredictionController&quot;, () =&gt; {\n5  |    it(&quot;processes data with mathematical precision&quot;, () =&gt; {&apos; } }
            </failure>
        </testcase>
    </testsuite>
    <testsuite name="src/application/services/NeuralActivityController.test.ts" timestamp="2025-04-06T15:37:18.628Z" hostname="MacBookPro" tests="1" failures="1" errors="0" skipped="0" time="0">
        <testcase classname="src/application/services/NeuralActivityController.test.ts" name="src/application/services/NeuralActivityController.test.ts" time="0">
            <system-out>
[TEST SETUP] Global setup complete.

            </system-out>
            <failure message="Failed to resolve import &quot;@test/webgl&quot; from &quot;src/application/services/NeuralActivityController.test.ts&quot;. Does the file exist?" type="Error">
Error: Failed to resolve import &quot;@test/webgl&quot; from &quot;src/application/services/NeuralActivityController.test.ts&quot;. Does the file exist?
  Plugin: vite:import-analysis
  File: /Users/ray/Desktop/GITHUB/Novamind-Frontend/src/application/services/NeuralActivityController.test.ts:8:0
  6  |    findRegionById: vi.fn().mockReturnValue({})
  7  |  }));
  8  |  const __vi_import_0__ = await import(&quot;@test/webgl&quot;);
     |                                       ^
  9  |  const __vi_import_1__ = await import(&quot;@/application/controllers/NeuralActivityController&quot;);
  10 |  import { describe, it, expect, vi, beforeEach, afterEach } from &quot;vitest&quot;;
 ❯ TransformPluginContext._formatLog node_modules/vite/dist/node/chunks/dep-Pj_jxEzN.js:47885:41
 ❯ TransformPluginContext.error node_modules/vite/dist/node/chunks/dep-Pj_jxEzN.js:47882:16
 ❯ normalizeUrl node_modules/vite/dist/node/chunks/dep-Pj_jxEzN.js:46015:23
 ❯ node_modules/vite/dist/node/chunks/dep-Pj_jxEzN.js:46134:37
 ❯ TransformPluginContext.transform node_modules/vite/dist/node/chunks/dep-Pj_jxEzN.js:46061:7
 ❯ EnvironmentPluginContainer.transform node_modules/vite/dist/node/chunks/dep-Pj_jxEzN.js:47680:18
 ❯ loadAndTransform node_modules/vite/dist/node/chunks/dep-Pj_jxEzN.js:41327:27

⎯⎯⎯⎯⎯⎯⎯⎯⎯⎯⎯⎯⎯⎯⎯⎯⎯⎯⎯⎯⎯⎯⎯⎯⎯⎯⎯⎯⎯⎯⎯⎯⎯⎯⎯⎯⎯⎯⎯⎯⎯⎯⎯⎯⎯⎯⎯⎯⎯⎯⎯⎯⎯⎯⎯⎯⎯⎯⎯⎯⎯⎯⎯⎯⎯⎯⎯⎯⎯⎯⎯⎯⎯⎯⎯⎯⎯⎯⎯⎯⎯⎯⎯⎯⎯⎯⎯⎯⎯⎯
Serialized Error: { __vitest_rollup_error__: { plugin: &apos;vite:import-analysis&apos;, id: &apos;/Users/ray/Desktop/GITHUB/Novamind-Frontend/src/application/services/NeuralActivityController.test.ts&apos;, loc: { file: &apos;/Users/ray/Desktop/GITHUB/Novamind-Frontend/src/application/services/NeuralActivityController.test.ts&apos;, line: 8, column: +0 }, frame: &apos;6  |    findRegionById: vi.fn().mockReturnValue({})\n7  |  }));\n8  |  const __vi_import_0__ = await import(&quot;@test/webgl&quot;);\n   |                                       ^\n9  |  const __vi_import_1__ = await import(&quot;@/application/controllers/NeuralActivityController&quot;);\n10 |  import { describe, it, expect, vi, beforeEach, afterEach } from &quot;vitest&quot;;&apos; } }
            </failure>
        </testcase>
    </testsuite>
    <testsuite name="src/application/services/NeuroSyncOrchestrator.test.ts" timestamp="2025-04-06T15:37:18.629Z" hostname="MacBookPro" tests="1" failures="1" errors="0" skipped="0" time="0">
        <testcase classname="src/application/services/NeuroSyncOrchestrator.test.ts" name="src/application/services/NeuroSyncOrchestrator.test.ts" time="0">
            <system-out>
[TEST SETUP] Global setup complete.

            </system-out>
            <failure message="Failed to resolve import &quot;@application/orchestrators/NeuroSyncOrchestrator&quot; from &quot;src/application/services/NeuroSyncOrchestrator.test.ts&quot;. Does the file exist?" type="Error">
Error: Failed to resolve import &quot;@application/orchestrators/NeuroSyncOrchestrator&quot; from &quot;src/application/services/NeuroSyncOrchestrator.test.ts&quot;. Does the file exist?
  Plugin: vite:import-analysis
  File: /Users/ray/Desktop/GITHUB/Novamind-Frontend/src/application/services/NeuroSyncOrchestrator.test.ts:9:0
  46 |  }));
  47 |  const __vi_import_0__ = await import(&quot;@testing-library/react&quot;);
  48 |  const __vi_import_1__ = await import(&quot;@application/orchestrators/NeuroSyncOrchestrator&quot;);
     |                                       ^
  49 |  const __vi_import_2__ = await import(&quot;@application/services/brain/brain-model.service&quot;);
  50 |  const __vi_import_3__ = await import(&quot;@application/services/clinicalService&quot;);
 ❯ TransformPluginContext._formatLog node_modules/vite/dist/node/chunks/dep-Pj_jxEzN.js:47885:41
 ❯ TransformPluginContext.error node_modules/vite/dist/node/chunks/dep-Pj_jxEzN.js:47882:16
 ❯ normalizeUrl node_modules/vite/dist/node/chunks/dep-Pj_jxEzN.js:46015:23
 ❯ node_modules/vite/dist/node/chunks/dep-Pj_jxEzN.js:46134:37
 ❯ TransformPluginContext.transform node_modules/vite/dist/node/chunks/dep-Pj_jxEzN.js:46061:7
 ❯ EnvironmentPluginContainer.transform node_modules/vite/dist/node/chunks/dep-Pj_jxEzN.js:47680:18
 ❯ loadAndTransform node_modules/vite/dist/node/chunks/dep-Pj_jxEzN.js:41327:27

⎯⎯⎯⎯⎯⎯⎯⎯⎯⎯⎯⎯⎯⎯⎯⎯⎯⎯⎯⎯⎯⎯⎯⎯⎯⎯⎯⎯⎯⎯⎯⎯⎯⎯⎯⎯⎯⎯⎯⎯⎯⎯⎯⎯⎯⎯⎯⎯⎯⎯⎯⎯⎯⎯⎯⎯⎯⎯⎯⎯⎯⎯⎯⎯⎯⎯⎯⎯⎯⎯⎯⎯⎯⎯⎯⎯⎯⎯⎯⎯⎯⎯⎯⎯⎯⎯⎯⎯⎯⎯
Serialized Error: { __vitest_rollup_error__: { plugin: &apos;vite:import-analysis&apos;, id: &apos;/Users/ray/Desktop/GITHUB/Novamind-Frontend/src/application/services/NeuroSyncOrchestrator.test.ts&apos;, loc: { file: &apos;/Users/ray/Desktop/GITHUB/Novamind-Frontend/src/application/services/NeuroSyncOrchestrator.test.ts&apos;, line: 9, column: +0 }, frame: &apos;46 |  }));\n47 |  const __vi_import_0__ = await import(&quot;@testing-library/react&quot;);\n48 |  const __vi_import_1__ = await import(&quot;@application/orchestrators/NeuroSyncOrchestrator&quot;);\n   |                                       ^\n49 |  const __vi_import_2__ = await import(&quot;@application/services/brain/brain-model.service&quot;);\n50 |  const __vi_import_3__ = await import(&quot;@application/services/clinicalService&quot;);&apos; } }
            </failure>
        </testcase>
    </testsuite>
    <testsuite name="src/application/services/TemporalDynamicsController.test.ts" timestamp="2025-04-06T15:37:18.629Z" hostname="MacBookPro" tests="1" failures="1" errors="0" skipped="0" time="0">
        <testcase classname="src/application/services/TemporalDynamicsController.test.ts" name="src/application/services/TemporalDynamicsController.test.ts" time="0">
            <system-out>
[TEST SETUP] Global setup complete.

            </system-out>
            <failure message="Failed to resolve import &quot;@application/controllers/TemporalDynamicsController&quot; from &quot;src/application/services/TemporalDynamicsController.test.ts&quot;. Does the file exist?" type="Error">
Error: Failed to resolve import &quot;@application/controllers/TemporalDynamicsController&quot; from &quot;src/application/services/TemporalDynamicsController.test.ts&quot;. Does the file exist?
  Plugin: vite:import-analysis
  File: /Users/ray/Desktop/GITHUB/Novamind-Frontend/src/application/services/TemporalDynamicsController.test.ts:9:46
  1  |  import { describe, it, expect } from &quot;vitest&quot;;
  2  |  import { renderHook } from &quot;@testing-library/react&quot;;
  3  |  import { useTemporalDynamicsController } from &quot;@application/controllers/TemporalDynamicsController&quot;;
     |                                                 ^
  4  |  describe(&quot;useTemporalDynamicsController&quot;, () =&gt; {
  5  |    it(&quot;processes data with mathematical precision&quot;, () =&gt; {
 ❯ TransformPluginContext._formatLog node_modules/vite/dist/node/chunks/dep-Pj_jxEzN.js:47885:41
 ❯ TransformPluginContext.error node_modules/vite/dist/node/chunks/dep-Pj_jxEzN.js:47882:16
 ❯ normalizeUrl node_modules/vite/dist/node/chunks/dep-Pj_jxEzN.js:46015:23
 ❯ node_modules/vite/dist/node/chunks/dep-Pj_jxEzN.js:46134:37
 ❯ TransformPluginContext.transform node_modules/vite/dist/node/chunks/dep-Pj_jxEzN.js:46061:7
 ❯ EnvironmentPluginContainer.transform node_modules/vite/dist/node/chunks/dep-Pj_jxEzN.js:47680:18
 ❯ loadAndTransform node_modules/vite/dist/node/chunks/dep-Pj_jxEzN.js:41327:27

⎯⎯⎯⎯⎯⎯⎯⎯⎯⎯⎯⎯⎯⎯⎯⎯⎯⎯⎯⎯⎯⎯⎯⎯⎯⎯⎯⎯⎯⎯⎯⎯⎯⎯⎯⎯⎯⎯⎯⎯⎯⎯⎯⎯⎯⎯⎯⎯⎯⎯⎯⎯⎯⎯⎯⎯⎯⎯⎯⎯⎯⎯⎯⎯⎯⎯⎯⎯⎯⎯⎯⎯⎯⎯⎯⎯⎯⎯⎯⎯⎯⎯⎯⎯⎯⎯⎯⎯⎯⎯
Serialized Error: { __vitest_rollup_error__: { plugin: &apos;vite:import-analysis&apos;, id: &apos;/Users/ray/Desktop/GITHUB/Novamind-Frontend/src/application/services/TemporalDynamicsController.test.ts&apos;, loc: { file: &apos;/Users/ray/Desktop/GITHUB/Novamind-Frontend/src/application/services/TemporalDynamicsController.test.ts&apos;, line: 9, column: 46 }, frame: &apos;1  |  import { describe, it, expect } from &quot;vitest&quot;;\n2  |  import { renderHook } from &quot;@testing-library/react&quot;;\n3  |  import { useTemporalDynamicsController } from &quot;@application/controllers/TemporalDynamicsController&quot;;\n   |                                                 ^\n4  |  describe(&quot;useTemporalDynamicsController&quot;, () =&gt; {\n5  |    it(&quot;processes data with mathematical precision&quot;, () =&gt; {&apos; } }
            </failure>
        </testcase>
    </testsuite>
    <testsuite name="src/domain/models/index.test.ts" timestamp="2025-04-06T15:37:18.630Z" hostname="MacBookPro" tests="1" failures="1" errors="0" skipped="0" time="0">
        <testcase classname="src/domain/models/index.test.ts" name="src/domain/models/index.test.ts" time="0">
            <system-out>
[TEST SETUP] Global setup complete.

            </system-out>
            <failure message="Failed to resolve import &quot;@domain/models/index&quot; from &quot;src/domain/models/index.test.ts&quot;. Does the file exist?" type="Error">
Error: Failed to resolve import &quot;@domain/models/index&quot; from &quot;src/domain/models/index.test.ts&quot;. Does the file exist?
  Plugin: vite:import-analysis
  File: /Users/ray/Desktop/GITHUB/Novamind-Frontend/src/domain/models/index.test.ts:7:30
  1  |  import { describe, it, expect } from &quot;vitest&quot;;
  2  |  import * as modelExports from &quot;@domain/models/index&quot;;
     |                                 ^
  3  |  import {
  4  |    calculateNeuralActivation,
 ❯ TransformPluginContext._formatLog node_modules/vite/dist/node/chunks/dep-Pj_jxEzN.js:47885:41
 ❯ TransformPluginContext.error node_modules/vite/dist/node/chunks/dep-Pj_jxEzN.js:47882:16
 ❯ normalizeUrl node_modules/vite/dist/node/chunks/dep-Pj_jxEzN.js:46015:23
 ❯ node_modules/vite/dist/node/chunks/dep-Pj_jxEzN.js:46134:37
 ❯ TransformPluginContext.transform node_modules/vite/dist/node/chunks/dep-Pj_jxEzN.js:46061:7
 ❯ EnvironmentPluginContainer.transform node_modules/vite/dist/node/chunks/dep-Pj_jxEzN.js:47680:18
 ❯ loadAndTransform node_modules/vite/dist/node/chunks/dep-Pj_jxEzN.js:41327:27

⎯⎯⎯⎯⎯⎯⎯⎯⎯⎯⎯⎯⎯⎯⎯⎯⎯⎯⎯⎯⎯⎯⎯⎯⎯⎯⎯⎯⎯⎯⎯⎯⎯⎯⎯⎯⎯⎯⎯⎯⎯⎯⎯⎯⎯⎯⎯⎯⎯⎯⎯⎯⎯⎯⎯⎯⎯⎯⎯⎯⎯⎯⎯⎯⎯⎯⎯⎯⎯⎯⎯⎯⎯⎯⎯⎯⎯⎯⎯⎯⎯⎯⎯⎯⎯⎯⎯⎯⎯⎯
Serialized Error: { __vitest_rollup_error__: { plugin: &apos;vite:import-analysis&apos;, id: &apos;/Users/ray/Desktop/GITHUB/Novamind-Frontend/src/domain/models/index.test.ts&apos;, loc: { file: &apos;/Users/ray/Desktop/GITHUB/Novamind-Frontend/src/domain/models/index.test.ts&apos;, line: 7, column: 30 }, frame: &apos;1  |  import { describe, it, expect } from &quot;vitest&quot;;\n2  |  import * as modelExports from &quot;@domain/models/index&quot;;\n   |                                 ^\n3  |  import {\n4  |    calculateNeuralActivation,&apos; } }
            </failure>
        </testcase>
    </testsuite>
    <testsuite name="src/domain/utils/brainDataTransformer.runtime.test.ts" timestamp="2025-04-06T15:37:18.630Z" hostname="MacBookPro" tests="1" failures="1" errors="0" skipped="0" time="0">
        <testcase classname="src/domain/utils/brainDataTransformer.runtime.test.ts" name="src/domain/utils/brainDataTransformer.runtime.test.ts" time="0">
            <system-out>
[TEST SETUP] Global setup complete.

            </system-out>
            <failure message="Failed to resolve import &quot;@/utils/brainDataTransformer.runtime&quot; from &quot;src/domain/utils/brainDataTransformer.runtime.test.ts&quot;. Does the file exist?" type="Error">
Error: Failed to resolve import &quot;@/utils/brainDataTransformer.runtime&quot; from &quot;src/domain/utils/brainDataTransformer.runtime.test.ts&quot;. Does the file exist?
  Plugin: vite:import-analysis
  File: /Users/ray/Desktop/GITHUB/Novamind-Frontend/src/domain/utils/brainDataTransformer.runtime.test.ts:12:7
  6  |    validateThemeSettings,
  7  |    isThemeSettings
  8  |  } from &quot;@/utils/brainDataTransformer.runtime&quot;;
     |          ^
  9  |  import { RenderMode } from &quot;@domain/types/brain&quot;;
  10 |  import { generateMockBrainData } from &quot;@/utils/brainDataTransformer&quot;;
 ❯ TransformPluginContext._formatLog node_modules/vite/dist/node/chunks/dep-Pj_jxEzN.js:47885:41
 ❯ TransformPluginContext.error node_modules/vite/dist/node/chunks/dep-Pj_jxEzN.js:47882:16
 ❯ normalizeUrl node_modules/vite/dist/node/chunks/dep-Pj_jxEzN.js:46015:23
 ❯ node_modules/vite/dist/node/chunks/dep-Pj_jxEzN.js:46134:37
 ❯ TransformPluginContext.transform node_modules/vite/dist/node/chunks/dep-Pj_jxEzN.js:46061:7
 ❯ EnvironmentPluginContainer.transform node_modules/vite/dist/node/chunks/dep-Pj_jxEzN.js:47680:18
 ❯ loadAndTransform node_modules/vite/dist/node/chunks/dep-Pj_jxEzN.js:41327:27

⎯⎯⎯⎯⎯⎯⎯⎯⎯⎯⎯⎯⎯⎯⎯⎯⎯⎯⎯⎯⎯⎯⎯⎯⎯⎯⎯⎯⎯⎯⎯⎯⎯⎯⎯⎯⎯⎯⎯⎯⎯⎯⎯⎯⎯⎯⎯⎯⎯⎯⎯⎯⎯⎯⎯⎯⎯⎯⎯⎯⎯⎯⎯⎯⎯⎯⎯⎯⎯⎯⎯⎯⎯⎯⎯⎯⎯⎯⎯⎯⎯⎯⎯⎯⎯⎯⎯⎯⎯⎯
Serialized Error: { __vitest_rollup_error__: { plugin: &apos;vite:import-analysis&apos;, id: &apos;/Users/ray/Desktop/GITHUB/Novamind-Frontend/src/domain/utils/brainDataTransformer.runtime.test.ts&apos;, loc: { file: &apos;/Users/ray/Desktop/GITHUB/Novamind-Frontend/src/domain/utils/brainDataTransformer.runtime.test.ts&apos;, line: 12, column: 7 }, frame: &apos;6  |    validateThemeSettings,\n7  |    isThemeSettings\n8  |  } from &quot;@/utils/brainDataTransformer.runtime&quot;;\n   |          ^\n9  |  import { RenderMode } from &quot;@domain/types/brain&quot;;\n10 |  import { generateMockBrainData } from &quot;@/utils/brainDataTransformer&quot;;&apos; } }
            </failure>
        </testcase>
    </testsuite>
    <testsuite name="src/domain/utils/brainDataTransformer.test.ts" timestamp="2025-04-06T15:37:18.631Z" hostname="MacBookPro" tests="1" failures="1" errors="0" skipped="0" time="0">
        <testcase classname="src/domain/utils/brainDataTransformer.test.ts" name="src/domain/utils/brainDataTransformer.test.ts" time="0">
            <system-out>
[TEST SETUP] Global setup complete.

            </system-out>
            <failure message="Failed to resolve import &quot;@/utils/brainDataTransformer&quot; from &quot;src/domain/utils/brainDataTransformer.test.ts&quot;. Does the file exist?" type="Error">
Error: Failed to resolve import &quot;@/utils/brainDataTransformer&quot; from &quot;src/domain/utils/brainDataTransformer.test.ts&quot;. Does the file exist?
  Plugin: vite:import-analysis
  File: /Users/ray/Desktop/GITHUB/Novamind-Frontend/src/domain/utils/brainDataTransformer.test.ts:8:35
  1  |  import { describe, it, expect } from &quot;vitest&quot;;
  2  |  import { transformBrainData } from &quot;@/utils/brainDataTransformer&quot;;
     |                                      ^
  3  |  describe(&quot;transformBrainData&quot;, () =&gt; {
  4  |    it(&quot;processes data with mathematical precision&quot;, () =&gt; {
 ❯ TransformPluginContext._formatLog node_modules/vite/dist/node/chunks/dep-Pj_jxEzN.js:47885:41
 ❯ TransformPluginContext.error node_modules/vite/dist/node/chunks/dep-Pj_jxEzN.js:47882:16
 ❯ normalizeUrl node_modules/vite/dist/node/chunks/dep-Pj_jxEzN.js:46015:23
 ❯ node_modules/vite/dist/node/chunks/dep-Pj_jxEzN.js:46134:37
 ❯ TransformPluginContext.transform node_modules/vite/dist/node/chunks/dep-Pj_jxEzN.js:46061:7
 ❯ EnvironmentPluginContainer.transform node_modules/vite/dist/node/chunks/dep-Pj_jxEzN.js:47680:18
 ❯ loadAndTransform node_modules/vite/dist/node/chunks/dep-Pj_jxEzN.js:41327:27

⎯⎯⎯⎯⎯⎯⎯⎯⎯⎯⎯⎯⎯⎯⎯⎯⎯⎯⎯⎯⎯⎯⎯⎯⎯⎯⎯⎯⎯⎯⎯⎯⎯⎯⎯⎯⎯⎯⎯⎯⎯⎯⎯⎯⎯⎯⎯⎯⎯⎯⎯⎯⎯⎯⎯⎯⎯⎯⎯⎯⎯⎯⎯⎯⎯⎯⎯⎯⎯⎯⎯⎯⎯⎯⎯⎯⎯⎯⎯⎯⎯⎯⎯⎯⎯⎯⎯⎯⎯⎯
Serialized Error: { __vitest_rollup_error__: { plugin: &apos;vite:import-analysis&apos;, id: &apos;/Users/ray/Desktop/GITHUB/Novamind-Frontend/src/domain/utils/brainDataTransformer.test.ts&apos;, loc: { file: &apos;/Users/ray/Desktop/GITHUB/Novamind-Frontend/src/domain/utils/brainDataTransformer.test.ts&apos;, line: 8, column: 35 }, frame: &apos;1  |  import { describe, it, expect } from &quot;vitest&quot;;\n2  |  import { transformBrainData } from &quot;@/utils/brainDataTransformer&quot;;\n   |                                      ^\n3  |  describe(&quot;transformBrainData&quot;, () =&gt; {\n4  |    it(&quot;processes data with mathematical precision&quot;, () =&gt; {&apos; } }
            </failure>
        </testcase>
    </testsuite>
    <testsuite name="src/domain/utils/index.test.ts" timestamp="2025-04-06T15:37:18.631Z" hostname="MacBookPro" tests="1" failures="1" errors="0" skipped="0" time="0">
        <testcase classname="src/domain/utils/index.test.ts" name="src/domain/utils/index.test.ts" time="0">
            <system-out>
[TEST SETUP] Global setup complete.

            </system-out>
            <failure message="Failed to resolve import &quot;@domain/utils/index&quot; from &quot;src/domain/utils/index.test.ts&quot;. Does the file exist?" type="Error">
Error: Failed to resolve import &quot;@domain/utils/index&quot; from &quot;src/domain/utils/index.test.ts&quot;. Does the file exist?
  Plugin: vite:import-analysis
  File: /Users/ray/Desktop/GITHUB/Novamind-Frontend/src/domain/utils/index.test.ts:14:7
  6  |    BrainTypeVerifier,
  7  |    verifiers
  8  |  } from &quot;@domain/utils/index&quot;;
     |          ^
  9  |  import { ClinicalTypeVerifier, clinicalTypeVerifier } from &quot;./clinical/type-verification&quot;;
  10 |  describe.skip(&quot;Domain utilities exports&quot;, () =&gt; {
 ❯ TransformPluginContext._formatLog node_modules/vite/dist/node/chunks/dep-Pj_jxEzN.js:47885:41
 ❯ TransformPluginContext.error node_modules/vite/dist/node/chunks/dep-Pj_jxEzN.js:47882:16
 ❯ normalizeUrl node_modules/vite/dist/node/chunks/dep-Pj_jxEzN.js:46015:23
 ❯ node_modules/vite/dist/node/chunks/dep-Pj_jxEzN.js:46134:37
 ❯ TransformPluginContext.transform node_modules/vite/dist/node/chunks/dep-Pj_jxEzN.js:46061:7
 ❯ EnvironmentPluginContainer.transform node_modules/vite/dist/node/chunks/dep-Pj_jxEzN.js:47680:18
 ❯ loadAndTransform node_modules/vite/dist/node/chunks/dep-Pj_jxEzN.js:41327:27

⎯⎯⎯⎯⎯⎯⎯⎯⎯⎯⎯⎯⎯⎯⎯⎯⎯⎯⎯⎯⎯⎯⎯⎯⎯⎯⎯⎯⎯⎯⎯⎯⎯⎯⎯⎯⎯⎯⎯⎯⎯⎯⎯⎯⎯⎯⎯⎯⎯⎯⎯⎯⎯⎯⎯⎯⎯⎯⎯⎯⎯⎯⎯⎯⎯⎯⎯⎯⎯⎯⎯⎯⎯⎯⎯⎯⎯⎯⎯⎯⎯⎯⎯⎯⎯⎯⎯⎯⎯⎯
Serialized Error: { __vitest_rollup_error__: { plugin: &apos;vite:import-analysis&apos;, id: &apos;/Users/ray/Desktop/GITHUB/Novamind-Frontend/src/domain/utils/index.test.ts&apos;, loc: { file: &apos;/Users/ray/Desktop/GITHUB/Novamind-Frontend/src/domain/utils/index.test.ts&apos;, line: 14, column: 7 }, frame: &apos;6  |    BrainTypeVerifier,\n7  |    verifiers\n8  |  } from &quot;@domain/utils/index&quot;;\n   |          ^\n9  |  import { ClinicalTypeVerifier, clinicalTypeVerifier } from &quot;./clinical/type-verification&quot;;\n10 |  describe.skip(&quot;Domain utilities exports&quot;, () =&gt; {&apos; } }
            </failure>
        </testcase>
    </testsuite>
    <testsuite name="src/domain/utils/progressiveLoader.runtime.test.ts" timestamp="2025-04-06T15:37:18.632Z" hostname="MacBookPro" tests="1" failures="1" errors="0" skipped="0" time="0">
        <testcase classname="src/domain/utils/progressiveLoader.runtime.test.ts" name="src/domain/utils/progressiveLoader.runtime.test.ts" time="0">
            <system-out>
[TEST SETUP] Global setup complete.

            </system-out>
            <failure message="Failed to resolve import &quot;@/utils/progressiveLoader.runtime&quot; from &quot;src/domain/utils/progressiveLoader.runtime.test.ts&quot;. Does the file exist?" type="Error">
Error: Failed to resolve import &quot;@/utils/progressiveLoader.runtime&quot; from &quot;src/domain/utils/progressiveLoader.runtime.test.ts&quot;. Does the file exist?
  Plugin: vite:import-analysis
  File: /Users/ray/Desktop/GITHUB/Novamind-Frontend/src/domain/utils/progressiveLoader.runtime.test.ts:14:7
  5  |    validateNeuralConnectionArray,
  6  |    validateProgressCallback
  7  |  } from &quot;@/utils/progressiveLoader.runtime&quot;;
     |          ^
  8  |  import { generateMockBrainData } from &quot;@/utils/brainDataTransformer&quot;;
  9  |  const mockValidBrainModel = generateMockBrainData();
 ❯ TransformPluginContext._formatLog node_modules/vite/dist/node/chunks/dep-Pj_jxEzN.js:47885:41
 ❯ TransformPluginContext.error node_modules/vite/dist/node/chunks/dep-Pj_jxEzN.js:47882:16
 ❯ normalizeUrl node_modules/vite/dist/node/chunks/dep-Pj_jxEzN.js:46015:23
 ❯ node_modules/vite/dist/node/chunks/dep-Pj_jxEzN.js:46134:37
 ❯ TransformPluginContext.transform node_modules/vite/dist/node/chunks/dep-Pj_jxEzN.js:46061:7
 ❯ EnvironmentPluginContainer.transform node_modules/vite/dist/node/chunks/dep-Pj_jxEzN.js:47680:18
 ❯ loadAndTransform node_modules/vite/dist/node/chunks/dep-Pj_jxEzN.js:41327:27

⎯⎯⎯⎯⎯⎯⎯⎯⎯⎯⎯⎯⎯⎯⎯⎯⎯⎯⎯⎯⎯⎯⎯⎯⎯⎯⎯⎯⎯⎯⎯⎯⎯⎯⎯⎯⎯⎯⎯⎯⎯⎯⎯⎯⎯⎯⎯⎯⎯⎯⎯⎯⎯⎯⎯⎯⎯⎯⎯⎯⎯⎯⎯⎯⎯⎯⎯⎯⎯⎯⎯⎯⎯⎯⎯⎯⎯⎯⎯⎯⎯⎯⎯⎯⎯⎯⎯⎯⎯⎯
Serialized Error: { __vitest_rollup_error__: { plugin: &apos;vite:import-analysis&apos;, id: &apos;/Users/ray/Desktop/GITHUB/Novamind-Frontend/src/domain/utils/progressiveLoader.runtime.test.ts&apos;, loc: { file: &apos;/Users/ray/Desktop/GITHUB/Novamind-Frontend/src/domain/utils/progressiveLoader.runtime.test.ts&apos;, line: 14, column: 7 }, frame: &apos;5  |    validateNeuralConnectionArray,\n6  |    validateProgressCallback\n7  |  } from &quot;@/utils/progressiveLoader.runtime&quot;;\n   |          ^\n8  |  import { generateMockBrainData } from &quot;@/utils/brainDataTransformer&quot;;\n9  |  const mockValidBrainModel = generateMockBrainData();&apos; } }
            </failure>
        </testcase>
    </testsuite>
    <testsuite name="src/domain/utils/progressiveLoader.test.ts" timestamp="2025-04-06T15:37:18.632Z" hostname="MacBookPro" tests="1" failures="1" errors="0" skipped="0" time="0">
        <testcase classname="src/domain/utils/progressiveLoader.test.ts" name="src/domain/utils/progressiveLoader.test.ts" time="0">
            <system-out>
[TEST SETUP] Global setup complete.

            </system-out>
            <failure message="Failed to resolve import &quot;@/utils/progressiveLoader&quot; from &quot;src/domain/utils/progressiveLoader.test.ts&quot;. Does the file exist?" type="Error">
Error: Failed to resolve import &quot;@/utils/progressiveLoader&quot; from &quot;src/domain/utils/progressiveLoader.test.ts&quot;. Does the file exist?
  Plugin: vite:import-analysis
  File: /Users/ray/Desktop/GITHUB/Novamind-Frontend/src/domain/utils/progressiveLoader.test.ts:8:41
  1  |  import { describe, it, expect } from &quot;vitest&quot;;
  2  |  import { loadRegionsProgressively } from &quot;@/utils/progressiveLoader&quot;;
     |                                            ^
  3  |  describe(&quot;loadRegionsProgressively&quot;, () =&gt; {
  4  |    it(&quot;processes data with mathematical precision&quot;, () =&gt; {
 ❯ TransformPluginContext._formatLog node_modules/vite/dist/node/chunks/dep-Pj_jxEzN.js:47885:41
 ❯ TransformPluginContext.error node_modules/vite/dist/node/chunks/dep-Pj_jxEzN.js:47882:16
 ❯ normalizeUrl node_modules/vite/dist/node/chunks/dep-Pj_jxEzN.js:46015:23
 ❯ node_modules/vite/dist/node/chunks/dep-Pj_jxEzN.js:46134:37
 ❯ TransformPluginContext.transform node_modules/vite/dist/node/chunks/dep-Pj_jxEzN.js:46061:7
 ❯ EnvironmentPluginContainer.transform node_modules/vite/dist/node/chunks/dep-Pj_jxEzN.js:47680:18
 ❯ loadAndTransform node_modules/vite/dist/node/chunks/dep-Pj_jxEzN.js:41327:27

⎯⎯⎯⎯⎯⎯⎯⎯⎯⎯⎯⎯⎯⎯⎯⎯⎯⎯⎯⎯⎯⎯⎯⎯⎯⎯⎯⎯⎯⎯⎯⎯⎯⎯⎯⎯⎯⎯⎯⎯⎯⎯⎯⎯⎯⎯⎯⎯⎯⎯⎯⎯⎯⎯⎯⎯⎯⎯⎯⎯⎯⎯⎯⎯⎯⎯⎯⎯⎯⎯⎯⎯⎯⎯⎯⎯⎯⎯⎯⎯⎯⎯⎯⎯⎯⎯⎯⎯⎯⎯
Serialized Error: { __vitest_rollup_error__: { plugin: &apos;vite:import-analysis&apos;, id: &apos;/Users/ray/Desktop/GITHUB/Novamind-Frontend/src/domain/utils/progressiveLoader.test.ts&apos;, loc: { file: &apos;/Users/ray/Desktop/GITHUB/Novamind-Frontend/src/domain/utils/progressiveLoader.test.ts&apos;, line: 8, column: 41 }, frame: &apos;1  |  import { describe, it, expect } from &quot;vitest&quot;;\n2  |  import { loadRegionsProgressively } from &quot;@/utils/progressiveLoader&quot;;\n   |                                            ^\n3  |  describe(&quot;loadRegionsProgressively&quot;, () =&gt; {\n4  |    it(&quot;processes data with mathematical precision&quot;, () =&gt; {&apos; } }
            </failure>
        </testcase>
    </testsuite>
    <testsuite name="src/infrastructure/api/ApiClient.runtime.test.ts" timestamp="2025-04-06T15:37:18.633Z" hostname="MacBookPro" tests="1" failures="1" errors="0" skipped="0" time="0">
        <testcase classname="src/infrastructure/api/ApiClient.runtime.test.ts" name="src/infrastructure/api/ApiClient.runtime.test.ts" time="0">
            <system-out>
[TEST SETUP] Global setup complete.

            </system-out>
            <failure message="Failed to resolve import &quot;@api/ApiClient.runtime&quot; from &quot;src/infrastructure/api/ApiClient.runtime.test.ts&quot;. Does the file exist?" type="Error">
Error: Failed to resolve import &quot;@api/ApiClient.runtime&quot; from &quot;src/infrastructure/api/ApiClient.runtime.test.ts&quot;. Does the file exist?
  Plugin: vite:import-analysis
  File: /Users/ray/Desktop/GITHUB/Novamind-Frontend/src/infrastructure/api/ApiClient.runtime.test.ts:11:7
  4  |    isApiPatient,
  5  |    isApiPatientArray
  6  |  } from &quot;@api/ApiClient.runtime&quot;;
     |          ^
  7  |  describe(&quot;ApiClient Runtime Validation&quot;, () =&gt; {
  8  |    const mockValidPatient = { id: 1, name: &quot;John Doe&quot;, condition: &quot;Stable&quot; };
 ❯ TransformPluginContext._formatLog node_modules/vite/dist/node/chunks/dep-Pj_jxEzN.js:47885:41
 ❯ TransformPluginContext.error node_modules/vite/dist/node/chunks/dep-Pj_jxEzN.js:47882:16
 ❯ normalizeUrl node_modules/vite/dist/node/chunks/dep-Pj_jxEzN.js:46015:23
 ❯ node_modules/vite/dist/node/chunks/dep-Pj_jxEzN.js:46134:37
 ❯ TransformPluginContext.transform node_modules/vite/dist/node/chunks/dep-Pj_jxEzN.js:46061:7
 ❯ EnvironmentPluginContainer.transform node_modules/vite/dist/node/chunks/dep-Pj_jxEzN.js:47680:18
 ❯ loadAndTransform node_modules/vite/dist/node/chunks/dep-Pj_jxEzN.js:41327:27

⎯⎯⎯⎯⎯⎯⎯⎯⎯⎯⎯⎯⎯⎯⎯⎯⎯⎯⎯⎯⎯⎯⎯⎯⎯⎯⎯⎯⎯⎯⎯⎯⎯⎯⎯⎯⎯⎯⎯⎯⎯⎯⎯⎯⎯⎯⎯⎯⎯⎯⎯⎯⎯⎯⎯⎯⎯⎯⎯⎯⎯⎯⎯⎯⎯⎯⎯⎯⎯⎯⎯⎯⎯⎯⎯⎯⎯⎯⎯⎯⎯⎯⎯⎯⎯⎯⎯⎯⎯⎯
Serialized Error: { __vitest_rollup_error__: { plugin: &apos;vite:import-analysis&apos;, id: &apos;/Users/ray/Desktop/GITHUB/Novamind-Frontend/src/infrastructure/api/ApiClient.runtime.test.ts&apos;, loc: { file: &apos;/Users/ray/Desktop/GITHUB/Novamind-Frontend/src/infrastructure/api/ApiClient.runtime.test.ts&apos;, line: 11, column: 7 }, frame: &apos;4  |    isApiPatient,\n5  |    isApiPatientArray\n6  |  } from &quot;@api/ApiClient.runtime&quot;;\n   |          ^\n7  |  describe(&quot;ApiClient Runtime Validation&quot;, () =&gt; {\n8  |    const mockValidPatient = { id: 1, name: &quot;John Doe&quot;, condition: &quot;Stable&quot; };&apos; } }
            </failure>
        </testcase>
    </testsuite>
    <testsuite name="src/infrastructure/api/ApiClient.test.ts" timestamp="2025-04-06T15:37:18.633Z" hostname="MacBookPro" tests="1" failures="1" errors="0" skipped="0" time="0">
        <testcase classname="src/infrastructure/api/ApiClient.test.ts" name="src/infrastructure/api/ApiClient.test.ts" time="0">
            <system-out>
[TEST SETUP] Global setup complete.

            </system-out>
            <failure message="Failed to resolve import &quot;@api/ApiClient&quot; from &quot;src/infrastructure/api/ApiClient.test.ts&quot;. Does the file exist?" type="Error">
Error: Failed to resolve import &quot;@api/ApiClient&quot; from &quot;src/infrastructure/api/ApiClient.test.ts&quot;. Does the file exist?
  Plugin: vite:import-analysis
  File: /Users/ray/Desktop/GITHUB/Novamind-Frontend/src/infrastructure/api/ApiClient.test.ts:9:0
  28 |    }
  29 |  }));
  30 |  const __vi_import_0__ = await import(&quot;@api/ApiClient&quot;);
     |                                       ^
  31 |  import { describe, it, expect, vi, beforeEach } from &quot;vitest&quot;;
  32 |  
 ❯ TransformPluginContext._formatLog node_modules/vite/dist/node/chunks/dep-Pj_jxEzN.js:47885:41
 ❯ TransformPluginContext.error node_modules/vite/dist/node/chunks/dep-Pj_jxEzN.js:47882:16
 ❯ normalizeUrl node_modules/vite/dist/node/chunks/dep-Pj_jxEzN.js:46015:23
 ❯ node_modules/vite/dist/node/chunks/dep-Pj_jxEzN.js:46134:37
 ❯ TransformPluginContext.transform node_modules/vite/dist/node/chunks/dep-Pj_jxEzN.js:46061:7
 ❯ EnvironmentPluginContainer.transform node_modules/vite/dist/node/chunks/dep-Pj_jxEzN.js:47680:18
 ❯ loadAndTransform node_modules/vite/dist/node/chunks/dep-Pj_jxEzN.js:41327:27

⎯⎯⎯⎯⎯⎯⎯⎯⎯⎯⎯⎯⎯⎯⎯⎯⎯⎯⎯⎯⎯⎯⎯⎯⎯⎯⎯⎯⎯⎯⎯⎯⎯⎯⎯⎯⎯⎯⎯⎯⎯⎯⎯⎯⎯⎯⎯⎯⎯⎯⎯⎯⎯⎯⎯⎯⎯⎯⎯⎯⎯⎯⎯⎯⎯⎯⎯⎯⎯⎯⎯⎯⎯⎯⎯⎯⎯⎯⎯⎯⎯⎯⎯⎯⎯⎯⎯⎯⎯⎯
Serialized Error: { __vitest_rollup_error__: { plugin: &apos;vite:import-analysis&apos;, id: &apos;/Users/ray/Desktop/GITHUB/Novamind-Frontend/src/infrastructure/api/ApiClient.test.ts&apos;, loc: { file: &apos;/Users/ray/Desktop/GITHUB/Novamind-Frontend/src/infrastructure/api/ApiClient.test.ts&apos;, line: 9, column: +0 }, frame: &apos;28 |    }\n29 |  }));\n30 |  const __vi_import_0__ = await import(&quot;@api/ApiClient&quot;);\n   |                                       ^\n31 |  import { describe, it, expect, vi, beforeEach } from &quot;vitest&quot;;\n32 |  &apos; } }
            </failure>
        </testcase>
    </testsuite>
    <testsuite name="src/infrastructure/api/ApiGateway.test.ts" timestamp="2025-04-06T15:37:18.633Z" hostname="MacBookPro" tests="2" failures="0" errors="0" skipped="0" time="0.001913291">
        <testcase classname="src/infrastructure/api/ApiGateway.test.ts" name="apiClient &gt; processes data with mathematical precision" time="0.000218792">
        </testcase>
        <testcase classname="src/infrastructure/api/ApiGateway.test.ts" name="apiClient &gt; handles edge cases with clinical precision" time="0.000802583">
        </testcase>
    </testsuite>
    <testsuite name="src/infrastructure/api/EnhancedMockApiClient.test.ts" timestamp="2025-04-06T15:37:18.634Z" hostname="MacBookPro" tests="1" failures="1" errors="0" skipped="0" time="0">
        <testcase classname="src/infrastructure/api/EnhancedMockApiClient.test.ts" name="src/infrastructure/api/EnhancedMockApiClient.test.ts" time="0">
            <system-out>
[TEST SETUP] Global setup complete.

            </system-out>
            <failure message="Failed to resolve import &quot;@api/EnhancedMockApiClient&quot; from &quot;src/infrastructure/api/EnhancedMockApiClient.test.ts&quot;. Does the file exist?" type="Error">
Error: Failed to resolve import &quot;@api/EnhancedMockApiClient&quot; from &quot;src/infrastructure/api/EnhancedMockApiClient.test.ts&quot;. Does the file exist?
  Plugin: vite:import-analysis
  File: /Users/ray/Desktop/GITHUB/Novamind-Frontend/src/infrastructure/api/EnhancedMockApiClient.test.ts:8:38
  1  |  import { describe, it, expect } from &quot;vitest&quot;;
  2  |  import { enhancedMockApiClient } from &quot;@api/EnhancedMockApiClient&quot;;
     |                                         ^
  3  |  describe(&quot;enhancedMockApiClient&quot;, () =&gt; {
  4  |    it(&quot;processes data with mathematical precision&quot;, () =&gt; {
 ❯ TransformPluginContext._formatLog node_modules/vite/dist/node/chunks/dep-Pj_jxEzN.js:47885:41
 ❯ TransformPluginContext.error node_modules/vite/dist/node/chunks/dep-Pj_jxEzN.js:47882:16
 ❯ normalizeUrl node_modules/vite/dist/node/chunks/dep-Pj_jxEzN.js:46015:23
 ❯ node_modules/vite/dist/node/chunks/dep-Pj_jxEzN.js:46134:37
 ❯ TransformPluginContext.transform node_modules/vite/dist/node/chunks/dep-Pj_jxEzN.js:46061:7
 ❯ EnvironmentPluginContainer.transform node_modules/vite/dist/node/chunks/dep-Pj_jxEzN.js:47680:18
 ❯ loadAndTransform node_modules/vite/dist/node/chunks/dep-Pj_jxEzN.js:41327:27

⎯⎯⎯⎯⎯⎯⎯⎯⎯⎯⎯⎯⎯⎯⎯⎯⎯⎯⎯⎯⎯⎯⎯⎯⎯⎯⎯⎯⎯⎯⎯⎯⎯⎯⎯⎯⎯⎯⎯⎯⎯⎯⎯⎯⎯⎯⎯⎯⎯⎯⎯⎯⎯⎯⎯⎯⎯⎯⎯⎯⎯⎯⎯⎯⎯⎯⎯⎯⎯⎯⎯⎯⎯⎯⎯⎯⎯⎯⎯⎯⎯⎯⎯⎯⎯⎯⎯⎯⎯⎯
Serialized Error: { __vitest_rollup_error__: { plugin: &apos;vite:import-analysis&apos;, id: &apos;/Users/ray/Desktop/GITHUB/Novamind-Frontend/src/infrastructure/api/EnhancedMockApiClient.test.ts&apos;, loc: { file: &apos;/Users/ray/Desktop/GITHUB/Novamind-Frontend/src/infrastructure/api/EnhancedMockApiClient.test.ts&apos;, line: 8, column: 38 }, frame: &apos;1  |  import { describe, it, expect } from &quot;vitest&quot;;\n2  |  import { enhancedMockApiClient } from &quot;@api/EnhancedMockApiClient&quot;;\n   |                                         ^\n3  |  describe(&quot;enhancedMockApiClient&quot;, () =&gt; {\n4  |    it(&quot;processes data with mathematical precision&quot;, () =&gt; {&apos; } }
            </failure>
        </testcase>
    </testsuite>
    <testsuite name="src/infrastructure/api/IApiClient.test.ts" timestamp="2025-04-06T15:37:18.635Z" hostname="MacBookPro" tests="2" failures="0" errors="0" skipped="0" time="0.007321584">
        <testcase classname="src/infrastructure/api/IApiClient.test.ts" name="IApiClient &gt; processes data with mathematical precision" time="0.001511">
            <system-err>
Promise returned by `expect(actual).resolves.toEqual(expected)` was not awaited. Vitest currently auto-awaits hanging assertions at the end of the test, but this will cause the test to fail in Vitest 3. Please remember to await the assertion.
    at /Users/ray/Desktop/GITHUB/Novamind-Frontend/src/infrastructure/api/IApiClient.test.ts:32:18

            </system-err>
        </testcase>
        <testcase classname="src/infrastructure/api/IApiClient.test.ts" name="IApiClient &gt; handles edge cases with clinical precision" time="0.005065583">
            <system-err>
Promise returned by `expect(actual).rejects.toThrow(expected)` was not awaited. Vitest currently auto-awaits hanging assertions at the end of the test, but this will cause the test to fail in Vitest 3. Please remember to await the assertion.
    at /Users/ray/Desktop/GITHUB/Novamind-Frontend/src/infrastructure/api/IApiClient.test.ts:56:63

            </system-err>
        </testcase>
    </testsuite>
    <testsuite name="src/infrastructure/api/MockApiClient.test.ts" timestamp="2025-04-06T15:37:18.635Z" hostname="MacBookPro" tests="1" failures="1" errors="0" skipped="0" time="0">
        <testcase classname="src/infrastructure/api/MockApiClient.test.ts" name="src/infrastructure/api/MockApiClient.test.ts" time="0">
            <system-out>
[TEST SETUP] Global setup complete.

            </system-out>
            <failure message="Failed to resolve import &quot;@api/MockApiClient&quot; from &quot;src/infrastructure/api/MockApiClient.test.ts&quot;. Does the file exist?" type="Error">
Error: Failed to resolve import &quot;@api/MockApiClient&quot; from &quot;src/infrastructure/api/MockApiClient.test.ts&quot;. Does the file exist?
  Plugin: vite:import-analysis
  File: /Users/ray/Desktop/GITHUB/Novamind-Frontend/src/infrastructure/api/MockApiClient.test.ts:7:30
  1  |  import { describe, it, expect, vi, beforeEach } from &quot;vitest&quot;;
  2  |  import { mockApiClient } from &quot;@api/MockApiClient&quot;;
     |                                 ^
  3  |  import { ModelSource } from &quot;@domain/models/brain/BrainModel&quot;;
  4  |  describe(&quot;mockApiClient&quot;, () =&gt; {
 ❯ TransformPluginContext._formatLog node_modules/vite/dist/node/chunks/dep-Pj_jxEzN.js:47885:41
 ❯ TransformPluginContext.error node_modules/vite/dist/node/chunks/dep-Pj_jxEzN.js:47882:16
 ❯ normalizeUrl node_modules/vite/dist/node/chunks/dep-Pj_jxEzN.js:46015:23
 ❯ node_modules/vite/dist/node/chunks/dep-Pj_jxEzN.js:46134:37
 ❯ TransformPluginContext.transform node_modules/vite/dist/node/chunks/dep-Pj_jxEzN.js:46061:7
 ❯ EnvironmentPluginContainer.transform node_modules/vite/dist/node/chunks/dep-Pj_jxEzN.js:47680:18
 ❯ loadAndTransform node_modules/vite/dist/node/chunks/dep-Pj_jxEzN.js:41327:27

⎯⎯⎯⎯⎯⎯⎯⎯⎯⎯⎯⎯⎯⎯⎯⎯⎯⎯⎯⎯⎯⎯⎯⎯⎯⎯⎯⎯⎯⎯⎯⎯⎯⎯⎯⎯⎯⎯⎯⎯⎯⎯⎯⎯⎯⎯⎯⎯⎯⎯⎯⎯⎯⎯⎯⎯⎯⎯⎯⎯⎯⎯⎯⎯⎯⎯⎯⎯⎯⎯⎯⎯⎯⎯⎯⎯⎯⎯⎯⎯⎯⎯⎯⎯⎯⎯⎯⎯⎯⎯
Serialized Error: { __vitest_rollup_error__: { plugin: &apos;vite:import-analysis&apos;, id: &apos;/Users/ray/Desktop/GITHUB/Novamind-Frontend/src/infrastructure/api/MockApiClient.test.ts&apos;, loc: { file: &apos;/Users/ray/Desktop/GITHUB/Novamind-Frontend/src/infrastructure/api/MockApiClient.test.ts&apos;, line: 7, column: 30 }, frame: &apos;1  |  import { describe, it, expect, vi, beforeEach } from &quot;vitest&quot;;\n2  |  import { mockApiClient } from &quot;@api/MockApiClient&quot;;\n   |                                 ^\n3  |  import { ModelSource } from &quot;@domain/models/brain/BrainModel&quot;;\n4  |  describe(&quot;mockApiClient&quot;, () =&gt; {&apos; } }
            </failure>
        </testcase>
    </testsuite>
    <testsuite name="src/infrastructure/api/XGBoostService.runtime.test.ts" timestamp="2025-04-06T15:37:18.636Z" hostname="MacBookPro" tests="1" failures="1" errors="0" skipped="0" time="0">
        <testcase classname="src/infrastructure/api/XGBoostService.runtime.test.ts" name="src/infrastructure/api/XGBoostService.runtime.test.ts" time="0">
            <system-out>
[TEST SETUP] Global setup complete.

            </system-out>
            <failure message="Failed to resolve import &quot;@api/XGBoostService.runtime&quot; from &quot;src/infrastructure/api/XGBoostService.runtime.test.ts&quot;. Does the file exist?" type="Error">
Error: Failed to resolve import &quot;@api/XGBoostService.runtime&quot; from &quot;src/infrastructure/api/XGBoostService.runtime.test.ts&quot;. Does the file exist?
  Plugin: vite:import-analysis
  File: /Users/ray/Desktop/GITHUB/Novamind-Frontend/src/infrastructure/api/XGBoostService.runtime.test.ts:13:7
  4  |    isRiskPredictionRequest,
  5  |    isRiskPredictionResponse
  6  |  } from &quot;@api/XGBoostService.runtime&quot;;
     |          ^
  7  |  const mockValidRiskRequest = {
  8  |    patient_id: &quot;p123&quot;,
 ❯ TransformPluginContext._formatLog node_modules/vite/dist/node/chunks/dep-Pj_jxEzN.js:47885:41
 ❯ TransformPluginContext.error node_modules/vite/dist/node/chunks/dep-Pj_jxEzN.js:47882:16
 ❯ normalizeUrl node_modules/vite/dist/node/chunks/dep-Pj_jxEzN.js:46015:23
 ❯ node_modules/vite/dist/node/chunks/dep-Pj_jxEzN.js:46134:37
 ❯ TransformPluginContext.transform node_modules/vite/dist/node/chunks/dep-Pj_jxEzN.js:46061:7
 ❯ EnvironmentPluginContainer.transform node_modules/vite/dist/node/chunks/dep-Pj_jxEzN.js:47680:18
 ❯ loadAndTransform node_modules/vite/dist/node/chunks/dep-Pj_jxEzN.js:41327:27

⎯⎯⎯⎯⎯⎯⎯⎯⎯⎯⎯⎯⎯⎯⎯⎯⎯⎯⎯⎯⎯⎯⎯⎯⎯⎯⎯⎯⎯⎯⎯⎯⎯⎯⎯⎯⎯⎯⎯⎯⎯⎯⎯⎯⎯⎯⎯⎯⎯⎯⎯⎯⎯⎯⎯⎯⎯⎯⎯⎯⎯⎯⎯⎯⎯⎯⎯⎯⎯⎯⎯⎯⎯⎯⎯⎯⎯⎯⎯⎯⎯⎯⎯⎯⎯⎯⎯⎯⎯⎯
Serialized Error: { __vitest_rollup_error__: { plugin: &apos;vite:import-analysis&apos;, id: &apos;/Users/ray/Desktop/GITHUB/Novamind-Frontend/src/infrastructure/api/XGBoostService.runtime.test.ts&apos;, loc: { file: &apos;/Users/ray/Desktop/GITHUB/Novamind-Frontend/src/infrastructure/api/XGBoostService.runtime.test.ts&apos;, line: 13, column: 7 }, frame: &apos;4  |    isRiskPredictionRequest,\n5  |    isRiskPredictionResponse\n6  |  } from &quot;@api/XGBoostService.runtime&quot;;\n   |          ^\n7  |  const mockValidRiskRequest = {\n8  |    patient_id: &quot;p123&quot;,&apos; } }
            </failure>
        </testcase>
    </testsuite>
    <testsuite name="src/infrastructure/api/XGBoostService.test.ts" timestamp="2025-04-06T15:37:18.636Z" hostname="MacBookPro" tests="1" failures="1" errors="0" skipped="0" time="0">
        <testcase classname="src/infrastructure/api/XGBoostService.test.ts" name="src/infrastructure/api/XGBoostService.test.ts" time="0">
            <system-out>
[TEST SETUP] Global setup complete.

            </system-out>
            <failure message="Failed to resolve import &quot;@api/XGBoostService&quot; from &quot;src/infrastructure/api/XGBoostService.test.ts&quot;. Does the file exist?" type="Error">
Error: Failed to resolve import &quot;@api/XGBoostService&quot; from &quot;src/infrastructure/api/XGBoostService.test.ts&quot;. Does the file exist?
  Plugin: vite:import-analysis
  File: /Users/ray/Desktop/GITHUB/Novamind-Frontend/src/infrastructure/api/XGBoostService.test.ts:8:31
  1  |  import { describe, it, expect } from &quot;vitest&quot;;
  2  |  import { XGBoostService } from &quot;@api/XGBoostService&quot;;
     |                                  ^
  3  |  describe(&quot;XGBoostService&quot;, () =&gt; {
  4  |    it(&quot;processes data with mathematical precision&quot;, () =&gt; {
 ❯ TransformPluginContext._formatLog node_modules/vite/dist/node/chunks/dep-Pj_jxEzN.js:47885:41
 ❯ TransformPluginContext.error node_modules/vite/dist/node/chunks/dep-Pj_jxEzN.js:47882:16
 ❯ normalizeUrl node_modules/vite/dist/node/chunks/dep-Pj_jxEzN.js:46015:23
 ❯ node_modules/vite/dist/node/chunks/dep-Pj_jxEzN.js:46134:37
 ❯ TransformPluginContext.transform node_modules/vite/dist/node/chunks/dep-Pj_jxEzN.js:46061:7
 ❯ EnvironmentPluginContainer.transform node_modules/vite/dist/node/chunks/dep-Pj_jxEzN.js:47680:18
 ❯ loadAndTransform node_modules/vite/dist/node/chunks/dep-Pj_jxEzN.js:41327:27

⎯⎯⎯⎯⎯⎯⎯⎯⎯⎯⎯⎯⎯⎯⎯⎯⎯⎯⎯⎯⎯⎯⎯⎯⎯⎯⎯⎯⎯⎯⎯⎯⎯⎯⎯⎯⎯⎯⎯⎯⎯⎯⎯⎯⎯⎯⎯⎯⎯⎯⎯⎯⎯⎯⎯⎯⎯⎯⎯⎯⎯⎯⎯⎯⎯⎯⎯⎯⎯⎯⎯⎯⎯⎯⎯⎯⎯⎯⎯⎯⎯⎯⎯⎯⎯⎯⎯⎯⎯⎯
Serialized Error: { __vitest_rollup_error__: { plugin: &apos;vite:import-analysis&apos;, id: &apos;/Users/ray/Desktop/GITHUB/Novamind-Frontend/src/infrastructure/api/XGBoostService.test.ts&apos;, loc: { file: &apos;/Users/ray/Desktop/GITHUB/Novamind-Frontend/src/infrastructure/api/XGBoostService.test.ts&apos;, line: 8, column: 31 }, frame: &apos;1  |  import { describe, it, expect } from &quot;vitest&quot;;\n2  |  import { XGBoostService } from &quot;@api/XGBoostService&quot;;\n   |                                  ^\n3  |  describe(&quot;XGBoostService&quot;, () =&gt; {\n4  |    it(&quot;processes data with mathematical precision&quot;, () =&gt; {&apos; } }
            </failure>
        </testcase>
    </testsuite>
    <testsuite name="src/infrastructure/api/mockApi.test.ts" timestamp="2025-04-06T15:37:18.637Z" hostname="MacBookPro" tests="2" failures="0" errors="0" skipped="0" time="0.002042417">
        <testcase classname="src/infrastructure/api/mockApi.test.ts" name="mockApi &gt; processes data with mathematical precision" time="0.000246125">
        </testcase>
        <testcase classname="src/infrastructure/api/mockApi.test.ts" name="mockApi &gt; handles edge cases with clinical precision" time="0.00101225">
        </testcase>
    </testsuite>
    <testsuite name="src/infrastructure/config/initializeApp.test.ts" timestamp="2025-04-06T15:37:18.637Z" hostname="MacBookPro" tests="1" failures="0" errors="0" skipped="1" time="0">
        <testcase classname="src/infrastructure/config/initializeApp.test.ts" name="initializeApp &gt; should be tested properly" time="0">
            <skipped/>
        </testcase>
    </testsuite>
    <testsuite name="src/presentation/containers/minimal.minimal.test.tsx" timestamp="2025-04-06T15:37:18.637Z" hostname="MacBookPro" tests="2" failures="0" errors="0" skipped="0" time="0.017570125">
        <testcase classname="src/presentation/containers/minimal.minimal.test.tsx" name="Basic Test &gt; verifies React rendering works" time="0.016169375">
        </testcase>
        <testcase classname="src/presentation/containers/minimal.minimal.test.tsx" name="Basic Test &gt; verifies TextEncoder works properly" time="0.000694666">
        </testcase>
    </testsuite>
    <testsuite name="src/presentation/containers/minimal.test.tsx" timestamp="2025-04-06T15:37:18.637Z" hostname="MacBookPro" tests="1" failures="0" errors="0" skipped="0" time="0.001298458">
        <testcase classname="src/presentation/containers/minimal.test.tsx" name="Basic Test &gt; confirms test infrastructure is working" time="0.000500042">
        </testcase>
    </testsuite>
    <testsuite name="src/presentation/atoms/ActivityIndicator.test.tsx" timestamp="2025-04-06T15:37:18.638Z" hostname="MacBookPro" tests="1" failures="1" errors="0" skipped="0" time="0">
        <testcase classname="src/presentation/atoms/ActivityIndicator.test.tsx" name="src/presentation/atoms/ActivityIndicator.test.tsx" time="0">
            <system-out>
[TEST SETUP] Global setup complete.

            </system-out>
            <failure message="Failed to resolve import &quot;@test/test-utils.unified&quot; from &quot;src/presentation/atoms/ActivityIndicator.test.tsx&quot;. Does the file exist?" type="Error">
Error: Failed to resolve import &quot;@test/test-utils.unified&quot; from &quot;src/presentation/atoms/ActivityIndicator.test.tsx&quot;. Does the file exist?
  Plugin: vite:import-analysis
  File: /Users/ray/Desktop/GITHUB/Novamind-Frontend/src/presentation/atoms/ActivityIndicator.test.tsx:9:0
  93 |  const __vi_import_0__ = await import(&quot;react/jsx-dev-runtime&quot;);
  94 |  const __vi_import_1__ = await import(&quot;react&quot;);
  95 |  const __vi_import_2__ = await import(&quot;@test/test-utils.unified&quot;);
     |                                       ^
  96 |  const __vi_import_3__ = await import(&quot;./ActivityIndicator&quot;);
  97 |  const __vi_import_4__ = await import(&quot;@domain/types/brain/activity&quot;);
 ❯ TransformPluginContext._formatLog node_modules/vite/dist/node/chunks/dep-Pj_jxEzN.js:47885:41
 ❯ TransformPluginContext.error node_modules/vite/dist/node/chunks/dep-Pj_jxEzN.js:47882:16
 ❯ normalizeUrl node_modules/vite/dist/node/chunks/dep-Pj_jxEzN.js:46015:23
 ❯ node_modules/vite/dist/node/chunks/dep-Pj_jxEzN.js:46134:37
 ❯ TransformPluginContext.transform node_modules/vite/dist/node/chunks/dep-Pj_jxEzN.js:46061:7
 ❯ EnvironmentPluginContainer.transform node_modules/vite/dist/node/chunks/dep-Pj_jxEzN.js:47680:18
 ❯ loadAndTransform node_modules/vite/dist/node/chunks/dep-Pj_jxEzN.js:41327:27

⎯⎯⎯⎯⎯⎯⎯⎯⎯⎯⎯⎯⎯⎯⎯⎯⎯⎯⎯⎯⎯⎯⎯⎯⎯⎯⎯⎯⎯⎯⎯⎯⎯⎯⎯⎯⎯⎯⎯⎯⎯⎯⎯⎯⎯⎯⎯⎯⎯⎯⎯⎯⎯⎯⎯⎯⎯⎯⎯⎯⎯⎯⎯⎯⎯⎯⎯⎯⎯⎯⎯⎯⎯⎯⎯⎯⎯⎯⎯⎯⎯⎯⎯⎯⎯⎯⎯⎯⎯⎯
Serialized Error: { __vitest_rollup_error__: { plugin: &apos;vite:import-analysis&apos;, id: &apos;/Users/ray/Desktop/GITHUB/Novamind-Frontend/src/presentation/atoms/ActivityIndicator.test.tsx&apos;, loc: { file: &apos;/Users/ray/Desktop/GITHUB/Novamind-Frontend/src/presentation/atoms/ActivityIndicator.test.tsx&apos;, line: 9, column: +0 }, frame: &apos;93 |  const __vi_import_0__ = await import(&quot;react/jsx-dev-runtime&quot;);\n94 |  const __vi_import_1__ = await import(&quot;react&quot;);\n95 |  const __vi_import_2__ = await import(&quot;@test/test-utils.unified&quot;);\n   |                                       ^\n96 |  const __vi_import_3__ = await import(&quot;./ActivityIndicator&quot;);\n97 |  const __vi_import_4__ = await import(&quot;@domain/types/brain/activity&quot;);&apos; } }
            </failure>
        </testcase>
    </testsuite>
    <testsuite name="src/presentation/atoms/Button.test.tsx" timestamp="2025-04-06T15:37:18.638Z" hostname="MacBookPro" tests="2" failures="0" errors="0" skipped="0" time="0.055750666">
        <testcase classname="src/presentation/atoms/Button.test.tsx" name="Button &gt; renders with neural precision" time="0.009727">
        </testcase>
        <testcase classname="src/presentation/atoms/Button.test.tsx" name="Button &gt; responds to user interaction with quantum precision" time="0.045117583">
        </testcase>
    </testsuite>
    <testsuite name="src/presentation/atoms/Card.test.tsx" timestamp="2025-04-06T15:37:18.638Z" hostname="MacBookPro" tests="2" failures="0" errors="0" skipped="0" time="0.013512458">
        <testcase classname="src/presentation/atoms/Card.test.tsx" name="Card &gt; renders with neural precision" time="0.002008667">
        </testcase>
        <testcase classname="src/presentation/atoms/Card.test.tsx" name="Card &gt; responds to user interaction with quantum precision" time="0.010677458">
        </testcase>
    </testsuite>
    <testsuite name="src/presentation/atoms/ConnectionLine.test.tsx" timestamp="2025-04-06T15:37:18.638Z" hostname="MacBookPro" tests="1" failures="1" errors="0" skipped="0" time="0">
        <testcase classname="src/presentation/atoms/ConnectionLine.test.tsx" name="src/presentation/atoms/ConnectionLine.test.tsx" time="0">
            <system-out>
[TEST SETUP] Global setup complete.

            </system-out>
            <failure message="[vitest] There was an error when mocking a module. If you are using &quot;vi.mock&quot; factory, make sure there are no top level variables inside, since this call is hoisted to top of the file. Read more: https://vitest.dev/api/vi.html#vi-mock" type="Error">
Error: [vitest] There was an error when mocking a module. If you are using &quot;vi.mock&quot; factory, make sure there are no top level variables inside, since this call is hoisted to top of the file. Read more: https://vitest.dev/api/vi.html#vi-mock
 ❯ src/presentation/atoms/ConnectionLine.tsx:7:1
 ❯ src/presentation/atoms/ConnectionLine.test.tsx:8:1

Caused by: Caused by: TypeError: Cannot destructure property &apos;ReactCurrentOwner&apos; of &apos;React__namespace.__SECRET_INTERNALS_DO_NOT_USE_OR_YOU_WILL_BE_FIRED&apos; as it is undefined.
 ❯ Module.&lt;anonymous&gt; node_modules/its-fine/src/index.tsx:84:9
 ❯ Object.&lt;anonymous&gt; node_modules/@react-three/fiber/dist/events-485b18b5.cjs.dev.js:11:15
            </failure>
        </testcase>
    </testsuite>
    <testsuite name="src/presentation/atoms/DocumentTitle.test.tsx" timestamp="2025-04-06T15:37:18.639Z" hostname="MacBookPro" tests="2" failures="0" errors="0" skipped="0" time="0.011297583">
        <testcase classname="src/presentation/atoms/DocumentTitle.test.tsx" name="DocumentTitle &gt; renders with neural precision" time="0.001802333">
        </testcase>
        <testcase classname="src/presentation/atoms/DocumentTitle.test.tsx" name="DocumentTitle &gt; responds to user interaction with quantum precision" time="0.008685">
        </testcase>
    </testsuite>
    <testsuite name="src/presentation/atoms/NeuralCorrelationBadge.test.tsx" timestamp="2025-04-06T15:37:18.639Z" hostname="MacBookPro" tests="1" failures="1" errors="0" skipped="0" time="0">
        <testcase classname="src/presentation/atoms/NeuralCorrelationBadge.test.tsx" name="src/presentation/atoms/NeuralCorrelationBadge.test.tsx" time="0">
            <system-out>
[TEST SETUP] Global setup complete.

            </system-out>
            <failure message="Failed to resolve import &quot;@/presentation/atoms/Badge&quot; from &quot;src/presentation/atoms/NeuralCorrelationBadge.tsx&quot;. Does the file exist?" type="Error">
Error: Failed to resolve import &quot;@/presentation/atoms/Badge&quot; from &quot;src/presentation/atoms/NeuralCorrelationBadge.tsx&quot;. Does the file exist?
  Plugin: vite:import-analysis
  File: /Users/ray/Desktop/GITHUB/Novamind-Frontend/src/presentation/atoms/NeuralCorrelationBadge.tsx:10:22
  1  |  import { jsxDEV } from &quot;react/jsx-dev-runtime&quot;;
  2  |  import { useMemo } from &quot;react&quot;;
  3  |  import { Badge } from &quot;@/presentation/atoms/Badge&quot;;
     |                         ^
  4  |  import {
  5  |    Tooltip,
 ❯ TransformPluginContext._formatLog node_modules/vite/dist/node/chunks/dep-Pj_jxEzN.js:47885:41
 ❯ TransformPluginContext.error node_modules/vite/dist/node/chunks/dep-Pj_jxEzN.js:47882:16
 ❯ normalizeUrl node_modules/vite/dist/node/chunks/dep-Pj_jxEzN.js:46015:23
 ❯ node_modules/vite/dist/node/chunks/dep-Pj_jxEzN.js:46134:37
 ❯ TransformPluginContext.transform node_modules/vite/dist/node/chunks/dep-Pj_jxEzN.js:46061:7
 ❯ EnvironmentPluginContainer.transform node_modules/vite/dist/node/chunks/dep-Pj_jxEzN.js:47680:18
 ❯ loadAndTransform node_modules/vite/dist/node/chunks/dep-Pj_jxEzN.js:41327:27

⎯⎯⎯⎯⎯⎯⎯⎯⎯⎯⎯⎯⎯⎯⎯⎯⎯⎯⎯⎯⎯⎯⎯⎯⎯⎯⎯⎯⎯⎯⎯⎯⎯⎯⎯⎯⎯⎯⎯⎯⎯⎯⎯⎯⎯⎯⎯⎯⎯⎯⎯⎯⎯⎯⎯⎯⎯⎯⎯⎯⎯⎯⎯⎯⎯⎯⎯⎯⎯⎯⎯⎯⎯⎯⎯⎯⎯⎯⎯⎯⎯⎯⎯⎯⎯⎯⎯⎯⎯⎯
Serialized Error: { __vitest_rollup_error__: { plugin: &apos;vite:import-analysis&apos;, id: &apos;/Users/ray/Desktop/GITHUB/Novamind-Frontend/src/presentation/atoms/NeuralCorrelationBadge.tsx&apos;, loc: { file: &apos;/Users/ray/Desktop/GITHUB/Novamind-Frontend/src/presentation/atoms/NeuralCorrelationBadge.tsx&apos;, line: 10, column: 22 }, frame: &apos;1  |  import { jsxDEV } from &quot;react/jsx-dev-runtime&quot;;\n2  |  import { useMemo } from &quot;react&quot;;\n3  |  import { Badge } from &quot;@/presentation/atoms/Badge&quot;;\n   |                         ^\n4  |  import {\n5  |    Tooltip,&apos; } }
            </failure>
        </testcase>
    </testsuite>
    <testsuite name="src/presentation/atoms/RegionMesh.test.tsx" timestamp="2025-04-06T15:37:18.639Z" hostname="MacBookPro" tests="1" failures="1" errors="0" skipped="0" time="0">
        <testcase classname="src/presentation/atoms/RegionMesh.test.tsx" name="src/presentation/atoms/RegionMesh.test.tsx" time="0">
            <system-out>
[TEST SETUP] Global setup complete.

            </system-out>
            <failure message="Cannot destructure property &apos;ReactCurrentOwner&apos; of &apos;React__namespace.__SECRET_INTERNALS_DO_NOT_USE_OR_YOU_WILL_BE_FIRED&apos; as it is undefined." type="TypeError">
TypeError: Cannot destructure property &apos;ReactCurrentOwner&apos; of &apos;React__namespace.__SECRET_INTERNALS_DO_NOT_USE_OR_YOU_WILL_BE_FIRED&apos; as it is undefined.
 ❯ Module.&lt;anonymous&gt; node_modules/its-fine/src/index.tsx:84:9
 ❯ Object.&lt;anonymous&gt; node_modules/@react-three/fiber/dist/events-485b18b5.cjs.dev.js:11:15
            </failure>
        </testcase>
    </testsuite>
    <testsuite name="src/presentation/atoms/RegionSelectionIndicator.test.tsx" timestamp="2025-04-06T15:37:18.640Z" hostname="MacBookPro" tests="1" failures="1" errors="0" skipped="0" time="0">
        <testcase classname="src/presentation/atoms/RegionSelectionIndicator.test.tsx" name="src/presentation/atoms/RegionSelectionIndicator.test.tsx" time="0">
            <system-out>
[TEST SETUP] Global setup complete.

            </system-out>
            <failure message="Failed to resolve import &quot;@test/test-utils.unified&quot; from &quot;src/presentation/atoms/RegionSelectionIndicator.test.tsx&quot;. Does the file exist?" type="Error">
Error: Failed to resolve import &quot;@test/test-utils.unified&quot; from &quot;src/presentation/atoms/RegionSelectionIndicator.test.tsx&quot;. Does the file exist?
  Plugin: vite:import-analysis
  File: /Users/ray/Desktop/GITHUB/Novamind-Frontend/src/presentation/atoms/RegionSelectionIndicator.test.tsx:8:0
  97 |  const __vi_import_0__ = await import(&quot;react/jsx-dev-runtime&quot;);
  98 |  const __vi_import_1__ = await import(&quot;react&quot;);
  99 |  const __vi_import_2__ = await import(&quot;@test/test-utils.unified&quot;);
     |                                       ^
  100|  const __vi_import_3__ = await import(&quot;./RegionSelectionIndicator&quot;);
  101|  const __vi_import_4__ = await import(&quot;three&quot;);
 ❯ TransformPluginContext._formatLog node_modules/vite/dist/node/chunks/dep-Pj_jxEzN.js:47885:41
 ❯ TransformPluginContext.error node_modules/vite/dist/node/chunks/dep-Pj_jxEzN.js:47882:16
 ❯ normalizeUrl node_modules/vite/dist/node/chunks/dep-Pj_jxEzN.js:46015:23
 ❯ node_modules/vite/dist/node/chunks/dep-Pj_jxEzN.js:46134:37
 ❯ TransformPluginContext.transform node_modules/vite/dist/node/chunks/dep-Pj_jxEzN.js:46061:7
 ❯ EnvironmentPluginContainer.transform node_modules/vite/dist/node/chunks/dep-Pj_jxEzN.js:47680:18
 ❯ loadAndTransform node_modules/vite/dist/node/chunks/dep-Pj_jxEzN.js:41327:27

⎯⎯⎯⎯⎯⎯⎯⎯⎯⎯⎯⎯⎯⎯⎯⎯⎯⎯⎯⎯⎯⎯⎯⎯⎯⎯⎯⎯⎯⎯⎯⎯⎯⎯⎯⎯⎯⎯⎯⎯⎯⎯⎯⎯⎯⎯⎯⎯⎯⎯⎯⎯⎯⎯⎯⎯⎯⎯⎯⎯⎯⎯⎯⎯⎯⎯⎯⎯⎯⎯⎯⎯⎯⎯⎯⎯⎯⎯⎯⎯⎯⎯⎯⎯⎯⎯⎯⎯⎯⎯
Serialized Error: { __vitest_rollup_error__: { plugin: &apos;vite:import-analysis&apos;, id: &apos;/Users/ray/Desktop/GITHUB/Novamind-Frontend/src/presentation/atoms/RegionSelectionIndicator.test.tsx&apos;, loc: { file: &apos;/Users/ray/Desktop/GITHUB/Novamind-Frontend/src/presentation/atoms/RegionSelectionIndicator.test.tsx&apos;, line: 8, column: +0 }, frame: &apos;97 |  const __vi_import_0__ = await import(&quot;react/jsx-dev-runtime&quot;);\n98 |  const __vi_import_1__ = await import(&quot;react&quot;);\n99 |  const __vi_import_2__ = await import(&quot;@test/test-utils.unified&quot;);\n   |                                       ^\n100|  const __vi_import_3__ = await import(&quot;./RegionSelectionIndicator&quot;);\n101|  const __vi_import_4__ = await import(&quot;three&quot;);&apos; } }
            </failure>
        </testcase>
    </testsuite>
    <testsuite name="src/presentation/atoms/index.test.ts" timestamp="2025-04-06T15:37:18.640Z" hostname="MacBookPro" tests="1" failures="1" errors="0" skipped="0" time="0">
        <testcase classname="src/presentation/atoms/index.test.ts" name="src/presentation/atoms/index.test.ts" time="0">
            <system-out>
[TEST SETUP] Global setup complete.

            </system-out>
            <failure message="Failed to resolve import &quot;@/application/utils/cn&quot; from &quot;src/presentation/atoms/Avatar.tsx&quot;. Does the file exist?" type="Error">
Error: Failed to resolve import &quot;@/application/utils/cn&quot; from &quot;src/presentation/atoms/Avatar.tsx&quot;. Does the file exist?
  Plugin: vite:import-analysis
  File: /Users/ray/Desktop/GITHUB/Novamind-Frontend/src/presentation/atoms/Avatar.tsx:2:19
  1  |  import { jsxDEV } from &quot;react/jsx-dev-runtime&quot;;
  2  |  import React from &quot;react&quot;;
  3  |  import { cn } from &quot;@/application/utils/cn&quot;;
     |                      ^
  4  |  const Avatar = ({
  5  |    src,
 ❯ TransformPluginContext._formatLog node_modules/vite/dist/node/chunks/dep-Pj_jxEzN.js:47885:41
 ❯ TransformPluginContext.error node_modules/vite/dist/node/chunks/dep-Pj_jxEzN.js:47882:16
 ❯ normalizeUrl node_modules/vite/dist/node/chunks/dep-Pj_jxEzN.js:46015:23
 ❯ node_modules/vite/dist/node/chunks/dep-Pj_jxEzN.js:46134:37
 ❯ TransformPluginContext.transform node_modules/vite/dist/node/chunks/dep-Pj_jxEzN.js:46061:7
 ❯ EnvironmentPluginContainer.transform node_modules/vite/dist/node/chunks/dep-Pj_jxEzN.js:47680:18
 ❯ loadAndTransform node_modules/vite/dist/node/chunks/dep-Pj_jxEzN.js:41327:27

⎯⎯⎯⎯⎯⎯⎯⎯⎯⎯⎯⎯⎯⎯⎯⎯⎯⎯⎯⎯⎯⎯⎯⎯⎯⎯⎯⎯⎯⎯⎯⎯⎯⎯⎯⎯⎯⎯⎯⎯⎯⎯⎯⎯⎯⎯⎯⎯⎯⎯⎯⎯⎯⎯⎯⎯⎯⎯⎯⎯⎯⎯⎯⎯⎯⎯⎯⎯⎯⎯⎯⎯⎯⎯⎯⎯⎯⎯⎯⎯⎯⎯⎯⎯⎯⎯⎯⎯⎯⎯
Serialized Error: { __vitest_rollup_error__: { plugin: &apos;vite:import-analysis&apos;, id: &apos;/Users/ray/Desktop/GITHUB/Novamind-Frontend/src/presentation/atoms/Avatar.tsx&apos;, loc: { file: &apos;/Users/ray/Desktop/GITHUB/Novamind-Frontend/src/presentation/atoms/Avatar.tsx&apos;, line: 2, column: 19 }, frame: &apos;1  |  import { jsxDEV } from &quot;react/jsx-dev-runtime&quot;;\n2  |  import React from &quot;react&quot;;\n3  |  import { cn } from &quot;@/application/utils/cn&quot;;\n   |                      ^\n4  |  const Avatar = ({\n5  |    src,&apos; } }
            </failure>
        </testcase>
    </testsuite>
    <testsuite name="src/presentation/common/AdaptiveLOD.test.tsx" timestamp="2025-04-06T15:37:18.641Z" hostname="MacBookPro" tests="1" failures="0" errors="0" skipped="0" time="0.003344583">
        <testcase classname="src/presentation/common/AdaptiveLOD.test.tsx" name="AdaptiveLOD (Minimal) &gt; exists as a module" time="0.001530166">
        </testcase>
    </testsuite>
    <testsuite name="src/presentation/common/LoadingFallback.test.tsx" timestamp="2025-04-06T15:37:18.641Z" hostname="MacBookPro" tests="1" failures="1" errors="0" skipped="0" time="0">
        <testcase classname="src/presentation/common/LoadingFallback.test.tsx" name="src/presentation/common/LoadingFallback.test.tsx" time="0">
            <system-out>
[TEST SETUP] Global setup complete.

            </system-out>
            <failure message="Cannot destructure property &apos;ReactCurrentOwner&apos; of &apos;React__namespace.__SECRET_INTERNALS_DO_NOT_USE_OR_YOU_WILL_BE_FIRED&apos; as it is undefined." type="TypeError">
TypeError: Cannot destructure property &apos;ReactCurrentOwner&apos; of &apos;React__namespace.__SECRET_INTERNALS_DO_NOT_USE_OR_YOU_WILL_BE_FIRED&apos; as it is undefined.
 ❯ Module.&lt;anonymous&gt; node_modules/its-fine/src/index.tsx:84:9
 ❯ Object.&lt;anonymous&gt; node_modules/@react-three/fiber/dist/events-485b18b5.cjs.dev.js:11:15
            </failure>
        </testcase>
    </testsuite>
    <testsuite name="src/presentation/common/PerformanceMonitor.test.tsx" timestamp="2025-04-06T15:37:18.642Z" hostname="MacBookPro" tests="1" failures="0" errors="0" skipped="0" time="0.00134525">
        <testcase classname="src/presentation/common/PerformanceMonitor.test.tsx" name="PerformanceMonitor (Minimal) &gt; exists as a module" time="0.000578125">
        </testcase>
    </testsuite>
    <testsuite name="src/presentation/common/VisualizationErrorBoundary.test.tsx" timestamp="2025-04-06T15:37:18.642Z" hostname="MacBookPro" tests="2" failures="0" errors="0" skipped="0" time="0.012327333">
        <testcase classname="src/presentation/common/VisualizationErrorBoundary.test.tsx" name="VisualizationErrorBoundary &gt; renders with neural precision" time="0.001656459">
        </testcase>
        <testcase classname="src/presentation/common/VisualizationErrorBoundary.test.tsx" name="VisualizationErrorBoundary &gt; responds to user interaction with quantum precision" time="0.009760417">
        </testcase>
    </testsuite>
    <testsuite name="src/presentation/molecules/BiometricAlertVisualizer.test.tsx" timestamp="2025-04-06T15:37:18.642Z" hostname="MacBookPro" tests="1" failures="1" errors="0" skipped="0" time="0">
        <testcase classname="src/presentation/molecules/BiometricAlertVisualizer.test.tsx" name="src/presentation/molecules/BiometricAlertVisualizer.test.tsx" time="0">
            <system-out>
[TEST SETUP] Global setup complete.

            </system-out>
            <failure message="Failed to resolve import &quot;@test/test-utils.unified&quot; from &quot;src/presentation/molecules/BiometricAlertVisualizer.test.tsx&quot;. Does the file exist?" type="Error">
Error: Failed to resolve import &quot;@test/test-utils.unified&quot; from &quot;src/presentation/molecules/BiometricAlertVisualizer.test.tsx&quot;. Does the file exist?
  Plugin: vite:import-analysis
  File: /Users/ray/Desktop/GITHUB/Novamind-Frontend/src/presentation/molecules/BiometricAlertVisualizer.test.tsx:8:0
  64 |  const __vi_import_0__ = await import(&quot;react/jsx-dev-runtime&quot;);
  65 |  const __vi_import_1__ = await import(&quot;react&quot;);
  66 |  const __vi_import_2__ = await import(&quot;@test/test-utils.unified&quot;);
     |                                       ^
  67 |  const __vi_import_3__ = await import(&quot;./BiometricAlertVisualizer&quot;);
  68 |  const __vi_import_4__ = await import(&quot;three&quot;);
 ❯ TransformPluginContext._formatLog node_modules/vite/dist/node/chunks/dep-Pj_jxEzN.js:47885:41
 ❯ TransformPluginContext.error node_modules/vite/dist/node/chunks/dep-Pj_jxEzN.js:47882:16
 ❯ normalizeUrl node_modules/vite/dist/node/chunks/dep-Pj_jxEzN.js:46015:23
 ❯ node_modules/vite/dist/node/chunks/dep-Pj_jxEzN.js:46134:37
 ❯ TransformPluginContext.transform node_modules/vite/dist/node/chunks/dep-Pj_jxEzN.js:46061:7
 ❯ EnvironmentPluginContainer.transform node_modules/vite/dist/node/chunks/dep-Pj_jxEzN.js:47680:18
 ❯ loadAndTransform node_modules/vite/dist/node/chunks/dep-Pj_jxEzN.js:41327:27

⎯⎯⎯⎯⎯⎯⎯⎯⎯⎯⎯⎯⎯⎯⎯⎯⎯⎯⎯⎯⎯⎯⎯⎯⎯⎯⎯⎯⎯⎯⎯⎯⎯⎯⎯⎯⎯⎯⎯⎯⎯⎯⎯⎯⎯⎯⎯⎯⎯⎯⎯⎯⎯⎯⎯⎯⎯⎯⎯⎯⎯⎯⎯⎯⎯⎯⎯⎯⎯⎯⎯⎯⎯⎯⎯⎯⎯⎯⎯⎯⎯⎯⎯⎯⎯⎯⎯⎯⎯⎯
Serialized Error: { __vitest_rollup_error__: { plugin: &apos;vite:import-analysis&apos;, id: &apos;/Users/ray/Desktop/GITHUB/Novamind-Frontend/src/presentation/molecules/BiometricAlertVisualizer.test.tsx&apos;, loc: { file: &apos;/Users/ray/Desktop/GITHUB/Novamind-Frontend/src/presentation/molecules/BiometricAlertVisualizer.test.tsx&apos;, line: 8, column: +0 }, frame: &apos;64 |  const __vi_import_0__ = await import(&quot;react/jsx-dev-runtime&quot;);\n65 |  const __vi_import_1__ = await import(&quot;react&quot;);\n66 |  const __vi_import_2__ = await import(&quot;@test/test-utils.unified&quot;);\n   |                                       ^\n67 |  const __vi_import_3__ = await import(&quot;./BiometricAlertVisualizer&quot;);\n68 |  const __vi_import_4__ = await import(&quot;three&quot;);&apos; } }
            </failure>
        </testcase>
    </testsuite>
    <testsuite name="src/presentation/molecules/BrainRegionDetails.test.tsx" timestamp="2025-04-06T15:37:18.642Z" hostname="MacBookPro" tests="1" failures="1" errors="0" skipped="0" time="0">
        <testcase classname="src/presentation/molecules/BrainRegionDetails.test.tsx" name="src/presentation/molecules/BrainRegionDetails.test.tsx" time="0">
            <system-out>
[TEST SETUP] Global setup complete.

            </system-out>
            <failure message="Failed to resolve import &quot;@domain/types/shared/common&quot; from &quot;src/presentation/molecules/BrainRegionDetails.tsx&quot;. Does the file exist?" type="Error">
Error: Failed to resolve import &quot;@domain/types/shared/common&quot; from &quot;src/presentation/molecules/BrainRegionDetails.tsx&quot;. Does the file exist?
  Plugin: vite:import-analysis
  File: /Users/ray/Desktop/GITHUB/Novamind-Frontend/src/presentation/molecules/BrainRegionDetails.tsx:15:26
  1  |  import { jsxDEV } from &quot;react/jsx-dev-runtime&quot;;
  2  |  import { useMemo, useState } from &quot;react&quot;;
  3  |  import { SafeArray } from &quot;@domain/types/shared/common&quot;;
     |                             ^
  4  |  const BrainRegionDetails = ({
  5  |    regionId,
 ❯ TransformPluginContext._formatLog node_modules/vite/dist/node/chunks/dep-Pj_jxEzN.js:47885:41
 ❯ TransformPluginContext.error node_modules/vite/dist/node/chunks/dep-Pj_jxEzN.js:47882:16
 ❯ normalizeUrl node_modules/vite/dist/node/chunks/dep-Pj_jxEzN.js:46015:23
 ❯ node_modules/vite/dist/node/chunks/dep-Pj_jxEzN.js:46134:37
 ❯ TransformPluginContext.transform node_modules/vite/dist/node/chunks/dep-Pj_jxEzN.js:46061:7
 ❯ EnvironmentPluginContainer.transform node_modules/vite/dist/node/chunks/dep-Pj_jxEzN.js:47680:18
 ❯ loadAndTransform node_modules/vite/dist/node/chunks/dep-Pj_jxEzN.js:41327:27

⎯⎯⎯⎯⎯⎯⎯⎯⎯⎯⎯⎯⎯⎯⎯⎯⎯⎯⎯⎯⎯⎯⎯⎯⎯⎯⎯⎯⎯⎯⎯⎯⎯⎯⎯⎯⎯⎯⎯⎯⎯⎯⎯⎯⎯⎯⎯⎯⎯⎯⎯⎯⎯⎯⎯⎯⎯⎯⎯⎯⎯⎯⎯⎯⎯⎯⎯⎯⎯⎯⎯⎯⎯⎯⎯⎯⎯⎯⎯⎯⎯⎯⎯⎯⎯⎯⎯⎯⎯⎯
Serialized Error: { __vitest_rollup_error__: { plugin: &apos;vite:import-analysis&apos;, id: &apos;/Users/ray/Desktop/GITHUB/Novamind-Frontend/src/presentation/molecules/BrainRegionDetails.tsx&apos;, loc: { file: &apos;/Users/ray/Desktop/GITHUB/Novamind-Frontend/src/presentation/molecules/BrainRegionDetails.tsx&apos;, line: 15, column: 26 }, frame: &apos;1  |  import { jsxDEV } from &quot;react/jsx-dev-runtime&quot;;\n2  |  import { useMemo, useState } from &quot;react&quot;;\n3  |  import { SafeArray } from &quot;@domain/types/shared/common&quot;;\n   |                             ^\n4  |  const BrainRegionDetails = ({\n5  |    regionId,&apos; } }
            </failure>
        </testcase>
    </testsuite>
    <testsuite name="src/presentation/molecules/BrainRegionGroup.test.tsx" timestamp="2025-04-06T15:37:18.643Z" hostname="MacBookPro" tests="1" failures="1" errors="0" skipped="0" time="0">
        <testcase classname="src/presentation/molecules/BrainRegionGroup.test.tsx" name="src/presentation/molecules/BrainRegionGroup.test.tsx" time="0">
            <system-out>
[TEST SETUP] Global setup complete.

            </system-out>
            <failure message="Failed to resolve import &quot;@test/test-utils.unified&quot; from &quot;src/presentation/molecules/BrainRegionGroup.test.tsx&quot;. Does the file exist?" type="Error">
Error: Failed to resolve import &quot;@test/test-utils.unified&quot; from &quot;src/presentation/molecules/BrainRegionGroup.test.tsx&quot;. Does the file exist?
  Plugin: vite:import-analysis
  File: /Users/ray/Desktop/GITHUB/Novamind-Frontend/src/presentation/molecules/BrainRegionGroup.test.tsx:11:23
  4  |  import userEvent from &quot;@testing-library/user-event&quot;;
  5  |  import BrainRegionGroup from &quot;./BrainRegionGroup&quot;;
  6  |  import { render } from &quot;@test/test-utils.unified&quot;;
     |                          ^
  7  |  import { RenderMode } from &quot;@domain/types/brain/visualization&quot;;
  8  |  const mockProps = {
 ❯ TransformPluginContext._formatLog node_modules/vite/dist/node/chunks/dep-Pj_jxEzN.js:47885:41
 ❯ TransformPluginContext.error node_modules/vite/dist/node/chunks/dep-Pj_jxEzN.js:47882:16
 ❯ normalizeUrl node_modules/vite/dist/node/chunks/dep-Pj_jxEzN.js:46015:23
 ❯ node_modules/vite/dist/node/chunks/dep-Pj_jxEzN.js:46134:37
 ❯ TransformPluginContext.transform node_modules/vite/dist/node/chunks/dep-Pj_jxEzN.js:46061:7
 ❯ EnvironmentPluginContainer.transform node_modules/vite/dist/node/chunks/dep-Pj_jxEzN.js:47680:18
 ❯ loadAndTransform node_modules/vite/dist/node/chunks/dep-Pj_jxEzN.js:41327:27

⎯⎯⎯⎯⎯⎯⎯⎯⎯⎯⎯⎯⎯⎯⎯⎯⎯⎯⎯⎯⎯⎯⎯⎯⎯⎯⎯⎯⎯⎯⎯⎯⎯⎯⎯⎯⎯⎯⎯⎯⎯⎯⎯⎯⎯⎯⎯⎯⎯⎯⎯⎯⎯⎯⎯⎯⎯⎯⎯⎯⎯⎯⎯⎯⎯⎯⎯⎯⎯⎯⎯⎯⎯⎯⎯⎯⎯⎯⎯⎯⎯⎯⎯⎯⎯⎯⎯⎯⎯⎯
Serialized Error: { __vitest_rollup_error__: { plugin: &apos;vite:import-analysis&apos;, id: &apos;/Users/ray/Desktop/GITHUB/Novamind-Frontend/src/presentation/molecules/BrainRegionGroup.test.tsx&apos;, loc: { file: &apos;/Users/ray/Desktop/GITHUB/Novamind-Frontend/src/presentation/molecules/BrainRegionGroup.test.tsx&apos;, line: 11, column: 23 }, frame: &apos;4  |  import userEvent from &quot;@testing-library/user-event&quot;;\n5  |  import BrainRegionGroup from &quot;./BrainRegionGroup&quot;;\n6  |  import { render } from &quot;@test/test-utils.unified&quot;;\n   |                          ^\n7  |  import { RenderMode } from &quot;@domain/types/brain/visualization&quot;;\n8  |  const mockProps = {&apos; } }
            </failure>
        </testcase>
    </testsuite>
    <testsuite name="src/presentation/molecules/BrainRegionLabels.test.tsx" timestamp="2025-04-06T15:37:18.643Z" hostname="MacBookPro" tests="1" failures="1" errors="0" skipped="0" time="0">
        <testcase classname="src/presentation/molecules/BrainRegionLabels.test.tsx" name="src/presentation/molecules/BrainRegionLabels.test.tsx" time="0">
            <system-out>
[TEST SETUP] Global setup complete.

            </system-out>
            <failure message="Failed to resolve import &quot;@test/test-utils.unified&quot; from &quot;src/presentation/molecules/BrainRegionLabels.test.tsx&quot;. Does the file exist?" type="Error">
Error: Failed to resolve import &quot;@test/test-utils.unified&quot; from &quot;src/presentation/molecules/BrainRegionLabels.test.tsx&quot;. Does the file exist?
  Plugin: vite:import-analysis
  File: /Users/ray/Desktop/GITHUB/Novamind-Frontend/src/presentation/molecules/BrainRegionLabels.test.tsx:11:23
  4  |  import userEvent from &quot;@testing-library/user-event&quot;;
  5  |  import BrainRegionLabels from &quot;./BrainRegionLabels&quot;;
  6  |  import { render } from &quot;@test/test-utils.unified&quot;;
     |                          ^
  7  |  const mockProps = {
  8  |    regions: [],
 ❯ TransformPluginContext._formatLog node_modules/vite/dist/node/chunks/dep-Pj_jxEzN.js:47885:41
 ❯ TransformPluginContext.error node_modules/vite/dist/node/chunks/dep-Pj_jxEzN.js:47882:16
 ❯ normalizeUrl node_modules/vite/dist/node/chunks/dep-Pj_jxEzN.js:46015:23
 ❯ node_modules/vite/dist/node/chunks/dep-Pj_jxEzN.js:46134:37
 ❯ TransformPluginContext.transform node_modules/vite/dist/node/chunks/dep-Pj_jxEzN.js:46061:7
 ❯ EnvironmentPluginContainer.transform node_modules/vite/dist/node/chunks/dep-Pj_jxEzN.js:47680:18
 ❯ loadAndTransform node_modules/vite/dist/node/chunks/dep-Pj_jxEzN.js:41327:27

⎯⎯⎯⎯⎯⎯⎯⎯⎯⎯⎯⎯⎯⎯⎯⎯⎯⎯⎯⎯⎯⎯⎯⎯⎯⎯⎯⎯⎯⎯⎯⎯⎯⎯⎯⎯⎯⎯⎯⎯⎯⎯⎯⎯⎯⎯⎯⎯⎯⎯⎯⎯⎯⎯⎯⎯⎯⎯⎯⎯⎯⎯⎯⎯⎯⎯⎯⎯⎯⎯⎯⎯⎯⎯⎯⎯⎯⎯⎯⎯⎯⎯⎯⎯⎯⎯⎯⎯⎯⎯
Serialized Error: { __vitest_rollup_error__: { plugin: &apos;vite:import-analysis&apos;, id: &apos;/Users/ray/Desktop/GITHUB/Novamind-Frontend/src/presentation/molecules/BrainRegionLabels.test.tsx&apos;, loc: { file: &apos;/Users/ray/Desktop/GITHUB/Novamind-Frontend/src/presentation/molecules/BrainRegionLabels.test.tsx&apos;, line: 11, column: 23 }, frame: &apos;4  |  import userEvent from &quot;@testing-library/user-event&quot;;\n5  |  import BrainRegionLabels from &quot;./BrainRegionLabels&quot;;\n6  |  import { render } from &quot;@test/test-utils.unified&quot;;\n   |                          ^\n7  |  const mockProps = {\n8  |    regions: [],&apos; } }
            </failure>
        </testcase>
    </testsuite>
    <testsuite name="src/presentation/molecules/BrainRegionSelector.test.tsx" timestamp="2025-04-06T15:37:18.644Z" hostname="MacBookPro" tests="1" failures="0" errors="0" skipped="0" time="0.016431625">
        <testcase classname="src/presentation/molecules/BrainRegionSelector.test.tsx" name="BrainRegionSelector &gt; renders with clinical precision" time="0.015637167">
            <system-err>
React does not recognize the `selectedRegionId` prop on a DOM element. If you intentionally want it to appear in the DOM as a custom attribute, spell it as lowercase `selectedregionid` instead. If you accidentally passed it from a parent component, remove it from the DOM element.
Unknown event handler property `onSelectRegion`. It will be ignored.

            </system-err>
        </testcase>
    </testsuite>
    <testsuite name="src/presentation/molecules/BrainVisualizationControls.test.tsx" timestamp="2025-04-06T15:37:18.644Z" hostname="MacBookPro" tests="1" failures="1" errors="0" skipped="0" time="0">
        <testcase classname="src/presentation/molecules/BrainVisualizationControls.test.tsx" name="src/presentation/molecules/BrainVisualizationControls.test.tsx" time="0">
            <system-out>
[TEST SETUP] Global setup complete.

            </system-out>
            <failure message="Failed to resolve import &quot;@test/test-utils.unified&quot; from &quot;src/presentation/molecules/BrainVisualizationControls.test.tsx&quot;. Does the file exist?" type="Error">
Error: Failed to resolve import &quot;@test/test-utils.unified&quot; from &quot;src/presentation/molecules/BrainVisualizationControls.test.tsx&quot;. Does the file exist?
  Plugin: vite:import-analysis
  File: /Users/ray/Desktop/GITHUB/Novamind-Frontend/src/presentation/molecules/BrainVisualizationControls.test.tsx:8:31
  1  |  import { jsxDEV } from &quot;react/jsx-dev-runtime&quot;;
  2  |  import { describe, it, expect, vi } from &quot;vitest&quot;;
  3  |  import { render, screen } from &quot;@test/test-utils.unified&quot;;
     |                                  ^
  4  |  import BrainVisualizationControls from &quot;./BrainVisualizationControls&quot;;
  5  |  const mockProps = {
 ❯ TransformPluginContext._formatLog node_modules/vite/dist/node/chunks/dep-Pj_jxEzN.js:47885:41
 ❯ TransformPluginContext.error node_modules/vite/dist/node/chunks/dep-Pj_jxEzN.js:47882:16
 ❯ normalizeUrl node_modules/vite/dist/node/chunks/dep-Pj_jxEzN.js:46015:23
 ❯ node_modules/vite/dist/node/chunks/dep-Pj_jxEzN.js:46134:37
 ❯ TransformPluginContext.transform node_modules/vite/dist/node/chunks/dep-Pj_jxEzN.js:46061:7
 ❯ EnvironmentPluginContainer.transform node_modules/vite/dist/node/chunks/dep-Pj_jxEzN.js:47680:18
 ❯ loadAndTransform node_modules/vite/dist/node/chunks/dep-Pj_jxEzN.js:41327:27

⎯⎯⎯⎯⎯⎯⎯⎯⎯⎯⎯⎯⎯⎯⎯⎯⎯⎯⎯⎯⎯⎯⎯⎯⎯⎯⎯⎯⎯⎯⎯⎯⎯⎯⎯⎯⎯⎯⎯⎯⎯⎯⎯⎯⎯⎯⎯⎯⎯⎯⎯⎯⎯⎯⎯⎯⎯⎯⎯⎯⎯⎯⎯⎯⎯⎯⎯⎯⎯⎯⎯⎯⎯⎯⎯⎯⎯⎯⎯⎯⎯⎯⎯⎯⎯⎯⎯⎯⎯⎯
Serialized Error: { __vitest_rollup_error__: { plugin: &apos;vite:import-analysis&apos;, id: &apos;/Users/ray/Desktop/GITHUB/Novamind-Frontend/src/presentation/molecules/BrainVisualizationControls.test.tsx&apos;, loc: { file: &apos;/Users/ray/Desktop/GITHUB/Novamind-Frontend/src/presentation/molecules/BrainVisualizationControls.test.tsx&apos;, line: 8, column: 31 }, frame: &apos;1  |  import { jsxDEV } from &quot;react/jsx-dev-runtime&quot;;\n2  |  import { describe, it, expect, vi } from &quot;vitest&quot;;\n3  |  import { render, screen } from &quot;@test/test-utils.unified&quot;;\n   |                                  ^\n4  |  import BrainVisualizationControls from &quot;./BrainVisualizationControls&quot;;\n5  |  const mockProps = {&apos; } }
            </failure>
        </testcase>
    </testsuite>
    <testsuite name="src/presentation/molecules/Chart.test.tsx" timestamp="2025-04-06T15:37:18.644Z" hostname="MacBookPro" tests="1" failures="1" errors="0" skipped="0" time="0">
        <testcase classname="src/presentation/molecules/Chart.test.tsx" name="src/presentation/molecules/Chart.test.tsx" time="0">
            <system-out>
[TEST SETUP] Global setup complete.

            </system-out>
            <failure message="Failed to resolve import &quot;@test/test-utils.unified&quot; from &quot;src/presentation/molecules/Chart.test.tsx&quot;. Does the file exist?" type="Error">
Error: Failed to resolve import &quot;@test/test-utils.unified&quot; from &quot;src/presentation/molecules/Chart.test.tsx&quot;. Does the file exist?
  Plugin: vite:import-analysis
  File: /Users/ray/Desktop/GITHUB/Novamind-Frontend/src/presentation/molecules/Chart.test.tsx:11:23
  4  |  import userEvent from &quot;@testing-library/user-event&quot;;
  5  |  import { Chart } from &quot;./Chart&quot;;
  6  |  import { render } from &quot;@test/test-utils.unified&quot;;
     |                          ^
  7  |  const mockProps = {
  8  |    data: {
 ❯ TransformPluginContext._formatLog node_modules/vite/dist/node/chunks/dep-Pj_jxEzN.js:47885:41
 ❯ TransformPluginContext.error node_modules/vite/dist/node/chunks/dep-Pj_jxEzN.js:47882:16
 ❯ normalizeUrl node_modules/vite/dist/node/chunks/dep-Pj_jxEzN.js:46015:23
 ❯ node_modules/vite/dist/node/chunks/dep-Pj_jxEzN.js:46134:37
 ❯ TransformPluginContext.transform node_modules/vite/dist/node/chunks/dep-Pj_jxEzN.js:46061:7
 ❯ EnvironmentPluginContainer.transform node_modules/vite/dist/node/chunks/dep-Pj_jxEzN.js:47680:18
 ❯ loadAndTransform node_modules/vite/dist/node/chunks/dep-Pj_jxEzN.js:41327:27

⎯⎯⎯⎯⎯⎯⎯⎯⎯⎯⎯⎯⎯⎯⎯⎯⎯⎯⎯⎯⎯⎯⎯⎯⎯⎯⎯⎯⎯⎯⎯⎯⎯⎯⎯⎯⎯⎯⎯⎯⎯⎯⎯⎯⎯⎯⎯⎯⎯⎯⎯⎯⎯⎯⎯⎯⎯⎯⎯⎯⎯⎯⎯⎯⎯⎯⎯⎯⎯⎯⎯⎯⎯⎯⎯⎯⎯⎯⎯⎯⎯⎯⎯⎯⎯⎯⎯⎯⎯⎯
Serialized Error: { __vitest_rollup_error__: { plugin: &apos;vite:import-analysis&apos;, id: &apos;/Users/ray/Desktop/GITHUB/Novamind-Frontend/src/presentation/molecules/Chart.test.tsx&apos;, loc: { file: &apos;/Users/ray/Desktop/GITHUB/Novamind-Frontend/src/presentation/molecules/Chart.test.tsx&apos;, line: 11, column: 23 }, frame: &apos;4  |  import userEvent from &quot;@testing-library/user-event&quot;;\n5  |  import { Chart } from &quot;./Chart&quot;;\n6  |  import { render } from &quot;@test/test-utils.unified&quot;;\n   |                          ^\n7  |  const mockProps = {\n8  |    data: {&apos; } }
            </failure>
        </testcase>
    </testsuite>
    <testsuite name="src/presentation/molecules/ClinicalDataOverlay.test.tsx" timestamp="2025-04-06T15:37:18.645Z" hostname="MacBookPro" tests="1" failures="1" errors="0" skipped="0" time="0">
        <testcase classname="src/presentation/molecules/ClinicalDataOverlay.test.tsx" name="src/presentation/molecules/ClinicalDataOverlay.test.tsx" time="0">
            <system-out>
[TEST SETUP] Global setup complete.

            </system-out>
            <failure message="Failed to resolve import &quot;@test/test-utils.unified&quot; from &quot;src/presentation/molecules/ClinicalDataOverlay.test.tsx&quot;. Does the file exist?" type="Error">
Error: Failed to resolve import &quot;@test/test-utils.unified&quot; from &quot;src/presentation/molecules/ClinicalDataOverlay.test.tsx&quot;. Does the file exist?
  Plugin: vite:import-analysis
  File: /Users/ray/Desktop/GITHUB/Novamind-Frontend/src/presentation/molecules/ClinicalDataOverlay.test.tsx:11:23
  4  |  import userEvent from &quot;@testing-library/user-event&quot;;
  5  |  import ClinicalDataOverlay from &quot;./ClinicalDataOverlay&quot;;
  6  |  import { render } from &quot;@test/test-utils.unified&quot;;
     |                          ^
  7  |  const mockBrainModel = {
  8  |    // Added mock BrainModel
 ❯ TransformPluginContext._formatLog node_modules/vite/dist/node/chunks/dep-Pj_jxEzN.js:47885:41
 ❯ TransformPluginContext.error node_modules/vite/dist/node/chunks/dep-Pj_jxEzN.js:47882:16
 ❯ normalizeUrl node_modules/vite/dist/node/chunks/dep-Pj_jxEzN.js:46015:23
 ❯ node_modules/vite/dist/node/chunks/dep-Pj_jxEzN.js:46134:37
 ❯ TransformPluginContext.transform node_modules/vite/dist/node/chunks/dep-Pj_jxEzN.js:46061:7
 ❯ EnvironmentPluginContainer.transform node_modules/vite/dist/node/chunks/dep-Pj_jxEzN.js:47680:18
 ❯ loadAndTransform node_modules/vite/dist/node/chunks/dep-Pj_jxEzN.js:41327:27

⎯⎯⎯⎯⎯⎯⎯⎯⎯⎯⎯⎯⎯⎯⎯⎯⎯⎯⎯⎯⎯⎯⎯⎯⎯⎯⎯⎯⎯⎯⎯⎯⎯⎯⎯⎯⎯⎯⎯⎯⎯⎯⎯⎯⎯⎯⎯⎯⎯⎯⎯⎯⎯⎯⎯⎯⎯⎯⎯⎯⎯⎯⎯⎯⎯⎯⎯⎯⎯⎯⎯⎯⎯⎯⎯⎯⎯⎯⎯⎯⎯⎯⎯⎯⎯⎯⎯⎯⎯⎯
Serialized Error: { __vitest_rollup_error__: { plugin: &apos;vite:import-analysis&apos;, id: &apos;/Users/ray/Desktop/GITHUB/Novamind-Frontend/src/presentation/molecules/ClinicalDataOverlay.test.tsx&apos;, loc: { file: &apos;/Users/ray/Desktop/GITHUB/Novamind-Frontend/src/presentation/molecules/ClinicalDataOverlay.test.tsx&apos;, line: 11, column: 23 }, frame: &apos;4  |  import userEvent from &quot;@testing-library/user-event&quot;;\n5  |  import ClinicalDataOverlay from &quot;./ClinicalDataOverlay&quot;;\n6  |  import { render } from &quot;@test/test-utils.unified&quot;;\n   |                          ^\n7  |  const mockBrainModel = {\n8  |    // Added mock BrainModel&apos; } }
            </failure>
        </testcase>
    </testsuite>
    <testsuite name="src/presentation/molecules/ClinicalMetricsCard.test.tsx" timestamp="2025-04-06T15:37:18.645Z" hostname="MacBookPro" tests="2" failures="0" errors="0" skipped="0" time="0.042566667">
        <testcase classname="src/presentation/molecules/ClinicalMetricsCard.test.tsx" name="ClinicalMetricCard &gt; renders with neural precision" time="0.005098375">
        </testcase>
        <testcase classname="src/presentation/molecules/ClinicalMetricsCard.test.tsx" name="ClinicalMetricCard &gt; responds to user interaction with quantum precision" time="0.036605167">
        </testcase>
    </testsuite>
    <testsuite name="src/presentation/molecules/DataStreamVisualizer.test.tsx" timestamp="2025-04-06T15:37:18.645Z" hostname="MacBookPro" tests="1" failures="1" errors="0" skipped="0" time="0">
        <testcase classname="src/presentation/molecules/DataStreamVisualizer.test.tsx" name="src/presentation/molecules/DataStreamVisualizer.test.tsx" time="0">
            <system-out>
[TEST SETUP] Global setup complete.

            </system-out>
            <failure message="Cannot destructure property &apos;ReactCurrentOwner&apos; of &apos;React__namespace.__SECRET_INTERNALS_DO_NOT_USE_OR_YOU_WILL_BE_FIRED&apos; as it is undefined." type="TypeError">
TypeError: Cannot destructure property &apos;ReactCurrentOwner&apos; of &apos;React__namespace.__SECRET_INTERNALS_DO_NOT_USE_OR_YOU_WILL_BE_FIRED&apos; as it is undefined.
 ❯ Module.&lt;anonymous&gt; node_modules/its-fine/src/index.tsx:84:9
 ❯ Object.&lt;anonymous&gt; node_modules/@react-three/fiber/dist/events-485b18b5.cjs.dev.js:11:15
            </failure>
        </testcase>
    </testsuite>
    <testsuite name="src/presentation/molecules/Header.test.tsx" timestamp="2025-04-06T15:37:18.645Z" hostname="MacBookPro" tests="1" failures="1" errors="0" skipped="0" time="0">
        <testcase classname="src/presentation/molecules/Header.test.tsx" name="src/presentation/molecules/Header.test.tsx" time="0">
            <system-out>
[TEST SETUP] Global setup complete.

            </system-out>
            <failure message="Failed to resolve import &quot;@test/test-utils.unified&quot; from &quot;src/presentation/molecules/Header.test.tsx&quot;. Does the file exist?" type="Error">
Error: Failed to resolve import &quot;@test/test-utils.unified&quot; from &quot;src/presentation/molecules/Header.test.tsx&quot;. Does the file exist?
  Plugin: vite:import-analysis
  File: /Users/ray/Desktop/GITHUB/Novamind-Frontend/src/presentation/molecules/Header.test.tsx:11:23
  4  |  import userEvent from &quot;@testing-library/user-event&quot;;
  5  |  import Header from &quot;./Header&quot;;
  6  |  import { render } from &quot;@test/test-utils.unified&quot;;
     |                          ^
  7  |  const mockProps = {
  8  |    title: &quot;Test Dashboard&quot;
 ❯ TransformPluginContext._formatLog node_modules/vite/dist/node/chunks/dep-Pj_jxEzN.js:47885:41
 ❯ TransformPluginContext.error node_modules/vite/dist/node/chunks/dep-Pj_jxEzN.js:47882:16
 ❯ normalizeUrl node_modules/vite/dist/node/chunks/dep-Pj_jxEzN.js:46015:23
 ❯ node_modules/vite/dist/node/chunks/dep-Pj_jxEzN.js:46134:37
 ❯ TransformPluginContext.transform node_modules/vite/dist/node/chunks/dep-Pj_jxEzN.js:46061:7
 ❯ EnvironmentPluginContainer.transform node_modules/vite/dist/node/chunks/dep-Pj_jxEzN.js:47680:18
 ❯ loadAndTransform node_modules/vite/dist/node/chunks/dep-Pj_jxEzN.js:41327:27

⎯⎯⎯⎯⎯⎯⎯⎯⎯⎯⎯⎯⎯⎯⎯⎯⎯⎯⎯⎯⎯⎯⎯⎯⎯⎯⎯⎯⎯⎯⎯⎯⎯⎯⎯⎯⎯⎯⎯⎯⎯⎯⎯⎯⎯⎯⎯⎯⎯⎯⎯⎯⎯⎯⎯⎯⎯⎯⎯⎯⎯⎯⎯⎯⎯⎯⎯⎯⎯⎯⎯⎯⎯⎯⎯⎯⎯⎯⎯⎯⎯⎯⎯⎯⎯⎯⎯⎯⎯⎯
Serialized Error: { __vitest_rollup_error__: { plugin: &apos;vite:import-analysis&apos;, id: &apos;/Users/ray/Desktop/GITHUB/Novamind-Frontend/src/presentation/molecules/Header.test.tsx&apos;, loc: { file: &apos;/Users/ray/Desktop/GITHUB/Novamind-Frontend/src/presentation/molecules/Header.test.tsx&apos;, line: 11, column: 23 }, frame: &apos;4  |  import userEvent from &quot;@testing-library/user-event&quot;;\n5  |  import Header from &quot;./Header&quot;;\n6  |  import { render } from &quot;@test/test-utils.unified&quot;;\n   |                          ^\n7  |  const mockProps = {\n8  |    title: &quot;Test Dashboard&quot;&apos; } }
            </failure>
        </testcase>
    </testsuite>
    <testsuite name="src/presentation/molecules/NeuralActivityVisualizer.test.tsx" timestamp="2025-04-06T15:37:18.646Z" hostname="MacBookPro" tests="1" failures="1" errors="0" skipped="0" time="0">
        <testcase classname="src/presentation/molecules/NeuralActivityVisualizer.test.tsx" name="src/presentation/molecules/NeuralActivityVisualizer.test.tsx" time="0">
            <system-out>
[TEST SETUP] Global setup complete.

            </system-out>
            <failure message="Failed to resolve import &quot;@test/webgl&quot; from &quot;src/presentation/molecules/NeuralActivityVisualizer.test.tsx&quot;. Does the file exist?" type="Error">
Error: Failed to resolve import &quot;@test/webgl&quot; from &quot;src/presentation/molecules/NeuralActivityVisualizer.test.tsx&quot;. Does the file exist?
  Plugin: vite:import-analysis
  File: /Users/ray/Desktop/GITHUB/Novamind-Frontend/src/presentation/molecules/NeuralActivityVisualizer.test.tsx:7:0
  46 |  }));
  47 |  const __vi_import_0__ = await import(&quot;react/jsx-dev-runtime&quot;);
  48 |  const __vi_import_1__ = await import(&quot;@test/webgl&quot;);
     |                                       ^
  49 |  const __vi_import_2__ = await import(&quot;./NeuralActivityVisualizer&quot;);
  50 |  
 ❯ TransformPluginContext._formatLog node_modules/vite/dist/node/chunks/dep-Pj_jxEzN.js:47885:41
 ❯ TransformPluginContext.error node_modules/vite/dist/node/chunks/dep-Pj_jxEzN.js:47882:16
 ❯ normalizeUrl node_modules/vite/dist/node/chunks/dep-Pj_jxEzN.js:46015:23
 ❯ node_modules/vite/dist/node/chunks/dep-Pj_jxEzN.js:46134:37
 ❯ TransformPluginContext.transform node_modules/vite/dist/node/chunks/dep-Pj_jxEzN.js:46061:7
 ❯ EnvironmentPluginContainer.transform node_modules/vite/dist/node/chunks/dep-Pj_jxEzN.js:47680:18
 ❯ loadAndTransform node_modules/vite/dist/node/chunks/dep-Pj_jxEzN.js:41327:27

⎯⎯⎯⎯⎯⎯⎯⎯⎯⎯⎯⎯⎯⎯⎯⎯⎯⎯⎯⎯⎯⎯⎯⎯⎯⎯⎯⎯⎯⎯⎯⎯⎯⎯⎯⎯⎯⎯⎯⎯⎯⎯⎯⎯⎯⎯⎯⎯⎯⎯⎯⎯⎯⎯⎯⎯⎯⎯⎯⎯⎯⎯⎯⎯⎯⎯⎯⎯⎯⎯⎯⎯⎯⎯⎯⎯⎯⎯⎯⎯⎯⎯⎯⎯⎯⎯⎯⎯⎯⎯
Serialized Error: { __vitest_rollup_error__: { plugin: &apos;vite:import-analysis&apos;, id: &apos;/Users/ray/Desktop/GITHUB/Novamind-Frontend/src/presentation/molecules/NeuralActivityVisualizer.test.tsx&apos;, loc: { file: &apos;/Users/ray/Desktop/GITHUB/Novamind-Frontend/src/presentation/molecules/NeuralActivityVisualizer.test.tsx&apos;, line: 7, column: +0 }, frame: &apos;46 |  }));\n47 |  const __vi_import_0__ = await import(&quot;react/jsx-dev-runtime&quot;);\n48 |  const __vi_import_1__ = await import(&quot;@test/webgl&quot;);\n   |                                       ^\n49 |  const __vi_import_2__ = await import(&quot;./NeuralActivityVisualizer&quot;);\n50 |  &apos; } }
            </failure>
        </testcase>
    </testsuite>
    <testsuite name="src/presentation/molecules/NeuralConnections.test.tsx" timestamp="2025-04-06T15:37:18.646Z" hostname="MacBookPro" tests="1" failures="1" errors="0" skipped="0" time="0">
        <testcase classname="src/presentation/molecules/NeuralConnections.test.tsx" name="src/presentation/molecules/NeuralConnections.test.tsx" time="0">
            <system-out>
[TEST SETUP] Global setup complete.

            </system-out>
            <failure message="Failed to resolve import &quot;@test/test-utils.unified&quot; from &quot;src/presentation/molecules/NeuralConnections.test.tsx&quot;. Does the file exist?" type="Error">
Error: Failed to resolve import &quot;@test/test-utils.unified&quot; from &quot;src/presentation/molecules/NeuralConnections.test.tsx&quot;. Does the file exist?
  Plugin: vite:import-analysis
  File: /Users/ray/Desktop/GITHUB/Novamind-Frontend/src/presentation/molecules/NeuralConnections.test.tsx:11:23
  4  |  import userEvent from &quot;@testing-library/user-event&quot;;
  5  |  import NeuralConnections from &quot;./NeuralConnections&quot;;
  6  |  import { render } from &quot;@test/test-utils.unified&quot;;
     |                          ^
  7  |  import { RenderMode } from &quot;@domain/types/brain/visualization&quot;;
  8  |  const mockProps = {
 ❯ TransformPluginContext._formatLog node_modules/vite/dist/node/chunks/dep-Pj_jxEzN.js:47885:41
 ❯ TransformPluginContext.error node_modules/vite/dist/node/chunks/dep-Pj_jxEzN.js:47882:16
 ❯ normalizeUrl node_modules/vite/dist/node/chunks/dep-Pj_jxEzN.js:46015:23
 ❯ node_modules/vite/dist/node/chunks/dep-Pj_jxEzN.js:46134:37
 ❯ TransformPluginContext.transform node_modules/vite/dist/node/chunks/dep-Pj_jxEzN.js:46061:7
 ❯ EnvironmentPluginContainer.transform node_modules/vite/dist/node/chunks/dep-Pj_jxEzN.js:47680:18
 ❯ loadAndTransform node_modules/vite/dist/node/chunks/dep-Pj_jxEzN.js:41327:27

⎯⎯⎯⎯⎯⎯⎯⎯⎯⎯⎯⎯⎯⎯⎯⎯⎯⎯⎯⎯⎯⎯⎯⎯⎯⎯⎯⎯⎯⎯⎯⎯⎯⎯⎯⎯⎯⎯⎯⎯⎯⎯⎯⎯⎯⎯⎯⎯⎯⎯⎯⎯⎯⎯⎯⎯⎯⎯⎯⎯⎯⎯⎯⎯⎯⎯⎯⎯⎯⎯⎯⎯⎯⎯⎯⎯⎯⎯⎯⎯⎯⎯⎯⎯⎯⎯⎯⎯⎯⎯
Serialized Error: { __vitest_rollup_error__: { plugin: &apos;vite:import-analysis&apos;, id: &apos;/Users/ray/Desktop/GITHUB/Novamind-Frontend/src/presentation/molecules/NeuralConnections.test.tsx&apos;, loc: { file: &apos;/Users/ray/Desktop/GITHUB/Novamind-Frontend/src/presentation/molecules/NeuralConnections.test.tsx&apos;, line: 11, column: 23 }, frame: &apos;4  |  import userEvent from &quot;@testing-library/user-event&quot;;\n5  |  import NeuralConnections from &quot;./NeuralConnections&quot;;\n6  |  import { render } from &quot;@test/test-utils.unified&quot;;\n   |                          ^\n7  |  import { RenderMode } from &quot;@domain/types/brain/visualization&quot;;\n8  |  const mockProps = {&apos; } }
            </failure>
        </testcase>
    </testsuite>
    <testsuite name="src/presentation/molecules/PatientHeader.test.tsx" timestamp="2025-04-06T15:37:18.646Z" hostname="MacBookPro" tests="1" failures="1" errors="0" skipped="0" time="0">
        <testcase classname="src/presentation/molecules/PatientHeader.test.tsx" name="src/presentation/molecules/PatientHeader.test.tsx" time="0">
            <system-out>
[TEST SETUP] Global setup complete.

            </system-out>
            <failure message="Failed to resolve import &quot;@test/webgl&quot; from &quot;src/presentation/molecules/PatientHeader.test.tsx&quot;. Does the file exist?" type="Error">
Error: Failed to resolve import &quot;@test/webgl&quot; from &quot;src/presentation/molecules/PatientHeader.test.tsx&quot;. Does the file exist?
  Plugin: vite:import-analysis
  File: /Users/ray/Desktop/GITHUB/Novamind-Frontend/src/presentation/molecules/PatientHeader.test.tsx:9:51
  3  |  import { render, screen } from &quot;@testing-library/react&quot;;
  4  |  import userEvent from &quot;@testing-library/user-event&quot;;
  5  |  import { setupWebGLMocks, cleanupWebGLMocks } from &quot;@test/webgl&quot;;
     |                                                      ^
  6  |  import { PatientHeader } from &quot;./PatientHeader&quot;;
  7  |  beforeEach(() =&gt; {
 ❯ TransformPluginContext._formatLog node_modules/vite/dist/node/chunks/dep-Pj_jxEzN.js:47885:41
 ❯ TransformPluginContext.error node_modules/vite/dist/node/chunks/dep-Pj_jxEzN.js:47882:16
 ❯ normalizeUrl node_modules/vite/dist/node/chunks/dep-Pj_jxEzN.js:46015:23
 ❯ node_modules/vite/dist/node/chunks/dep-Pj_jxEzN.js:46134:37
 ❯ TransformPluginContext.transform node_modules/vite/dist/node/chunks/dep-Pj_jxEzN.js:46061:7
 ❯ EnvironmentPluginContainer.transform node_modules/vite/dist/node/chunks/dep-Pj_jxEzN.js:47680:18
 ❯ loadAndTransform node_modules/vite/dist/node/chunks/dep-Pj_jxEzN.js:41327:27

⎯⎯⎯⎯⎯⎯⎯⎯⎯⎯⎯⎯⎯⎯⎯⎯⎯⎯⎯⎯⎯⎯⎯⎯⎯⎯⎯⎯⎯⎯⎯⎯⎯⎯⎯⎯⎯⎯⎯⎯⎯⎯⎯⎯⎯⎯⎯⎯⎯⎯⎯⎯⎯⎯⎯⎯⎯⎯⎯⎯⎯⎯⎯⎯⎯⎯⎯⎯⎯⎯⎯⎯⎯⎯⎯⎯⎯⎯⎯⎯⎯⎯⎯⎯⎯⎯⎯⎯⎯⎯
Serialized Error: { __vitest_rollup_error__: { plugin: &apos;vite:import-analysis&apos;, id: &apos;/Users/ray/Desktop/GITHUB/Novamind-Frontend/src/presentation/molecules/PatientHeader.test.tsx&apos;, loc: { file: &apos;/Users/ray/Desktop/GITHUB/Novamind-Frontend/src/presentation/molecules/PatientHeader.test.tsx&apos;, line: 9, column: 51 }, frame: &apos;3  |  import { render, screen } from &quot;@testing-library/react&quot;;\n4  |  import userEvent from &quot;@testing-library/user-event&quot;;\n5  |  import { setupWebGLMocks, cleanupWebGLMocks } from &quot;@test/webgl&quot;;\n   |                                                      ^\n6  |  import { PatientHeader } from &quot;./PatientHeader&quot;;\n7  |  beforeEach(() =&gt; {&apos; } }
            </failure>
        </testcase>
    </testsuite>
    <testsuite name="src/presentation/molecules/RegionSelectionPanel.test.tsx" timestamp="2025-04-06T15:37:18.648Z" hostname="MacBookPro" tests="1" failures="1" errors="0" skipped="0" time="0">
        <testcase classname="src/presentation/molecules/RegionSelectionPanel.test.tsx" name="src/presentation/molecules/RegionSelectionPanel.test.tsx" time="0">
            <system-out>
[TEST SETUP] Global setup complete.

            </system-out>
            <failure message="Failed to resolve import &quot;@test/test-utils.unified&quot; from &quot;src/presentation/molecules/RegionSelectionPanel.test.tsx&quot;. Does the file exist?" type="Error">
Error: Failed to resolve import &quot;@test/test-utils.unified&quot; from &quot;src/presentation/molecules/RegionSelectionPanel.test.tsx&quot;. Does the file exist?
  Plugin: vite:import-analysis
  File: /Users/ray/Desktop/GITHUB/Novamind-Frontend/src/presentation/molecules/RegionSelectionPanel.test.tsx:11:23
  4  |  import userEvent from &quot;@testing-library/user-event&quot;;
  5  |  import RegionSelectionPanel from &quot;./RegionSelectionPanel&quot;;
  6  |  import { render } from &quot;@test/test-utils.unified&quot;;
     |                          ^
  7  |  const mockProps = {
  8  |    regions: [],
 ❯ TransformPluginContext._formatLog node_modules/vite/dist/node/chunks/dep-Pj_jxEzN.js:47885:41
 ❯ TransformPluginContext.error node_modules/vite/dist/node/chunks/dep-Pj_jxEzN.js:47882:16
 ❯ normalizeUrl node_modules/vite/dist/node/chunks/dep-Pj_jxEzN.js:46015:23
 ❯ node_modules/vite/dist/node/chunks/dep-Pj_jxEzN.js:46134:37
 ❯ TransformPluginContext.transform node_modules/vite/dist/node/chunks/dep-Pj_jxEzN.js:46061:7
 ❯ EnvironmentPluginContainer.transform node_modules/vite/dist/node/chunks/dep-Pj_jxEzN.js:47680:18
 ❯ loadAndTransform node_modules/vite/dist/node/chunks/dep-Pj_jxEzN.js:41327:27

⎯⎯⎯⎯⎯⎯⎯⎯⎯⎯⎯⎯⎯⎯⎯⎯⎯⎯⎯⎯⎯⎯⎯⎯⎯⎯⎯⎯⎯⎯⎯⎯⎯⎯⎯⎯⎯⎯⎯⎯⎯⎯⎯⎯⎯⎯⎯⎯⎯⎯⎯⎯⎯⎯⎯⎯⎯⎯⎯⎯⎯⎯⎯⎯⎯⎯⎯⎯⎯⎯⎯⎯⎯⎯⎯⎯⎯⎯⎯⎯⎯⎯⎯⎯⎯⎯⎯⎯⎯⎯
Serialized Error: { __vitest_rollup_error__: { plugin: &apos;vite:import-analysis&apos;, id: &apos;/Users/ray/Desktop/GITHUB/Novamind-Frontend/src/presentation/molecules/RegionSelectionPanel.test.tsx&apos;, loc: { file: &apos;/Users/ray/Desktop/GITHUB/Novamind-Frontend/src/presentation/molecules/RegionSelectionPanel.test.tsx&apos;, line: 11, column: 23 }, frame: &apos;4  |  import userEvent from &quot;@testing-library/user-event&quot;;\n5  |  import RegionSelectionPanel from &quot;./RegionSelectionPanel&quot;;\n6  |  import { render } from &quot;@test/test-utils.unified&quot;;\n   |                          ^\n7  |  const mockProps = {\n8  |    regions: [],&apos; } }
            </failure>
        </testcase>
    </testsuite>
    <testsuite name="src/presentation/molecules/SymptomRegionMappingVisualizer.test.tsx" timestamp="2025-04-06T15:37:18.649Z" hostname="MacBookPro" tests="1" failures="1" errors="0" skipped="0" time="0">
        <testcase classname="src/presentation/molecules/SymptomRegionMappingVisualizer.test.tsx" name="src/presentation/molecules/SymptomRegionMappingVisualizer.test.tsx" time="0">
            <system-out>
[TEST SETUP] Global setup complete.

            </system-out>
            <failure message="Failed to resolve import &quot;@test/test-utils.unified&quot; from &quot;src/presentation/molecules/SymptomRegionMappingVisualizer.test.tsx&quot;. Does the file exist?" type="Error">
Error: Failed to resolve import &quot;@test/test-utils.unified&quot; from &quot;src/presentation/molecules/SymptomRegionMappingVisualizer.test.tsx&quot;. Does the file exist?
  Plugin: vite:import-analysis
  File: /Users/ray/Desktop/GITHUB/Novamind-Frontend/src/presentation/molecules/SymptomRegionMappingVisualizer.test.tsx:8:0
  110|  const __vi_import_0__ = await import(&quot;react/jsx-dev-runtime&quot;);
  111|  const __vi_import_1__ = await import(&quot;react&quot;);
  112|  const __vi_import_2__ = await import(&quot;@test/test-utils.unified&quot;);
     |                                       ^
  113|  const __vi_import_3__ = await import(&quot;./SymptomRegionMappingVisualizer&quot;);
  114|  const __vi_import_4__ = await import(&quot;three&quot;);
 ❯ TransformPluginContext._formatLog node_modules/vite/dist/node/chunks/dep-Pj_jxEzN.js:47885:41
 ❯ TransformPluginContext.error node_modules/vite/dist/node/chunks/dep-Pj_jxEzN.js:47882:16
 ❯ normalizeUrl node_modules/vite/dist/node/chunks/dep-Pj_jxEzN.js:46015:23
 ❯ node_modules/vite/dist/node/chunks/dep-Pj_jxEzN.js:46134:37
 ❯ TransformPluginContext.transform node_modules/vite/dist/node/chunks/dep-Pj_jxEzN.js:46061:7
 ❯ EnvironmentPluginContainer.transform node_modules/vite/dist/node/chunks/dep-Pj_jxEzN.js:47680:18
 ❯ loadAndTransform node_modules/vite/dist/node/chunks/dep-Pj_jxEzN.js:41327:27

⎯⎯⎯⎯⎯⎯⎯⎯⎯⎯⎯⎯⎯⎯⎯⎯⎯⎯⎯⎯⎯⎯⎯⎯⎯⎯⎯⎯⎯⎯⎯⎯⎯⎯⎯⎯⎯⎯⎯⎯⎯⎯⎯⎯⎯⎯⎯⎯⎯⎯⎯⎯⎯⎯⎯⎯⎯⎯⎯⎯⎯⎯⎯⎯⎯⎯⎯⎯⎯⎯⎯⎯⎯⎯⎯⎯⎯⎯⎯⎯⎯⎯⎯⎯⎯⎯⎯⎯⎯⎯
Serialized Error: { __vitest_rollup_error__: { plugin: &apos;vite:import-analysis&apos;, id: &apos;/Users/ray/Desktop/GITHUB/Novamind-Frontend/src/presentation/molecules/SymptomRegionMappingVisualizer.test.tsx&apos;, loc: { file: &apos;/Users/ray/Desktop/GITHUB/Novamind-Frontend/src/presentation/molecules/SymptomRegionMappingVisualizer.test.tsx&apos;, line: 8, column: +0 }, frame: &apos;110|  const __vi_import_0__ = await import(&quot;react/jsx-dev-runtime&quot;);\n111|  const __vi_import_1__ = await import(&quot;react&quot;);\n112|  const __vi_import_2__ = await import(&quot;@test/test-utils.unified&quot;);\n   |                                       ^\n113|  const __vi_import_3__ = await import(&quot;./SymptomRegionMappingVisualizer&quot;);\n114|  const __vi_import_4__ = await import(&quot;three&quot;);&apos; } }
            </failure>
        </testcase>
    </testsuite>
    <testsuite name="src/presentation/molecules/TemporalDynamicsVisualizer.test.tsx" timestamp="2025-04-06T15:37:18.649Z" hostname="MacBookPro" tests="1" failures="1" errors="0" skipped="0" time="0">
        <testcase classname="src/presentation/molecules/TemporalDynamicsVisualizer.test.tsx" name="src/presentation/molecules/TemporalDynamicsVisualizer.test.tsx" time="0">
            <system-out>
[TEST SETUP] Global setup complete.

            </system-out>
            <failure message="Failed to resolve import &quot;@test/webgl&quot; from &quot;src/presentation/molecules/TemporalDynamicsVisualizer.test.tsx&quot;. Does the file exist?" type="Error">
Error: Failed to resolve import &quot;@test/webgl&quot; from &quot;src/presentation/molecules/TemporalDynamicsVisualizer.test.tsx&quot;. Does the file exist?
  Plugin: vite:import-analysis
  File: /Users/ray/Desktop/GITHUB/Novamind-Frontend/src/presentation/molecules/TemporalDynamicsVisualizer.test.tsx:7:0
  43 |  }));
  44 |  const __vi_import_0__ = await import(&quot;react/jsx-dev-runtime&quot;);
  45 |  const __vi_import_1__ = await import(&quot;@test/webgl&quot;);
     |                                       ^
  46 |  const __vi_import_2__ = await import(&quot;./TemporalDynamicsVisualizer&quot;);
  47 |  
 ❯ TransformPluginContext._formatLog node_modules/vite/dist/node/chunks/dep-Pj_jxEzN.js:47885:41
 ❯ TransformPluginContext.error node_modules/vite/dist/node/chunks/dep-Pj_jxEzN.js:47882:16
 ❯ normalizeUrl node_modules/vite/dist/node/chunks/dep-Pj_jxEzN.js:46015:23
 ❯ node_modules/vite/dist/node/chunks/dep-Pj_jxEzN.js:46134:37
 ❯ TransformPluginContext.transform node_modules/vite/dist/node/chunks/dep-Pj_jxEzN.js:46061:7
 ❯ EnvironmentPluginContainer.transform node_modules/vite/dist/node/chunks/dep-Pj_jxEzN.js:47680:18
 ❯ loadAndTransform node_modules/vite/dist/node/chunks/dep-Pj_jxEzN.js:41327:27

⎯⎯⎯⎯⎯⎯⎯⎯⎯⎯⎯⎯⎯⎯⎯⎯⎯⎯⎯⎯⎯⎯⎯⎯⎯⎯⎯⎯⎯⎯⎯⎯⎯⎯⎯⎯⎯⎯⎯⎯⎯⎯⎯⎯⎯⎯⎯⎯⎯⎯⎯⎯⎯⎯⎯⎯⎯⎯⎯⎯⎯⎯⎯⎯⎯⎯⎯⎯⎯⎯⎯⎯⎯⎯⎯⎯⎯⎯⎯⎯⎯⎯⎯⎯⎯⎯⎯⎯⎯⎯
Serialized Error: { __vitest_rollup_error__: { plugin: &apos;vite:import-analysis&apos;, id: &apos;/Users/ray/Desktop/GITHUB/Novamind-Frontend/src/presentation/molecules/TemporalDynamicsVisualizer.test.tsx&apos;, loc: { file: &apos;/Users/ray/Desktop/GITHUB/Novamind-Frontend/src/presentation/molecules/TemporalDynamicsVisualizer.test.tsx&apos;, line: 7, column: +0 }, frame: &apos;43 |  }));\n44 |  const __vi_import_0__ = await import(&quot;react/jsx-dev-runtime&quot;);\n45 |  const __vi_import_1__ = await import(&quot;@test/webgl&quot;);\n   |                                       ^\n46 |  const __vi_import_2__ = await import(&quot;./TemporalDynamicsVisualizer&quot;);\n47 |  &apos; } }
            </failure>
        </testcase>
    </testsuite>
    <testsuite name="src/presentation/molecules/TherapeuticTimelineVisualizer.test.tsx" timestamp="2025-04-06T15:37:18.652Z" hostname="MacBookPro" tests="1" failures="0" errors="0" skipped="0" time="0.016517334">
        <testcase classname="src/presentation/molecules/TherapeuticTimelineVisualizer.test.tsx" name="TherapeuticTimelineVisualizer &gt; renders with clinical precision" time="0.01554725">
        </testcase>
    </testsuite>
    <testsuite name="src/presentation/molecules/TimelineEvent.test.tsx" timestamp="2025-04-06T15:37:18.652Z" hostname="MacBookPro" tests="1" failures="1" errors="0" skipped="0" time="0">
        <testcase classname="src/presentation/molecules/TimelineEvent.test.tsx" name="src/presentation/molecules/TimelineEvent.test.tsx" time="0">
            <system-out>
[TEST SETUP] Global setup complete.

            </system-out>
            <failure message="Failed to resolve import &quot;@test/webgl&quot; from &quot;src/presentation/molecules/TimelineEvent.test.tsx&quot;. Does the file exist?" type="Error">
Error: Failed to resolve import &quot;@test/webgl&quot; from &quot;src/presentation/molecules/TimelineEvent.test.tsx&quot;. Does the file exist?
  Plugin: vite:import-analysis
  File: /Users/ray/Desktop/GITHUB/Novamind-Frontend/src/presentation/molecules/TimelineEvent.test.tsx:8:51
  2  |  import { describe, it, expect, vi, beforeEach, afterEach } from &quot;vitest&quot;;
  3  |  import { render, screen, fireEvent } from &quot;@testing-library/react&quot;;
  4  |  import { setupWebGLMocks, cleanupWebGLMocks } from &quot;@test/webgl&quot;;
     |                                                      ^
  5  |  import { TimelineEvent } from &quot;./TimelineEvent&quot;;
  6  |  beforeEach(() =&gt; {
 ❯ TransformPluginContext._formatLog node_modules/vite/dist/node/chunks/dep-Pj_jxEzN.js:47885:41
 ❯ TransformPluginContext.error node_modules/vite/dist/node/chunks/dep-Pj_jxEzN.js:47882:16
 ❯ normalizeUrl node_modules/vite/dist/node/chunks/dep-Pj_jxEzN.js:46015:23
 ❯ node_modules/vite/dist/node/chunks/dep-Pj_jxEzN.js:46134:37
 ❯ TransformPluginContext.transform node_modules/vite/dist/node/chunks/dep-Pj_jxEzN.js:46061:7
 ❯ EnvironmentPluginContainer.transform node_modules/vite/dist/node/chunks/dep-Pj_jxEzN.js:47680:18
 ❯ loadAndTransform node_modules/vite/dist/node/chunks/dep-Pj_jxEzN.js:41327:27

⎯⎯⎯⎯⎯⎯⎯⎯⎯⎯⎯⎯⎯⎯⎯⎯⎯⎯⎯⎯⎯⎯⎯⎯⎯⎯⎯⎯⎯⎯⎯⎯⎯⎯⎯⎯⎯⎯⎯⎯⎯⎯⎯⎯⎯⎯⎯⎯⎯⎯⎯⎯⎯⎯⎯⎯⎯⎯⎯⎯⎯⎯⎯⎯⎯⎯⎯⎯⎯⎯⎯⎯⎯⎯⎯⎯⎯⎯⎯⎯⎯⎯⎯⎯⎯⎯⎯⎯⎯⎯
Serialized Error: { __vitest_rollup_error__: { plugin: &apos;vite:import-analysis&apos;, id: &apos;/Users/ray/Desktop/GITHUB/Novamind-Frontend/src/presentation/molecules/TimelineEvent.test.tsx&apos;, loc: { file: &apos;/Users/ray/Desktop/GITHUB/Novamind-Frontend/src/presentation/molecules/TimelineEvent.test.tsx&apos;, line: 8, column: 51 }, frame: &apos;2  |  import { describe, it, expect, vi, beforeEach, afterEach } from &quot;vitest&quot;;\n3  |  import { render, screen, fireEvent } from &quot;@testing-library/react&quot;;\n4  |  import { setupWebGLMocks, cleanupWebGLMocks } from &quot;@test/webgl&quot;;\n   |                                                      ^\n5  |  import { TimelineEvent } from &quot;./TimelineEvent&quot;;\n6  |  beforeEach(() =&gt; {&apos; } }
            </failure>
        </testcase>
    </testsuite>
    <testsuite name="src/presentation/molecules/TreatmentResponseVisualizer.test.tsx" timestamp="2025-04-06T15:37:18.653Z" hostname="MacBookPro" tests="1" failures="1" errors="0" skipped="0" time="0">
        <testcase classname="src/presentation/molecules/TreatmentResponseVisualizer.test.tsx" name="src/presentation/molecules/TreatmentResponseVisualizer.test.tsx" time="0">
            <system-out>
[TEST SETUP] Global setup complete.

            </system-out>
            <failure message="Failed to resolve import &quot;@test/webgl&quot; from &quot;src/presentation/molecules/TreatmentResponseVisualizer.test.tsx&quot;. Does the file exist?" type="Error">
Error: Failed to resolve import &quot;@test/webgl&quot; from &quot;src/presentation/molecules/TreatmentResponseVisualizer.test.tsx&quot;. Does the file exist?
  Plugin: vite:import-analysis
  File: /Users/ray/Desktop/GITHUB/Novamind-Frontend/src/presentation/molecules/TreatmentResponseVisualizer.test.tsx:7:0
  43 |  }));
  44 |  const __vi_import_0__ = await import(&quot;react/jsx-dev-runtime&quot;);
  45 |  const __vi_import_1__ = await import(&quot;@test/webgl&quot;);
     |                                       ^
  46 |  const __vi_import_2__ = await import(&quot;./TreatmentResponseVisualizer&quot;);
  47 |  
 ❯ TransformPluginContext._formatLog node_modules/vite/dist/node/chunks/dep-Pj_jxEzN.js:47885:41
 ❯ TransformPluginContext.error node_modules/vite/dist/node/chunks/dep-Pj_jxEzN.js:47882:16
 ❯ normalizeUrl node_modules/vite/dist/node/chunks/dep-Pj_jxEzN.js:46015:23
 ❯ node_modules/vite/dist/node/chunks/dep-Pj_jxEzN.js:46134:37
 ❯ TransformPluginContext.transform node_modules/vite/dist/node/chunks/dep-Pj_jxEzN.js:46061:7
 ❯ EnvironmentPluginContainer.transform node_modules/vite/dist/node/chunks/dep-Pj_jxEzN.js:47680:18
 ❯ loadAndTransform node_modules/vite/dist/node/chunks/dep-Pj_jxEzN.js:41327:27

⎯⎯⎯⎯⎯⎯⎯⎯⎯⎯⎯⎯⎯⎯⎯⎯⎯⎯⎯⎯⎯⎯⎯⎯⎯⎯⎯⎯⎯⎯⎯⎯⎯⎯⎯⎯⎯⎯⎯⎯⎯⎯⎯⎯⎯⎯⎯⎯⎯⎯⎯⎯⎯⎯⎯⎯⎯⎯⎯⎯⎯⎯⎯⎯⎯⎯⎯⎯⎯⎯⎯⎯⎯⎯⎯⎯⎯⎯⎯⎯⎯⎯⎯⎯⎯⎯⎯⎯⎯⎯
Serialized Error: { __vitest_rollup_error__: { plugin: &apos;vite:import-analysis&apos;, id: &apos;/Users/ray/Desktop/GITHUB/Novamind-Frontend/src/presentation/molecules/TreatmentResponseVisualizer.test.tsx&apos;, loc: { file: &apos;/Users/ray/Desktop/GITHUB/Novamind-Frontend/src/presentation/molecules/TreatmentResponseVisualizer.test.tsx&apos;, line: 7, column: +0 }, frame: &apos;43 |  }));\n44 |  const __vi_import_0__ = await import(&quot;react/jsx-dev-runtime&quot;);\n45 |  const __vi_import_1__ = await import(&quot;@test/webgl&quot;);\n   |                                       ^\n46 |  const __vi_import_2__ = await import(&quot;./TreatmentResponseVisualizer&quot;);\n47 |  &apos; } }
            </failure>
        </testcase>
    </testsuite>
    <testsuite name="src/presentation/molecules/VisualizationControls.test.tsx" timestamp="2025-04-06T15:37:18.654Z" hostname="MacBookPro" tests="1" failures="1" errors="0" skipped="0" time="0">
        <testcase classname="src/presentation/molecules/VisualizationControls.test.tsx" name="src/presentation/molecules/VisualizationControls.test.tsx" time="0">
            <system-out>
[TEST SETUP] Global setup complete.

            </system-out>
            <failure message="Failed to resolve import &quot;@test/test-utils.unified&quot; from &quot;src/presentation/molecules/VisualizationControls.test.tsx&quot;. Does the file exist?" type="Error">
Error: Failed to resolve import &quot;@test/test-utils.unified&quot; from &quot;src/presentation/molecules/VisualizationControls.test.tsx&quot;. Does the file exist?
  Plugin: vite:import-analysis
  File: /Users/ray/Desktop/GITHUB/Novamind-Frontend/src/presentation/molecules/VisualizationControls.test.tsx:14:36
  4  |  import userEvent from &quot;@testing-library/user-event&quot;;
  5  |  import VisualizationControls from &quot;./VisualizationControls&quot;;
  6  |  import { renderWithProviders } from &quot;@test/test-utils.unified&quot;;
     |                                       ^
  7  |  import { RenderMode } from &quot;@domain/types/brain/visualization&quot;;
  8  |  const mockProps = {
 ❯ TransformPluginContext._formatLog node_modules/vite/dist/node/chunks/dep-Pj_jxEzN.js:47885:41
 ❯ TransformPluginContext.error node_modules/vite/dist/node/chunks/dep-Pj_jxEzN.js:47882:16
 ❯ normalizeUrl node_modules/vite/dist/node/chunks/dep-Pj_jxEzN.js:46015:23
 ❯ node_modules/vite/dist/node/chunks/dep-Pj_jxEzN.js:46134:37
 ❯ TransformPluginContext.transform node_modules/vite/dist/node/chunks/dep-Pj_jxEzN.js:46061:7
 ❯ EnvironmentPluginContainer.transform node_modules/vite/dist/node/chunks/dep-Pj_jxEzN.js:47680:18
 ❯ loadAndTransform node_modules/vite/dist/node/chunks/dep-Pj_jxEzN.js:41327:27

⎯⎯⎯⎯⎯⎯⎯⎯⎯⎯⎯⎯⎯⎯⎯⎯⎯⎯⎯⎯⎯⎯⎯⎯⎯⎯⎯⎯⎯⎯⎯⎯⎯⎯⎯⎯⎯⎯⎯⎯⎯⎯⎯⎯⎯⎯⎯⎯⎯⎯⎯⎯⎯⎯⎯⎯⎯⎯⎯⎯⎯⎯⎯⎯⎯⎯⎯⎯⎯⎯⎯⎯⎯⎯⎯⎯⎯⎯⎯⎯⎯⎯⎯⎯⎯⎯⎯⎯⎯⎯
Serialized Error: { __vitest_rollup_error__: { plugin: &apos;vite:import-analysis&apos;, id: &apos;/Users/ray/Desktop/GITHUB/Novamind-Frontend/src/presentation/molecules/VisualizationControls.test.tsx&apos;, loc: { file: &apos;/Users/ray/Desktop/GITHUB/Novamind-Frontend/src/presentation/molecules/VisualizationControls.test.tsx&apos;, line: 14, column: 36 }, frame: &apos;4  |  import userEvent from &quot;@testing-library/user-event&quot;;\n5  |  import VisualizationControls from &quot;./VisualizationControls&quot;;\n6  |  import { renderWithProviders } from &quot;@test/test-utils.unified&quot;;\n   |                                       ^\n7  |  import { RenderMode } from &quot;@domain/types/brain/visualization&quot;;\n8  |  const mockProps = {&apos; } }
            </failure>
        </testcase>
    </testsuite>
    <testsuite name="src/presentation/molecules/index.test.ts" timestamp="2025-04-06T15:37:18.655Z" hostname="MacBookPro" tests="2" failures="0" errors="0" skipped="0" time="0.001524792">
        <testcase classname="src/presentation/molecules/index.test.ts" name="index &gt; processes data with mathematical precision" time="0.000160208">
        </testcase>
        <testcase classname="src/presentation/molecules/index.test.ts" name="index &gt; handles edge cases with clinical precision" time="0.000593959">
        </testcase>
    </testsuite>
    <testsuite name="src/presentation/providers/ThemeProvider.test.tsx" timestamp="2025-04-06T15:37:18.655Z" hostname="MacBookPro" tests="5" failures="5" errors="0" skipped="0" time="0.109451333">
        <testcase classname="src/presentation/providers/ThemeProvider.test.tsx" name="ThemeProvider &gt; uses system theme by default" time="0.001567">
            <failure message="localStorage.clear is not a function" type="TypeError">
TypeError: localStorage.clear is not a function
 ❯ src/test/setup.ts:171:16
            </failure>
        </testcase>
        <testcase classname="src/presentation/providers/ThemeProvider.test.tsx" name="ThemeProvider &gt; loads saved theme from localStorage" time="0.020401">
            <failure message="localStorage.clear is not a function" type="TypeError">
TypeError: localStorage.clear is not a function
 ❯ src/test/setup.ts:171:16
            </failure>
        </testcase>
        <testcase classname="src/presentation/providers/ThemeProvider.test.tsx" name="ThemeProvider &gt; allows changing theme" time="0.077803792">
            <failure message="localStorage.clear is not a function" type="TypeError">
TypeError: localStorage.clear is not a function
 ❯ src/test/setup.ts:171:16
            </failure>
        </testcase>
        <testcase classname="src/presentation/providers/ThemeProvider.test.tsx" name="ThemeProvider &gt; follows system theme when set to system" time="0.004692208">
            <failure message="expected false to be true // Object.is equality" type="AssertionError">
AssertionError: expected false to be true // Object.is equality

- Expected
+ Received

- true
+ false

 ❯ src/presentation/providers/ThemeProvider.test.tsx:118:66
            </failure>
            <failure message="localStorage.clear is not a function" type="TypeError">
TypeError: localStorage.clear is not a function
 ❯ src/test/setup.ts:171:16
            </failure>
        </testcase>
        <testcase classname="src/presentation/providers/ThemeProvider.test.tsx" name="ThemeProvider &gt; throws error when useTheme is used outside ThemeProvider" time="0.004120958">
            <failure message="localStorage.clear is not a function" type="TypeError">
TypeError: localStorage.clear is not a function
 ❯ src/test/setup.ts:171:16
            </failure>
        </testcase>
    </testsuite>
    <testsuite name="src/presentation/pages/BrainModelViewer.test.tsx" timestamp="2025-04-06T15:37:18.658Z" hostname="MacBookPro" tests="1" failures="1" errors="0" skipped="0" time="0">
        <testcase classname="src/presentation/pages/BrainModelViewer.test.tsx" name="src/presentation/pages/BrainModelViewer.test.tsx" time="0">
            <system-out>
[TEST SETUP] Global setup complete.

            </system-out>
            <failure message="Failed to resolve import &quot;@pages/BrainModelViewer&quot; from &quot;src/presentation/pages/BrainModelViewer.test.tsx&quot;. Does the file exist?" type="Error">
Error: Failed to resolve import &quot;@pages/BrainModelViewer&quot; from &quot;src/presentation/pages/BrainModelViewer.test.tsx&quot;. Does the file exist?
  Plugin: vite:import-analysis
  File: /Users/ray/Desktop/GITHUB/Novamind-Frontend/src/presentation/pages/BrainModelViewer.test.tsx:10:0
  47 |  const __vi_import_1__ = await import(&quot;@testing-library/react&quot;);
  48 |  const __vi_import_2__ = await import(&quot;@testing-library/user-event&quot;);
  49 |  const __vi_import_3__ = await import(&quot;@pages/BrainModelViewer&quot;);
     |                                       ^
  50 |  const __vi_import_4__ = await import(&quot;@test/test-utils.unified&quot;);
  51 |  const __vi_import_5__ = await import(&quot;@domain/types/brain/visualization&quot;);
 ❯ TransformPluginContext._formatLog node_modules/vite/dist/node/chunks/dep-Pj_jxEzN.js:47885:41
 ❯ TransformPluginContext.error node_modules/vite/dist/node/chunks/dep-Pj_jxEzN.js:47882:16
 ❯ normalizeUrl node_modules/vite/dist/node/chunks/dep-Pj_jxEzN.js:46015:23
 ❯ node_modules/vite/dist/node/chunks/dep-Pj_jxEzN.js:46134:37
 ❯ TransformPluginContext.transform node_modules/vite/dist/node/chunks/dep-Pj_jxEzN.js:46061:7
 ❯ EnvironmentPluginContainer.transform node_modules/vite/dist/node/chunks/dep-Pj_jxEzN.js:47680:18
 ❯ loadAndTransform node_modules/vite/dist/node/chunks/dep-Pj_jxEzN.js:41327:27

⎯⎯⎯⎯⎯⎯⎯⎯⎯⎯⎯⎯⎯⎯⎯⎯⎯⎯⎯⎯⎯⎯⎯⎯⎯⎯⎯⎯⎯⎯⎯⎯⎯⎯⎯⎯⎯⎯⎯⎯⎯⎯⎯⎯⎯⎯⎯⎯⎯⎯⎯⎯⎯⎯⎯⎯⎯⎯⎯⎯⎯⎯⎯⎯⎯⎯⎯⎯⎯⎯⎯⎯⎯⎯⎯⎯⎯⎯⎯⎯⎯⎯⎯⎯⎯⎯⎯⎯⎯⎯
Serialized Error: { __vitest_rollup_error__: { plugin: &apos;vite:import-analysis&apos;, id: &apos;/Users/ray/Desktop/GITHUB/Novamind-Frontend/src/presentation/pages/BrainModelViewer.test.tsx&apos;, loc: { file: &apos;/Users/ray/Desktop/GITHUB/Novamind-Frontend/src/presentation/pages/BrainModelViewer.test.tsx&apos;, line: 10, column: +0 }, frame: &apos;47 |  const __vi_import_1__ = await import(&quot;@testing-library/react&quot;);\n48 |  const __vi_import_2__ = await import(&quot;@testing-library/user-event&quot;);\n49 |  const __vi_import_3__ = await import(&quot;@pages/BrainModelViewer&quot;);\n   |                                       ^\n50 |  const __vi_import_4__ = await import(&quot;@test/test-utils.unified&quot;);\n51 |  const __vi_import_5__ = await import(&quot;@domain/types/brain/visualization&quot;);&apos; } }
            </failure>
        </testcase>
    </testsuite>
    <testsuite name="src/presentation/pages/BrainVisualizationPage.test.tsx" timestamp="2025-04-06T15:37:18.659Z" hostname="MacBookPro" tests="1" failures="1" errors="0" skipped="0" time="0">
        <testcase classname="src/presentation/pages/BrainVisualizationPage.test.tsx" name="src/presentation/pages/BrainVisualizationPage.test.tsx" time="0">
            <system-out>
[TEST SETUP] Global setup complete.

            </system-out>
            <failure message="Failed to resolve import &quot;@test/test-utils.unified&quot; from &quot;src/presentation/pages/BrainVisualizationPage.test.tsx&quot;. Does the file exist?" type="Error">
Error: Failed to resolve import &quot;@test/test-utils.unified&quot; from &quot;src/presentation/pages/BrainVisualizationPage.test.tsx&quot;. Does the file exist?
  Plugin: vite:import-analysis
  File: /Users/ray/Desktop/GITHUB/Novamind-Frontend/src/presentation/pages/BrainVisualizationPage.test.tsx:8:0
  8  |  }));
  9  |  const __vi_import_0__ = await import(&quot;react/jsx-dev-runtime&quot;);
  10 |  const __vi_import_1__ = await import(&quot;@test/test-utils.unified&quot;);
     |                                       ^
  11 |  const __vi_import_2__ = await import(&quot;@testing-library/user-event&quot;);
  12 |  const __vi_import_3__ = await import(&quot;@/pages/BrainVisualizationPage&quot;);
 ❯ TransformPluginContext._formatLog node_modules/vite/dist/node/chunks/dep-Pj_jxEzN.js:47885:41
 ❯ TransformPluginContext.error node_modules/vite/dist/node/chunks/dep-Pj_jxEzN.js:47882:16
 ❯ normalizeUrl node_modules/vite/dist/node/chunks/dep-Pj_jxEzN.js:46015:23
 ❯ node_modules/vite/dist/node/chunks/dep-Pj_jxEzN.js:46134:37
 ❯ TransformPluginContext.transform node_modules/vite/dist/node/chunks/dep-Pj_jxEzN.js:46061:7
 ❯ EnvironmentPluginContainer.transform node_modules/vite/dist/node/chunks/dep-Pj_jxEzN.js:47680:18
 ❯ loadAndTransform node_modules/vite/dist/node/chunks/dep-Pj_jxEzN.js:41327:27

⎯⎯⎯⎯⎯⎯⎯⎯⎯⎯⎯⎯⎯⎯⎯⎯⎯⎯⎯⎯⎯⎯⎯⎯⎯⎯⎯⎯⎯⎯⎯⎯⎯⎯⎯⎯⎯⎯⎯⎯⎯⎯⎯⎯⎯⎯⎯⎯⎯⎯⎯⎯⎯⎯⎯⎯⎯⎯⎯⎯⎯⎯⎯⎯⎯⎯⎯⎯⎯⎯⎯⎯⎯⎯⎯⎯⎯⎯⎯⎯⎯⎯⎯⎯⎯⎯⎯⎯⎯⎯
Serialized Error: { __vitest_rollup_error__: { plugin: &apos;vite:import-analysis&apos;, id: &apos;/Users/ray/Desktop/GITHUB/Novamind-Frontend/src/presentation/pages/BrainVisualizationPage.test.tsx&apos;, loc: { file: &apos;/Users/ray/Desktop/GITHUB/Novamind-Frontend/src/presentation/pages/BrainVisualizationPage.test.tsx&apos;, line: 8, column: +0 }, frame: &apos;8  |  }));\n9  |  const __vi_import_0__ = await import(&quot;react/jsx-dev-runtime&quot;);\n10 |  const __vi_import_1__ = await import(&quot;@test/test-utils.unified&quot;);\n   |                                       ^\n11 |  const __vi_import_2__ = await import(&quot;@testing-library/user-event&quot;);\n12 |  const __vi_import_3__ = await import(&quot;@/pages/BrainVisualizationPage&quot;);&apos; } }
            </failure>
        </testcase>
    </testsuite>
    <testsuite name="src/presentation/pages/Dashboard.test.tsx" timestamp="2025-04-06T15:37:18.659Z" hostname="MacBookPro" tests="1" failures="1" errors="0" skipped="0" time="0">
        <testcase classname="src/presentation/pages/Dashboard.test.tsx" name="src/presentation/pages/Dashboard.test.tsx" time="0">
            <system-out>
[TEST SETUP] Global setup complete.

            </system-out>
            <failure message="Failed to resolve import &quot;@pages/Dashboard&quot; from &quot;src/presentation/pages/Dashboard.test.tsx&quot;. Does the file exist?" type="Error">
Error: Failed to resolve import &quot;@pages/Dashboard&quot; from &quot;src/presentation/pages/Dashboard.test.tsx&quot;. Does the file exist?
  Plugin: vite:import-analysis
  File: /Users/ray/Desktop/GITHUB/Novamind-Frontend/src/presentation/pages/Dashboard.test.tsx:10:22
  3  |  import { screen } from &quot;@testing-library/react&quot;;
  4  |  import userEvent from &quot;@testing-library/user-event&quot;;
  5  |  import Dashboard from &quot;@pages/Dashboard&quot;;
     |                         ^
  6  |  import { renderWithProviders } from &quot;@test/test-utils.unified.tsx&quot;;
  7  |  const mockProps = {};
 ❯ TransformPluginContext._formatLog node_modules/vite/dist/node/chunks/dep-Pj_jxEzN.js:47885:41
 ❯ TransformPluginContext.error node_modules/vite/dist/node/chunks/dep-Pj_jxEzN.js:47882:16
 ❯ normalizeUrl node_modules/vite/dist/node/chunks/dep-Pj_jxEzN.js:46015:23
 ❯ node_modules/vite/dist/node/chunks/dep-Pj_jxEzN.js:46134:37
 ❯ TransformPluginContext.transform node_modules/vite/dist/node/chunks/dep-Pj_jxEzN.js:46061:7
 ❯ EnvironmentPluginContainer.transform node_modules/vite/dist/node/chunks/dep-Pj_jxEzN.js:47680:18
 ❯ loadAndTransform node_modules/vite/dist/node/chunks/dep-Pj_jxEzN.js:41327:27

⎯⎯⎯⎯⎯⎯⎯⎯⎯⎯⎯⎯⎯⎯⎯⎯⎯⎯⎯⎯⎯⎯⎯⎯⎯⎯⎯⎯⎯⎯⎯⎯⎯⎯⎯⎯⎯⎯⎯⎯⎯⎯⎯⎯⎯⎯⎯⎯⎯⎯⎯⎯⎯⎯⎯⎯⎯⎯⎯⎯⎯⎯⎯⎯⎯⎯⎯⎯⎯⎯⎯⎯⎯⎯⎯⎯⎯⎯⎯⎯⎯⎯⎯⎯⎯⎯⎯⎯⎯⎯
Serialized Error: { __vitest_rollup_error__: { plugin: &apos;vite:import-analysis&apos;, id: &apos;/Users/ray/Desktop/GITHUB/Novamind-Frontend/src/presentation/pages/Dashboard.test.tsx&apos;, loc: { file: &apos;/Users/ray/Desktop/GITHUB/Novamind-Frontend/src/presentation/pages/Dashboard.test.tsx&apos;, line: 10, column: 22 }, frame: &apos;3  |  import { screen } from &quot;@testing-library/react&quot;;\n4  |  import userEvent from &quot;@testing-library/user-event&quot;;\n5  |  import Dashboard from &quot;@pages/Dashboard&quot;;\n   |                         ^\n6  |  import { renderWithProviders } from &quot;@test/test-utils.unified.tsx&quot;;\n7  |  const mockProps = {};&apos; } }
            </failure>
        </testcase>
    </testsuite>
    <testsuite name="src/presentation/pages/DigitalTwinDemo.test.tsx" timestamp="2025-04-06T15:37:18.660Z" hostname="MacBookPro" tests="1" failures="1" errors="0" skipped="0" time="0">
        <testcase classname="src/presentation/pages/DigitalTwinDemo.test.tsx" name="src/presentation/pages/DigitalTwinDemo.test.tsx" time="0">
            <system-out>
[TEST SETUP] Global setup complete.

            </system-out>
            <failure message="Failed to resolve import &quot;@test/test-utils.unified&quot; from &quot;src/presentation/pages/DigitalTwinDemo.test.tsx&quot;. Does the file exist?" type="Error">
Error: Failed to resolve import &quot;@test/test-utils.unified&quot; from &quot;src/presentation/pages/DigitalTwinDemo.test.tsx&quot;. Does the file exist?
  Plugin: vite:import-analysis
  File: /Users/ray/Desktop/GITHUB/Novamind-Frontend/src/presentation/pages/DigitalTwinDemo.test.tsx:12:0
  64 |  const __vi_import_2__ = await import(&quot;@testing-library/user-event&quot;);
  65 |  const __vi_import_3__ = await import(&quot;./DigitalTwinDemo&quot;);
  66 |  const __vi_import_4__ = await import(&quot;@test/test-utils.unified&quot;);
     |                                       ^
  67 |  const __vi_import_5__ = await import(&quot;@domain/types/brain/visualization&quot;);
  68 |  
 ❯ TransformPluginContext._formatLog node_modules/vite/dist/node/chunks/dep-Pj_jxEzN.js:47885:41
 ❯ TransformPluginContext.error node_modules/vite/dist/node/chunks/dep-Pj_jxEzN.js:47882:16
 ❯ normalizeUrl node_modules/vite/dist/node/chunks/dep-Pj_jxEzN.js:46015:23
 ❯ node_modules/vite/dist/node/chunks/dep-Pj_jxEzN.js:46134:37
 ❯ TransformPluginContext.transform node_modules/vite/dist/node/chunks/dep-Pj_jxEzN.js:46061:7
 ❯ EnvironmentPluginContainer.transform node_modules/vite/dist/node/chunks/dep-Pj_jxEzN.js:47680:18
 ❯ loadAndTransform node_modules/vite/dist/node/chunks/dep-Pj_jxEzN.js:41327:27

⎯⎯⎯⎯⎯⎯⎯⎯⎯⎯⎯⎯⎯⎯⎯⎯⎯⎯⎯⎯⎯⎯⎯⎯⎯⎯⎯⎯⎯⎯⎯⎯⎯⎯⎯⎯⎯⎯⎯⎯⎯⎯⎯⎯⎯⎯⎯⎯⎯⎯⎯⎯⎯⎯⎯⎯⎯⎯⎯⎯⎯⎯⎯⎯⎯⎯⎯⎯⎯⎯⎯⎯⎯⎯⎯⎯⎯⎯⎯⎯⎯⎯⎯⎯⎯⎯⎯⎯⎯⎯
Serialized Error: { __vitest_rollup_error__: { plugin: &apos;vite:import-analysis&apos;, id: &apos;/Users/ray/Desktop/GITHUB/Novamind-Frontend/src/presentation/pages/DigitalTwinDemo.test.tsx&apos;, loc: { file: &apos;/Users/ray/Desktop/GITHUB/Novamind-Frontend/src/presentation/pages/DigitalTwinDemo.test.tsx&apos;, line: 12, column: +0 }, frame: &apos;64 |  const __vi_import_2__ = await import(&quot;@testing-library/user-event&quot;);\n65 |  const __vi_import_3__ = await import(&quot;./DigitalTwinDemo&quot;);\n66 |  const __vi_import_4__ = await import(&quot;@test/test-utils.unified&quot;);\n   |                                       ^\n67 |  const __vi_import_5__ = await import(&quot;@domain/types/brain/visualization&quot;);\n68 |  &apos; } }
            </failure>
        </testcase>
    </testsuite>
    <testsuite name="src/presentation/pages/DigitalTwinPage.test.tsx" timestamp="2025-04-06T15:37:18.661Z" hostname="MacBookPro" tests="1" failures="1" errors="0" skipped="0" time="0">
        <testcase classname="src/presentation/pages/DigitalTwinPage.test.tsx" name="src/presentation/pages/DigitalTwinPage.test.tsx" time="0">
            <system-out>
[TEST SETUP] Global setup complete.

            </system-out>
            <failure message="Failed to resolve import &quot;@test/webgl&quot; from &quot;src/presentation/pages/DigitalTwinPage.test.tsx&quot;. Does the file exist?" type="Error">
Error: Failed to resolve import &quot;@test/webgl&quot; from &quot;src/presentation/pages/DigitalTwinPage.test.tsx&quot;. Does the file exist?
  Plugin: vite:import-analysis
  File: /Users/ray/Desktop/GITHUB/Novamind-Frontend/src/presentation/pages/DigitalTwinPage.test.tsx:7:0
  43 |  }));
  44 |  const __vi_import_0__ = await import(&quot;react/jsx-dev-runtime&quot;);
  45 |  const __vi_import_1__ = await import(&quot;@test/webgl&quot;);
     |                                       ^
  46 |  const __vi_import_2__ = await import(&quot;./DigitalTwinPage&quot;);
  47 |  
 ❯ TransformPluginContext._formatLog node_modules/vite/dist/node/chunks/dep-Pj_jxEzN.js:47885:41
 ❯ TransformPluginContext.error node_modules/vite/dist/node/chunks/dep-Pj_jxEzN.js:47882:16
 ❯ normalizeUrl node_modules/vite/dist/node/chunks/dep-Pj_jxEzN.js:46015:23
 ❯ node_modules/vite/dist/node/chunks/dep-Pj_jxEzN.js:46134:37
 ❯ TransformPluginContext.transform node_modules/vite/dist/node/chunks/dep-Pj_jxEzN.js:46061:7
 ❯ EnvironmentPluginContainer.transform node_modules/vite/dist/node/chunks/dep-Pj_jxEzN.js:47680:18
 ❯ loadAndTransform node_modules/vite/dist/node/chunks/dep-Pj_jxEzN.js:41327:27

⎯⎯⎯⎯⎯⎯⎯⎯⎯⎯⎯⎯⎯⎯⎯⎯⎯⎯⎯⎯⎯⎯⎯⎯⎯⎯⎯⎯⎯⎯⎯⎯⎯⎯⎯⎯⎯⎯⎯⎯⎯⎯⎯⎯⎯⎯⎯⎯⎯⎯⎯⎯⎯⎯⎯⎯⎯⎯⎯⎯⎯⎯⎯⎯⎯⎯⎯⎯⎯⎯⎯⎯⎯⎯⎯⎯⎯⎯⎯⎯⎯⎯⎯⎯⎯⎯⎯⎯⎯⎯
Serialized Error: { __vitest_rollup_error__: { plugin: &apos;vite:import-analysis&apos;, id: &apos;/Users/ray/Desktop/GITHUB/Novamind-Frontend/src/presentation/pages/DigitalTwinPage.test.tsx&apos;, loc: { file: &apos;/Users/ray/Desktop/GITHUB/Novamind-Frontend/src/presentation/pages/DigitalTwinPage.test.tsx&apos;, line: 7, column: +0 }, frame: &apos;43 |  }));\n44 |  const __vi_import_0__ = await import(&quot;react/jsx-dev-runtime&quot;);\n45 |  const __vi_import_1__ = await import(&quot;@test/webgl&quot;);\n   |                                       ^\n46 |  const __vi_import_2__ = await import(&quot;./DigitalTwinPage&quot;);\n47 |  &apos; } }
            </failure>
        </testcase>
    </testsuite>
    <testsuite name="src/presentation/pages/Login.test.tsx" timestamp="2025-04-06T15:37:18.661Z" hostname="MacBookPro" tests="1" failures="1" errors="0" skipped="0" time="0">
        <testcase classname="src/presentation/pages/Login.test.tsx" name="src/presentation/pages/Login.test.tsx" time="0">
            <system-out>
[TEST SETUP] Global setup complete.

            </system-out>
            <failure message="Failed to resolve import &quot;@presentation/pages/Login&quot; from &quot;src/presentation/pages/Login.test.tsx&quot;. Does the file exist?" type="Error">
Error: Failed to resolve import &quot;@presentation/pages/Login&quot; from &quot;src/presentation/pages/Login.test.tsx&quot;. Does the file exist?
  Plugin: vite:import-analysis
  File: /Users/ray/Desktop/GITHUB/Novamind-Frontend/src/presentation/pages/Login.test.tsx:54:0
  58 |  const __vi_import_1__ = await import(&quot;@testing-library/react&quot;);
  59 |  const __vi_import_2__ = await import(&quot;@testing-library/user-event&quot;);
  60 |  const __vi_import_3__ = await import(&quot;@presentation/pages/Login&quot;);
     |                                       ^
  61 |  
  62 |  import { describe, it, expect, vi, beforeEach } from &quot;vitest&quot;;
 ❯ TransformPluginContext._formatLog node_modules/vite/dist/node/chunks/dep-Pj_jxEzN.js:47885:41
 ❯ TransformPluginContext.error node_modules/vite/dist/node/chunks/dep-Pj_jxEzN.js:47882:16
 ❯ normalizeUrl node_modules/vite/dist/node/chunks/dep-Pj_jxEzN.js:46015:23
 ❯ node_modules/vite/dist/node/chunks/dep-Pj_jxEzN.js:46134:37
 ❯ TransformPluginContext.transform node_modules/vite/dist/node/chunks/dep-Pj_jxEzN.js:46061:7
 ❯ EnvironmentPluginContainer.transform node_modules/vite/dist/node/chunks/dep-Pj_jxEzN.js:47680:18
 ❯ loadAndTransform node_modules/vite/dist/node/chunks/dep-Pj_jxEzN.js:41327:27

⎯⎯⎯⎯⎯⎯⎯⎯⎯⎯⎯⎯⎯⎯⎯⎯⎯⎯⎯⎯⎯⎯⎯⎯⎯⎯⎯⎯⎯⎯⎯⎯⎯⎯⎯⎯⎯⎯⎯⎯⎯⎯⎯⎯⎯⎯⎯⎯⎯⎯⎯⎯⎯⎯⎯⎯⎯⎯⎯⎯⎯⎯⎯⎯⎯⎯⎯⎯⎯⎯⎯⎯⎯⎯⎯⎯⎯⎯⎯⎯⎯⎯⎯⎯⎯⎯⎯⎯⎯⎯
Serialized Error: { __vitest_rollup_error__: { plugin: &apos;vite:import-analysis&apos;, id: &apos;/Users/ray/Desktop/GITHUB/Novamind-Frontend/src/presentation/pages/Login.test.tsx&apos;, loc: { file: &apos;/Users/ray/Desktop/GITHUB/Novamind-Frontend/src/presentation/pages/Login.test.tsx&apos;, line: 54, column: +0 }, frame: &apos;58 |  const __vi_import_1__ = await import(&quot;@testing-library/react&quot;);\n59 |  const __vi_import_2__ = await import(&quot;@testing-library/user-event&quot;);\n60 |  const __vi_import_3__ = await import(&quot;@presentation/pages/Login&quot;);\n   |                                       ^\n61 |  \n62 |  import { describe, it, expect, vi, beforeEach } from &quot;vitest&quot;;&apos; } }
            </failure>
        </testcase>
    </testsuite>
    <testsuite name="src/presentation/pages/NotFound.test.tsx" timestamp="2025-04-06T15:37:18.662Z" hostname="MacBookPro" tests="1" failures="1" errors="0" skipped="0" time="0">
        <testcase classname="src/presentation/pages/NotFound.test.tsx" name="src/presentation/pages/NotFound.test.tsx" time="0">
            <system-out>
[TEST SETUP] Global setup complete.

            </system-out>
            <failure message="Failed to resolve import &quot;@/pages/NotFound&quot; from &quot;src/presentation/pages/NotFound.test.tsx&quot;. Does the file exist?" type="Error">
Error: Failed to resolve import &quot;@/pages/NotFound&quot; from &quot;src/presentation/pages/NotFound.test.tsx&quot;. Does the file exist?
  Plugin: vite:import-analysis
  File: /Users/ray/Desktop/GITHUB/Novamind-Frontend/src/presentation/pages/NotFound.test.tsx:10:21
  4  |  import { MemoryRouter } from &quot;react-router-dom&quot;;
  5  |  import userEvent from &quot;@testing-library/user-event&quot;;
  6  |  import NotFound from &quot;@/pages/NotFound&quot;;
     |                        ^
  7  |  const mockProps = {};
  8  |  describe(&quot;NotFound&quot;, () =&gt; {
 ❯ TransformPluginContext._formatLog node_modules/vite/dist/node/chunks/dep-Pj_jxEzN.js:47885:41
 ❯ TransformPluginContext.error node_modules/vite/dist/node/chunks/dep-Pj_jxEzN.js:47882:16
 ❯ normalizeUrl node_modules/vite/dist/node/chunks/dep-Pj_jxEzN.js:46015:23
 ❯ node_modules/vite/dist/node/chunks/dep-Pj_jxEzN.js:46134:37
 ❯ TransformPluginContext.transform node_modules/vite/dist/node/chunks/dep-Pj_jxEzN.js:46061:7
 ❯ EnvironmentPluginContainer.transform node_modules/vite/dist/node/chunks/dep-Pj_jxEzN.js:47680:18
 ❯ loadAndTransform node_modules/vite/dist/node/chunks/dep-Pj_jxEzN.js:41327:27

⎯⎯⎯⎯⎯⎯⎯⎯⎯⎯⎯⎯⎯⎯⎯⎯⎯⎯⎯⎯⎯⎯⎯⎯⎯⎯⎯⎯⎯⎯⎯⎯⎯⎯⎯⎯⎯⎯⎯⎯⎯⎯⎯⎯⎯⎯⎯⎯⎯⎯⎯⎯⎯⎯⎯⎯⎯⎯⎯⎯⎯⎯⎯⎯⎯⎯⎯⎯⎯⎯⎯⎯⎯⎯⎯⎯⎯⎯⎯⎯⎯⎯⎯⎯⎯⎯⎯⎯⎯⎯
Serialized Error: { __vitest_rollup_error__: { plugin: &apos;vite:import-analysis&apos;, id: &apos;/Users/ray/Desktop/GITHUB/Novamind-Frontend/src/presentation/pages/NotFound.test.tsx&apos;, loc: { file: &apos;/Users/ray/Desktop/GITHUB/Novamind-Frontend/src/presentation/pages/NotFound.test.tsx&apos;, line: 10, column: 21 }, frame: &apos;4  |  import { MemoryRouter } from &quot;react-router-dom&quot;;\n5  |  import userEvent from &quot;@testing-library/user-event&quot;;\n6  |  import NotFound from &quot;@/pages/NotFound&quot;;\n   |                        ^\n7  |  const mockProps = {};\n8  |  describe(&quot;NotFound&quot;, () =&gt; {&apos; } }
            </failure>
        </testcase>
    </testsuite>
    <testsuite name="src/presentation/pages/PatientProfile.test.tsx" timestamp="2025-04-06T15:37:18.662Z" hostname="MacBookPro" tests="1" failures="1" errors="0" skipped="0" time="0">
        <testcase classname="src/presentation/pages/PatientProfile.test.tsx" name="src/presentation/pages/PatientProfile.test.tsx" time="0">
            <system-out>
[TEST SETUP] Global setup complete.

            </system-out>
            <failure message="Failed to resolve import &quot;@presentation/pages/PatientProfile&quot; from &quot;src/presentation/pages/PatientProfile.test.tsx&quot;. Does the file exist?" type="Error">
Error: Failed to resolve import &quot;@presentation/pages/PatientProfile&quot; from &quot;src/presentation/pages/PatientProfile.test.tsx&quot;. Does the file exist?
  Plugin: vite:import-analysis
  File: /Users/ray/Desktop/GITHUB/Novamind-Frontend/src/presentation/pages/PatientProfile.test.tsx:23:0
  17 |  const __vi_import_2__ = await import(&quot;@testing-library/user-event&quot;);
  18 |  const __vi_import_3__ = await import(&quot;react-router-dom&quot;);
  19 |  const __vi_import_4__ = await import(&quot;@presentation/pages/PatientProfile&quot;);
     |                                       ^
  20 |  const __vi_import_5__ = await import(&quot;@test/test-utils.unified.tsx&quot;);
  21 |  
 ❯ TransformPluginContext._formatLog node_modules/vite/dist/node/chunks/dep-Pj_jxEzN.js:47885:41
 ❯ TransformPluginContext.error node_modules/vite/dist/node/chunks/dep-Pj_jxEzN.js:47882:16
 ❯ normalizeUrl node_modules/vite/dist/node/chunks/dep-Pj_jxEzN.js:46015:23
 ❯ node_modules/vite/dist/node/chunks/dep-Pj_jxEzN.js:46134:37
 ❯ TransformPluginContext.transform node_modules/vite/dist/node/chunks/dep-Pj_jxEzN.js:46061:7
 ❯ EnvironmentPluginContainer.transform node_modules/vite/dist/node/chunks/dep-Pj_jxEzN.js:47680:18
 ❯ loadAndTransform node_modules/vite/dist/node/chunks/dep-Pj_jxEzN.js:41327:27

⎯⎯⎯⎯⎯⎯⎯⎯⎯⎯⎯⎯⎯⎯⎯⎯⎯⎯⎯⎯⎯⎯⎯⎯⎯⎯⎯⎯⎯⎯⎯⎯⎯⎯⎯⎯⎯⎯⎯⎯⎯⎯⎯⎯⎯⎯⎯⎯⎯⎯⎯⎯⎯⎯⎯⎯⎯⎯⎯⎯⎯⎯⎯⎯⎯⎯⎯⎯⎯⎯⎯⎯⎯⎯⎯⎯⎯⎯⎯⎯⎯⎯⎯⎯⎯⎯⎯⎯⎯⎯
Serialized Error: { __vitest_rollup_error__: { plugin: &apos;vite:import-analysis&apos;, id: &apos;/Users/ray/Desktop/GITHUB/Novamind-Frontend/src/presentation/pages/PatientProfile.test.tsx&apos;, loc: { file: &apos;/Users/ray/Desktop/GITHUB/Novamind-Frontend/src/presentation/pages/PatientProfile.test.tsx&apos;, line: 23, column: +0 }, frame: &apos;17 |  const __vi_import_2__ = await import(&quot;@testing-library/user-event&quot;);\n18 |  const __vi_import_3__ = await import(&quot;react-router-dom&quot;);\n19 |  const __vi_import_4__ = await import(&quot;@presentation/pages/PatientProfile&quot;);\n   |                                       ^\n20 |  const __vi_import_5__ = await import(&quot;@test/test-utils.unified.tsx&quot;);\n21 |  &apos; } }
            </failure>
        </testcase>
    </testsuite>
    <testsuite name="src/presentation/pages/PatientsList.test.tsx" timestamp="2025-04-06T15:37:18.663Z" hostname="MacBookPro" tests="1" failures="1" errors="0" skipped="0" time="0">
        <testcase classname="src/presentation/pages/PatientsList.test.tsx" name="src/presentation/pages/PatientsList.test.tsx" time="0">
            <system-out>
[TEST SETUP] Global setup complete.

            </system-out>
            <failure message="Failed to resolve import &quot;@test/test-utils.unified&quot; from &quot;src/presentation/pages/PatientsList.test.tsx&quot;. Does the file exist?" type="Error">
Error: Failed to resolve import &quot;@test/test-utils.unified&quot; from &quot;src/presentation/pages/PatientsList.test.tsx&quot;. Does the file exist?
  Plugin: vite:import-analysis
  File: /Users/ray/Desktop/GITHUB/Novamind-Frontend/src/presentation/pages/PatientsList.test.tsx:10:0
  17 |  const __vi_import_1__ = await import(&quot;@testing-library/react&quot;);
  18 |  const __vi_import_2__ = await import(&quot;@testing-library/user-event&quot;);
  19 |  const __vi_import_3__ = await import(&quot;@test/test-utils.unified&quot;);
     |                                       ^
  20 |  const __vi_import_4__ = await import(&quot;@tanstack/react-query&quot;);
  21 |  const __vi_import_5__ = await import(&quot;react-router-dom&quot;);
 ❯ TransformPluginContext._formatLog node_modules/vite/dist/node/chunks/dep-Pj_jxEzN.js:47885:41
 ❯ TransformPluginContext.error node_modules/vite/dist/node/chunks/dep-Pj_jxEzN.js:47882:16
 ❯ normalizeUrl node_modules/vite/dist/node/chunks/dep-Pj_jxEzN.js:46015:23
 ❯ node_modules/vite/dist/node/chunks/dep-Pj_jxEzN.js:46134:37
 ❯ TransformPluginContext.transform node_modules/vite/dist/node/chunks/dep-Pj_jxEzN.js:46061:7
 ❯ EnvironmentPluginContainer.transform node_modules/vite/dist/node/chunks/dep-Pj_jxEzN.js:47680:18
 ❯ loadAndTransform node_modules/vite/dist/node/chunks/dep-Pj_jxEzN.js:41327:27

⎯⎯⎯⎯⎯⎯⎯⎯⎯⎯⎯⎯⎯⎯⎯⎯⎯⎯⎯⎯⎯⎯⎯⎯⎯⎯⎯⎯⎯⎯⎯⎯⎯⎯⎯⎯⎯⎯⎯⎯⎯⎯⎯⎯⎯⎯⎯⎯⎯⎯⎯⎯⎯⎯⎯⎯⎯⎯⎯⎯⎯⎯⎯⎯⎯⎯⎯⎯⎯⎯⎯⎯⎯⎯⎯⎯⎯⎯⎯⎯⎯⎯⎯⎯⎯⎯⎯⎯⎯⎯
Serialized Error: { __vitest_rollup_error__: { plugin: &apos;vite:import-analysis&apos;, id: &apos;/Users/ray/Desktop/GITHUB/Novamind-Frontend/src/presentation/pages/PatientsList.test.tsx&apos;, loc: { file: &apos;/Users/ray/Desktop/GITHUB/Novamind-Frontend/src/presentation/pages/PatientsList.test.tsx&apos;, line: 10, column: +0 }, frame: &apos;17 |  const __vi_import_1__ = await import(&quot;@testing-library/react&quot;);\n18 |  const __vi_import_2__ = await import(&quot;@testing-library/user-event&quot;);\n19 |  const __vi_import_3__ = await import(&quot;@test/test-utils.unified&quot;);\n   |                                       ^\n20 |  const __vi_import_4__ = await import(&quot;@tanstack/react-query&quot;);\n21 |  const __vi_import_5__ = await import(&quot;react-router-dom&quot;);&apos; } }
            </failure>
        </testcase>
    </testsuite>
    <testsuite name="src/presentation/pages/PredictionAnalytics.test.tsx" timestamp="2025-04-06T15:37:18.663Z" hostname="MacBookPro" tests="1" failures="1" errors="0" skipped="0" time="0">
        <testcase classname="src/presentation/pages/PredictionAnalytics.test.tsx" name="src/presentation/pages/PredictionAnalytics.test.tsx" time="0">
            <system-out>
[TEST SETUP] Global setup complete.

            </system-out>
            <failure message="Failed to resolve import &quot;@test/webgl&quot; from &quot;src/presentation/pages/PredictionAnalytics.test.tsx&quot;. Does the file exist?" type="Error">
Error: Failed to resolve import &quot;@test/webgl&quot; from &quot;src/presentation/pages/PredictionAnalytics.test.tsx&quot;. Does the file exist?
  Plugin: vite:import-analysis
  File: /Users/ray/Desktop/GITHUB/Novamind-Frontend/src/presentation/pages/PredictionAnalytics.test.tsx:7:0
  43 |  }));
  44 |  const __vi_import_0__ = await import(&quot;react/jsx-dev-runtime&quot;);
  45 |  const __vi_import_1__ = await import(&quot;@test/webgl&quot;);
     |                                       ^
  46 |  const __vi_import_2__ = await import(&quot;./PredictionAnalytics&quot;);
  47 |  
 ❯ TransformPluginContext._formatLog node_modules/vite/dist/node/chunks/dep-Pj_jxEzN.js:47885:41
 ❯ TransformPluginContext.error node_modules/vite/dist/node/chunks/dep-Pj_jxEzN.js:47882:16
 ❯ normalizeUrl node_modules/vite/dist/node/chunks/dep-Pj_jxEzN.js:46015:23
 ❯ node_modules/vite/dist/node/chunks/dep-Pj_jxEzN.js:46134:37
 ❯ TransformPluginContext.transform node_modules/vite/dist/node/chunks/dep-Pj_jxEzN.js:46061:7
 ❯ EnvironmentPluginContainer.transform node_modules/vite/dist/node/chunks/dep-Pj_jxEzN.js:47680:18
 ❯ loadAndTransform node_modules/vite/dist/node/chunks/dep-Pj_jxEzN.js:41327:27

⎯⎯⎯⎯⎯⎯⎯⎯⎯⎯⎯⎯⎯⎯⎯⎯⎯⎯⎯⎯⎯⎯⎯⎯⎯⎯⎯⎯⎯⎯⎯⎯⎯⎯⎯⎯⎯⎯⎯⎯⎯⎯⎯⎯⎯⎯⎯⎯⎯⎯⎯⎯⎯⎯⎯⎯⎯⎯⎯⎯⎯⎯⎯⎯⎯⎯⎯⎯⎯⎯⎯⎯⎯⎯⎯⎯⎯⎯⎯⎯⎯⎯⎯⎯⎯⎯⎯⎯⎯⎯
Serialized Error: { __vitest_rollup_error__: { plugin: &apos;vite:import-analysis&apos;, id: &apos;/Users/ray/Desktop/GITHUB/Novamind-Frontend/src/presentation/pages/PredictionAnalytics.test.tsx&apos;, loc: { file: &apos;/Users/ray/Desktop/GITHUB/Novamind-Frontend/src/presentation/pages/PredictionAnalytics.test.tsx&apos;, line: 7, column: +0 }, frame: &apos;43 |  }));\n44 |  const __vi_import_0__ = await import(&quot;react/jsx-dev-runtime&quot;);\n45 |  const __vi_import_1__ = await import(&quot;@test/webgl&quot;);\n   |                                       ^\n46 |  const __vi_import_2__ = await import(&quot;./PredictionAnalytics&quot;);\n47 |  &apos; } }
            </failure>
        </testcase>
    </testsuite>
    <testsuite name="src/presentation/pages/Settings.test.tsx" timestamp="2025-04-06T15:37:18.664Z" hostname="MacBookPro" tests="2" failures="0" errors="0" skipped="0" time="0.028101334">
        <testcase classname="src/presentation/pages/Settings.test.tsx" name="Settings &gt; renders with neural precision" time="0.009448292">
        </testcase>
        <testcase classname="src/presentation/pages/Settings.test.tsx" name="Settings &gt; responds to user interaction with quantum precision" time="0.017888208">
        </testcase>
    </testsuite>
    <testsuite name="src/presentation/organisms/BiometricMonitorPanel.test.tsx" timestamp="2025-04-06T15:37:18.664Z" hostname="MacBookPro" tests="1" failures="1" errors="0" skipped="0" time="0">
        <testcase classname="src/presentation/organisms/BiometricMonitorPanel.test.tsx" name="src/presentation/organisms/BiometricMonitorPanel.test.tsx" time="0">
            <system-out>
[TEST SETUP] Global setup complete.

            </system-out>
            <failure message="Failed to resolve import &quot;@test/webgl&quot; from &quot;src/presentation/organisms/BiometricMonitorPanel.test.tsx&quot;. Does the file exist?" type="Error">
Error: Failed to resolve import &quot;@test/webgl&quot; from &quot;src/presentation/organisms/BiometricMonitorPanel.test.tsx&quot;. Does the file exist?
  Plugin: vite:import-analysis
  File: /Users/ray/Desktop/GITHUB/Novamind-Frontend/src/presentation/organisms/BiometricMonitorPanel.test.tsx:7:0
  43 |  }));
  44 |  const __vi_import_0__ = await import(&quot;react/jsx-dev-runtime&quot;);
  45 |  const __vi_import_1__ = await import(&quot;@test/webgl&quot;);
     |                                       ^
  46 |  const __vi_import_2__ = await import(&quot;./BiometricMonitorPanel&quot;);
  47 |  
 ❯ TransformPluginContext._formatLog node_modules/vite/dist/node/chunks/dep-Pj_jxEzN.js:47885:41
 ❯ TransformPluginContext.error node_modules/vite/dist/node/chunks/dep-Pj_jxEzN.js:47882:16
 ❯ normalizeUrl node_modules/vite/dist/node/chunks/dep-Pj_jxEzN.js:46015:23
 ❯ node_modules/vite/dist/node/chunks/dep-Pj_jxEzN.js:46134:37
 ❯ TransformPluginContext.transform node_modules/vite/dist/node/chunks/dep-Pj_jxEzN.js:46061:7
 ❯ EnvironmentPluginContainer.transform node_modules/vite/dist/node/chunks/dep-Pj_jxEzN.js:47680:18
 ❯ loadAndTransform node_modules/vite/dist/node/chunks/dep-Pj_jxEzN.js:41327:27

⎯⎯⎯⎯⎯⎯⎯⎯⎯⎯⎯⎯⎯⎯⎯⎯⎯⎯⎯⎯⎯⎯⎯⎯⎯⎯⎯⎯⎯⎯⎯⎯⎯⎯⎯⎯⎯⎯⎯⎯⎯⎯⎯⎯⎯⎯⎯⎯⎯⎯⎯⎯⎯⎯⎯⎯⎯⎯⎯⎯⎯⎯⎯⎯⎯⎯⎯⎯⎯⎯⎯⎯⎯⎯⎯⎯⎯⎯⎯⎯⎯⎯⎯⎯⎯⎯⎯⎯⎯⎯
Serialized Error: { __vitest_rollup_error__: { plugin: &apos;vite:import-analysis&apos;, id: &apos;/Users/ray/Desktop/GITHUB/Novamind-Frontend/src/presentation/organisms/BiometricMonitorPanel.test.tsx&apos;, loc: { file: &apos;/Users/ray/Desktop/GITHUB/Novamind-Frontend/src/presentation/organisms/BiometricMonitorPanel.test.tsx&apos;, line: 7, column: +0 }, frame: &apos;43 |  }));\n44 |  const __vi_import_0__ = await import(&quot;react/jsx-dev-runtime&quot;);\n45 |  const __vi_import_1__ = await import(&quot;@test/webgl&quot;);\n   |                                       ^\n46 |  const __vi_import_2__ = await import(&quot;./BiometricMonitorPanel&quot;);\n47 |  &apos; } }
            </failure>
        </testcase>
    </testsuite>
    <testsuite name="src/presentation/organisms/BrainModelContainer.minimal.spec.tsx" timestamp="2025-04-06T15:37:18.664Z" hostname="MacBookPro" tests="1" failures="1" errors="0" skipped="0" time="0">
        <testcase classname="src/presentation/organisms/BrainModelContainer.minimal.spec.tsx" name="src/presentation/organisms/BrainModelContainer.minimal.spec.tsx" time="0">
            <system-out>
[TEST SETUP] Global setup complete.

            </system-out>
            <failure message="Failed to resolve import &quot;@test/test-utils.unified&quot; from &quot;src/presentation/organisms/BrainModelContainer.minimal.spec.tsx&quot;. Does the file exist?" type="Error">
Error: Failed to resolve import &quot;@test/test-utils.unified&quot; from &quot;src/presentation/organisms/BrainModelContainer.minimal.spec.tsx&quot;. Does the file exist?
  Plugin: vite:import-analysis
  File: /Users/ray/Desktop/GITHUB/Novamind-Frontend/src/presentation/organisms/BrainModelContainer.minimal.spec.tsx:12:0
  8  |  const __vi_import_0__ = await import(&quot;react/jsx-dev-runtime&quot;);
  9  |  const __vi_import_1__ = await import(&quot;@testing-library/react&quot;);
  10 |  const __vi_import_2__ = await import(&quot;@test/test-utils.unified&quot;);
     |                                       ^
  11 |  const __vi_import_3__ = await import(&quot;@presentation/templates/BrainModelContainer&quot;);
  12 |  
 ❯ TransformPluginContext._formatLog node_modules/vite/dist/node/chunks/dep-Pj_jxEzN.js:47885:41
 ❯ TransformPluginContext.error node_modules/vite/dist/node/chunks/dep-Pj_jxEzN.js:47882:16
 ❯ normalizeUrl node_modules/vite/dist/node/chunks/dep-Pj_jxEzN.js:46015:23
 ❯ node_modules/vite/dist/node/chunks/dep-Pj_jxEzN.js:46134:37
 ❯ TransformPluginContext.transform node_modules/vite/dist/node/chunks/dep-Pj_jxEzN.js:46061:7
 ❯ EnvironmentPluginContainer.transform node_modules/vite/dist/node/chunks/dep-Pj_jxEzN.js:47680:18
 ❯ loadAndTransform node_modules/vite/dist/node/chunks/dep-Pj_jxEzN.js:41327:27

⎯⎯⎯⎯⎯⎯⎯⎯⎯⎯⎯⎯⎯⎯⎯⎯⎯⎯⎯⎯⎯⎯⎯⎯⎯⎯⎯⎯⎯⎯⎯⎯⎯⎯⎯⎯⎯⎯⎯⎯⎯⎯⎯⎯⎯⎯⎯⎯⎯⎯⎯⎯⎯⎯⎯⎯⎯⎯⎯⎯⎯⎯⎯⎯⎯⎯⎯⎯⎯⎯⎯⎯⎯⎯⎯⎯⎯⎯⎯⎯⎯⎯⎯⎯⎯⎯⎯⎯⎯⎯
Serialized Error: { __vitest_rollup_error__: { plugin: &apos;vite:import-analysis&apos;, id: &apos;/Users/ray/Desktop/GITHUB/Novamind-Frontend/src/presentation/organisms/BrainModelContainer.minimal.spec.tsx&apos;, loc: { file: &apos;/Users/ray/Desktop/GITHUB/Novamind-Frontend/src/presentation/organisms/BrainModelContainer.minimal.spec.tsx&apos;, line: 12, column: +0 }, frame: &apos;8  |  const __vi_import_0__ = await import(&quot;react/jsx-dev-runtime&quot;);\n9  |  const __vi_import_1__ = await import(&quot;@testing-library/react&quot;);\n10 |  const __vi_import_2__ = await import(&quot;@test/test-utils.unified&quot;);\n   |                                       ^\n11 |  const __vi_import_3__ = await import(&quot;@presentation/templates/BrainModelContainer&quot;);\n12 |  &apos; } }
            </failure>
        </testcase>
    </testsuite>
    <testsuite name="src/presentation/organisms/BrainModelContainer.minimal.test.tsx" timestamp="2025-04-06T15:37:18.665Z" hostname="MacBookPro" tests="1" failures="1" errors="0" skipped="0" time="0">
        <testcase classname="src/presentation/organisms/BrainModelContainer.minimal.test.tsx" name="src/presentation/organisms/BrainModelContainer.minimal.test.tsx" time="0">
            <system-out>
[TEST SETUP] Global setup complete.

            </system-out>
            <failure message="Failed to resolve import &quot;@test/test-utils.unified&quot; from &quot;src/presentation/organisms/BrainModelContainer.minimal.test.tsx&quot;. Does the file exist?" type="Error">
Error: Failed to resolve import &quot;@test/test-utils.unified&quot; from &quot;src/presentation/organisms/BrainModelContainer.minimal.test.tsx&quot;. Does the file exist?
  Plugin: vite:import-analysis
  File: /Users/ray/Desktop/GITHUB/Novamind-Frontend/src/presentation/organisms/BrainModelContainer.minimal.test.tsx:10:0
  89 |  const __vi_import_0__ = await import(&quot;react/jsx-dev-runtime&quot;);
  90 |  const __vi_import_1__ = await import(&quot;@testing-library/react&quot;);
  91 |  const __vi_import_2__ = await import(&quot;@test/test-utils.unified&quot;);
     |                                       ^
  92 |  const __vi_import_3__ = await import(&quot;./BrainModelContainer&quot;);
  93 |  
 ❯ TransformPluginContext._formatLog node_modules/vite/dist/node/chunks/dep-Pj_jxEzN.js:47885:41
 ❯ TransformPluginContext.error node_modules/vite/dist/node/chunks/dep-Pj_jxEzN.js:47882:16
 ❯ normalizeUrl node_modules/vite/dist/node/chunks/dep-Pj_jxEzN.js:46015:23
 ❯ node_modules/vite/dist/node/chunks/dep-Pj_jxEzN.js:46134:37
 ❯ TransformPluginContext.transform node_modules/vite/dist/node/chunks/dep-Pj_jxEzN.js:46061:7
 ❯ EnvironmentPluginContainer.transform node_modules/vite/dist/node/chunks/dep-Pj_jxEzN.js:47680:18
 ❯ loadAndTransform node_modules/vite/dist/node/chunks/dep-Pj_jxEzN.js:41327:27

⎯⎯⎯⎯⎯⎯⎯⎯⎯⎯⎯⎯⎯⎯⎯⎯⎯⎯⎯⎯⎯⎯⎯⎯⎯⎯⎯⎯⎯⎯⎯⎯⎯⎯⎯⎯⎯⎯⎯⎯⎯⎯⎯⎯⎯⎯⎯⎯⎯⎯⎯⎯⎯⎯⎯⎯⎯⎯⎯⎯⎯⎯⎯⎯⎯⎯⎯⎯⎯⎯⎯⎯⎯⎯⎯⎯⎯⎯⎯⎯⎯⎯⎯⎯⎯⎯⎯⎯⎯⎯
Serialized Error: { __vitest_rollup_error__: { plugin: &apos;vite:import-analysis&apos;, id: &apos;/Users/ray/Desktop/GITHUB/Novamind-Frontend/src/presentation/organisms/BrainModelContainer.minimal.test.tsx&apos;, loc: { file: &apos;/Users/ray/Desktop/GITHUB/Novamind-Frontend/src/presentation/organisms/BrainModelContainer.minimal.test.tsx&apos;, line: 10, column: +0 }, frame: &apos;89 |  const __vi_import_0__ = await import(&quot;react/jsx-dev-runtime&quot;);\n90 |  const __vi_import_1__ = await import(&quot;@testing-library/react&quot;);\n91 |  const __vi_import_2__ = await import(&quot;@test/test-utils.unified&quot;);\n   |                                       ^\n92 |  const __vi_import_3__ = await import(&quot;./BrainModelContainer&quot;);\n93 |  &apos; } }
            </failure>
        </testcase>
    </testsuite>
    <testsuite name="src/presentation/organisms/BrainModelContainer.test.tsx" timestamp="2025-04-06T15:37:18.665Z" hostname="MacBookPro" tests="1" failures="1" errors="0" skipped="0" time="0">
        <testcase classname="src/presentation/organisms/BrainModelContainer.test.tsx" name="src/presentation/organisms/BrainModelContainer.test.tsx" time="0">
            <system-out>
[TEST SETUP] Global setup complete.

            </system-out>
            <failure message="Failed to resolve import &quot;@test/test-utils.unified&quot; from &quot;src/presentation/organisms/BrainModelContainer.test.tsx&quot;. Does the file exist?" type="Error">
Error: Failed to resolve import &quot;@test/test-utils.unified&quot; from &quot;src/presentation/organisms/BrainModelContainer.test.tsx&quot;. Does the file exist?
  Plugin: vite:import-analysis
  File: /Users/ray/Desktop/GITHUB/Novamind-Frontend/src/presentation/organisms/BrainModelContainer.test.tsx:8:0
  203|  const __vi_import_0__ = await import(&quot;react/jsx-dev-runtime&quot;);
  204|  const __vi_import_1__ = await import(&quot;react&quot;);
  205|  const __vi_import_2__ = await import(&quot;@test/test-utils.unified&quot;);
     |                                       ^
  206|  const __vi_import_3__ = await import(&quot;./BrainModelContainer&quot;);
  207|  
 ❯ TransformPluginContext._formatLog node_modules/vite/dist/node/chunks/dep-Pj_jxEzN.js:47885:41
 ❯ TransformPluginContext.error node_modules/vite/dist/node/chunks/dep-Pj_jxEzN.js:47882:16
 ❯ normalizeUrl node_modules/vite/dist/node/chunks/dep-Pj_jxEzN.js:46015:23
 ❯ node_modules/vite/dist/node/chunks/dep-Pj_jxEzN.js:46134:37
 ❯ TransformPluginContext.transform node_modules/vite/dist/node/chunks/dep-Pj_jxEzN.js:46061:7
 ❯ EnvironmentPluginContainer.transform node_modules/vite/dist/node/chunks/dep-Pj_jxEzN.js:47680:18
 ❯ loadAndTransform node_modules/vite/dist/node/chunks/dep-Pj_jxEzN.js:41327:27

⎯⎯⎯⎯⎯⎯⎯⎯⎯⎯⎯⎯⎯⎯⎯⎯⎯⎯⎯⎯⎯⎯⎯⎯⎯⎯⎯⎯⎯⎯⎯⎯⎯⎯⎯⎯⎯⎯⎯⎯⎯⎯⎯⎯⎯⎯⎯⎯⎯⎯⎯⎯⎯⎯⎯⎯⎯⎯⎯⎯⎯⎯⎯⎯⎯⎯⎯⎯⎯⎯⎯⎯⎯⎯⎯⎯⎯⎯⎯⎯⎯⎯⎯⎯⎯⎯⎯⎯⎯⎯
Serialized Error: { __vitest_rollup_error__: { plugin: &apos;vite:import-analysis&apos;, id: &apos;/Users/ray/Desktop/GITHUB/Novamind-Frontend/src/presentation/organisms/BrainModelContainer.test.tsx&apos;, loc: { file: &apos;/Users/ray/Desktop/GITHUB/Novamind-Frontend/src/presentation/organisms/BrainModelContainer.test.tsx&apos;, line: 8, column: +0 }, frame: &apos;203|  const __vi_import_0__ = await import(&quot;react/jsx-dev-runtime&quot;);\n204|  const __vi_import_1__ = await import(&quot;react&quot;);\n205|  const __vi_import_2__ = await import(&quot;@test/test-utils.unified&quot;);\n   |                                       ^\n206|  const __vi_import_3__ = await import(&quot;./BrainModelContainer&quot;);\n207|  &apos; } }
            </failure>
        </testcase>
    </testsuite>
    <testsuite name="src/presentation/organisms/BrainModelViewer.test.tsx" timestamp="2025-04-06T15:37:18.665Z" hostname="MacBookPro" tests="1" failures="1" errors="0" skipped="0" time="0">
        <testcase classname="src/presentation/organisms/BrainModelViewer.test.tsx" name="src/presentation/organisms/BrainModelViewer.test.tsx" time="0">
            <system-out>
[TEST SETUP] Global setup complete.

            </system-out>
            <failure message="Failed to resolve import &quot;@presentation/molecules/BrainRegionGroup&quot; from &quot;src/presentation/organisms/BrainModelViewer.tsx&quot;. Does the file exist?" type="Error">
Error: Failed to resolve import &quot;@presentation/molecules/BrainRegionGroup&quot; from &quot;src/presentation/organisms/BrainModelViewer.tsx&quot;. Does the file exist?
  Plugin: vite:import-analysis
  File: /Users/ray/Desktop/GITHUB/Novamind-Frontend/src/presentation/organisms/BrainModelViewer.tsx:23:29
  12 |  import { KernelSize } from &quot;postprocessing&quot;;
  13 |  import { ThemeContext } from &quot;../../application/contexts/ThemeProvider&quot;;
  14 |  import BrainRegionGroup from &quot;@presentation/molecules/BrainRegionGroup&quot;;
     |                                ^
  15 |  import NeuralConnections from &quot;@presentation/molecules/NeuralConnections&quot;;
  16 |  import {
 ❯ TransformPluginContext._formatLog node_modules/vite/dist/node/chunks/dep-Pj_jxEzN.js:47885:41
 ❯ TransformPluginContext.error node_modules/vite/dist/node/chunks/dep-Pj_jxEzN.js:47882:16
 ❯ normalizeUrl node_modules/vite/dist/node/chunks/dep-Pj_jxEzN.js:46015:23
 ❯ node_modules/vite/dist/node/chunks/dep-Pj_jxEzN.js:46134:37
 ❯ TransformPluginContext.transform node_modules/vite/dist/node/chunks/dep-Pj_jxEzN.js:46061:7
 ❯ EnvironmentPluginContainer.transform node_modules/vite/dist/node/chunks/dep-Pj_jxEzN.js:47680:18
 ❯ loadAndTransform node_modules/vite/dist/node/chunks/dep-Pj_jxEzN.js:41327:27

⎯⎯⎯⎯⎯⎯⎯⎯⎯⎯⎯⎯⎯⎯⎯⎯⎯⎯⎯⎯⎯⎯⎯⎯⎯⎯⎯⎯⎯⎯⎯⎯⎯⎯⎯⎯⎯⎯⎯⎯⎯⎯⎯⎯⎯⎯⎯⎯⎯⎯⎯⎯⎯⎯⎯⎯⎯⎯⎯⎯⎯⎯⎯⎯⎯⎯⎯⎯⎯⎯⎯⎯⎯⎯⎯⎯⎯⎯⎯⎯⎯⎯⎯⎯⎯⎯⎯⎯⎯⎯
Serialized Error: { __vitest_rollup_error__: { plugin: &apos;vite:import-analysis&apos;, id: &apos;/Users/ray/Desktop/GITHUB/Novamind-Frontend/src/presentation/organisms/BrainModelViewer.tsx&apos;, loc: { file: &apos;/Users/ray/Desktop/GITHUB/Novamind-Frontend/src/presentation/organisms/BrainModelViewer.tsx&apos;, line: 23, column: 29 }, frame: &apos;12 |  import { KernelSize } from &quot;postprocessing&quot;;\n13 |  import { ThemeContext } from &quot;../../application/contexts/ThemeProvider&quot;;\n14 |  import BrainRegionGroup from &quot;@presentation/molecules/BrainRegionGroup&quot;;\n   |                                ^\n15 |  import NeuralConnections from &quot;@presentation/molecules/NeuralConnections&quot;;\n16 |  import {&apos; } }
            </failure>
        </testcase>
    </testsuite>
    <testsuite name="src/presentation/organisms/BrainVisualization.test.tsx" timestamp="2025-04-06T15:37:18.666Z" hostname="MacBookPro" tests="1" failures="1" errors="0" skipped="0" time="0">
        <testcase classname="src/presentation/organisms/BrainVisualization.test.tsx" name="src/presentation/organisms/BrainVisualization.test.tsx" time="0">
            <system-out>
[TEST SETUP] Global setup complete.

            </system-out>
            <failure message="Failed to resolve import &quot;@domain/types/brain&quot; from &quot;src/presentation/organisms/BrainVisualization.tsx&quot;. Does the file exist?" type="Error">
Error: Failed to resolve import &quot;@domain/types/brain&quot; from &quot;src/presentation/organisms/BrainVisualization.tsx&quot;. Does the file exist?
  Plugin: vite:import-analysis
  File: /Users/ray/Desktop/GITHUB/Novamind-Frontend/src/presentation/organisms/BrainVisualization.tsx:11:29
  4  |  import { OrbitControls, PerspectiveCamera } from &quot;@react-three/drei&quot;;
  5  |  import { EffectComposer, Bloom } from &quot;@react-three/postprocessing&quot;;
  6  |  import { isBrainModel } from &quot;@domain/types/brain&quot;;
     |                                ^
  7  |  const DEFAULT_SETTINGS = {
  8  |    showLabels: true,
 ❯ TransformPluginContext._formatLog node_modules/vite/dist/node/chunks/dep-Pj_jxEzN.js:47885:41
 ❯ TransformPluginContext.error node_modules/vite/dist/node/chunks/dep-Pj_jxEzN.js:47882:16
 ❯ normalizeUrl node_modules/vite/dist/node/chunks/dep-Pj_jxEzN.js:46015:23
 ❯ node_modules/vite/dist/node/chunks/dep-Pj_jxEzN.js:46134:37
 ❯ TransformPluginContext.transform node_modules/vite/dist/node/chunks/dep-Pj_jxEzN.js:46061:7
 ❯ EnvironmentPluginContainer.transform node_modules/vite/dist/node/chunks/dep-Pj_jxEzN.js:47680:18
 ❯ loadAndTransform node_modules/vite/dist/node/chunks/dep-Pj_jxEzN.js:41327:27

⎯⎯⎯⎯⎯⎯⎯⎯⎯⎯⎯⎯⎯⎯⎯⎯⎯⎯⎯⎯⎯⎯⎯⎯⎯⎯⎯⎯⎯⎯⎯⎯⎯⎯⎯⎯⎯⎯⎯⎯⎯⎯⎯⎯⎯⎯⎯⎯⎯⎯⎯⎯⎯⎯⎯⎯⎯⎯⎯⎯⎯⎯⎯⎯⎯⎯⎯⎯⎯⎯⎯⎯⎯⎯⎯⎯⎯⎯⎯⎯⎯⎯⎯⎯⎯⎯⎯⎯⎯⎯
Serialized Error: { __vitest_rollup_error__: { plugin: &apos;vite:import-analysis&apos;, id: &apos;/Users/ray/Desktop/GITHUB/Novamind-Frontend/src/presentation/organisms/BrainVisualization.tsx&apos;, loc: { file: &apos;/Users/ray/Desktop/GITHUB/Novamind-Frontend/src/presentation/organisms/BrainVisualization.tsx&apos;, line: 11, column: 29 }, frame: &apos;4  |  import { OrbitControls, PerspectiveCamera } from &quot;@react-three/drei&quot;;\n5  |  import { EffectComposer, Bloom } from &quot;@react-three/postprocessing&quot;;\n6  |  import { isBrainModel } from &quot;@domain/types/brain&quot;;\n   |                                ^\n7  |  const DEFAULT_SETTINGS = {\n8  |    showLabels: true,&apos; } }
            </failure>
        </testcase>
    </testsuite>
    <testsuite name="src/presentation/organisms/BrainVisualizationContainer.test.tsx" timestamp="2025-04-06T15:37:18.666Z" hostname="MacBookPro" tests="1" failures="1" errors="0" skipped="0" time="0">
        <testcase classname="src/presentation/organisms/BrainVisualizationContainer.test.tsx" name="src/presentation/organisms/BrainVisualizationContainer.test.tsx" time="0">
            <system-out>
[TEST SETUP] Global setup complete.

            </system-out>
            <failure message="Failed to resolve import &quot;@domain/types/brain/visualization&quot; from &quot;src/presentation/organisms/BrainVisualizationContainer.tsx&quot;. Does the file exist?" type="Error">
Error: Failed to resolve import &quot;@domain/types/brain/visualization&quot; from &quot;src/presentation/organisms/BrainVisualizationContainer.tsx&quot;. Does the file exist?
  Plugin: vite:import-analysis
  File: /Users/ray/Desktop/GITHUB/Novamind-Frontend/src/presentation/organisms/BrainVisualizationContainer.tsx:19:7
  5  |  import {
  6  |    RenderMode
  7  |  } from &quot;@domain/types/brain/visualization&quot;;
     |          ^
  8  |  import {
  9  |    SafeArray,
 ❯ TransformPluginContext._formatLog node_modules/vite/dist/node/chunks/dep-Pj_jxEzN.js:47885:41
 ❯ TransformPluginContext.error node_modules/vite/dist/node/chunks/dep-Pj_jxEzN.js:47882:16
 ❯ normalizeUrl node_modules/vite/dist/node/chunks/dep-Pj_jxEzN.js:46015:23
 ❯ node_modules/vite/dist/node/chunks/dep-Pj_jxEzN.js:46134:37
 ❯ TransformPluginContext.transform node_modules/vite/dist/node/chunks/dep-Pj_jxEzN.js:46061:7
 ❯ EnvironmentPluginContainer.transform node_modules/vite/dist/node/chunks/dep-Pj_jxEzN.js:47680:18
 ❯ loadAndTransform node_modules/vite/dist/node/chunks/dep-Pj_jxEzN.js:41327:27

⎯⎯⎯⎯⎯⎯⎯⎯⎯⎯⎯⎯⎯⎯⎯⎯⎯⎯⎯⎯⎯⎯⎯⎯⎯⎯⎯⎯⎯⎯⎯⎯⎯⎯⎯⎯⎯⎯⎯⎯⎯⎯⎯⎯⎯⎯⎯⎯⎯⎯⎯⎯⎯⎯⎯⎯⎯⎯⎯⎯⎯⎯⎯⎯⎯⎯⎯⎯⎯⎯⎯⎯⎯⎯⎯⎯⎯⎯⎯⎯⎯⎯⎯⎯⎯⎯⎯⎯⎯⎯
Serialized Error: { __vitest_rollup_error__: { plugin: &apos;vite:import-analysis&apos;, id: &apos;/Users/ray/Desktop/GITHUB/Novamind-Frontend/src/presentation/organisms/BrainVisualizationContainer.tsx&apos;, loc: { file: &apos;/Users/ray/Desktop/GITHUB/Novamind-Frontend/src/presentation/organisms/BrainVisualizationContainer.tsx&apos;, line: 19, column: 7 }, frame: &apos;5  |  import {\n6  |    RenderMode\n7  |  } from &quot;@domain/types/brain/visualization&quot;;\n   |          ^\n8  |  import {\n9  |    SafeArray,&apos; } }
            </failure>
        </testcase>
    </testsuite>
    <testsuite name="src/presentation/organisms/ClinicalMetricsPanel.test.tsx" timestamp="2025-04-06T15:37:18.667Z" hostname="MacBookPro" tests="1" failures="1" errors="0" skipped="0" time="0">
        <testcase classname="src/presentation/organisms/ClinicalMetricsPanel.test.tsx" name="src/presentation/organisms/ClinicalMetricsPanel.test.tsx" time="0">
            <system-out>
[TEST SETUP] Global setup complete.

            </system-out>
            <failure message="Failed to resolve import &quot;@test/test-utils.unified&quot; from &quot;src/presentation/organisms/ClinicalMetricsPanel.test.tsx&quot;. Does the file exist?" type="Error">
Error: Failed to resolve import &quot;@test/test-utils.unified&quot; from &quot;src/presentation/organisms/ClinicalMetricsPanel.test.tsx&quot;. Does the file exist?
  Plugin: vite:import-analysis
  File: /Users/ray/Desktop/GITHUB/Novamind-Frontend/src/presentation/organisms/ClinicalMetricsPanel.test.tsx:10:36
  3  |  import { screen } from &quot;@testing-library/react&quot;;
  4  |  import { ClinicalMetricsPanel } from &quot;./ClinicalMetricsPanel&quot;;
  5  |  import { renderWithProviders } from &quot;@test/test-utils.unified&quot;;
     |                                       ^
  6  |  const mockMetrics = {
  7  |    clinicalRiskScore: 72,
 ❯ TransformPluginContext._formatLog node_modules/vite/dist/node/chunks/dep-Pj_jxEzN.js:47885:41
 ❯ TransformPluginContext.error node_modules/vite/dist/node/chunks/dep-Pj_jxEzN.js:47882:16
 ❯ normalizeUrl node_modules/vite/dist/node/chunks/dep-Pj_jxEzN.js:46015:23
 ❯ node_modules/vite/dist/node/chunks/dep-Pj_jxEzN.js:46134:37
 ❯ TransformPluginContext.transform node_modules/vite/dist/node/chunks/dep-Pj_jxEzN.js:46061:7
 ❯ EnvironmentPluginContainer.transform node_modules/vite/dist/node/chunks/dep-Pj_jxEzN.js:47680:18
 ❯ loadAndTransform node_modules/vite/dist/node/chunks/dep-Pj_jxEzN.js:41327:27

⎯⎯⎯⎯⎯⎯⎯⎯⎯⎯⎯⎯⎯⎯⎯⎯⎯⎯⎯⎯⎯⎯⎯⎯⎯⎯⎯⎯⎯⎯⎯⎯⎯⎯⎯⎯⎯⎯⎯⎯⎯⎯⎯⎯⎯⎯⎯⎯⎯⎯⎯⎯⎯⎯⎯⎯⎯⎯⎯⎯⎯⎯⎯⎯⎯⎯⎯⎯⎯⎯⎯⎯⎯⎯⎯⎯⎯⎯⎯⎯⎯⎯⎯⎯⎯⎯⎯⎯⎯⎯
Serialized Error: { __vitest_rollup_error__: { plugin: &apos;vite:import-analysis&apos;, id: &apos;/Users/ray/Desktop/GITHUB/Novamind-Frontend/src/presentation/organisms/ClinicalMetricsPanel.test.tsx&apos;, loc: { file: &apos;/Users/ray/Desktop/GITHUB/Novamind-Frontend/src/presentation/organisms/ClinicalMetricsPanel.test.tsx&apos;, line: 10, column: 36 }, frame: &apos;3  |  import { screen } from &quot;@testing-library/react&quot;;\n4  |  import { ClinicalMetricsPanel } from &quot;./ClinicalMetricsPanel&quot;;\n5  |  import { renderWithProviders } from &quot;@test/test-utils.unified&quot;;\n   |                                       ^\n6  |  const mockMetrics = {\n7  |    clinicalRiskScore: 72,&apos; } }
            </failure>
        </testcase>
    </testsuite>
    <testsuite name="src/presentation/organisms/ClinicalTimelinePanel.test.tsx" timestamp="2025-04-06T15:37:18.667Z" hostname="MacBookPro" tests="1" failures="1" errors="0" skipped="0" time="0">
        <testcase classname="src/presentation/organisms/ClinicalTimelinePanel.test.tsx" name="src/presentation/organisms/ClinicalTimelinePanel.test.tsx" time="0">
            <system-out>
[TEST SETUP] Global setup complete.

            </system-out>
            <failure message="Failed to resolve import &quot;@test/webgl&quot; from &quot;src/presentation/organisms/ClinicalTimelinePanel.test.tsx&quot;. Does the file exist?" type="Error">
Error: Failed to resolve import &quot;@test/webgl&quot; from &quot;src/presentation/organisms/ClinicalTimelinePanel.test.tsx&quot;. Does the file exist?
  Plugin: vite:import-analysis
  File: /Users/ray/Desktop/GITHUB/Novamind-Frontend/src/presentation/organisms/ClinicalTimelinePanel.test.tsx:7:0
  43 |  }));
  44 |  const __vi_import_0__ = await import(&quot;react/jsx-dev-runtime&quot;);
  45 |  const __vi_import_1__ = await import(&quot;@test/webgl&quot;);
     |                                       ^
  46 |  const __vi_import_2__ = await import(&quot;./ClinicalTimelinePanel&quot;);
  47 |  
 ❯ TransformPluginContext._formatLog node_modules/vite/dist/node/chunks/dep-Pj_jxEzN.js:47885:41
 ❯ TransformPluginContext.error node_modules/vite/dist/node/chunks/dep-Pj_jxEzN.js:47882:16
 ❯ normalizeUrl node_modules/vite/dist/node/chunks/dep-Pj_jxEzN.js:46015:23
 ❯ node_modules/vite/dist/node/chunks/dep-Pj_jxEzN.js:46134:37
 ❯ TransformPluginContext.transform node_modules/vite/dist/node/chunks/dep-Pj_jxEzN.js:46061:7
 ❯ EnvironmentPluginContainer.transform node_modules/vite/dist/node/chunks/dep-Pj_jxEzN.js:47680:18
 ❯ loadAndTransform node_modules/vite/dist/node/chunks/dep-Pj_jxEzN.js:41327:27

⎯⎯⎯⎯⎯⎯⎯⎯⎯⎯⎯⎯⎯⎯⎯⎯⎯⎯⎯⎯⎯⎯⎯⎯⎯⎯⎯⎯⎯⎯⎯⎯⎯⎯⎯⎯⎯⎯⎯⎯⎯⎯⎯⎯⎯⎯⎯⎯⎯⎯⎯⎯⎯⎯⎯⎯⎯⎯⎯⎯⎯⎯⎯⎯⎯⎯⎯⎯⎯⎯⎯⎯⎯⎯⎯⎯⎯⎯⎯⎯⎯⎯⎯⎯⎯⎯⎯⎯⎯⎯
Serialized Error: { __vitest_rollup_error__: { plugin: &apos;vite:import-analysis&apos;, id: &apos;/Users/ray/Desktop/GITHUB/Novamind-Frontend/src/presentation/organisms/ClinicalTimelinePanel.test.tsx&apos;, loc: { file: &apos;/Users/ray/Desktop/GITHUB/Novamind-Frontend/src/presentation/organisms/ClinicalTimelinePanel.test.tsx&apos;, line: 7, column: +0 }, frame: &apos;43 |  }));\n44 |  const __vi_import_0__ = await import(&quot;react/jsx-dev-runtime&quot;);\n45 |  const __vi_import_1__ = await import(&quot;@test/webgl&quot;);\n   |                                       ^\n46 |  const __vi_import_2__ = await import(&quot;./ClinicalTimelinePanel&quot;);\n47 |  &apos; } }
            </failure>
        </testcase>
    </testsuite>
    <testsuite name="src/presentation/organisms/DigitalTwinDashboard.test.tsx" timestamp="2025-04-06T15:37:18.667Z" hostname="MacBookPro" tests="1" failures="1" errors="0" skipped="0" time="0">
        <testcase classname="src/presentation/organisms/DigitalTwinDashboard.test.tsx" name="src/presentation/organisms/DigitalTwinDashboard.test.tsx" time="0">
            <system-out>
[TEST SETUP] Global setup complete.

            </system-out>
            <failure message="Failed to resolve import &quot;@test/webgl&quot; from &quot;src/presentation/organisms/DigitalTwinDashboard.test.tsx&quot;. Does the file exist?" type="Error">
Error: Failed to resolve import &quot;@test/webgl&quot; from &quot;src/presentation/organisms/DigitalTwinDashboard.test.tsx&quot;. Does the file exist?
  Plugin: vite:import-analysis
  File: /Users/ray/Desktop/GITHUB/Novamind-Frontend/src/presentation/organisms/DigitalTwinDashboard.test.tsx:7:51
  1  |  import { setupWebGLMocks, cleanupWebGLMocks } from &quot;@test/webgl&quot;;
     |                                                      ^
  2  |  import { describe, it, expect, beforeEach, afterEach } from &quot;vitest&quot;;
  3  |  import DigitalTwinDashboard from &quot;./DigitalTwinDashboard&quot;;
 ❯ TransformPluginContext._formatLog node_modules/vite/dist/node/chunks/dep-Pj_jxEzN.js:47885:41
 ❯ TransformPluginContext.error node_modules/vite/dist/node/chunks/dep-Pj_jxEzN.js:47882:16
 ❯ normalizeUrl node_modules/vite/dist/node/chunks/dep-Pj_jxEzN.js:46015:23
 ❯ node_modules/vite/dist/node/chunks/dep-Pj_jxEzN.js:46134:37
 ❯ TransformPluginContext.transform node_modules/vite/dist/node/chunks/dep-Pj_jxEzN.js:46061:7
 ❯ EnvironmentPluginContainer.transform node_modules/vite/dist/node/chunks/dep-Pj_jxEzN.js:47680:18
 ❯ loadAndTransform node_modules/vite/dist/node/chunks/dep-Pj_jxEzN.js:41327:27

⎯⎯⎯⎯⎯⎯⎯⎯⎯⎯⎯⎯⎯⎯⎯⎯⎯⎯⎯⎯⎯⎯⎯⎯⎯⎯⎯⎯⎯⎯⎯⎯⎯⎯⎯⎯⎯⎯⎯⎯⎯⎯⎯⎯⎯⎯⎯⎯⎯⎯⎯⎯⎯⎯⎯⎯⎯⎯⎯⎯⎯⎯⎯⎯⎯⎯⎯⎯⎯⎯⎯⎯⎯⎯⎯⎯⎯⎯⎯⎯⎯⎯⎯⎯⎯⎯⎯⎯⎯⎯
Serialized Error: { __vitest_rollup_error__: { plugin: &apos;vite:import-analysis&apos;, id: &apos;/Users/ray/Desktop/GITHUB/Novamind-Frontend/src/presentation/organisms/DigitalTwinDashboard.test.tsx&apos;, loc: { file: &apos;/Users/ray/Desktop/GITHUB/Novamind-Frontend/src/presentation/organisms/DigitalTwinDashboard.test.tsx&apos;, line: 7, column: 51 }, frame: &apos;1  |  import { setupWebGLMocks, cleanupWebGLMocks } from &quot;@test/webgl&quot;;\n   |                                                      ^\n2  |  import { describe, it, expect, beforeEach, afterEach } from &quot;vitest&quot;;\n3  |  import DigitalTwinDashboard from &quot;./DigitalTwinDashboard&quot;;&apos; } }
            </failure>
        </testcase>
    </testsuite>
    <testsuite name="src/presentation/organisms/NeuralControlPanel.test.tsx" timestamp="2025-04-06T15:37:18.668Z" hostname="MacBookPro" tests="1" failures="1" errors="0" skipped="0" time="0">
        <testcase classname="src/presentation/organisms/NeuralControlPanel.test.tsx" name="src/presentation/organisms/NeuralControlPanel.test.tsx" time="0">
            <system-out>
[TEST SETUP] Global setup complete.

            </system-out>
            <failure message="Failed to resolve import &quot;@test/test-utils.unified&quot; from &quot;src/presentation/organisms/NeuralControlPanel.test.tsx&quot;. Does the file exist?" type="Error">
Error: Failed to resolve import &quot;@test/test-utils.unified&quot; from &quot;src/presentation/organisms/NeuralControlPanel.test.tsx&quot;. Does the file exist?
  Plugin: vite:import-analysis
  File: /Users/ray/Desktop/GITHUB/Novamind-Frontend/src/presentation/organisms/NeuralControlPanel.test.tsx:11:36
  4  |  import userEvent from &quot;@testing-library/user-event&quot;;
  5  |  import { NeuralControlPanel } from &quot;./NeuralControlPanel&quot;;
  6  |  import { renderWithProviders } from &quot;@test/test-utils.unified&quot;;
     |                                       ^
  7  |  const mockProps = {
  8  |    className: &quot;test-class&quot;,
 ❯ TransformPluginContext._formatLog node_modules/vite/dist/node/chunks/dep-Pj_jxEzN.js:47885:41
 ❯ TransformPluginContext.error node_modules/vite/dist/node/chunks/dep-Pj_jxEzN.js:47882:16
 ❯ normalizeUrl node_modules/vite/dist/node/chunks/dep-Pj_jxEzN.js:46015:23
 ❯ node_modules/vite/dist/node/chunks/dep-Pj_jxEzN.js:46134:37
 ❯ TransformPluginContext.transform node_modules/vite/dist/node/chunks/dep-Pj_jxEzN.js:46061:7
 ❯ EnvironmentPluginContainer.transform node_modules/vite/dist/node/chunks/dep-Pj_jxEzN.js:47680:18
 ❯ loadAndTransform node_modules/vite/dist/node/chunks/dep-Pj_jxEzN.js:41327:27

⎯⎯⎯⎯⎯⎯⎯⎯⎯⎯⎯⎯⎯⎯⎯⎯⎯⎯⎯⎯⎯⎯⎯⎯⎯⎯⎯⎯⎯⎯⎯⎯⎯⎯⎯⎯⎯⎯⎯⎯⎯⎯⎯⎯⎯⎯⎯⎯⎯⎯⎯⎯⎯⎯⎯⎯⎯⎯⎯⎯⎯⎯⎯⎯⎯⎯⎯⎯⎯⎯⎯⎯⎯⎯⎯⎯⎯⎯⎯⎯⎯⎯⎯⎯⎯⎯⎯⎯⎯⎯
Serialized Error: { __vitest_rollup_error__: { plugin: &apos;vite:import-analysis&apos;, id: &apos;/Users/ray/Desktop/GITHUB/Novamind-Frontend/src/presentation/organisms/NeuralControlPanel.test.tsx&apos;, loc: { file: &apos;/Users/ray/Desktop/GITHUB/Novamind-Frontend/src/presentation/organisms/NeuralControlPanel.test.tsx&apos;, line: 11, column: 36 }, frame: &apos;4  |  import userEvent from &quot;@testing-library/user-event&quot;;\n5  |  import { NeuralControlPanel } from &quot;./NeuralControlPanel&quot;;\n6  |  import { renderWithProviders } from &quot;@test/test-utils.unified&quot;;\n   |                                       ^\n7  |  const mockProps = {\n8  |    className: &quot;test-class&quot;,&apos; } }
            </failure>
        </testcase>
    </testsuite>
    <testsuite name="src/presentation/organisms/RiskAssessmentPanel.test.tsx" timestamp="2025-04-06T15:37:18.668Z" hostname="MacBookPro" tests="1" failures="1" errors="0" skipped="0" time="0">
        <testcase classname="src/presentation/organisms/RiskAssessmentPanel.test.tsx" name="src/presentation/organisms/RiskAssessmentPanel.test.tsx" time="0">
            <system-out>
[TEST SETUP] Global setup complete.

            </system-out>
            <failure message="Failed to resolve import &quot;@test/test-utils.unified&quot; from &quot;src/presentation/organisms/RiskAssessmentPanel.test.tsx&quot;. Does the file exist?" type="Error">
Error: Failed to resolve import &quot;@test/test-utils.unified&quot; from &quot;src/presentation/organisms/RiskAssessmentPanel.test.tsx&quot;. Does the file exist?
  Plugin: vite:import-analysis
  File: /Users/ray/Desktop/GITHUB/Novamind-Frontend/src/presentation/organisms/RiskAssessmentPanel.test.tsx:11:36
  4  |  import userEvent from &quot;@testing-library/user-event&quot;;
  5  |  import RiskAssessmentPanel from &quot;./RiskAssessmentPanel&quot;;
  6  |  import { renderWithProviders } from &quot;@test/test-utils.unified&quot;;
     |                                       ^
  7  |  import { RiskLevel } from &quot;@domain/types/clinical/risk&quot;;
  8  |  const mockRiskAssessments = [
 ❯ TransformPluginContext._formatLog node_modules/vite/dist/node/chunks/dep-Pj_jxEzN.js:47885:41
 ❯ TransformPluginContext.error node_modules/vite/dist/node/chunks/dep-Pj_jxEzN.js:47882:16
 ❯ normalizeUrl node_modules/vite/dist/node/chunks/dep-Pj_jxEzN.js:46015:23
 ❯ node_modules/vite/dist/node/chunks/dep-Pj_jxEzN.js:46134:37
 ❯ TransformPluginContext.transform node_modules/vite/dist/node/chunks/dep-Pj_jxEzN.js:46061:7
 ❯ EnvironmentPluginContainer.transform node_modules/vite/dist/node/chunks/dep-Pj_jxEzN.js:47680:18
 ❯ loadAndTransform node_modules/vite/dist/node/chunks/dep-Pj_jxEzN.js:41327:27

⎯⎯⎯⎯⎯⎯⎯⎯⎯⎯⎯⎯⎯⎯⎯⎯⎯⎯⎯⎯⎯⎯⎯⎯⎯⎯⎯⎯⎯⎯⎯⎯⎯⎯⎯⎯⎯⎯⎯⎯⎯⎯⎯⎯⎯⎯⎯⎯⎯⎯⎯⎯⎯⎯⎯⎯⎯⎯⎯⎯⎯⎯⎯⎯⎯⎯⎯⎯⎯⎯⎯⎯⎯⎯⎯⎯⎯⎯⎯⎯⎯⎯⎯⎯⎯⎯⎯⎯⎯⎯
Serialized Error: { __vitest_rollup_error__: { plugin: &apos;vite:import-analysis&apos;, id: &apos;/Users/ray/Desktop/GITHUB/Novamind-Frontend/src/presentation/organisms/RiskAssessmentPanel.test.tsx&apos;, loc: { file: &apos;/Users/ray/Desktop/GITHUB/Novamind-Frontend/src/presentation/organisms/RiskAssessmentPanel.test.tsx&apos;, line: 11, column: 36 }, frame: &apos;4  |  import userEvent from &quot;@testing-library/user-event&quot;;\n5  |  import RiskAssessmentPanel from &quot;./RiskAssessmentPanel&quot;;\n6  |  import { renderWithProviders } from &quot;@test/test-utils.unified&quot;;\n   |                                       ^\n7  |  import { RiskLevel } from &quot;@domain/types/clinical/risk&quot;;\n8  |  const mockRiskAssessments = [&apos; } }
            </failure>
        </testcase>
    </testsuite>
    <testsuite name="src/presentation/organisms/TreatmentResponsePredictor.test.tsx" timestamp="2025-04-06T15:37:18.668Z" hostname="MacBookPro" tests="1" failures="1" errors="0" skipped="0" time="0">
        <testcase classname="src/presentation/organisms/TreatmentResponsePredictor.test.tsx" name="src/presentation/organisms/TreatmentResponsePredictor.test.tsx" time="0">
            <system-out>
[TEST SETUP] Global setup complete.

            </system-out>
            <failure message="Failed to resolve import &quot;@test/test-utils.unified&quot; from &quot;src/presentation/organisms/TreatmentResponsePredictor.test.tsx&quot;. Does the file exist?" type="Error">
Error: Failed to resolve import &quot;@test/test-utils.unified&quot; from &quot;src/presentation/organisms/TreatmentResponsePredictor.test.tsx&quot;. Does the file exist?
  Plugin: vite:import-analysis
  File: /Users/ray/Desktop/GITHUB/Novamind-Frontend/src/presentation/organisms/TreatmentResponsePredictor.test.tsx:11:36
  4  |  import userEvent from &quot;@testing-library/user-event&quot;;
  5  |  import TreatmentResponsePredictor from &quot;./TreatmentResponsePredictor&quot;;
  6  |  import { renderWithProviders } from &quot;@test/test-utils.unified&quot;;
     |                                       ^
  7  |  const mockProps = {
  8  |    patientId: &quot;test-patient-123&quot;,
 ❯ TransformPluginContext._formatLog node_modules/vite/dist/node/chunks/dep-Pj_jxEzN.js:47885:41
 ❯ TransformPluginContext.error node_modules/vite/dist/node/chunks/dep-Pj_jxEzN.js:47882:16
 ❯ normalizeUrl node_modules/vite/dist/node/chunks/dep-Pj_jxEzN.js:46015:23
 ❯ node_modules/vite/dist/node/chunks/dep-Pj_jxEzN.js:46134:37
 ❯ TransformPluginContext.transform node_modules/vite/dist/node/chunks/dep-Pj_jxEzN.js:46061:7
 ❯ EnvironmentPluginContainer.transform node_modules/vite/dist/node/chunks/dep-Pj_jxEzN.js:47680:18
 ❯ loadAndTransform node_modules/vite/dist/node/chunks/dep-Pj_jxEzN.js:41327:27

⎯⎯⎯⎯⎯⎯⎯⎯⎯⎯⎯⎯⎯⎯⎯⎯⎯⎯⎯⎯⎯⎯⎯⎯⎯⎯⎯⎯⎯⎯⎯⎯⎯⎯⎯⎯⎯⎯⎯⎯⎯⎯⎯⎯⎯⎯⎯⎯⎯⎯⎯⎯⎯⎯⎯⎯⎯⎯⎯⎯⎯⎯⎯⎯⎯⎯⎯⎯⎯⎯⎯⎯⎯⎯⎯⎯⎯⎯⎯⎯⎯⎯⎯⎯⎯⎯⎯⎯⎯⎯
Serialized Error: { __vitest_rollup_error__: { plugin: &apos;vite:import-analysis&apos;, id: &apos;/Users/ray/Desktop/GITHUB/Novamind-Frontend/src/presentation/organisms/TreatmentResponsePredictor.test.tsx&apos;, loc: { file: &apos;/Users/ray/Desktop/GITHUB/Novamind-Frontend/src/presentation/organisms/TreatmentResponsePredictor.test.tsx&apos;, line: 11, column: 36 }, frame: &apos;4  |  import userEvent from &quot;@testing-library/user-event&quot;;\n5  |  import TreatmentResponsePredictor from &quot;./TreatmentResponsePredictor&quot;;\n6  |  import { renderWithProviders } from &quot;@test/test-utils.unified&quot;;\n   |                                       ^\n7  |  const mockProps = {\n8  |    patientId: &quot;test-patient-123&quot;,&apos; } }
            </failure>
        </testcase>
    </testsuite>
    <testsuite name="src/presentation/templates/AuthRoute.test.tsx" timestamp="2025-04-06T15:37:18.669Z" hostname="MacBookPro" tests="1" failures="1" errors="0" skipped="0" time="0">
        <testcase classname="src/presentation/templates/AuthRoute.test.tsx" name="src/presentation/templates/AuthRoute.test.tsx" time="0">
            <system-out>
[TEST SETUP] Global setup complete.

            </system-out>
            <failure message="Failed to resolve import &quot;@test/test-utils.unified&quot; from &quot;src/presentation/templates/AuthRoute.test.tsx&quot;. Does the file exist?" type="Error">
Error: Failed to resolve import &quot;@test/test-utils.unified&quot; from &quot;src/presentation/templates/AuthRoute.test.tsx&quot;. Does the file exist?
  Plugin: vite:import-analysis
  File: /Users/ray/Desktop/GITHUB/Novamind-Frontend/src/presentation/templates/AuthRoute.test.tsx:9:0
  25 |  const __vi_import_0__ = await import(&quot;react/jsx-dev-runtime&quot;);
  26 |  const __vi_import_1__ = await import(&quot;@testing-library/react&quot;);
  27 |  const __vi_import_2__ = await import(&quot;@test/test-utils.unified&quot;);
     |                                       ^
  28 |  const __vi_import_3__ = await import(&quot;./AuthRoute&quot;);
  29 |  const __vi_import_4__ = await import(&quot;@application/utils/authUtils&quot;);
 ❯ TransformPluginContext._formatLog node_modules/vite/dist/node/chunks/dep-Pj_jxEzN.js:47885:41
 ❯ TransformPluginContext.error node_modules/vite/dist/node/chunks/dep-Pj_jxEzN.js:47882:16
 ❯ normalizeUrl node_modules/vite/dist/node/chunks/dep-Pj_jxEzN.js:46015:23
 ❯ node_modules/vite/dist/node/chunks/dep-Pj_jxEzN.js:46134:37
 ❯ TransformPluginContext.transform node_modules/vite/dist/node/chunks/dep-Pj_jxEzN.js:46061:7
 ❯ EnvironmentPluginContainer.transform node_modules/vite/dist/node/chunks/dep-Pj_jxEzN.js:47680:18
 ❯ loadAndTransform node_modules/vite/dist/node/chunks/dep-Pj_jxEzN.js:41327:27

⎯⎯⎯⎯⎯⎯⎯⎯⎯⎯⎯⎯⎯⎯⎯⎯⎯⎯⎯⎯⎯⎯⎯⎯⎯⎯⎯⎯⎯⎯⎯⎯⎯⎯⎯⎯⎯⎯⎯⎯⎯⎯⎯⎯⎯⎯⎯⎯⎯⎯⎯⎯⎯⎯⎯⎯⎯⎯⎯⎯⎯⎯⎯⎯⎯⎯⎯⎯⎯⎯⎯⎯⎯⎯⎯⎯⎯⎯⎯⎯⎯⎯⎯⎯⎯⎯⎯⎯⎯⎯
Serialized Error: { __vitest_rollup_error__: { plugin: &apos;vite:import-analysis&apos;, id: &apos;/Users/ray/Desktop/GITHUB/Novamind-Frontend/src/presentation/templates/AuthRoute.test.tsx&apos;, loc: { file: &apos;/Users/ray/Desktop/GITHUB/Novamind-Frontend/src/presentation/templates/AuthRoute.test.tsx&apos;, line: 9, column: +0 }, frame: &apos;25 |  const __vi_import_0__ = await import(&quot;react/jsx-dev-runtime&quot;);\n26 |  const __vi_import_1__ = await import(&quot;@testing-library/react&quot;);\n27 |  const __vi_import_2__ = await import(&quot;@test/test-utils.unified&quot;);\n   |                                       ^\n28 |  const __vi_import_3__ = await import(&quot;./AuthRoute&quot;);\n29 |  const __vi_import_4__ = await import(&quot;@application/utils/authUtils&quot;);&apos; } }
            </failure>
        </testcase>
    </testsuite>
    <testsuite name="src/presentation/templates/BrainModelContainer.test.tsx" timestamp="2025-04-06T15:37:18.669Z" hostname="MacBookPro" tests="1" failures="1" errors="0" skipped="0" time="0">
        <testcase classname="src/presentation/templates/BrainModelContainer.test.tsx" name="src/presentation/templates/BrainModelContainer.test.tsx" time="0">
            <system-out>
[TEST SETUP] Global setup complete.

            </system-out>
            <failure message="Failed to resolve import &quot;@test/webgl&quot; from &quot;src/presentation/templates/BrainModelContainer.test.tsx&quot;. Does the file exist?" type="Error">
Error: Failed to resolve import &quot;@test/webgl&quot; from &quot;src/presentation/templates/BrainModelContainer.test.tsx&quot;. Does the file exist?
  Plugin: vite:import-analysis
  File: /Users/ray/Desktop/GITHUB/Novamind-Frontend/src/presentation/templates/BrainModelContainer.test.tsx:7:51
  1  |  import { setupWebGLMocks, cleanupWebGLMocks } from &quot;@test/webgl&quot;;
     |                                                      ^
  2  |  import { describe, it, expect, beforeEach, afterEach } from &quot;vitest&quot;;
  3  |  import BrainModelContainer from &quot;./BrainModelContainer&quot;;
 ❯ TransformPluginContext._formatLog node_modules/vite/dist/node/chunks/dep-Pj_jxEzN.js:47885:41
 ❯ TransformPluginContext.error node_modules/vite/dist/node/chunks/dep-Pj_jxEzN.js:47882:16
 ❯ normalizeUrl node_modules/vite/dist/node/chunks/dep-Pj_jxEzN.js:46015:23
 ❯ node_modules/vite/dist/node/chunks/dep-Pj_jxEzN.js:46134:37
 ❯ TransformPluginContext.transform node_modules/vite/dist/node/chunks/dep-Pj_jxEzN.js:46061:7
 ❯ EnvironmentPluginContainer.transform node_modules/vite/dist/node/chunks/dep-Pj_jxEzN.js:47680:18
 ❯ loadAndTransform node_modules/vite/dist/node/chunks/dep-Pj_jxEzN.js:41327:27

⎯⎯⎯⎯⎯⎯⎯⎯⎯⎯⎯⎯⎯⎯⎯⎯⎯⎯⎯⎯⎯⎯⎯⎯⎯⎯⎯⎯⎯⎯⎯⎯⎯⎯⎯⎯⎯⎯⎯⎯⎯⎯⎯⎯⎯⎯⎯⎯⎯⎯⎯⎯⎯⎯⎯⎯⎯⎯⎯⎯⎯⎯⎯⎯⎯⎯⎯⎯⎯⎯⎯⎯⎯⎯⎯⎯⎯⎯⎯⎯⎯⎯⎯⎯⎯⎯⎯⎯⎯⎯
Serialized Error: { __vitest_rollup_error__: { plugin: &apos;vite:import-analysis&apos;, id: &apos;/Users/ray/Desktop/GITHUB/Novamind-Frontend/src/presentation/templates/BrainModelContainer.test.tsx&apos;, loc: { file: &apos;/Users/ray/Desktop/GITHUB/Novamind-Frontend/src/presentation/templates/BrainModelContainer.test.tsx&apos;, line: 7, column: 51 }, frame: &apos;1  |  import { setupWebGLMocks, cleanupWebGLMocks } from &quot;@test/webgl&quot;;\n   |                                                      ^\n2  |  import { describe, it, expect, beforeEach, afterEach } from &quot;vitest&quot;;\n3  |  import BrainModelContainer from &quot;./BrainModelContainer&quot;;&apos; } }
            </failure>
        </testcase>
    </testsuite>
    <testsuite name="src/presentation/templates/ErrorBoundary.test.tsx" timestamp="2025-04-06T15:37:18.669Z" hostname="MacBookPro" tests="1" failures="1" errors="0" skipped="0" time="0">
        <testcase classname="src/presentation/templates/ErrorBoundary.test.tsx" name="src/presentation/templates/ErrorBoundary.test.tsx" time="0">
            <system-out>
[TEST SETUP] Global setup complete.

            </system-out>
            <failure message="Failed to resolve import &quot;@test/test-utils.unified&quot; from &quot;src/presentation/templates/ErrorBoundary.test.tsx&quot;. Does the file exist?" type="Error">
Error: Failed to resolve import &quot;@test/test-utils.unified&quot; from &quot;src/presentation/templates/ErrorBoundary.test.tsx&quot;. Does the file exist?
  Plugin: vite:import-analysis
  File: /Users/ray/Desktop/GITHUB/Novamind-Frontend/src/presentation/templates/ErrorBoundary.test.tsx:11:23
  5  |  import userEvent from &quot;@testing-library/user-event&quot;;
  6  |  import ErrorBoundary from &quot;./ErrorBoundary&quot;;
  7  |  import { render } from &quot;@test/test-utils.unified&quot;;
     |                          ^
  8  |  const mockProps = {
  9  |    children: React.createElement(&quot;div&quot;, null, &quot;Test Child&quot;)
 ❯ TransformPluginContext._formatLog node_modules/vite/dist/node/chunks/dep-Pj_jxEzN.js:47885:41
 ❯ TransformPluginContext.error node_modules/vite/dist/node/chunks/dep-Pj_jxEzN.js:47882:16
 ❯ normalizeUrl node_modules/vite/dist/node/chunks/dep-Pj_jxEzN.js:46015:23
 ❯ node_modules/vite/dist/node/chunks/dep-Pj_jxEzN.js:46134:37
 ❯ TransformPluginContext.transform node_modules/vite/dist/node/chunks/dep-Pj_jxEzN.js:46061:7
 ❯ EnvironmentPluginContainer.transform node_modules/vite/dist/node/chunks/dep-Pj_jxEzN.js:47680:18
 ❯ loadAndTransform node_modules/vite/dist/node/chunks/dep-Pj_jxEzN.js:41327:27

⎯⎯⎯⎯⎯⎯⎯⎯⎯⎯⎯⎯⎯⎯⎯⎯⎯⎯⎯⎯⎯⎯⎯⎯⎯⎯⎯⎯⎯⎯⎯⎯⎯⎯⎯⎯⎯⎯⎯⎯⎯⎯⎯⎯⎯⎯⎯⎯⎯⎯⎯⎯⎯⎯⎯⎯⎯⎯⎯⎯⎯⎯⎯⎯⎯⎯⎯⎯⎯⎯⎯⎯⎯⎯⎯⎯⎯⎯⎯⎯⎯⎯⎯⎯⎯⎯⎯⎯⎯⎯
Serialized Error: { __vitest_rollup_error__: { plugin: &apos;vite:import-analysis&apos;, id: &apos;/Users/ray/Desktop/GITHUB/Novamind-Frontend/src/presentation/templates/ErrorBoundary.test.tsx&apos;, loc: { file: &apos;/Users/ray/Desktop/GITHUB/Novamind-Frontend/src/presentation/templates/ErrorBoundary.test.tsx&apos;, line: 11, column: 23 }, frame: &apos;5  |  import userEvent from &quot;@testing-library/user-event&quot;;\n6  |  import ErrorBoundary from &quot;./ErrorBoundary&quot;;\n7  |  import { render } from &quot;@test/test-utils.unified&quot;;\n   |                          ^\n8  |  const mockProps = {\n9  |    children: React.createElement(&quot;div&quot;, null, &quot;Test Child&quot;)&apos; } }
            </failure>
        </testcase>
    </testsuite>
    <testsuite name="src/presentation/templates/MainLayout.test.tsx" timestamp="2025-04-06T15:37:18.670Z" hostname="MacBookPro" tests="1" failures="1" errors="0" skipped="0" time="0">
        <testcase classname="src/presentation/templates/MainLayout.test.tsx" name="src/presentation/templates/MainLayout.test.tsx" time="0">
            <system-out>
[TEST SETUP] Global setup complete.

            </system-out>
            <failure message="Failed to resolve import &quot;@test/test-utils.unified&quot; from &quot;src/presentation/templates/MainLayout.test.tsx&quot;. Does the file exist?" type="Error">
Error: Failed to resolve import &quot;@test/test-utils.unified&quot; from &quot;src/presentation/templates/MainLayout.test.tsx&quot;. Does the file exist?
  Plugin: vite:import-analysis
  File: /Users/ray/Desktop/GITHUB/Novamind-Frontend/src/presentation/templates/MainLayout.test.tsx:11:23
  5  |  import userEvent from &quot;@testing-library/user-event&quot;;
  6  |  import MainLayout from &quot;./MainLayout&quot;;
  7  |  import { render } from &quot;@test/test-utils.unified&quot;;
     |                          ^
  8  |  const mockProps = {
  9  |    children: React.createElement(&quot;div&quot;, null, &quot;Test Child Content&quot;)
 ❯ TransformPluginContext._formatLog node_modules/vite/dist/node/chunks/dep-Pj_jxEzN.js:47885:41
 ❯ TransformPluginContext.error node_modules/vite/dist/node/chunks/dep-Pj_jxEzN.js:47882:16
 ❯ normalizeUrl node_modules/vite/dist/node/chunks/dep-Pj_jxEzN.js:46015:23
 ❯ node_modules/vite/dist/node/chunks/dep-Pj_jxEzN.js:46134:37
 ❯ TransformPluginContext.transform node_modules/vite/dist/node/chunks/dep-Pj_jxEzN.js:46061:7
 ❯ EnvironmentPluginContainer.transform node_modules/vite/dist/node/chunks/dep-Pj_jxEzN.js:47680:18
 ❯ loadAndTransform node_modules/vite/dist/node/chunks/dep-Pj_jxEzN.js:41327:27

⎯⎯⎯⎯⎯⎯⎯⎯⎯⎯⎯⎯⎯⎯⎯⎯⎯⎯⎯⎯⎯⎯⎯⎯⎯⎯⎯⎯⎯⎯⎯⎯⎯⎯⎯⎯⎯⎯⎯⎯⎯⎯⎯⎯⎯⎯⎯⎯⎯⎯⎯⎯⎯⎯⎯⎯⎯⎯⎯⎯⎯⎯⎯⎯⎯⎯⎯⎯⎯⎯⎯⎯⎯⎯⎯⎯⎯⎯⎯⎯⎯⎯⎯⎯⎯⎯⎯⎯⎯⎯
Serialized Error: { __vitest_rollup_error__: { plugin: &apos;vite:import-analysis&apos;, id: &apos;/Users/ray/Desktop/GITHUB/Novamind-Frontend/src/presentation/templates/MainLayout.test.tsx&apos;, loc: { file: &apos;/Users/ray/Desktop/GITHUB/Novamind-Frontend/src/presentation/templates/MainLayout.test.tsx&apos;, line: 11, column: 23 }, frame: &apos;5  |  import userEvent from &quot;@testing-library/user-event&quot;;\n6  |  import MainLayout from &quot;./MainLayout&quot;;\n7  |  import { render } from &quot;@test/test-utils.unified&quot;;\n   |                          ^\n8  |  const mockProps = {\n9  |    children: React.createElement(&quot;div&quot;, null, &quot;Test Child Content&quot;)&apos; } }
            </failure>
        </testcase>
    </testsuite>
    <testsuite name="src/shared/utils/performanceUtils.test.ts" timestamp="2025-04-06T15:37:18.670Z" hostname="MacBookPro" tests="1" failures="1" errors="0" skipped="0" time="0">
        <testcase classname="src/shared/utils/performanceUtils.test.ts" name="src/shared/utils/performanceUtils.test.ts" time="0">
            <system-out>
[TEST SETUP] Global setup complete.

            </system-out>
            <failure message="Transform failed with 1 error:
/Users/ray/Desktop/GITHUB/Novamind-Frontend/src/shared/utils/performanceUtils.test.ts:1:5: ERROR: Expected &quot;;&quot; but found &quot;Just&quot;" type="Error">
Error: Transform failed with 1 error:
/Users/ray/Desktop/GITHUB/Novamind-Frontend/src/shared/utils/performanceUtils.test.ts:1:5: ERROR: Expected &quot;;&quot; but found &quot;Just&quot;
  Plugin: vite:esbuild
  File: /Users/ray/Desktop/GITHUB/Novamind-Frontend/src/shared/utils/performanceUtils.test.ts:1:5
  
  Expected &quot;;&quot; but found &quot;Just&quot;
  1  |  Yes! Just like Ruff auto-fixes Python linting issues, TypeScript projects have similar tools to automatically fix or filter errors and enforce consistent code style and quality.
     |       ^
  2  |  
  3  |  Here’s what’s commonly used:
  
 ❯ failureErrorWithLog node_modules/esbuild/lib/main.js:1477:15
 ❯ node_modules/esbuild/lib/main.js:756:50
 ❯ responseCallbacks.&lt;computed&gt; node_modules/esbuild/lib/main.js:623:9
 ❯ handleIncomingPacket node_modules/esbuild/lib/main.js:678:12
 ❯ Socket.readFromStdout node_modules/esbuild/lib/main.js:601:7

⎯⎯⎯⎯⎯⎯⎯⎯⎯⎯⎯⎯⎯⎯⎯⎯⎯⎯⎯⎯⎯⎯⎯⎯⎯⎯⎯⎯⎯⎯⎯⎯⎯⎯⎯⎯⎯⎯⎯⎯⎯⎯⎯⎯⎯⎯⎯⎯⎯⎯⎯⎯⎯⎯⎯⎯⎯⎯⎯⎯⎯⎯⎯⎯⎯⎯⎯⎯⎯⎯⎯⎯⎯⎯⎯⎯⎯⎯⎯⎯⎯⎯⎯⎯⎯⎯⎯⎯⎯⎯
Serialized Error: { __vitest_rollup_error__: { plugin: &apos;vite:esbuild&apos;, id: &apos;/Users/ray/Desktop/GITHUB/Novamind-Frontend/src/shared/utils/performanceUtils.test.ts&apos;, loc: { column: 5, file: &apos;/Users/ray/Desktop/GITHUB/Novamind-Frontend/src/shared/utils/performanceUtils.test.ts&apos;, length: 4, line: 1, lineText: &apos;Yes! Just like Ruff auto-fixes Python linting issues, TypeScript projects have similar tools to automatically fix or filter errors and enforce consistent code style and quality.&apos;, namespace: &apos;&apos;, suggestion: &apos;;&apos; }, frame: &apos;\n\u001b[33mExpected &quot;;&quot; but found &quot;Just&quot;\u001b[39m\n1  |  Yes! Just like Ruff auto-fixes Python linting issues, TypeScript projects have similar tools to automatically fix or filter errors and enforce consistent code style and quality.\n   |       ^\n2  |  \n3  |  Here’s what’s commonly used:\n&apos; } }
            </failure>
        </testcase>
    </testsuite>
    <testsuite name="src/test/examples/tailwind-enhanced.test.tsx" timestamp="2025-04-06T15:37:18.670Z" hostname="MacBookPro" tests="1" failures="1" errors="0" skipped="0" time="0">
        <testcase classname="src/test/examples/tailwind-enhanced.test.tsx" name="src/test/examples/tailwind-enhanced.test.tsx" time="0">
            <system-out>
[TEST SETUP] Global setup complete.

            </system-out>
            <failure message="Failed to resolve import &quot;@application/hooks/useTheme&quot; from &quot;src/test/examples/tailwind-enhanced.test.tsx&quot;. Does the file exist?" type="Error">
Error: Failed to resolve import &quot;@application/hooks/useTheme&quot; from &quot;src/test/examples/tailwind-enhanced.test.tsx&quot;. Does the file exist?
  Plugin: vite:import-analysis
  File: /Users/ray/Desktop/GITHUB/Novamind-Frontend/src/test/examples/tailwind-enhanced.test.tsx:6:0
  5  |  const __vi_import_0__ = await import(&quot;react/jsx-dev-runtime&quot;);
  6  |  const __vi_import_1__ = await import(&quot;@testing-library/react&quot;);
  7  |  const __vi_import_2__ = await import(&quot;@application/hooks/useTheme&quot;);
     |                                       ^
  8  |  const __vi_import_3__ = await import(&quot;@test/test-utils.unified&quot;);
  9  |  
 ❯ TransformPluginContext._formatLog node_modules/vite/dist/node/chunks/dep-Pj_jxEzN.js:47885:41
 ❯ TransformPluginContext.error node_modules/vite/dist/node/chunks/dep-Pj_jxEzN.js:47882:16
 ❯ normalizeUrl node_modules/vite/dist/node/chunks/dep-Pj_jxEzN.js:46015:23
 ❯ node_modules/vite/dist/node/chunks/dep-Pj_jxEzN.js:46134:37
 ❯ TransformPluginContext.transform node_modules/vite/dist/node/chunks/dep-Pj_jxEzN.js:46061:7
 ❯ EnvironmentPluginContainer.transform node_modules/vite/dist/node/chunks/dep-Pj_jxEzN.js:47680:18
 ❯ loadAndTransform node_modules/vite/dist/node/chunks/dep-Pj_jxEzN.js:41327:27

⎯⎯⎯⎯⎯⎯⎯⎯⎯⎯⎯⎯⎯⎯⎯⎯⎯⎯⎯⎯⎯⎯⎯⎯⎯⎯⎯⎯⎯⎯⎯⎯⎯⎯⎯⎯⎯⎯⎯⎯⎯⎯⎯⎯⎯⎯⎯⎯⎯⎯⎯⎯⎯⎯⎯⎯⎯⎯⎯⎯⎯⎯⎯⎯⎯⎯⎯⎯⎯⎯⎯⎯⎯⎯⎯⎯⎯⎯⎯⎯⎯⎯⎯⎯⎯⎯⎯⎯⎯⎯
Serialized Error: { __vitest_rollup_error__: { plugin: &apos;vite:import-analysis&apos;, id: &apos;/Users/ray/Desktop/GITHUB/Novamind-Frontend/src/test/examples/tailwind-enhanced.test.tsx&apos;, loc: { file: &apos;/Users/ray/Desktop/GITHUB/Novamind-Frontend/src/test/examples/tailwind-enhanced.test.tsx&apos;, line: 6, column: +0 }, frame: &apos;5  |  const __vi_import_0__ = await import(&quot;react/jsx-dev-runtime&quot;);\n6  |  const __vi_import_1__ = await import(&quot;@testing-library/react&quot;);\n7  |  const __vi_import_2__ = await import(&quot;@application/hooks/useTheme&quot;);\n   |                                       ^\n8  |  const __vi_import_3__ = await import(&quot;@test/test-utils.unified&quot;);\n9  |  &apos; } }
            </failure>
        </testcase>
    </testsuite>
    <testsuite name="src/test/webgl/mock-webgl.test.ts" timestamp="2025-04-06T15:37:18.671Z" hostname="MacBookPro" tests="6" failures="1" errors="0" skipped="5" time="0.00625">
        <testcase classname="src/test/webgl/mock-webgl.test.ts" name="WebGL Mocking &gt; should mock WebGL context successfully" time="0">
            <skipped/>
        </testcase>
        <testcase classname="src/test/webgl/mock-webgl.test.ts" name="WebGL Mocking &gt; should mock WebGL2 context successfully" time="0">
            <skipped/>
        </testcase>
        <testcase classname="src/test/webgl/mock-webgl.test.ts" name="WebGL Mocking &gt; should mock animation frame APIs" time="0">
            <skipped/>
        </testcase>
        <testcase classname="src/test/webgl/mock-webgl.test.ts" name="WebGL Mocking &gt; should create Three.js mock objects" time="0">
            <skipped/>
        </testcase>
        <testcase classname="src/test/webgl/mock-webgl.test.ts" name="WebGL Mocking &gt; should handle matchMedia for responsive testing" time="0">
            <skipped/>
        </testcase>
        <testcase classname="src/test/webgl/mock-webgl.test.ts" name="Three.js Component Integration &gt; should handle Three.js component rendering without hanging" time="0.005282166">
            <failure message="gl.getExtension is not a function" type="TypeError">
TypeError: gl.getExtension is not a function
 ❯ getExtension node_modules/three/build/three.module.js:3754:20
 ❯ Object.init node_modules/three/build/three.module.js:3774:4
 ❯ initGLContext node_modules/three/build/three.module.js:14987:15
 ❯ new WebGLRenderer node_modules/three/build/three.module.js:15102:3
 ❯ src/test/webgl/mock-webgl.test.ts:161:22
            </failure>
        </testcase>
    </testsuite>
    <testsuite name="src/test/webgl/three-mocks.test.ts" timestamp="2025-04-06T15:37:18.671Z" hostname="MacBookPro" tests="6" failures="0" errors="0" skipped="0" time="0.007431791">
        <testcase classname="src/test/webgl/three-mocks.test.ts" name="Three.js Mocking &gt; should create a basic Three.js scene" time="0.000406083">
        </testcase>
        <testcase classname="src/test/webgl/three-mocks.test.ts" name="Three.js Mocking &gt; should handle cleanup and memory management" time="0.001363125">
        </testcase>
        <testcase classname="src/test/webgl/three-mocks.test.ts" name="Three.js Mocking &gt; should handle parent-child relationships correctly" time="0.000410667">
        </testcase>
        <testcase classname="src/test/webgl/three-mocks.test.ts" name="Three.js Mocking &gt; should support traversal of object hierarchies" time="0.001397542">
        </testcase>
        <testcase classname="src/test/webgl/three-mocks.test.ts" name="Three.js Renderer Mocking &gt; should handle rendering without errors" time="0.000633625">
        </testcase>
        <testcase classname="src/test/webgl/three-mocks.test.ts" name="Three.js Renderer Mocking &gt; should support renderer configuration" time="0.001973042">
        </testcase>
    </testsuite>
    <testsuite name="src/application/controllers/coordinators/NeuralVisualizationCoordinator.test.tsx" timestamp="2025-04-06T15:37:18.672Z" hostname="MacBookPro" tests="1" failures="1" errors="0" skipped="0" time="0">
        <testcase classname="src/application/controllers/coordinators/NeuralVisualizationCoordinator.test.tsx" name="src/application/controllers/coordinators/NeuralVisualizationCoordinator.test.tsx" time="0">
            <system-out>
[TEST SETUP] Global setup complete.

            </system-out>
            <failure message="Failed to resolve import &quot;@application/controllers/coordinators/NeuralVisualizationCoordinator&quot; from &quot;src/application/controllers/coordinators/NeuralVisualizationCoordinator.test.tsx&quot;. Does the file exist?" type="Error">
Error: Failed to resolve import &quot;@application/controllers/coordinators/NeuralVisualizationCoordinator&quot; from &quot;src/application/controllers/coordinators/NeuralVisualizationCoordinator.test.tsx&quot;. Does the file exist?
  Plugin: vite:import-analysis
  File: /Users/ray/Desktop/GITHUB/Novamind-Frontend/src/application/controllers/coordinators/NeuralVisualizationCoordinator.test.tsx:9:0
  49 |  const __vi_import_1__ = await import(&quot;@testing-library/react&quot;);
  50 |  const __vi_import_2__ = await import(&quot;@testing-library/user-event&quot;);
  51 |  const __vi_import_3__ = await import(&quot;@application/controllers/coordinators/NeuralVisualizationCoordinator&quot;);
     |                                       ^
  52 |  const __vi_import_4__ = await import(&quot;@test/test-utils.unified.tsx&quot;);
  53 |  
 ❯ TransformPluginContext._formatLog node_modules/vite/dist/node/chunks/dep-Pj_jxEzN.js:47885:41
 ❯ TransformPluginContext.error node_modules/vite/dist/node/chunks/dep-Pj_jxEzN.js:47882:16
 ❯ normalizeUrl node_modules/vite/dist/node/chunks/dep-Pj_jxEzN.js:46015:23
 ❯ node_modules/vite/dist/node/chunks/dep-Pj_jxEzN.js:46134:37
 ❯ TransformPluginContext.transform node_modules/vite/dist/node/chunks/dep-Pj_jxEzN.js:46061:7
 ❯ EnvironmentPluginContainer.transform node_modules/vite/dist/node/chunks/dep-Pj_jxEzN.js:47680:18
 ❯ loadAndTransform node_modules/vite/dist/node/chunks/dep-Pj_jxEzN.js:41327:27

⎯⎯⎯⎯⎯⎯⎯⎯⎯⎯⎯⎯⎯⎯⎯⎯⎯⎯⎯⎯⎯⎯⎯⎯⎯⎯⎯⎯⎯⎯⎯⎯⎯⎯⎯⎯⎯⎯⎯⎯⎯⎯⎯⎯⎯⎯⎯⎯⎯⎯⎯⎯⎯⎯⎯⎯⎯⎯⎯⎯⎯⎯⎯⎯⎯⎯⎯⎯⎯⎯⎯⎯⎯⎯⎯⎯⎯⎯⎯⎯⎯⎯⎯⎯⎯⎯⎯⎯⎯⎯
Serialized Error: { __vitest_rollup_error__: { plugin: &apos;vite:import-analysis&apos;, id: &apos;/Users/ray/Desktop/GITHUB/Novamind-Frontend/src/application/controllers/coordinators/NeuralVisualizationCoordinator.test.tsx&apos;, loc: { file: &apos;/Users/ray/Desktop/GITHUB/Novamind-Frontend/src/application/controllers/coordinators/NeuralVisualizationCoordinator.test.tsx&apos;, line: 9, column: +0 }, frame: &apos;49 |  const __vi_import_1__ = await import(&quot;@testing-library/react&quot;);\n50 |  const __vi_import_2__ = await import(&quot;@testing-library/user-event&quot;);\n51 |  const __vi_import_3__ = await import(&quot;@application/controllers/coordinators/NeuralVisualizationCoordinator&quot;);\n   |                                       ^\n52 |  const __vi_import_4__ = await import(&quot;@test/test-utils.unified.tsx&quot;);\n53 |  &apos; } }
            </failure>
        </testcase>
    </testsuite>
    <testsuite name="src/application/services/brain/brain-model.service.runtime.test.ts" timestamp="2025-04-06T15:37:18.672Z" hostname="MacBookPro" tests="1" failures="1" errors="0" skipped="0" time="0">
        <testcase classname="src/application/services/brain/brain-model.service.runtime.test.ts" name="src/application/services/brain/brain-model.service.runtime.test.ts" time="0">
            <system-out>
[TEST SETUP] Global setup complete.

            </system-out>
            <failure message="Failed to resolve import &quot;@application/services/brain/brain-model.service.runtime&quot; from &quot;src/application/services/brain/brain-model.service.runtime.test.ts&quot;. Does the file exist?" type="Error">
Error: Failed to resolve import &quot;@application/services/brain/brain-model.service.runtime&quot; from &quot;src/application/services/brain/brain-model.service.runtime.test.ts&quot;. Does the file exist?
  Plugin: vite:import-analysis
  File: /Users/ray/Desktop/GITHUB/Novamind-Frontend/src/application/services/brain/brain-model.service.runtime.test.ts:16:7
  7  |    isNeuralConnection,
  8  |    validateNeuralConnection
  9  |  } from &quot;@application/services/brain/brain-model.service.runtime&quot;;
     |          ^
  10 |  describe(&quot;BrainModelService Runtime Validation&quot;, () =&gt; {
  11 |    describe(&quot;isBrainModel&quot;, () =&gt; {
 ❯ TransformPluginContext._formatLog node_modules/vite/dist/node/chunks/dep-Pj_jxEzN.js:47885:41
 ❯ TransformPluginContext.error node_modules/vite/dist/node/chunks/dep-Pj_jxEzN.js:47882:16
 ❯ normalizeUrl node_modules/vite/dist/node/chunks/dep-Pj_jxEzN.js:46015:23
 ❯ node_modules/vite/dist/node/chunks/dep-Pj_jxEzN.js:46134:37
 ❯ TransformPluginContext.transform node_modules/vite/dist/node/chunks/dep-Pj_jxEzN.js:46061:7
 ❯ EnvironmentPluginContainer.transform node_modules/vite/dist/node/chunks/dep-Pj_jxEzN.js:47680:18
 ❯ loadAndTransform node_modules/vite/dist/node/chunks/dep-Pj_jxEzN.js:41327:27

⎯⎯⎯⎯⎯⎯⎯⎯⎯⎯⎯⎯⎯⎯⎯⎯⎯⎯⎯⎯⎯⎯⎯⎯⎯⎯⎯⎯⎯⎯⎯⎯⎯⎯⎯⎯⎯⎯⎯⎯⎯⎯⎯⎯⎯⎯⎯⎯⎯⎯⎯⎯⎯⎯⎯⎯⎯⎯⎯⎯⎯⎯⎯⎯⎯⎯⎯⎯⎯⎯⎯⎯⎯⎯⎯⎯⎯⎯⎯⎯⎯⎯⎯⎯⎯⎯⎯⎯⎯⎯
Serialized Error: { __vitest_rollup_error__: { plugin: &apos;vite:import-analysis&apos;, id: &apos;/Users/ray/Desktop/GITHUB/Novamind-Frontend/src/application/services/brain/brain-model.service.runtime.test.ts&apos;, loc: { file: &apos;/Users/ray/Desktop/GITHUB/Novamind-Frontend/src/application/services/brain/brain-model.service.runtime.test.ts&apos;, line: 16, column: 7 }, frame: &apos;7  |    isNeuralConnection,\n8  |    validateNeuralConnection\n9  |  } from &quot;@application/services/brain/brain-model.service.runtime&quot;;\n   |          ^\n10 |  describe(&quot;BrainModelService Runtime Validation&quot;, () =&gt; {\n11 |    describe(&quot;isBrainModel&quot;, () =&gt; {&apos; } }
            </failure>
        </testcase>
    </testsuite>
    <testsuite name="src/application/services/brain/brain-model.service.test.ts" timestamp="2025-04-06T15:37:18.672Z" hostname="MacBookPro" tests="1" failures="1" errors="0" skipped="0" time="0">
        <testcase classname="src/application/services/brain/brain-model.service.test.ts" name="src/application/services/brain/brain-model.service.test.ts" time="0">
            <system-out>
[TEST SETUP] Global setup complete.

            </system-out>
            <failure message="Failed to resolve import &quot;@application/services/brain/brain-model.service&quot; from &quot;src/application/services/brain/brain-model.service.test.ts&quot;. Does the file exist?" type="Error">
Error: Failed to resolve import &quot;@application/services/brain/brain-model.service&quot; from &quot;src/application/services/brain/brain-model.service.test.ts&quot;. Does the file exist?
  Plugin: vite:import-analysis
  File: /Users/ray/Desktop/GITHUB/Novamind-Frontend/src/application/services/brain/brain-model.service.test.ts:8:0
  1  |  vi.mock(&quot;axios&quot;);
  2  |  const __vi_import_0__ = await import(&quot;axios&quot;);
  3  |  const __vi_import_1__ = await import(&quot;@application/services/brain/brain-model.service&quot;);
     |                                       ^
  4  |  import { describe, it, expect, vi, beforeEach } from &quot;vitest&quot;;
  5  |  
 ❯ TransformPluginContext._formatLog node_modules/vite/dist/node/chunks/dep-Pj_jxEzN.js:47885:41
 ❯ TransformPluginContext.error node_modules/vite/dist/node/chunks/dep-Pj_jxEzN.js:47882:16
 ❯ normalizeUrl node_modules/vite/dist/node/chunks/dep-Pj_jxEzN.js:46015:23
 ❯ node_modules/vite/dist/node/chunks/dep-Pj_jxEzN.js:46134:37
 ❯ TransformPluginContext.transform node_modules/vite/dist/node/chunks/dep-Pj_jxEzN.js:46061:7
 ❯ EnvironmentPluginContainer.transform node_modules/vite/dist/node/chunks/dep-Pj_jxEzN.js:47680:18
 ❯ loadAndTransform node_modules/vite/dist/node/chunks/dep-Pj_jxEzN.js:41327:27

⎯⎯⎯⎯⎯⎯⎯⎯⎯⎯⎯⎯⎯⎯⎯⎯⎯⎯⎯⎯⎯⎯⎯⎯⎯⎯⎯⎯⎯⎯⎯⎯⎯⎯⎯⎯⎯⎯⎯⎯⎯⎯⎯⎯⎯⎯⎯⎯⎯⎯⎯⎯⎯⎯⎯⎯⎯⎯⎯⎯⎯⎯⎯⎯⎯⎯⎯⎯⎯⎯⎯⎯⎯⎯⎯⎯⎯⎯⎯⎯⎯⎯⎯⎯⎯⎯⎯⎯⎯⎯
Serialized Error: { __vitest_rollup_error__: { plugin: &apos;vite:import-analysis&apos;, id: &apos;/Users/ray/Desktop/GITHUB/Novamind-Frontend/src/application/services/brain/brain-model.service.test.ts&apos;, loc: { file: &apos;/Users/ray/Desktop/GITHUB/Novamind-Frontend/src/application/services/brain/brain-model.service.test.ts&apos;, line: 8, column: +0 }, frame: &apos;1  |  vi.mock(&quot;axios&quot;);\n2  |  const __vi_import_0__ = await import(&quot;axios&quot;);\n3  |  const __vi_import_1__ = await import(&quot;@application/services/brain/brain-model.service&quot;);\n   |                                       ^\n4  |  import { describe, it, expect, vi, beforeEach } from &quot;vitest&quot;;\n5  |  &apos; } }
            </failure>
        </testcase>
    </testsuite>
    <testsuite name="src/application/services/clinical/clinical.service.minimal.test.ts" timestamp="2025-04-06T15:37:18.673Z" hostname="MacBookPro" tests="1" failures="1" errors="0" skipped="0" time="0">
        <testcase classname="src/application/services/clinical/clinical.service.minimal.test.ts" name="src/application/services/clinical/clinical.service.minimal.test.ts" time="0">
            <system-out>
[TEST SETUP] Global setup complete.

            </system-out>
            <failure message="Failed to resolve import &quot;@application/services/clinical/clinical.service&quot; from &quot;src/application/services/clinical/clinical.service.minimal.test.ts&quot;. Does the file exist?" type="Error">
Error: Failed to resolve import &quot;@application/services/clinical/clinical.service&quot; from &quot;src/application/services/clinical/clinical.service.minimal.test.ts&quot;. Does the file exist?
  Plugin: vite:import-analysis
  File: /Users/ray/Desktop/GITHUB/Novamind-Frontend/src/application/services/clinical/clinical.service.minimal.test.ts:10:0
  1  |  vi.mock(&quot;axios&quot;);
  2  |  const __vi_import_0__ = await import(&quot;axios&quot;);
  3  |  const __vi_import_1__ = await import(&quot;@application/services/clinical/clinical.service&quot;);
     |                                       ^
  4  |  const __vi_import_2__ = await import(&quot;@domain/types/clinical/risk&quot;);
  5  |  import { describe, it, expect, vi, beforeEach } from &quot;vitest&quot;;
 ❯ TransformPluginContext._formatLog node_modules/vite/dist/node/chunks/dep-Pj_jxEzN.js:47885:41
 ❯ TransformPluginContext.error node_modules/vite/dist/node/chunks/dep-Pj_jxEzN.js:47882:16
 ❯ normalizeUrl node_modules/vite/dist/node/chunks/dep-Pj_jxEzN.js:46015:23
 ❯ node_modules/vite/dist/node/chunks/dep-Pj_jxEzN.js:46134:37
 ❯ TransformPluginContext.transform node_modules/vite/dist/node/chunks/dep-Pj_jxEzN.js:46061:7
 ❯ EnvironmentPluginContainer.transform node_modules/vite/dist/node/chunks/dep-Pj_jxEzN.js:47680:18
 ❯ loadAndTransform node_modules/vite/dist/node/chunks/dep-Pj_jxEzN.js:41327:27

⎯⎯⎯⎯⎯⎯⎯⎯⎯⎯⎯⎯⎯⎯⎯⎯⎯⎯⎯⎯⎯⎯⎯⎯⎯⎯⎯⎯⎯⎯⎯⎯⎯⎯⎯⎯⎯⎯⎯⎯⎯⎯⎯⎯⎯⎯⎯⎯⎯⎯⎯⎯⎯⎯⎯⎯⎯⎯⎯⎯⎯⎯⎯⎯⎯⎯⎯⎯⎯⎯⎯⎯⎯⎯⎯⎯⎯⎯⎯⎯⎯⎯⎯⎯⎯⎯⎯⎯⎯⎯
Serialized Error: { __vitest_rollup_error__: { plugin: &apos;vite:import-analysis&apos;, id: &apos;/Users/ray/Desktop/GITHUB/Novamind-Frontend/src/application/services/clinical/clinical.service.minimal.test.ts&apos;, loc: { file: &apos;/Users/ray/Desktop/GITHUB/Novamind-Frontend/src/application/services/clinical/clinical.service.minimal.test.ts&apos;, line: 10, column: +0 }, frame: &apos;1  |  vi.mock(&quot;axios&quot;);\n2  |  const __vi_import_0__ = await import(&quot;axios&quot;);\n3  |  const __vi_import_1__ = await import(&quot;@application/services/clinical/clinical.service&quot;);\n   |                                       ^\n4  |  const __vi_import_2__ = await import(&quot;@domain/types/clinical/risk&quot;);\n5  |  import { describe, it, expect, vi, beforeEach } from &quot;vitest&quot;;&apos; } }
            </failure>
        </testcase>
    </testsuite>
    <testsuite name="src/application/services/clinical/clinical.service.runtime.test.ts" timestamp="2025-04-06T15:37:18.673Z" hostname="MacBookPro" tests="1" failures="1" errors="0" skipped="0" time="0">
        <testcase classname="src/application/services/clinical/clinical.service.runtime.test.ts" name="src/application/services/clinical/clinical.service.runtime.test.ts" time="0">
            <system-out>
[TEST SETUP] Global setup complete.

            </system-out>
            <failure message="Failed to resolve import &quot;@application/services/clinical/clinical.service.runtime&quot; from &quot;src/application/services/clinical/clinical.service.runtime.test.ts&quot;. Does the file exist?" type="Error">
Error: Failed to resolve import &quot;@application/services/clinical/clinical.service.runtime&quot; from &quot;src/application/services/clinical/clinical.service.runtime.test.ts&quot;. Does the file exist?
  Plugin: vite:import-analysis
  File: /Users/ray/Desktop/GITHUB/Novamind-Frontend/src/application/services/clinical/clinical.service.runtime.test.ts:19:7
  11 |    isTreatmentResponsePrediction,
  12 |    validateTreatmentResponsePrediction
  13 |  } from &quot;@application/services/clinical/clinical.service.runtime&quot;;
     |          ^
  14 |  import { RiskLevel } from &quot;@domain/types/clinical/risk&quot;;
  15 |  function isSuccess(result) {
 ❯ TransformPluginContext._formatLog node_modules/vite/dist/node/chunks/dep-Pj_jxEzN.js:47885:41
 ❯ TransformPluginContext.error node_modules/vite/dist/node/chunks/dep-Pj_jxEzN.js:47882:16
 ❯ normalizeUrl node_modules/vite/dist/node/chunks/dep-Pj_jxEzN.js:46015:23
 ❯ node_modules/vite/dist/node/chunks/dep-Pj_jxEzN.js:46134:37
 ❯ TransformPluginContext.transform node_modules/vite/dist/node/chunks/dep-Pj_jxEzN.js:46061:7
 ❯ EnvironmentPluginContainer.transform node_modules/vite/dist/node/chunks/dep-Pj_jxEzN.js:47680:18
 ❯ loadAndTransform node_modules/vite/dist/node/chunks/dep-Pj_jxEzN.js:41327:27

⎯⎯⎯⎯⎯⎯⎯⎯⎯⎯⎯⎯⎯⎯⎯⎯⎯⎯⎯⎯⎯⎯⎯⎯⎯⎯⎯⎯⎯⎯⎯⎯⎯⎯⎯⎯⎯⎯⎯⎯⎯⎯⎯⎯⎯⎯⎯⎯⎯⎯⎯⎯⎯⎯⎯⎯⎯⎯⎯⎯⎯⎯⎯⎯⎯⎯⎯⎯⎯⎯⎯⎯⎯⎯⎯⎯⎯⎯⎯⎯⎯⎯⎯⎯⎯⎯⎯⎯⎯⎯
Serialized Error: { __vitest_rollup_error__: { plugin: &apos;vite:import-analysis&apos;, id: &apos;/Users/ray/Desktop/GITHUB/Novamind-Frontend/src/application/services/clinical/clinical.service.runtime.test.ts&apos;, loc: { file: &apos;/Users/ray/Desktop/GITHUB/Novamind-Frontend/src/application/services/clinical/clinical.service.runtime.test.ts&apos;, line: 19, column: 7 }, frame: &apos;11 |    isTreatmentResponsePrediction,\n12 |    validateTreatmentResponsePrediction\n13 |  } from &quot;@application/services/clinical/clinical.service.runtime&quot;;\n   |          ^\n14 |  import { RiskLevel } from &quot;@domain/types/clinical/risk&quot;;\n15 |  function isSuccess(result) {&apos; } }
            </failure>
        </testcase>
    </testsuite>
    <testsuite name="src/application/services/clinical/clinical.service.test.ts" timestamp="2025-04-06T15:37:18.673Z" hostname="MacBookPro" tests="1" failures="1" errors="0" skipped="0" time="0">
        <testcase classname="src/application/services/clinical/clinical.service.test.ts" name="src/application/services/clinical/clinical.service.test.ts" time="0">
            <system-out>
[TEST SETUP] Global setup complete.

            </system-out>
            <failure message="Failed to resolve import &quot;@application/services/clinical/clinical.service&quot; from &quot;src/application/services/clinical/clinical.service.test.ts&quot;. Does the file exist?" type="Error">
Error: Failed to resolve import &quot;@application/services/clinical/clinical.service&quot; from &quot;src/application/services/clinical/clinical.service.test.ts&quot;. Does the file exist?
  Plugin: vite:import-analysis
  File: /Users/ray/Desktop/GITHUB/Novamind-Frontend/src/application/services/clinical/clinical.service.test.ts:8:0
  1  |  vi.mock(&quot;axios&quot;);
  2  |  const __vi_import_0__ = await import(&quot;axios&quot;);
  3  |  const __vi_import_1__ = await import(&quot;@application/services/clinical/clinical.service&quot;);
     |                                       ^
  4  |  const __vi_import_2__ = await import(&quot;@domain/types/clinical/risk&quot;);
  5  |  import { describe, it, expect, vi, beforeEach } from &quot;vitest&quot;;
 ❯ TransformPluginContext._formatLog node_modules/vite/dist/node/chunks/dep-Pj_jxEzN.js:47885:41
 ❯ TransformPluginContext.error node_modules/vite/dist/node/chunks/dep-Pj_jxEzN.js:47882:16
 ❯ normalizeUrl node_modules/vite/dist/node/chunks/dep-Pj_jxEzN.js:46015:23
 ❯ node_modules/vite/dist/node/chunks/dep-Pj_jxEzN.js:46134:37
 ❯ TransformPluginContext.transform node_modules/vite/dist/node/chunks/dep-Pj_jxEzN.js:46061:7
 ❯ EnvironmentPluginContainer.transform node_modules/vite/dist/node/chunks/dep-Pj_jxEzN.js:47680:18
 ❯ loadAndTransform node_modules/vite/dist/node/chunks/dep-Pj_jxEzN.js:41327:27

⎯⎯⎯⎯⎯⎯⎯⎯⎯⎯⎯⎯⎯⎯⎯⎯⎯⎯⎯⎯⎯⎯⎯⎯⎯⎯⎯⎯⎯⎯⎯⎯⎯⎯⎯⎯⎯⎯⎯⎯⎯⎯⎯⎯⎯⎯⎯⎯⎯⎯⎯⎯⎯⎯⎯⎯⎯⎯⎯⎯⎯⎯⎯⎯⎯⎯⎯⎯⎯⎯⎯⎯⎯⎯⎯⎯⎯⎯⎯⎯⎯⎯⎯⎯⎯⎯⎯⎯⎯⎯
Serialized Error: { __vitest_rollup_error__: { plugin: &apos;vite:import-analysis&apos;, id: &apos;/Users/ray/Desktop/GITHUB/Novamind-Frontend/src/application/services/clinical/clinical.service.test.ts&apos;, loc: { file: &apos;/Users/ray/Desktop/GITHUB/Novamind-Frontend/src/application/services/clinical/clinical.service.test.ts&apos;, line: 8, column: +0 }, frame: &apos;1  |  vi.mock(&quot;axios&quot;);\n2  |  const __vi_import_0__ = await import(&quot;axios&quot;);\n3  |  const __vi_import_1__ = await import(&quot;@application/services/clinical/clinical.service&quot;);\n   |                                       ^\n4  |  const __vi_import_2__ = await import(&quot;@domain/types/clinical/risk&quot;);\n5  |  import { describe, it, expect, vi, beforeEach } from &quot;vitest&quot;;&apos; } }
            </failure>
        </testcase>
    </testsuite>
    <testsuite name="src/application/services/clinical/risk-assessment.service.test.ts" timestamp="2025-04-06T15:37:18.674Z" hostname="MacBookPro" tests="1" failures="1" errors="0" skipped="0" time="0">
        <testcase classname="src/application/services/clinical/risk-assessment.service.test.ts" name="src/application/services/clinical/risk-assessment.service.test.ts" time="0">
            <system-out>
[TEST SETUP] Global setup complete.

            </system-out>
            <failure message="Failed to resolve import &quot;@application/services/clinical/risk-assessment.service&quot; from &quot;src/application/services/clinical/risk-assessment.service.test.ts&quot;. Does the file exist?" type="Error">
Error: Failed to resolve import &quot;@application/services/clinical/risk-assessment.service&quot; from &quot;src/application/services/clinical/risk-assessment.service.test.ts&quot;. Does the file exist?
  Plugin: vite:import-analysis
  File: /Users/ray/Desktop/GITHUB/Novamind-Frontend/src/application/services/clinical/risk-assessment.service.test.ts:7:38
  1  |  import { describe, it, expect, beforeEach } from &quot;vitest&quot;;
  2  |  import { RiskAssessmentService } from &quot;@application/services/clinical/risk-assessment.service&quot;;
     |                                         ^
  3  |  describe(&quot;RiskAssessmentService&quot;, () =&gt; {
  4  |    let riskAssessmentService;
 ❯ TransformPluginContext._formatLog node_modules/vite/dist/node/chunks/dep-Pj_jxEzN.js:47885:41
 ❯ TransformPluginContext.error node_modules/vite/dist/node/chunks/dep-Pj_jxEzN.js:47882:16
 ❯ normalizeUrl node_modules/vite/dist/node/chunks/dep-Pj_jxEzN.js:46015:23
 ❯ node_modules/vite/dist/node/chunks/dep-Pj_jxEzN.js:46134:37
 ❯ TransformPluginContext.transform node_modules/vite/dist/node/chunks/dep-Pj_jxEzN.js:46061:7
 ❯ EnvironmentPluginContainer.transform node_modules/vite/dist/node/chunks/dep-Pj_jxEzN.js:47680:18
 ❯ loadAndTransform node_modules/vite/dist/node/chunks/dep-Pj_jxEzN.js:41327:27

⎯⎯⎯⎯⎯⎯⎯⎯⎯⎯⎯⎯⎯⎯⎯⎯⎯⎯⎯⎯⎯⎯⎯⎯⎯⎯⎯⎯⎯⎯⎯⎯⎯⎯⎯⎯⎯⎯⎯⎯⎯⎯⎯⎯⎯⎯⎯⎯⎯⎯⎯⎯⎯⎯⎯⎯⎯⎯⎯⎯⎯⎯⎯⎯⎯⎯⎯⎯⎯⎯⎯⎯⎯⎯⎯⎯⎯⎯⎯⎯⎯⎯⎯⎯⎯⎯⎯⎯⎯⎯
Serialized Error: { __vitest_rollup_error__: { plugin: &apos;vite:import-analysis&apos;, id: &apos;/Users/ray/Desktop/GITHUB/Novamind-Frontend/src/application/services/clinical/risk-assessment.service.test.ts&apos;, loc: { file: &apos;/Users/ray/Desktop/GITHUB/Novamind-Frontend/src/application/services/clinical/risk-assessment.service.test.ts&apos;, line: 7, column: 38 }, frame: &apos;1  |  import { describe, it, expect, beforeEach } from &quot;vitest&quot;;\n2  |  import { RiskAssessmentService } from &quot;@application/services/clinical/risk-assessment.service&quot;;\n   |                                         ^\n3  |  describe(&quot;RiskAssessmentService&quot;, () =&gt; {\n4  |    let riskAssessmentService;&apos; } }
            </failure>
        </testcase>
    </testsuite>
    <testsuite name="src/domain/models/brain/brain-model.runtime.test.ts" timestamp="2025-04-06T15:37:18.674Z" hostname="MacBookPro" tests="1" failures="1" errors="0" skipped="0" time="0">
        <testcase classname="src/domain/models/brain/brain-model.runtime.test.ts" name="src/domain/models/brain/brain-model.runtime.test.ts" time="0">
            <system-out>
[TEST SETUP] Global setup complete.

            </system-out>
            <failure message="Failed to resolve import &quot;@models/brain/brain-model.runtime&quot; from &quot;src/domain/models/brain/brain-model.runtime.test.ts&quot;. Does the file exist?" type="Error">
Error: Failed to resolve import &quot;@models/brain/brain-model.runtime&quot; from &quot;src/domain/models/brain/brain-model.runtime.test.ts&quot;. Does the file exist?
  Plugin: vite:import-analysis
  File: /Users/ray/Desktop/GITHUB/Novamind-Frontend/src/domain/models/brain/brain-model.runtime.test.ts:11:7
  4  |    NeuralConnectionValidator,
  5  |    BrainModelValidator
  6  |  } from &quot;@models/brain/brain-model.runtime&quot;;
     |          ^
  7  |  describe(&quot;Brain Model Runtime Validators&quot;, () =&gt; {
  8  |    describe(&quot;BrainRegionValidator&quot;, () =&gt; {
 ❯ TransformPluginContext._formatLog node_modules/vite/dist/node/chunks/dep-Pj_jxEzN.js:47885:41
 ❯ TransformPluginContext.error node_modules/vite/dist/node/chunks/dep-Pj_jxEzN.js:47882:16
 ❯ normalizeUrl node_modules/vite/dist/node/chunks/dep-Pj_jxEzN.js:46015:23
 ❯ node_modules/vite/dist/node/chunks/dep-Pj_jxEzN.js:46134:37
 ❯ TransformPluginContext.transform node_modules/vite/dist/node/chunks/dep-Pj_jxEzN.js:46061:7
 ❯ EnvironmentPluginContainer.transform node_modules/vite/dist/node/chunks/dep-Pj_jxEzN.js:47680:18
 ❯ loadAndTransform node_modules/vite/dist/node/chunks/dep-Pj_jxEzN.js:41327:27

⎯⎯⎯⎯⎯⎯⎯⎯⎯⎯⎯⎯⎯⎯⎯⎯⎯⎯⎯⎯⎯⎯⎯⎯⎯⎯⎯⎯⎯⎯⎯⎯⎯⎯⎯⎯⎯⎯⎯⎯⎯⎯⎯⎯⎯⎯⎯⎯⎯⎯⎯⎯⎯⎯⎯⎯⎯⎯⎯⎯⎯⎯⎯⎯⎯⎯⎯⎯⎯⎯⎯⎯⎯⎯⎯⎯⎯⎯⎯⎯⎯⎯⎯⎯⎯⎯⎯⎯⎯⎯
Serialized Error: { __vitest_rollup_error__: { plugin: &apos;vite:import-analysis&apos;, id: &apos;/Users/ray/Desktop/GITHUB/Novamind-Frontend/src/domain/models/brain/brain-model.runtime.test.ts&apos;, loc: { file: &apos;/Users/ray/Desktop/GITHUB/Novamind-Frontend/src/domain/models/brain/brain-model.runtime.test.ts&apos;, line: 11, column: 7 }, frame: &apos;4  |    NeuralConnectionValidator,\n5  |    BrainModelValidator\n6  |  } from &quot;@models/brain/brain-model.runtime&quot;;\n   |          ^\n7  |  describe(&quot;Brain Model Runtime Validators&quot;, () =&gt; {\n8  |    describe(&quot;BrainRegionValidator&quot;, () =&gt; {&apos; } }
            </failure>
        </testcase>
    </testsuite>
    <testsuite name="src/domain/models/clinical/patient-model.runtime.test.ts" timestamp="2025-04-06T15:37:18.674Z" hostname="MacBookPro" tests="1" failures="1" errors="0" skipped="0" time="0">
        <testcase classname="src/domain/models/clinical/patient-model.runtime.test.ts" name="src/domain/models/clinical/patient-model.runtime.test.ts" time="0">
            <system-out>
[TEST SETUP] Global setup complete.

            </system-out>
            <failure message="Failed to resolve import &quot;@models/clinical/patient-model.runtime&quot; from &quot;src/domain/models/clinical/patient-model.runtime.test.ts&quot;. Does the file exist?" type="Error">
Error: Failed to resolve import &quot;@models/clinical/patient-model.runtime&quot; from &quot;src/domain/models/clinical/patient-model.runtime.test.ts&quot;. Does the file exist?
  Plugin: vite:import-analysis
  File: /Users/ray/Desktop/GITHUB/Novamind-Frontend/src/domain/models/clinical/patient-model.runtime.test.ts:14:7
  7  |    TreatmentResponseValidator,
  8  |    PatientModelValidator
  9  |  } from &quot;@models/clinical/patient-model.runtime&quot;;
     |          ^
  10 |  describe(&quot;Patient Model Runtime Validators&quot;, () =&gt; {
  11 |    describe(&quot;PatientDemographicsValidator&quot;, () =&gt; {
 ❯ TransformPluginContext._formatLog node_modules/vite/dist/node/chunks/dep-Pj_jxEzN.js:47885:41
 ❯ TransformPluginContext.error node_modules/vite/dist/node/chunks/dep-Pj_jxEzN.js:47882:16
 ❯ normalizeUrl node_modules/vite/dist/node/chunks/dep-Pj_jxEzN.js:46015:23
 ❯ node_modules/vite/dist/node/chunks/dep-Pj_jxEzN.js:46134:37
 ❯ TransformPluginContext.transform node_modules/vite/dist/node/chunks/dep-Pj_jxEzN.js:46061:7
 ❯ EnvironmentPluginContainer.transform node_modules/vite/dist/node/chunks/dep-Pj_jxEzN.js:47680:18
 ❯ loadAndTransform node_modules/vite/dist/node/chunks/dep-Pj_jxEzN.js:41327:27

⎯⎯⎯⎯⎯⎯⎯⎯⎯⎯⎯⎯⎯⎯⎯⎯⎯⎯⎯⎯⎯⎯⎯⎯⎯⎯⎯⎯⎯⎯⎯⎯⎯⎯⎯⎯⎯⎯⎯⎯⎯⎯⎯⎯⎯⎯⎯⎯⎯⎯⎯⎯⎯⎯⎯⎯⎯⎯⎯⎯⎯⎯⎯⎯⎯⎯⎯⎯⎯⎯⎯⎯⎯⎯⎯⎯⎯⎯⎯⎯⎯⎯⎯⎯⎯⎯⎯⎯⎯⎯
Serialized Error: { __vitest_rollup_error__: { plugin: &apos;vite:import-analysis&apos;, id: &apos;/Users/ray/Desktop/GITHUB/Novamind-Frontend/src/domain/models/clinical/patient-model.runtime.test.ts&apos;, loc: { file: &apos;/Users/ray/Desktop/GITHUB/Novamind-Frontend/src/domain/models/clinical/patient-model.runtime.test.ts&apos;, line: 14, column: 7 }, frame: &apos;7  |    TreatmentResponseValidator,\n8  |    PatientModelValidator\n9  |  } from &quot;@models/clinical/patient-model.runtime&quot;;\n   |          ^\n10 |  describe(&quot;Patient Model Runtime Validators&quot;, () =&gt; {\n11 |    describe(&quot;PatientDemographicsValidator&quot;, () =&gt; {&apos; } }
            </failure>
        </testcase>
    </testsuite>
    <testsuite name="src/domain/models/shared/type-verification.runtime.test.ts" timestamp="2025-04-06T15:37:18.675Z" hostname="MacBookPro" tests="1" failures="1" errors="0" skipped="0" time="0">
        <testcase classname="src/domain/models/shared/type-verification.runtime.test.ts" name="src/domain/models/shared/type-verification.runtime.test.ts" time="0">
            <system-out>
[TEST SETUP] Global setup complete.

            </system-out>
            <failure message="Failed to resolve import &quot;@models/shared/type-verification&quot; from &quot;src/domain/models/shared/type-verification.runtime.test.ts&quot;. Does the file exist?" type="Error">
Error: Failed to resolve import &quot;@models/shared/type-verification&quot; from &quot;src/domain/models/shared/type-verification.runtime.test.ts&quot;. Does the file exist?
  Plugin: vite:import-analysis
  File: /Users/ray/Desktop/GITHUB/Novamind-Frontend/src/domain/models/shared/type-verification.runtime.test.ts:22:7
  10 |    asBoolean,
  11 |    asDate
  12 |  } from &quot;@models/shared/type-verification&quot;;
     |          ^
  13 |  import {
  14 |    validateDefined,
 ❯ TransformPluginContext._formatLog node_modules/vite/dist/node/chunks/dep-Pj_jxEzN.js:47885:41
 ❯ TransformPluginContext.error node_modules/vite/dist/node/chunks/dep-Pj_jxEzN.js:47882:16
 ❯ normalizeUrl node_modules/vite/dist/node/chunks/dep-Pj_jxEzN.js:46015:23
 ❯ node_modules/vite/dist/node/chunks/dep-Pj_jxEzN.js:46134:37
 ❯ TransformPluginContext.transform node_modules/vite/dist/node/chunks/dep-Pj_jxEzN.js:46061:7
 ❯ EnvironmentPluginContainer.transform node_modules/vite/dist/node/chunks/dep-Pj_jxEzN.js:47680:18
 ❯ loadAndTransform node_modules/vite/dist/node/chunks/dep-Pj_jxEzN.js:41327:27

⎯⎯⎯⎯⎯⎯⎯⎯⎯⎯⎯⎯⎯⎯⎯⎯⎯⎯⎯⎯⎯⎯⎯⎯⎯⎯⎯⎯⎯⎯⎯⎯⎯⎯⎯⎯⎯⎯⎯⎯⎯⎯⎯⎯⎯⎯⎯⎯⎯⎯⎯⎯⎯⎯⎯⎯⎯⎯⎯⎯⎯⎯⎯⎯⎯⎯⎯⎯⎯⎯⎯⎯⎯⎯⎯⎯⎯⎯⎯⎯⎯⎯⎯⎯⎯⎯⎯⎯⎯⎯
Serialized Error: { __vitest_rollup_error__: { plugin: &apos;vite:import-analysis&apos;, id: &apos;/Users/ray/Desktop/GITHUB/Novamind-Frontend/src/domain/models/shared/type-verification.runtime.test.ts&apos;, loc: { file: &apos;/Users/ray/Desktop/GITHUB/Novamind-Frontend/src/domain/models/shared/type-verification.runtime.test.ts&apos;, line: 22, column: 7 }, frame: &apos;10 |    asBoolean,\n11 |    asDate\n12 |  } from &quot;@models/shared/type-verification&quot;;\n   |          ^\n13 |  import {\n14 |    validateDefined,&apos; } }
            </failure>
        </testcase>
    </testsuite>
    <testsuite name="src/domain/utils/brain/type-verification.test.ts" timestamp="2025-04-06T15:37:18.675Z" hostname="MacBookPro" tests="1" failures="1" errors="0" skipped="0" time="0">
        <testcase classname="src/domain/utils/brain/type-verification.test.ts" name="src/domain/utils/brain/type-verification.test.ts" time="0">
            <system-out>
[TEST SETUP] Global setup complete.

            </system-out>
            <failure message="Failed to resolve import &quot;@domain/utils/brain/type-verification&quot; from &quot;src/domain/utils/brain/type-verification.test.ts&quot;. Does the file exist?" type="Error">
Error: Failed to resolve import &quot;@domain/utils/brain/type-verification&quot; from &quot;src/domain/utils/brain/type-verification.test.ts&quot;. Does the file exist?
  Plugin: vite:import-analysis
  File: /Users/ray/Desktop/GITHUB/Novamind-Frontend/src/domain/utils/brain/type-verification.test.ts:7:53
  1  |  import { describe, it, expect } from &quot;vitest&quot;;
  2  |  import { brainTypeVerifier } from &quot;@domain/utils/brain/type-verification&quot;;
     |                                     ^
  3  |  import { RenderMode } from &quot;@domain/types/brain/visualization&quot;;
  4  |  import { TypeVerificationError } from &quot;@domain/utils/shared/type-verification&quot;;
 ❯ TransformPluginContext._formatLog node_modules/vite/dist/node/chunks/dep-Pj_jxEzN.js:47885:41
 ❯ TransformPluginContext.error node_modules/vite/dist/node/chunks/dep-Pj_jxEzN.js:47882:16
 ❯ normalizeUrl node_modules/vite/dist/node/chunks/dep-Pj_jxEzN.js:46015:23
 ❯ node_modules/vite/dist/node/chunks/dep-Pj_jxEzN.js:46134:37
 ❯ TransformPluginContext.transform node_modules/vite/dist/node/chunks/dep-Pj_jxEzN.js:46061:7
 ❯ EnvironmentPluginContainer.transform node_modules/vite/dist/node/chunks/dep-Pj_jxEzN.js:47680:18
 ❯ loadAndTransform node_modules/vite/dist/node/chunks/dep-Pj_jxEzN.js:41327:27

⎯⎯⎯⎯⎯⎯⎯⎯⎯⎯⎯⎯⎯⎯⎯⎯⎯⎯⎯⎯⎯⎯⎯⎯⎯⎯⎯⎯⎯⎯⎯⎯⎯⎯⎯⎯⎯⎯⎯⎯⎯⎯⎯⎯⎯⎯⎯⎯⎯⎯⎯⎯⎯⎯⎯⎯⎯⎯⎯⎯⎯⎯⎯⎯⎯⎯⎯⎯⎯⎯⎯⎯⎯⎯⎯⎯⎯⎯⎯⎯⎯⎯⎯⎯⎯⎯⎯⎯⎯⎯
Serialized Error: { __vitest_rollup_error__: { plugin: &apos;vite:import-analysis&apos;, id: &apos;/Users/ray/Desktop/GITHUB/Novamind-Frontend/src/domain/utils/brain/type-verification.test.ts&apos;, loc: { file: &apos;/Users/ray/Desktop/GITHUB/Novamind-Frontend/src/domain/utils/brain/type-verification.test.ts&apos;, line: 7, column: 53 }, frame: &apos;1  |  import { describe, it, expect } from &quot;vitest&quot;;\n2  |  import { brainTypeVerifier } from &quot;@domain/utils/brain/type-verification&quot;;\n   |                                     ^\n3  |  import { RenderMode } from &quot;@domain/types/brain/visualization&quot;;\n4  |  import { TypeVerificationError } from &quot;@domain/utils/shared/type-verification&quot;;&apos; } }
            </failure>
        </testcase>
    </testsuite>
    <testsuite name="src/domain/utils/clinical/type-verification.test.ts" timestamp="2025-04-06T15:37:18.675Z" hostname="MacBookPro" tests="1" failures="1" errors="0" skipped="0" time="0">
        <testcase classname="src/domain/utils/clinical/type-verification.test.ts" name="src/domain/utils/clinical/type-verification.test.ts" time="0">
            <system-out>
[TEST SETUP] Global setup complete.

            </system-out>
            <failure message="Failed to resolve import &quot;@domain/utils/clinical/type-verification&quot; from &quot;src/domain/utils/clinical/type-verification.test.ts&quot;. Does the file exist?" type="Error">
Error: Failed to resolve import &quot;@domain/utils/clinical/type-verification&quot; from &quot;src/domain/utils/clinical/type-verification.test.ts&quot;. Does the file exist?
  Plugin: vite:import-analysis
  File: /Users/ray/Desktop/GITHUB/Novamind-Frontend/src/domain/utils/clinical/type-verification.test.ts:7:37
  1  |  import { describe, it, expect } from &quot;vitest&quot;;
  2  |  import { ClinicalTypeVerifier } from &quot;@domain/utils/clinical/type-verification&quot;;
     |                                        ^
  3  |  import { RiskLevel } from &quot;@domain/types/clinical/risk&quot;;
  4  |  describe(&quot;Clinical type verification&quot;, () =&gt; {
 ❯ TransformPluginContext._formatLog node_modules/vite/dist/node/chunks/dep-Pj_jxEzN.js:47885:41
 ❯ TransformPluginContext.error node_modules/vite/dist/node/chunks/dep-Pj_jxEzN.js:47882:16
 ❯ normalizeUrl node_modules/vite/dist/node/chunks/dep-Pj_jxEzN.js:46015:23
 ❯ node_modules/vite/dist/node/chunks/dep-Pj_jxEzN.js:46134:37
 ❯ TransformPluginContext.transform node_modules/vite/dist/node/chunks/dep-Pj_jxEzN.js:46061:7
 ❯ EnvironmentPluginContainer.transform node_modules/vite/dist/node/chunks/dep-Pj_jxEzN.js:47680:18
 ❯ loadAndTransform node_modules/vite/dist/node/chunks/dep-Pj_jxEzN.js:41327:27

⎯⎯⎯⎯⎯⎯⎯⎯⎯⎯⎯⎯⎯⎯⎯⎯⎯⎯⎯⎯⎯⎯⎯⎯⎯⎯⎯⎯⎯⎯⎯⎯⎯⎯⎯⎯⎯⎯⎯⎯⎯⎯⎯⎯⎯⎯⎯⎯⎯⎯⎯⎯⎯⎯⎯⎯⎯⎯⎯⎯⎯⎯⎯⎯⎯⎯⎯⎯⎯⎯⎯⎯⎯⎯⎯⎯⎯⎯⎯⎯⎯⎯⎯⎯⎯⎯⎯⎯⎯⎯
Serialized Error: { __vitest_rollup_error__: { plugin: &apos;vite:import-analysis&apos;, id: &apos;/Users/ray/Desktop/GITHUB/Novamind-Frontend/src/domain/utils/clinical/type-verification.test.ts&apos;, loc: { file: &apos;/Users/ray/Desktop/GITHUB/Novamind-Frontend/src/domain/utils/clinical/type-verification.test.ts&apos;, line: 7, column: 37 }, frame: &apos;1  |  import { describe, it, expect } from &quot;vitest&quot;;\n2  |  import { ClinicalTypeVerifier } from &quot;@domain/utils/clinical/type-verification&quot;;\n   |                                        ^\n3  |  import { RiskLevel } from &quot;@domain/types/clinical/risk&quot;;\n4  |  describe(&quot;Clinical type verification&quot;, () =&gt; {&apos; } }
            </failure>
        </testcase>
    </testsuite>
    <testsuite name="src/domain/utils/shared/type-verification.test.ts" timestamp="2025-04-06T15:37:18.676Z" hostname="MacBookPro" tests="1" failures="1" errors="0" skipped="0" time="0">
        <testcase classname="src/domain/utils/shared/type-verification.test.ts" name="src/domain/utils/shared/type-verification.test.ts" time="0">
            <system-out>
[TEST SETUP] Global setup complete.

            </system-out>
            <failure message="Failed to resolve import &quot;@domain/utils/shared/type-verification&quot; from &quot;src/domain/utils/shared/type-verification.test.ts&quot;. Does the file exist?" type="Error">
Error: Failed to resolve import &quot;@domain/utils/shared/type-verification&quot; from &quot;src/domain/utils/shared/type-verification.test.ts&quot;. Does the file exist?
  Plugin: vite:import-analysis
  File: /Users/ray/Desktop/GITHUB/Novamind-Frontend/src/domain/utils/shared/type-verification.test.ts:7:52
  1  |  import { describe, it, expect } from &quot;vitest&quot;;
  2  |  import { typeVerifier, TypeVerificationError } from &quot;@domain/utils/shared/type-verification&quot;;
     |                                                       ^
  3  |  describe(&quot;Shared type verification&quot;, () =&gt; {
  4  |    describe(&quot;TypeVerificationError&quot;, () =&gt; {
 ❯ TransformPluginContext._formatLog node_modules/vite/dist/node/chunks/dep-Pj_jxEzN.js:47885:41
 ❯ TransformPluginContext.error node_modules/vite/dist/node/chunks/dep-Pj_jxEzN.js:47882:16
 ❯ normalizeUrl node_modules/vite/dist/node/chunks/dep-Pj_jxEzN.js:46015:23
 ❯ node_modules/vite/dist/node/chunks/dep-Pj_jxEzN.js:46134:37
 ❯ TransformPluginContext.transform node_modules/vite/dist/node/chunks/dep-Pj_jxEzN.js:46061:7
 ❯ EnvironmentPluginContainer.transform node_modules/vite/dist/node/chunks/dep-Pj_jxEzN.js:47680:18
 ❯ loadAndTransform node_modules/vite/dist/node/chunks/dep-Pj_jxEzN.js:41327:27

⎯⎯⎯⎯⎯⎯⎯⎯⎯⎯⎯⎯⎯⎯⎯⎯⎯⎯⎯⎯⎯⎯⎯⎯⎯⎯⎯⎯⎯⎯⎯⎯⎯⎯⎯⎯⎯⎯⎯⎯⎯⎯⎯⎯⎯⎯⎯⎯⎯⎯⎯⎯⎯⎯⎯⎯⎯⎯⎯⎯⎯⎯⎯⎯⎯⎯⎯⎯⎯⎯⎯⎯⎯⎯⎯⎯⎯⎯⎯⎯⎯⎯⎯⎯⎯⎯⎯⎯⎯⎯
Serialized Error: { __vitest_rollup_error__: { plugin: &apos;vite:import-analysis&apos;, id: &apos;/Users/ray/Desktop/GITHUB/Novamind-Frontend/src/domain/utils/shared/type-verification.test.ts&apos;, loc: { file: &apos;/Users/ray/Desktop/GITHUB/Novamind-Frontend/src/domain/utils/shared/type-verification.test.ts&apos;, line: 7, column: 52 }, frame: &apos;1  |  import { describe, it, expect } from &quot;vitest&quot;;\n2  |  import { typeVerifier, TypeVerificationError } from &quot;@domain/utils/shared/type-verification&quot;;\n   |                                                       ^\n3  |  describe(&quot;Shared type verification&quot;, () =&gt; {\n4  |    describe(&quot;TypeVerificationError&quot;, () =&gt; {&apos; } }
            </failure>
        </testcase>
    </testsuite>
    <testsuite name="src/domain/types/brain/activity.test.ts" timestamp="2025-04-06T15:37:18.676Z" hostname="MacBookPro" tests="1" failures="1" errors="0" skipped="0" time="0">
        <testcase classname="src/domain/types/brain/activity.test.ts" name="src/domain/types/brain/activity.test.ts" time="0">
            <system-out>
[TEST SETUP] Global setup complete.

            </system-out>
            <failure message="Failed to resolve import &quot;@types/brain/activity&quot; from &quot;src/domain/types/brain/activity.test.ts&quot;. Does the file exist?" type="Error">
Error: Failed to resolve import &quot;@types/brain/activity&quot; from &quot;src/domain/types/brain/activity.test.ts&quot;. Does the file exist?
  Plugin: vite:import-analysis
  File: /Users/ray/Desktop/GITHUB/Novamind-Frontend/src/domain/types/brain/activity.test.ts:8:32
  1  |  import { describe, it, expect } from &quot;vitest&quot;;
  2  |  import { Vector3 } from &quot;three&quot;;
  3  |  import { ActivationLevel } from &quot;@types/brain/activity&quot;;
     |                                   ^
  4  |  describe(&quot;activity type definitions&quot;, () =&gt; {
  5  |    it(&quot;exports ActivationLevel with correct structure&quot;, () =&gt; {
 ❯ TransformPluginContext._formatLog node_modules/vite/dist/node/chunks/dep-Pj_jxEzN.js:47885:41
 ❯ TransformPluginContext.error node_modules/vite/dist/node/chunks/dep-Pj_jxEzN.js:47882:16
 ❯ normalizeUrl node_modules/vite/dist/node/chunks/dep-Pj_jxEzN.js:46015:23
 ❯ node_modules/vite/dist/node/chunks/dep-Pj_jxEzN.js:46134:37
 ❯ TransformPluginContext.transform node_modules/vite/dist/node/chunks/dep-Pj_jxEzN.js:46061:7
 ❯ EnvironmentPluginContainer.transform node_modules/vite/dist/node/chunks/dep-Pj_jxEzN.js:47680:18
 ❯ loadAndTransform node_modules/vite/dist/node/chunks/dep-Pj_jxEzN.js:41327:27

⎯⎯⎯⎯⎯⎯⎯⎯⎯⎯⎯⎯⎯⎯⎯⎯⎯⎯⎯⎯⎯⎯⎯⎯⎯⎯⎯⎯⎯⎯⎯⎯⎯⎯⎯⎯⎯⎯⎯⎯⎯⎯⎯⎯⎯⎯⎯⎯⎯⎯⎯⎯⎯⎯⎯⎯⎯⎯⎯⎯⎯⎯⎯⎯⎯⎯⎯⎯⎯⎯⎯⎯⎯⎯⎯⎯⎯⎯⎯⎯⎯⎯⎯⎯⎯⎯⎯⎯⎯⎯
Serialized Error: { __vitest_rollup_error__: { plugin: &apos;vite:import-analysis&apos;, id: &apos;/Users/ray/Desktop/GITHUB/Novamind-Frontend/src/domain/types/brain/activity.test.ts&apos;, loc: { file: &apos;/Users/ray/Desktop/GITHUB/Novamind-Frontend/src/domain/types/brain/activity.test.ts&apos;, line: 8, column: 32 }, frame: &apos;1  |  import { describe, it, expect } from &quot;vitest&quot;;\n2  |  import { Vector3 } from &quot;three&quot;;\n3  |  import { ActivationLevel } from &quot;@types/brain/activity&quot;;\n   |                                   ^\n4  |  describe(&quot;activity type definitions&quot;, () =&gt; {\n5  |    it(&quot;exports ActivationLevel with correct structure&quot;, () =&gt; {&apos; } }
            </failure>
        </testcase>
    </testsuite>
    <testsuite name="src/domain/types/brain/core-models.runtime.test.ts" timestamp="2025-04-06T15:37:18.676Z" hostname="MacBookPro" tests="1" failures="1" errors="0" skipped="0" time="0">
        <testcase classname="src/domain/types/brain/core-models.runtime.test.ts" name="src/domain/types/brain/core-models.runtime.test.ts" time="0">
            <system-out>
[TEST SETUP] Global setup complete.

            </system-out>
            <failure message="Failed to resolve import &quot;@domain/types/brain/core-models.runtime&quot; from &quot;src/domain/types/brain/core-models.runtime.test.ts&quot;. Does the file exist?" type="Error">
Error: Failed to resolve import &quot;@domain/types/brain/core-models.runtime&quot; from &quot;src/domain/types/brain/core-models.runtime.test.ts&quot;. Does the file exist?
  Plugin: vite:import-analysis
  File: /Users/ray/Desktop/GITHUB/Novamind-Frontend/src/domain/types/brain/core-models.runtime.test.ts:13:7
  6  |    ConnectionValidator,
  7  |    BrainModelValidator
  8  |  } from &quot;@domain/types/brain/core-models.runtime&quot;;
     |          ^
  9  |  describe(&quot;Brain Core Models runtime validators&quot;, () =&gt; {
  10 |    describe(&quot;Vector3Validator&quot;, () =&gt; {
 ❯ TransformPluginContext._formatLog node_modules/vite/dist/node/chunks/dep-Pj_jxEzN.js:47885:41
 ❯ TransformPluginContext.error node_modules/vite/dist/node/chunks/dep-Pj_jxEzN.js:47882:16
 ❯ normalizeUrl node_modules/vite/dist/node/chunks/dep-Pj_jxEzN.js:46015:23
 ❯ node_modules/vite/dist/node/chunks/dep-Pj_jxEzN.js:46134:37
 ❯ TransformPluginContext.transform node_modules/vite/dist/node/chunks/dep-Pj_jxEzN.js:46061:7
 ❯ EnvironmentPluginContainer.transform node_modules/vite/dist/node/chunks/dep-Pj_jxEzN.js:47680:18
 ❯ loadAndTransform node_modules/vite/dist/node/chunks/dep-Pj_jxEzN.js:41327:27

⎯⎯⎯⎯⎯⎯⎯⎯⎯⎯⎯⎯⎯⎯⎯⎯⎯⎯⎯⎯⎯⎯⎯⎯⎯⎯⎯⎯⎯⎯⎯⎯⎯⎯⎯⎯⎯⎯⎯⎯⎯⎯⎯⎯⎯⎯⎯⎯⎯⎯⎯⎯⎯⎯⎯⎯⎯⎯⎯⎯⎯⎯⎯⎯⎯⎯⎯⎯⎯⎯⎯⎯⎯⎯⎯⎯⎯⎯⎯⎯⎯⎯⎯⎯⎯⎯⎯⎯⎯⎯
Serialized Error: { __vitest_rollup_error__: { plugin: &apos;vite:import-analysis&apos;, id: &apos;/Users/ray/Desktop/GITHUB/Novamind-Frontend/src/domain/types/brain/core-models.runtime.test.ts&apos;, loc: { file: &apos;/Users/ray/Desktop/GITHUB/Novamind-Frontend/src/domain/types/brain/core-models.runtime.test.ts&apos;, line: 13, column: 7 }, frame: &apos;6  |    ConnectionValidator,\n7  |    BrainModelValidator\n8  |  } from &quot;@domain/types/brain/core-models.runtime&quot;;\n   |          ^\n9  |  describe(&quot;Brain Core Models runtime validators&quot;, () =&gt; {\n10 |    describe(&quot;Vector3Validator&quot;, () =&gt; {&apos; } }
            </failure>
        </testcase>
    </testsuite>
    <testsuite name="src/domain/types/brain/index.test.ts" timestamp="2025-04-06T15:37:18.677Z" hostname="MacBookPro" tests="1" failures="1" errors="0" skipped="0" time="0">
        <testcase classname="src/domain/types/brain/index.test.ts" name="src/domain/types/brain/index.test.ts" time="0">
            <system-out>
[TEST SETUP] Global setup complete.

            </system-out>
            <failure message="Failed to resolve import &quot;@domain/types/brain/index&quot; from &quot;src/domain/types/brain/index.test.ts&quot;. Does the file exist?" type="Error">
Error: Failed to resolve import &quot;@domain/types/brain/index&quot; from &quot;src/domain/types/brain/index.test.ts&quot;. Does the file exist?
  Plugin: vite:import-analysis
  File: /Users/ray/Desktop/GITHUB/Novamind-Frontend/src/domain/types/brain/index.test.ts:8:22
  1  |  import { describe, it, expect } from &quot;vitest&quot;;
  2  |  import { index } from &quot;@domain/types/brain/index&quot;;
     |                         ^
  3  |  const mockData = {
  4  |    // Add appropriate mock data for this specific type
 ❯ TransformPluginContext._formatLog node_modules/vite/dist/node/chunks/dep-Pj_jxEzN.js:47885:41
 ❯ TransformPluginContext.error node_modules/vite/dist/node/chunks/dep-Pj_jxEzN.js:47882:16
 ❯ normalizeUrl node_modules/vite/dist/node/chunks/dep-Pj_jxEzN.js:46015:23
 ❯ node_modules/vite/dist/node/chunks/dep-Pj_jxEzN.js:46134:37
 ❯ TransformPluginContext.transform node_modules/vite/dist/node/chunks/dep-Pj_jxEzN.js:46061:7
 ❯ EnvironmentPluginContainer.transform node_modules/vite/dist/node/chunks/dep-Pj_jxEzN.js:47680:18
 ❯ loadAndTransform node_modules/vite/dist/node/chunks/dep-Pj_jxEzN.js:41327:27

⎯⎯⎯⎯⎯⎯⎯⎯⎯⎯⎯⎯⎯⎯⎯⎯⎯⎯⎯⎯⎯⎯⎯⎯⎯⎯⎯⎯⎯⎯⎯⎯⎯⎯⎯⎯⎯⎯⎯⎯⎯⎯⎯⎯⎯⎯⎯⎯⎯⎯⎯⎯⎯⎯⎯⎯⎯⎯⎯⎯⎯⎯⎯⎯⎯⎯⎯⎯⎯⎯⎯⎯⎯⎯⎯⎯⎯⎯⎯⎯⎯⎯⎯⎯⎯⎯⎯⎯⎯⎯
Serialized Error: { __vitest_rollup_error__: { plugin: &apos;vite:import-analysis&apos;, id: &apos;/Users/ray/Desktop/GITHUB/Novamind-Frontend/src/domain/types/brain/index.test.ts&apos;, loc: { file: &apos;/Users/ray/Desktop/GITHUB/Novamind-Frontend/src/domain/types/brain/index.test.ts&apos;, line: 8, column: 22 }, frame: &apos;1  |  import { describe, it, expect } from &quot;vitest&quot;;\n2  |  import { index } from &quot;@domain/types/brain/index&quot;;\n   |                         ^\n3  |  const mockData = {\n4  |    // Add appropriate mock data for this specific type&apos; } }
            </failure>
        </testcase>
    </testsuite>
    <testsuite name="src/domain/types/brain/models.test.ts" timestamp="2025-04-06T15:37:18.677Z" hostname="MacBookPro" tests="8" failures="0" errors="0" skipped="0" time="0.002377333">
        <testcase classname="src/domain/types/brain/models.test.ts" name="models type definitions &gt; exports BrainRegion with correct structure" time="0.000063459">
        </testcase>
        <testcase classname="src/domain/types/brain/models.test.ts" name="models type definitions &gt; exports NeuralConnection with correct structure" time="0.000178833">
        </testcase>
        <testcase classname="src/domain/types/brain/models.test.ts" name="models type definitions &gt; exports BrainScan with correct structure" time="0.000768125">
        </testcase>
        <testcase classname="src/domain/types/brain/models.test.ts" name="models type definitions &gt; exports BrainModel with correct structure" time="0.0000945">
        </testcase>
        <testcase classname="src/domain/types/brain/models.test.ts" name="models type definitions &gt; exports NeuralActivity with correct structure" time="0.000104625">
        </testcase>
        <testcase classname="src/domain/types/brain/models.test.ts" name="models type definitions &gt; exports ActivityTimeSeries with correct structure" time="0.000078">
        </testcase>
        <testcase classname="src/domain/types/brain/models.test.ts" name="models type definitions &gt; exports RegionClinicalData with correct structure" time="0.000070167">
        </testcase>
        <testcase classname="src/domain/types/brain/models.test.ts" name="models type definitions &gt; exports undefined with correct structure" time="0.000044167">
        </testcase>
    </testsuite>
    <testsuite name="src/domain/types/brain/visualization.runtime.test.ts" timestamp="2025-04-06T15:37:18.678Z" hostname="MacBookPro" tests="1" failures="1" errors="0" skipped="0" time="0">
        <testcase classname="src/domain/types/brain/visualization.runtime.test.ts" name="src/domain/types/brain/visualization.runtime.test.ts" time="0">
            <system-out>
[TEST SETUP] Global setup complete.

            </system-out>
            <failure message="Failed to resolve import &quot;@domain/types/brain/visualization.runtime&quot; from &quot;src/domain/types/brain/visualization.runtime.test.ts&quot;. Does the file exist?" type="Error">
Error: Failed to resolve import &quot;@domain/types/brain/visualization.runtime&quot; from &quot;src/domain/types/brain/visualization.runtime.test.ts&quot;. Does the file exist?
  Plugin: vite:import-analysis
  File: /Users/ray/Desktop/GITHUB/Novamind-Frontend/src/domain/types/brain/visualization.runtime.test.ts:17:7
  10 |    ProcessedBrainRegionValidator,
  11 |    ProcessedNeuralConnectionValidator
  12 |  } from &quot;@domain/types/brain/visualization.runtime&quot;;
     |          ^
  13 |  import {
  14 |    defaultVisualizationSettings,
 ❯ TransformPluginContext._formatLog node_modules/vite/dist/node/chunks/dep-Pj_jxEzN.js:47885:41
 ❯ TransformPluginContext.error node_modules/vite/dist/node/chunks/dep-Pj_jxEzN.js:47882:16
 ❯ normalizeUrl node_modules/vite/dist/node/chunks/dep-Pj_jxEzN.js:46015:23
 ❯ node_modules/vite/dist/node/chunks/dep-Pj_jxEzN.js:46134:37
 ❯ TransformPluginContext.transform node_modules/vite/dist/node/chunks/dep-Pj_jxEzN.js:46061:7
 ❯ EnvironmentPluginContainer.transform node_modules/vite/dist/node/chunks/dep-Pj_jxEzN.js:47680:18
 ❯ loadAndTransform node_modules/vite/dist/node/chunks/dep-Pj_jxEzN.js:41327:27

⎯⎯⎯⎯⎯⎯⎯⎯⎯⎯⎯⎯⎯⎯⎯⎯⎯⎯⎯⎯⎯⎯⎯⎯⎯⎯⎯⎯⎯⎯⎯⎯⎯⎯⎯⎯⎯⎯⎯⎯⎯⎯⎯⎯⎯⎯⎯⎯⎯⎯⎯⎯⎯⎯⎯⎯⎯⎯⎯⎯⎯⎯⎯⎯⎯⎯⎯⎯⎯⎯⎯⎯⎯⎯⎯⎯⎯⎯⎯⎯⎯⎯⎯⎯⎯⎯⎯⎯⎯⎯
Serialized Error: { __vitest_rollup_error__: { plugin: &apos;vite:import-analysis&apos;, id: &apos;/Users/ray/Desktop/GITHUB/Novamind-Frontend/src/domain/types/brain/visualization.runtime.test.ts&apos;, loc: { file: &apos;/Users/ray/Desktop/GITHUB/Novamind-Frontend/src/domain/types/brain/visualization.runtime.test.ts&apos;, line: 17, column: 7 }, frame: &apos;10 |    ProcessedBrainRegionValidator,\n11 |    ProcessedNeuralConnectionValidator\n12 |  } from &quot;@domain/types/brain/visualization.runtime&quot;;\n   |          ^\n13 |  import {\n14 |    defaultVisualizationSettings,&apos; } }
            </failure>
        </testcase>
    </testsuite>
    <testsuite name="src/domain/types/brain/visualization.test.ts" timestamp="2025-04-06T15:37:18.678Z" hostname="MacBookPro" tests="1" failures="1" errors="0" skipped="0" time="0">
        <testcase classname="src/domain/types/brain/visualization.test.ts" name="src/domain/types/brain/visualization.test.ts" time="0">
            <system-out>
[TEST SETUP] Global setup complete.

            </system-out>
            <failure message="Failed to resolve import &quot;@types/brain/visualization&quot; from &quot;src/domain/types/brain/visualization.test.ts&quot;. Does the file exist?" type="Error">
Error: Failed to resolve import &quot;@types/brain/visualization&quot; from &quot;src/domain/types/brain/visualization.test.ts&quot;. Does the file exist?
  Plugin: vite:import-analysis
  File: /Users/ray/Desktop/GITHUB/Novamind-Frontend/src/domain/types/brain/visualization.test.ts:13:7
  6  |    isValidTheme,
  7  |    isValidRenderMode
  8  |  } from &quot;@types/brain/visualization&quot;;
     |          ^
  9  |  describe(&quot;visualization type definitions&quot;, () =&gt; {
  10 |    it(&quot;exports visualizationThemes with correct structure&quot;, () =&gt; {
 ❯ TransformPluginContext._formatLog node_modules/vite/dist/node/chunks/dep-Pj_jxEzN.js:47885:41
 ❯ TransformPluginContext.error node_modules/vite/dist/node/chunks/dep-Pj_jxEzN.js:47882:16
 ❯ normalizeUrl node_modules/vite/dist/node/chunks/dep-Pj_jxEzN.js:46015:23
 ❯ node_modules/vite/dist/node/chunks/dep-Pj_jxEzN.js:46134:37
 ❯ TransformPluginContext.transform node_modules/vite/dist/node/chunks/dep-Pj_jxEzN.js:46061:7
 ❯ EnvironmentPluginContainer.transform node_modules/vite/dist/node/chunks/dep-Pj_jxEzN.js:47680:18
 ❯ loadAndTransform node_modules/vite/dist/node/chunks/dep-Pj_jxEzN.js:41327:27

⎯⎯⎯⎯⎯⎯⎯⎯⎯⎯⎯⎯⎯⎯⎯⎯⎯⎯⎯⎯⎯⎯⎯⎯⎯⎯⎯⎯⎯⎯⎯⎯⎯⎯⎯⎯⎯⎯⎯⎯⎯⎯⎯⎯⎯⎯⎯⎯⎯⎯⎯⎯⎯⎯⎯⎯⎯⎯⎯⎯⎯⎯⎯⎯⎯⎯⎯⎯⎯⎯⎯⎯⎯⎯⎯⎯⎯⎯⎯⎯⎯⎯⎯⎯⎯⎯⎯⎯⎯⎯
Serialized Error: { __vitest_rollup_error__: { plugin: &apos;vite:import-analysis&apos;, id: &apos;/Users/ray/Desktop/GITHUB/Novamind-Frontend/src/domain/types/brain/visualization.test.ts&apos;, loc: { file: &apos;/Users/ray/Desktop/GITHUB/Novamind-Frontend/src/domain/types/brain/visualization.test.ts&apos;, line: 13, column: 7 }, frame: &apos;6  |    isValidTheme,\n7  |    isValidRenderMode\n8  |  } from &quot;@types/brain/visualization&quot;;\n   |          ^\n9  |  describe(&quot;visualization type definitions&quot;, () =&gt; {\n10 |    it(&quot;exports visualizationThemes with correct structure&quot;, () =&gt; {&apos; } }
            </failure>
        </testcase>
    </testsuite>
    <testsuite name="src/domain/types/clinical/index.test.ts" timestamp="2025-04-06T15:37:18.678Z" hostname="MacBookPro" tests="1" failures="1" errors="0" skipped="0" time="0">
        <testcase classname="src/domain/types/clinical/index.test.ts" name="src/domain/types/clinical/index.test.ts" time="0">
            <system-out>
[TEST SETUP] Global setup complete.

            </system-out>
            <failure message="Failed to resolve import &quot;@domain/types/clinical/index&quot; from &quot;src/domain/types/clinical/index.test.ts&quot;. Does the file exist?" type="Error">
Error: Failed to resolve import &quot;@domain/types/clinical/index&quot; from &quot;src/domain/types/clinical/index.test.ts&quot;. Does the file exist?
  Plugin: vite:import-analysis
  File: /Users/ray/Desktop/GITHUB/Novamind-Frontend/src/domain/types/clinical/index.test.ts:8:22
  1  |  import { describe, it, expect } from &quot;vitest&quot;;
  2  |  import { index } from &quot;@domain/types/clinical/index&quot;;
     |                         ^
  3  |  const mockData = {
  4  |    // Add appropriate mock data for this specific type
 ❯ TransformPluginContext._formatLog node_modules/vite/dist/node/chunks/dep-Pj_jxEzN.js:47885:41
 ❯ TransformPluginContext.error node_modules/vite/dist/node/chunks/dep-Pj_jxEzN.js:47882:16
 ❯ normalizeUrl node_modules/vite/dist/node/chunks/dep-Pj_jxEzN.js:46015:23
 ❯ node_modules/vite/dist/node/chunks/dep-Pj_jxEzN.js:46134:37
 ❯ TransformPluginContext.transform node_modules/vite/dist/node/chunks/dep-Pj_jxEzN.js:46061:7
 ❯ EnvironmentPluginContainer.transform node_modules/vite/dist/node/chunks/dep-Pj_jxEzN.js:47680:18
 ❯ loadAndTransform node_modules/vite/dist/node/chunks/dep-Pj_jxEzN.js:41327:27

⎯⎯⎯⎯⎯⎯⎯⎯⎯⎯⎯⎯⎯⎯⎯⎯⎯⎯⎯⎯⎯⎯⎯⎯⎯⎯⎯⎯⎯⎯⎯⎯⎯⎯⎯⎯⎯⎯⎯⎯⎯⎯⎯⎯⎯⎯⎯⎯⎯⎯⎯⎯⎯⎯⎯⎯⎯⎯⎯⎯⎯⎯⎯⎯⎯⎯⎯⎯⎯⎯⎯⎯⎯⎯⎯⎯⎯⎯⎯⎯⎯⎯⎯⎯⎯⎯⎯⎯⎯⎯
Serialized Error: { __vitest_rollup_error__: { plugin: &apos;vite:import-analysis&apos;, id: &apos;/Users/ray/Desktop/GITHUB/Novamind-Frontend/src/domain/types/clinical/index.test.ts&apos;, loc: { file: &apos;/Users/ray/Desktop/GITHUB/Novamind-Frontend/src/domain/types/clinical/index.test.ts&apos;, line: 8, column: 22 }, frame: &apos;1  |  import { describe, it, expect } from &quot;vitest&quot;;\n2  |  import { index } from &quot;@domain/types/clinical/index&quot;;\n   |                         ^\n3  |  const mockData = {\n4  |    // Add appropriate mock data for this specific type&apos; } }
            </failure>
        </testcase>
    </testsuite>
    <testsuite name="src/domain/types/clinical/patient.runtime.test.ts" timestamp="2025-04-06T15:37:18.679Z" hostname="MacBookPro" tests="1" failures="1" errors="0" skipped="0" time="0">
        <testcase classname="src/domain/types/clinical/patient.runtime.test.ts" name="src/domain/types/clinical/patient.runtime.test.ts" time="0">
            <system-out>
[TEST SETUP] Global setup complete.

            </system-out>
            <failure message="Failed to resolve import &quot;@domain/types/clinical/patient.runtime&quot; from &quot;src/domain/types/clinical/patient.runtime.test.ts&quot;. Does the file exist?" type="Error">
Error: Failed to resolve import &quot;@domain/types/clinical/patient.runtime&quot; from &quot;src/domain/types/clinical/patient.runtime.test.ts&quot;. Does the file exist?
  Plugin: vite:import-analysis
  File: /Users/ray/Desktop/GITHUB/Novamind-Frontend/src/domain/types/clinical/patient.runtime.test.ts:13:7
  6  |    SymptomValidator,
  7  |    MedicationValidator
  8  |  } from &quot;@domain/types/clinical/patient.runtime&quot;;
     |          ^
  9  |  describe(&quot;Patient runtime validators&quot;, () =&gt; {
  10 |    it(&quot;PatientValidator validates correct Patient objects&quot;, () =&gt; {
 ❯ TransformPluginContext._formatLog node_modules/vite/dist/node/chunks/dep-Pj_jxEzN.js:47885:41
 ❯ TransformPluginContext.error node_modules/vite/dist/node/chunks/dep-Pj_jxEzN.js:47882:16
 ❯ normalizeUrl node_modules/vite/dist/node/chunks/dep-Pj_jxEzN.js:46015:23
 ❯ node_modules/vite/dist/node/chunks/dep-Pj_jxEzN.js:46134:37
 ❯ TransformPluginContext.transform node_modules/vite/dist/node/chunks/dep-Pj_jxEzN.js:46061:7
 ❯ EnvironmentPluginContainer.transform node_modules/vite/dist/node/chunks/dep-Pj_jxEzN.js:47680:18
 ❯ loadAndTransform node_modules/vite/dist/node/chunks/dep-Pj_jxEzN.js:41327:27

⎯⎯⎯⎯⎯⎯⎯⎯⎯⎯⎯⎯⎯⎯⎯⎯⎯⎯⎯⎯⎯⎯⎯⎯⎯⎯⎯⎯⎯⎯⎯⎯⎯⎯⎯⎯⎯⎯⎯⎯⎯⎯⎯⎯⎯⎯⎯⎯⎯⎯⎯⎯⎯⎯⎯⎯⎯⎯⎯⎯⎯⎯⎯⎯⎯⎯⎯⎯⎯⎯⎯⎯⎯⎯⎯⎯⎯⎯⎯⎯⎯⎯⎯⎯⎯⎯⎯⎯⎯⎯
Serialized Error: { __vitest_rollup_error__: { plugin: &apos;vite:import-analysis&apos;, id: &apos;/Users/ray/Desktop/GITHUB/Novamind-Frontend/src/domain/types/clinical/patient.runtime.test.ts&apos;, loc: { file: &apos;/Users/ray/Desktop/GITHUB/Novamind-Frontend/src/domain/types/clinical/patient.runtime.test.ts&apos;, line: 13, column: 7 }, frame: &apos;6  |    SymptomValidator,\n7  |    MedicationValidator\n8  |  } from &quot;@domain/types/clinical/patient.runtime&quot;;\n   |          ^\n9  |  describe(&quot;Patient runtime validators&quot;, () =&gt; {\n10 |    it(&quot;PatientValidator validates correct Patient objects&quot;, () =&gt; {&apos; } }
            </failure>
        </testcase>
    </testsuite>
    <testsuite name="src/domain/types/clinical/risk-level.runtime.test.ts" timestamp="2025-04-06T15:37:18.679Z" hostname="MacBookPro" tests="1" failures="1" errors="0" skipped="0" time="0">
        <testcase classname="src/domain/types/clinical/risk-level.runtime.test.ts" name="src/domain/types/clinical/risk-level.runtime.test.ts" time="0">
            <system-out>
[TEST SETUP] Global setup complete.

            </system-out>
            <failure message="Failed to resolve import &quot;@domain/types/clinical/risk-level.runtime&quot; from &quot;src/domain/types/clinical/risk-level.runtime.test.ts&quot;. Does the file exist?" type="Error">
Error: Failed to resolve import &quot;@domain/types/clinical/risk-level.runtime&quot; from &quot;src/domain/types/clinical/risk-level.runtime.test.ts&quot;. Does the file exist?
  Plugin: vite:import-analysis
  File: /Users/ray/Desktop/GITHUB/Novamind-Frontend/src/domain/types/clinical/risk-level.runtime.test.ts:7:35
  1  |  import { describe, it, expect } from &quot;vitest&quot;;
  2  |  import { RiskLevelValidator } from &quot;@domain/types/clinical/risk-level.runtime&quot;;
     |                                      ^
  3  |  describe(&quot;Risk Level runtime validators&quot;, () =&gt; {
  4  |    it(&quot;RiskLevelValidator validates correct risk levels&quot;, () =&gt; {
 ❯ TransformPluginContext._formatLog node_modules/vite/dist/node/chunks/dep-Pj_jxEzN.js:47885:41
 ❯ TransformPluginContext.error node_modules/vite/dist/node/chunks/dep-Pj_jxEzN.js:47882:16
 ❯ normalizeUrl node_modules/vite/dist/node/chunks/dep-Pj_jxEzN.js:46015:23
 ❯ node_modules/vite/dist/node/chunks/dep-Pj_jxEzN.js:46134:37
 ❯ TransformPluginContext.transform node_modules/vite/dist/node/chunks/dep-Pj_jxEzN.js:46061:7
 ❯ EnvironmentPluginContainer.transform node_modules/vite/dist/node/chunks/dep-Pj_jxEzN.js:47680:18
 ❯ loadAndTransform node_modules/vite/dist/node/chunks/dep-Pj_jxEzN.js:41327:27

⎯⎯⎯⎯⎯⎯⎯⎯⎯⎯⎯⎯⎯⎯⎯⎯⎯⎯⎯⎯⎯⎯⎯⎯⎯⎯⎯⎯⎯⎯⎯⎯⎯⎯⎯⎯⎯⎯⎯⎯⎯⎯⎯⎯⎯⎯⎯⎯⎯⎯⎯⎯⎯⎯⎯⎯⎯⎯⎯⎯⎯⎯⎯⎯⎯⎯⎯⎯⎯⎯⎯⎯⎯⎯⎯⎯⎯⎯⎯⎯⎯⎯⎯⎯⎯⎯⎯⎯⎯⎯
Serialized Error: { __vitest_rollup_error__: { plugin: &apos;vite:import-analysis&apos;, id: &apos;/Users/ray/Desktop/GITHUB/Novamind-Frontend/src/domain/types/clinical/risk-level.runtime.test.ts&apos;, loc: { file: &apos;/Users/ray/Desktop/GITHUB/Novamind-Frontend/src/domain/types/clinical/risk-level.runtime.test.ts&apos;, line: 7, column: 35 }, frame: &apos;1  |  import { describe, it, expect } from &quot;vitest&quot;;\n2  |  import { RiskLevelValidator } from &quot;@domain/types/clinical/risk-level.runtime&quot;;\n   |                                      ^\n3  |  describe(&quot;Risk Level runtime validators&quot;, () =&gt; {\n4  |    it(&quot;RiskLevelValidator validates correct risk levels&quot;, () =&gt; {&apos; } }
            </failure>
        </testcase>
    </testsuite>
    <testsuite name="src/domain/types/clinical/risk.runtime.test.ts" timestamp="2025-04-06T15:37:18.679Z" hostname="MacBookPro" tests="1" failures="1" errors="0" skipped="0" time="0">
        <testcase classname="src/domain/types/clinical/risk.runtime.test.ts" name="src/domain/types/clinical/risk.runtime.test.ts" time="0">
            <system-out>
[TEST SETUP] Global setup complete.

            </system-out>
            <failure message="Failed to resolve import &quot;@domain/types/clinical/risk&quot; from &quot;src/domain/types/clinical/risk.runtime.test.ts&quot;. Does the file exist?" type="Error">
Error: Failed to resolve import &quot;@domain/types/clinical/risk&quot; from &quot;src/domain/types/clinical/risk.runtime.test.ts&quot;. Does the file exist?
  Plugin: vite:import-analysis
  File: /Users/ray/Desktop/GITHUB/Novamind-Frontend/src/domain/types/clinical/risk.runtime.test.ts:7:26
  1  |  import { describe, it, expect } from &quot;vitest&quot;;
  2  |  import { RiskLevel } from &quot;@domain/types/clinical/risk&quot;;
     |                             ^
  3  |  import {
  4  |    RiskLevelValidator,
 ❯ TransformPluginContext._formatLog node_modules/vite/dist/node/chunks/dep-Pj_jxEzN.js:47885:41
 ❯ TransformPluginContext.error node_modules/vite/dist/node/chunks/dep-Pj_jxEzN.js:47882:16
 ❯ normalizeUrl node_modules/vite/dist/node/chunks/dep-Pj_jxEzN.js:46015:23
 ❯ node_modules/vite/dist/node/chunks/dep-Pj_jxEzN.js:46134:37
 ❯ TransformPluginContext.transform node_modules/vite/dist/node/chunks/dep-Pj_jxEzN.js:46061:7
 ❯ EnvironmentPluginContainer.transform node_modules/vite/dist/node/chunks/dep-Pj_jxEzN.js:47680:18
 ❯ loadAndTransform node_modules/vite/dist/node/chunks/dep-Pj_jxEzN.js:41327:27

⎯⎯⎯⎯⎯⎯⎯⎯⎯⎯⎯⎯⎯⎯⎯⎯⎯⎯⎯⎯⎯⎯⎯⎯⎯⎯⎯⎯⎯⎯⎯⎯⎯⎯⎯⎯⎯⎯⎯⎯⎯⎯⎯⎯⎯⎯⎯⎯⎯⎯⎯⎯⎯⎯⎯⎯⎯⎯⎯⎯⎯⎯⎯⎯⎯⎯⎯⎯⎯⎯⎯⎯⎯⎯⎯⎯⎯⎯⎯⎯⎯⎯⎯⎯⎯⎯⎯⎯⎯⎯
Serialized Error: { __vitest_rollup_error__: { plugin: &apos;vite:import-analysis&apos;, id: &apos;/Users/ray/Desktop/GITHUB/Novamind-Frontend/src/domain/types/clinical/risk.runtime.test.ts&apos;, loc: { file: &apos;/Users/ray/Desktop/GITHUB/Novamind-Frontend/src/domain/types/clinical/risk.runtime.test.ts&apos;, line: 7, column: 26 }, frame: &apos;1  |  import { describe, it, expect } from &quot;vitest&quot;;\n2  |  import { RiskLevel } from &quot;@domain/types/clinical/risk&quot;;\n   |                             ^\n3  |  import {\n4  |    RiskLevelValidator,&apos; } }
            </failure>
        </testcase>
    </testsuite>
    <testsuite name="src/domain/types/clinical/treatment.runtime.test.ts" timestamp="2025-04-06T15:37:18.679Z" hostname="MacBookPro" tests="1" failures="1" errors="0" skipped="0" time="0">
        <testcase classname="src/domain/types/clinical/treatment.runtime.test.ts" name="src/domain/types/clinical/treatment.runtime.test.ts" time="0">
            <system-out>
[TEST SETUP] Global setup complete.

            </system-out>
            <failure message="Failed to resolve import &quot;@domain/types/clinical/treatment.runtime&quot; from &quot;src/domain/types/clinical/treatment.runtime.test.ts&quot;. Does the file exist?" type="Error">
Error: Failed to resolve import &quot;@domain/types/clinical/treatment.runtime&quot; from &quot;src/domain/types/clinical/treatment.runtime.test.ts&quot;. Does the file exist?
  Plugin: vite:import-analysis
  File: /Users/ray/Desktop/GITHUB/Novamind-Frontend/src/domain/types/clinical/treatment.runtime.test.ts:16:7
  9  |    TreatmentResponsePredictionValidator,
  10 |    TreatmentComparisonResultValidator
  11 |  } from &quot;@domain/types/clinical/treatment.runtime&quot;;
     |          ^
  12 |  describe(&quot;Treatment runtime validators&quot;, () =&gt; {
  13 |    it(&quot;TreatmentTypeValidator validates correct treatment types&quot;, () =&gt; {
 ❯ TransformPluginContext._formatLog node_modules/vite/dist/node/chunks/dep-Pj_jxEzN.js:47885:41
 ❯ TransformPluginContext.error node_modules/vite/dist/node/chunks/dep-Pj_jxEzN.js:47882:16
 ❯ normalizeUrl node_modules/vite/dist/node/chunks/dep-Pj_jxEzN.js:46015:23
 ❯ node_modules/vite/dist/node/chunks/dep-Pj_jxEzN.js:46134:37
 ❯ TransformPluginContext.transform node_modules/vite/dist/node/chunks/dep-Pj_jxEzN.js:46061:7
 ❯ EnvironmentPluginContainer.transform node_modules/vite/dist/node/chunks/dep-Pj_jxEzN.js:47680:18
 ❯ loadAndTransform node_modules/vite/dist/node/chunks/dep-Pj_jxEzN.js:41327:27

⎯⎯⎯⎯⎯⎯⎯⎯⎯⎯⎯⎯⎯⎯⎯⎯⎯⎯⎯⎯⎯⎯⎯⎯⎯⎯⎯⎯⎯⎯⎯⎯⎯⎯⎯⎯⎯⎯⎯⎯⎯⎯⎯⎯⎯⎯⎯⎯⎯⎯⎯⎯⎯⎯⎯⎯⎯⎯⎯⎯⎯⎯⎯⎯⎯⎯⎯⎯⎯⎯⎯⎯⎯⎯⎯⎯⎯⎯⎯⎯⎯⎯⎯⎯⎯⎯⎯⎯⎯⎯
Serialized Error: { __vitest_rollup_error__: { plugin: &apos;vite:import-analysis&apos;, id: &apos;/Users/ray/Desktop/GITHUB/Novamind-Frontend/src/domain/types/clinical/treatment.runtime.test.ts&apos;, loc: { file: &apos;/Users/ray/Desktop/GITHUB/Novamind-Frontend/src/domain/types/clinical/treatment.runtime.test.ts&apos;, line: 16, column: 7 }, frame: &apos;9  |    TreatmentResponsePredictionValidator,\n10 |    TreatmentComparisonResultValidator\n11 |  } from &quot;@domain/types/clinical/treatment.runtime&quot;;\n   |          ^\n12 |  describe(&quot;Treatment runtime validators&quot;, () =&gt; {\n13 |    it(&quot;TreatmentTypeValidator validates correct treatment types&quot;, () =&gt; {&apos; } }
            </failure>
        </testcase>
    </testsuite>
    <testsuite name="src/domain/types/neural/transforms.runtime.test.ts" timestamp="2025-04-06T15:37:18.680Z" hostname="MacBookPro" tests="1" failures="1" errors="0" skipped="0" time="0">
        <testcase classname="src/domain/types/neural/transforms.runtime.test.ts" name="src/domain/types/neural/transforms.runtime.test.ts" time="0">
            <system-out>
[TEST SETUP] Global setup complete.

            </system-out>
            <failure message="Failed to resolve import &quot;@domain/types/neural/transforms.runtime&quot; from &quot;src/domain/types/neural/transforms.runtime.test.ts&quot;. Does the file exist?" type="Error">
Error: Failed to resolve import &quot;@domain/types/neural/transforms.runtime&quot; from &quot;src/domain/types/neural/transforms.runtime.test.ts&quot;. Does the file exist?
  Plugin: vite:import-analysis
  File: /Users/ray/Desktop/GITHUB/Novamind-Frontend/src/domain/types/neural/transforms.runtime.test.ts:12:7
  5  |    NeuralTransformSequenceValidator,
  6  |    NeuralTransformResultValidator
  7  |  } from &quot;@domain/types/neural/transforms.runtime&quot;;
     |          ^
  8  |  describe(&quot;Neural Transforms runtime validators&quot;, () =&gt; {
  9  |    it(&quot;NeuralTransformValidator validates correct NeuralTransform objects&quot;, () =&gt; {
 ❯ TransformPluginContext._formatLog node_modules/vite/dist/node/chunks/dep-Pj_jxEzN.js:47885:41
 ❯ TransformPluginContext.error node_modules/vite/dist/node/chunks/dep-Pj_jxEzN.js:47882:16
 ❯ normalizeUrl node_modules/vite/dist/node/chunks/dep-Pj_jxEzN.js:46015:23
 ❯ node_modules/vite/dist/node/chunks/dep-Pj_jxEzN.js:46134:37
 ❯ TransformPluginContext.transform node_modules/vite/dist/node/chunks/dep-Pj_jxEzN.js:46061:7
 ❯ EnvironmentPluginContainer.transform node_modules/vite/dist/node/chunks/dep-Pj_jxEzN.js:47680:18
 ❯ loadAndTransform node_modules/vite/dist/node/chunks/dep-Pj_jxEzN.js:41327:27

⎯⎯⎯⎯⎯⎯⎯⎯⎯⎯⎯⎯⎯⎯⎯⎯⎯⎯⎯⎯⎯⎯⎯⎯⎯⎯⎯⎯⎯⎯⎯⎯⎯⎯⎯⎯⎯⎯⎯⎯⎯⎯⎯⎯⎯⎯⎯⎯⎯⎯⎯⎯⎯⎯⎯⎯⎯⎯⎯⎯⎯⎯⎯⎯⎯⎯⎯⎯⎯⎯⎯⎯⎯⎯⎯⎯⎯⎯⎯⎯⎯⎯⎯⎯⎯⎯⎯⎯⎯⎯
Serialized Error: { __vitest_rollup_error__: { plugin: &apos;vite:import-analysis&apos;, id: &apos;/Users/ray/Desktop/GITHUB/Novamind-Frontend/src/domain/types/neural/transforms.runtime.test.ts&apos;, loc: { file: &apos;/Users/ray/Desktop/GITHUB/Novamind-Frontend/src/domain/types/neural/transforms.runtime.test.ts&apos;, line: 12, column: 7 }, frame: &apos;5  |    NeuralTransformSequenceValidator,\n6  |    NeuralTransformResultValidator\n7  |  } from &quot;@domain/types/neural/transforms.runtime&quot;;\n   |          ^\n8  |  describe(&quot;Neural Transforms runtime validators&quot;, () =&gt; {\n9  |    it(&quot;NeuralTransformValidator validates correct NeuralTransform objects&quot;, () =&gt; {&apos; } }
            </failure>
        </testcase>
    </testsuite>
    <testsuite name="src/domain/types/neural/transforms.test.ts" timestamp="2025-04-06T15:37:18.680Z" hostname="MacBookPro" tests="4" failures="0" errors="0" skipped="0" time="0.00186825">
        <testcase classname="src/domain/types/neural/transforms.test.ts" name="transforms type definitions &gt; exports NeuralTransform with correct structure" time="0.000072958">
        </testcase>
        <testcase classname="src/domain/types/neural/transforms.test.ts" name="transforms type definitions &gt; exports NeuralTransformBatch with correct structure" time="0.000637917">
        </testcase>
        <testcase classname="src/domain/types/neural/transforms.test.ts" name="transforms type definitions &gt; exports NeuralTransformSequence with correct structure" time="0.000136208">
        </testcase>
        <testcase classname="src/domain/types/neural/transforms.test.ts" name="transforms type definitions &gt; exports NeuralTransformResult with correct structure" time="0.000173416">
        </testcase>
    </testsuite>
    <testsuite name="src/domain/types/shared/common.runtime.test.ts" timestamp="2025-04-06T15:37:18.680Z" hostname="MacBookPro" tests="1" failures="1" errors="0" skipped="0" time="0">
        <testcase classname="src/domain/types/shared/common.runtime.test.ts" name="src/domain/types/shared/common.runtime.test.ts" time="0">
            <system-out>
[TEST SETUP] Global setup complete.

            </system-out>
            <failure message="Failed to resolve import &quot;@domain/types/shared/common.runtime&quot; from &quot;src/domain/types/shared/common.runtime.test.ts&quot;. Does the file exist?" type="Error">
Error: Failed to resolve import &quot;@domain/types/shared/common.runtime&quot; from &quot;src/domain/types/shared/common.runtime.test.ts&quot;. Does the file exist?
  Plugin: vite:import-analysis
  File: /Users/ray/Desktop/GITHUB/Novamind-Frontend/src/domain/types/shared/common.runtime.test.ts:19:7
  12 |    ColorRGBAValidator,
  13 |    DimensionsValidator
  14 |  } from &quot;@domain/types/shared/common.runtime&quot;;
     |          ^
  15 |  describe(&quot;Common Shared Types runtime validators&quot;, () =&gt; {
  16 |    describe(&quot;IDValidator&quot;, () =&gt; {
 ❯ TransformPluginContext._formatLog node_modules/vite/dist/node/chunks/dep-Pj_jxEzN.js:47885:41
 ❯ TransformPluginContext.error node_modules/vite/dist/node/chunks/dep-Pj_jxEzN.js:47882:16
 ❯ normalizeUrl node_modules/vite/dist/node/chunks/dep-Pj_jxEzN.js:46015:23
 ❯ node_modules/vite/dist/node/chunks/dep-Pj_jxEzN.js:46134:37
 ❯ TransformPluginContext.transform node_modules/vite/dist/node/chunks/dep-Pj_jxEzN.js:46061:7
 ❯ EnvironmentPluginContainer.transform node_modules/vite/dist/node/chunks/dep-Pj_jxEzN.js:47680:18
 ❯ loadAndTransform node_modules/vite/dist/node/chunks/dep-Pj_jxEzN.js:41327:27

⎯⎯⎯⎯⎯⎯⎯⎯⎯⎯⎯⎯⎯⎯⎯⎯⎯⎯⎯⎯⎯⎯⎯⎯⎯⎯⎯⎯⎯⎯⎯⎯⎯⎯⎯⎯⎯⎯⎯⎯⎯⎯⎯⎯⎯⎯⎯⎯⎯⎯⎯⎯⎯⎯⎯⎯⎯⎯⎯⎯⎯⎯⎯⎯⎯⎯⎯⎯⎯⎯⎯⎯⎯⎯⎯⎯⎯⎯⎯⎯⎯⎯⎯⎯⎯⎯⎯⎯⎯⎯
Serialized Error: { __vitest_rollup_error__: { plugin: &apos;vite:import-analysis&apos;, id: &apos;/Users/ray/Desktop/GITHUB/Novamind-Frontend/src/domain/types/shared/common.runtime.test.ts&apos;, loc: { file: &apos;/Users/ray/Desktop/GITHUB/Novamind-Frontend/src/domain/types/shared/common.runtime.test.ts&apos;, line: 19, column: 7 }, frame: &apos;12 |    ColorRGBAValidator,\n13 |    DimensionsValidator\n14 |  } from &quot;@domain/types/shared/common.runtime&quot;;\n   |          ^\n15 |  describe(&quot;Common Shared Types runtime validators&quot;, () =&gt; {\n16 |    describe(&quot;IDValidator&quot;, () =&gt; {&apos; } }
            </failure>
        </testcase>
    </testsuite>
    <testsuite name="src/presentation/containers/__tests__/BrainModelContainer.test.tsx" timestamp="2025-04-06T15:37:18.681Z" hostname="MacBookPro" tests="1" failures="1" errors="0" skipped="0" time="0">
        <testcase classname="src/presentation/containers/__tests__/BrainModelContainer.test.tsx" name="src/presentation/containers/__tests__/BrainModelContainer.test.tsx" time="0">
            <system-out>
[TEST SETUP] Global setup complete.

            </system-out>
            <failure message="Failed to resolve import &quot;../BrainModelContainer&quot; from &quot;src/presentation/containers/__tests__/BrainModelContainer.test.tsx&quot;. Does the file exist?" type="Error">
Error: Failed to resolve import &quot;../BrainModelContainer&quot; from &quot;src/presentation/containers/__tests__/BrainModelContainer.test.tsx&quot;. Does the file exist?
  Plugin: vite:import-analysis
  File: /Users/ray/Desktop/GITHUB/Novamind-Frontend/src/presentation/containers/__tests__/BrainModelContainer.test.tsx:11:0
  9  |  const __vi_import_0__ = await import(&quot;react/jsx-dev-runtime&quot;);
  10 |  const __vi_import_1__ = await import(&quot;@testing-library/react&quot;);
  11 |  const __vi_import_2__ = await import(&quot;../BrainModelContainer&quot;);
     |                                       ^
  12 |  const __vi_import_3__ = await import(&quot;@test/test-utils.unified&quot;);
  13 |  
 ❯ TransformPluginContext._formatLog node_modules/vite/dist/node/chunks/dep-Pj_jxEzN.js:47885:41
 ❯ TransformPluginContext.error node_modules/vite/dist/node/chunks/dep-Pj_jxEzN.js:47882:16
 ❯ normalizeUrl node_modules/vite/dist/node/chunks/dep-Pj_jxEzN.js:46015:23
 ❯ node_modules/vite/dist/node/chunks/dep-Pj_jxEzN.js:46134:37
 ❯ TransformPluginContext.transform node_modules/vite/dist/node/chunks/dep-Pj_jxEzN.js:46061:7
 ❯ EnvironmentPluginContainer.transform node_modules/vite/dist/node/chunks/dep-Pj_jxEzN.js:47680:18
 ❯ loadAndTransform node_modules/vite/dist/node/chunks/dep-Pj_jxEzN.js:41327:27

⎯⎯⎯⎯⎯⎯⎯⎯⎯⎯⎯⎯⎯⎯⎯⎯⎯⎯⎯⎯⎯⎯⎯⎯⎯⎯⎯⎯⎯⎯⎯⎯⎯⎯⎯⎯⎯⎯⎯⎯⎯⎯⎯⎯⎯⎯⎯⎯⎯⎯⎯⎯⎯⎯⎯⎯⎯⎯⎯⎯⎯⎯⎯⎯⎯⎯⎯⎯⎯⎯⎯⎯⎯⎯⎯⎯⎯⎯⎯⎯⎯⎯⎯⎯⎯⎯⎯⎯⎯⎯
Serialized Error: { __vitest_rollup_error__: { plugin: &apos;vite:import-analysis&apos;, id: &apos;/Users/ray/Desktop/GITHUB/Novamind-Frontend/src/presentation/containers/__tests__/BrainModelContainer.test.tsx&apos;, loc: { file: &apos;/Users/ray/Desktop/GITHUB/Novamind-Frontend/src/presentation/containers/__tests__/BrainModelContainer.test.tsx&apos;, line: 11, column: +0 }, frame: &apos;9  |  const __vi_import_0__ = await import(&quot;react/jsx-dev-runtime&quot;);\n10 |  const __vi_import_1__ = await import(&quot;@testing-library/react&quot;);\n11 |  const __vi_import_2__ = await import(&quot;../BrainModelContainer&quot;);\n   |                                       ^\n12 |  const __vi_import_3__ = await import(&quot;@test/test-utils.unified&quot;);\n13 |  &apos; } }
            </failure>
        </testcase>
    </testsuite>
    <testsuite name="src/presentation/organisms/__tests__/BrainVisualizationExample.test.tsx" timestamp="2025-04-06T15:37:18.681Z" hostname="MacBookPro" tests="1" failures="1" errors="0" skipped="0" time="0">
        <testcase classname="src/presentation/organisms/__tests__/BrainVisualizationExample.test.tsx" name="src/presentation/organisms/__tests__/BrainVisualizationExample.test.tsx" time="0">
            <system-out>
[TEST SETUP] Global setup complete.

            </system-out>
            <failure message="Failed to resolve import &quot;@test/webgl/setup-test&quot; from &quot;src/presentation/organisms/__tests__/BrainVisualizationExample.test.tsx&quot;. Does the file exist?" type="Error">
Error: Failed to resolve import &quot;@test/webgl/setup-test&quot; from &quot;src/presentation/organisms/__tests__/BrainVisualizationExample.test.tsx&quot;. Does the file exist?
  Plugin: vite:import-analysis
  File: /Users/ray/Desktop/GITHUB/Novamind-Frontend/src/presentation/organisms/__tests__/BrainVisualizationExample.test.tsx:10:0
  32 |  const __vi_import_0__ = await import(&quot;react/jsx-dev-runtime&quot;);
  33 |  const __vi_import_1__ = await import(&quot;@testing-library/react&quot;);
  34 |  const __vi_import_2__ = await import(&quot;@test/webgl/setup-test&quot;);
     |                                       ^
  35 |  const __vi_import_3__ = await import(&quot;../BrainVisualization&quot;);
  36 |  const __vi_import_4__ = await import(&quot;@test/test-utils.unified&quot;);
 ❯ TransformPluginContext._formatLog node_modules/vite/dist/node/chunks/dep-Pj_jxEzN.js:47885:41
 ❯ TransformPluginContext.error node_modules/vite/dist/node/chunks/dep-Pj_jxEzN.js:47882:16
 ❯ normalizeUrl node_modules/vite/dist/node/chunks/dep-Pj_jxEzN.js:46015:23
 ❯ node_modules/vite/dist/node/chunks/dep-Pj_jxEzN.js:46134:37
 ❯ TransformPluginContext.transform node_modules/vite/dist/node/chunks/dep-Pj_jxEzN.js:46061:7
 ❯ EnvironmentPluginContainer.transform node_modules/vite/dist/node/chunks/dep-Pj_jxEzN.js:47680:18
 ❯ loadAndTransform node_modules/vite/dist/node/chunks/dep-Pj_jxEzN.js:41327:27

⎯⎯⎯⎯⎯⎯⎯⎯⎯⎯⎯⎯⎯⎯⎯⎯⎯⎯⎯⎯⎯⎯⎯⎯⎯⎯⎯⎯⎯⎯⎯⎯⎯⎯⎯⎯⎯⎯⎯⎯⎯⎯⎯⎯⎯⎯⎯⎯⎯⎯⎯⎯⎯⎯⎯⎯⎯⎯⎯⎯⎯⎯⎯⎯⎯⎯⎯⎯⎯⎯⎯⎯⎯⎯⎯⎯⎯⎯⎯⎯⎯⎯⎯⎯⎯⎯⎯⎯⎯⎯
Serialized Error: { __vitest_rollup_error__: { plugin: &apos;vite:import-analysis&apos;, id: &apos;/Users/ray/Desktop/GITHUB/Novamind-Frontend/src/presentation/organisms/__tests__/BrainVisualizationExample.test.tsx&apos;, loc: { file: &apos;/Users/ray/Desktop/GITHUB/Novamind-Frontend/src/presentation/organisms/__tests__/BrainVisualizationExample.test.tsx&apos;, line: 10, column: +0 }, frame: &apos;32 |  const __vi_import_0__ = await import(&quot;react/jsx-dev-runtime&quot;);\n33 |  const __vi_import_1__ = await import(&quot;@testing-library/react&quot;);\n34 |  const __vi_import_2__ = await import(&quot;@test/webgl/setup-test&quot;);\n   |                                       ^\n35 |  const __vi_import_3__ = await import(&quot;../BrainVisualization&quot;);\n36 |  const __vi_import_4__ = await import(&quot;@test/test-utils.unified&quot;);&apos; } }
            </failure>
        </testcase>
    </testsuite>
    <testsuite name="src/presentation/shaders/shaders/neuralGlow.test.ts" timestamp="2025-04-06T15:37:18.682Z" hostname="MacBookPro" tests="1" failures="1" errors="0" skipped="0" time="0">
        <testcase classname="src/presentation/shaders/shaders/neuralGlow.test.ts" name="src/presentation/shaders/shaders/neuralGlow.test.ts" time="0">
            <system-out>
[TEST SETUP] Global setup complete.

            </system-out>
            <failure message="Failed to resolve import &quot;@presentation/shaders/neuralGlow&quot; from &quot;src/presentation/shaders/shaders/neuralGlow.test.ts&quot;. Does the file exist?" type="Error">
Error: Failed to resolve import &quot;@presentation/shaders/neuralGlow&quot; from &quot;src/presentation/shaders/shaders/neuralGlow.test.ts&quot;. Does the file exist?
  Plugin: vite:import-analysis
  File: /Users/ray/Desktop/GITHUB/Novamind-Frontend/src/presentation/shaders/shaders/neuralGlow.test.ts:8:41
  1  |  import { describe, it, expect } from &quot;vitest&quot;;
  2  |  import { createNeuralGlowUniforms } from &quot;@presentation/shaders/neuralGlow&quot;;
     |                                            ^
  3  |  describe(&quot;createNeuralGlowUniforms&quot;, () =&gt; {
  4  |    it(&quot;processes data with mathematical precision&quot;, () =&gt; {
 ❯ TransformPluginContext._formatLog node_modules/vite/dist/node/chunks/dep-Pj_jxEzN.js:47885:41
 ❯ TransformPluginContext.error node_modules/vite/dist/node/chunks/dep-Pj_jxEzN.js:47882:16
 ❯ normalizeUrl node_modules/vite/dist/node/chunks/dep-Pj_jxEzN.js:46015:23
 ❯ node_modules/vite/dist/node/chunks/dep-Pj_jxEzN.js:46134:37
 ❯ TransformPluginContext.transform node_modules/vite/dist/node/chunks/dep-Pj_jxEzN.js:46061:7
 ❯ EnvironmentPluginContainer.transform node_modules/vite/dist/node/chunks/dep-Pj_jxEzN.js:47680:18
 ❯ loadAndTransform node_modules/vite/dist/node/chunks/dep-Pj_jxEzN.js:41327:27

⎯⎯⎯⎯⎯⎯⎯⎯⎯⎯⎯⎯⎯⎯⎯⎯⎯⎯⎯⎯⎯⎯⎯⎯⎯⎯⎯⎯⎯⎯⎯⎯⎯⎯⎯⎯⎯⎯⎯⎯⎯⎯⎯⎯⎯⎯⎯⎯⎯⎯⎯⎯⎯⎯⎯⎯⎯⎯⎯⎯⎯⎯⎯⎯⎯⎯⎯⎯⎯⎯⎯⎯⎯⎯⎯⎯⎯⎯⎯⎯⎯⎯⎯⎯⎯⎯⎯⎯⎯⎯
Serialized Error: { __vitest_rollup_error__: { plugin: &apos;vite:import-analysis&apos;, id: &apos;/Users/ray/Desktop/GITHUB/Novamind-Frontend/src/presentation/shaders/shaders/neuralGlow.test.ts&apos;, loc: { file: &apos;/Users/ray/Desktop/GITHUB/Novamind-Frontend/src/presentation/shaders/shaders/neuralGlow.test.ts&apos;, line: 8, column: 41 }, frame: &apos;1  |  import { describe, it, expect } from &quot;vitest&quot;;\n2  |  import { createNeuralGlowUniforms } from &quot;@presentation/shaders/neuralGlow&quot;;\n   |                                            ^\n3  |  describe(&quot;createNeuralGlowUniforms&quot;, () =&gt; {\n4  |    it(&quot;processes data with mathematical precision&quot;, () =&gt; {&apos; } }
            </failure>
        </testcase>
    </testsuite>
    <testsuite name="src/test/webgl/examples/BrainRegionVisualizer.test.ts" timestamp="2025-04-06T15:37:18.682Z" hostname="MacBookPro" tests="4" failures="0" errors="0" skipped="4" time="0">
        <testcase classname="src/test/webgl/examples/BrainRegionVisualizer.test.ts" name="BrainRegionVisualizer &gt; should create all brain regions" time="0">
            <skipped/>
        </testcase>
        <testcase classname="src/test/webgl/examples/BrainRegionVisualizer.test.ts" name="BrainRegionVisualizer &gt; should highlight a brain region" time="0">
            <skipped/>
        </testcase>
        <testcase classname="src/test/webgl/examples/BrainRegionVisualizer.test.ts" name="BrainRegionVisualizer &gt; should render without errors" time="0">
            <skipped/>
        </testcase>
        <testcase classname="src/test/webgl/examples/BrainRegionVisualizer.test.ts" name="BrainRegionVisualizer &gt; should properly clean up resources when disposed" time="0">
            <skipped/>
        </testcase>
    </testsuite>
    <testsuite name="src/domain/models/brain/mapping/brain-mapping.test.ts" timestamp="2025-04-06T15:37:18.683Z" hostname="MacBookPro" tests="1" failures="1" errors="0" skipped="0" time="0">
        <testcase classname="src/domain/models/brain/mapping/brain-mapping.test.ts" name="src/domain/models/brain/mapping/brain-mapping.test.ts" time="0">
            <system-out>
[TEST SETUP] Global setup complete.

            </system-out>
            <failure message="Failed to resolve import &quot;@/domain/models/brain/mapping/brain-mapping&quot; from &quot;src/domain/models/brain/mapping/brain-mapping.test.ts&quot;. Does the file exist?" type="Error">
Error: Failed to resolve import &quot;@/domain/models/brain/mapping/brain-mapping&quot; from &quot;src/domain/models/brain/mapping/brain-mapping.test.ts&quot;. Does the file exist?
  Plugin: vite:import-analysis
  File: /Users/ray/Desktop/GITHUB/Novamind-Frontend/src/domain/models/brain/mapping/brain-mapping.test.ts:8:42
  1  |  import { describe, it, expect } from &quot;vitest&quot;;
  2  |  import { calculateNeuralActivation } from &quot;@/domain/models/brain/mapping/brain-mapping&quot;;
     |                                             ^
  3  |  describe(&quot;calculateNeuralActivation&quot;, () =&gt; {
  4  |    const mockRegions = [
 ❯ TransformPluginContext._formatLog node_modules/vite/dist/node/chunks/dep-Pj_jxEzN.js:47885:41
 ❯ TransformPluginContext.error node_modules/vite/dist/node/chunks/dep-Pj_jxEzN.js:47882:16
 ❯ normalizeUrl node_modules/vite/dist/node/chunks/dep-Pj_jxEzN.js:46015:23
 ❯ node_modules/vite/dist/node/chunks/dep-Pj_jxEzN.js:46134:37
 ❯ TransformPluginContext.transform node_modules/vite/dist/node/chunks/dep-Pj_jxEzN.js:46061:7
 ❯ EnvironmentPluginContainer.transform node_modules/vite/dist/node/chunks/dep-Pj_jxEzN.js:47680:18
 ❯ loadAndTransform node_modules/vite/dist/node/chunks/dep-Pj_jxEzN.js:41327:27

⎯⎯⎯⎯⎯⎯⎯⎯⎯⎯⎯⎯⎯⎯⎯⎯⎯⎯⎯⎯⎯⎯⎯⎯⎯⎯⎯⎯⎯⎯⎯⎯⎯⎯⎯⎯⎯⎯⎯⎯⎯⎯⎯⎯⎯⎯⎯⎯⎯⎯⎯⎯⎯⎯⎯⎯⎯⎯⎯⎯⎯⎯⎯⎯⎯⎯⎯⎯⎯⎯⎯⎯⎯⎯⎯⎯⎯⎯⎯⎯⎯⎯⎯⎯⎯⎯⎯⎯⎯⎯
Serialized Error: { __vitest_rollup_error__: { plugin: &apos;vite:import-analysis&apos;, id: &apos;/Users/ray/Desktop/GITHUB/Novamind-Frontend/src/domain/models/brain/mapping/brain-mapping.test.ts&apos;, loc: { file: &apos;/Users/ray/Desktop/GITHUB/Novamind-Frontend/src/domain/models/brain/mapping/brain-mapping.test.ts&apos;, line: 8, column: 42 }, frame: &apos;1  |  import { describe, it, expect } from &quot;vitest&quot;;\n2  |  import { calculateNeuralActivation } from &quot;@/domain/models/brain/mapping/brain-mapping&quot;;\n   |                                             ^\n3  |  describe(&quot;calculateNeuralActivation&quot;, () =&gt; {\n4  |    const mockRegions = [&apos; } }
            </failure>
        </testcase>
    </testsuite>
</testsuites>
